CRITICAL - 2022-10-01 12:37:01 --> Undefined variable: claveDesencriptada
#0 C:\wamp64\www\correspondencia-ucad\app\Controllers\PerfilController.php(119): CodeIgniter\Debug\Exceptions->errorHandler(8, 'Undefined varia...', 'C:\\wamp64\\www\\c...', 119, Array)
#1 C:\wamp64\www\correspondencia-ucad\system\CodeIgniter.php(825): App\Controllers\PerfilController->nuevaContraseña()
#2 C:\wamp64\www\correspondencia-ucad\system\CodeIgniter.php(412): CodeIgniter\CodeIgniter->runController(Object(App\Controllers\PerfilController))
#3 C:\wamp64\www\correspondencia-ucad\system\CodeIgniter.php(320): CodeIgniter\CodeIgniter->handleRequest(NULL, Object(Config\Cache), false)
#4 C:\wamp64\www\correspondencia-ucad\public\index.php(37): CodeIgniter\CodeIgniter->run()
#5 {main}
ERROR - 2022-10-01 14:06:43 --> Email: sendWithSmtp throwed fsockopen(): php_network_getaddresses: getaddrinfo failed: Host desconocido. 
CRITICAL - 2022-10-01 17:10:07 --> Undefined index: transaccionActividadId
#0 C:\wamp64\www\correspondencia-ucad\app\Controllers\modUsuario\DocumentoController.php(213): CodeIgniter\Debug\Exceptions->errorHandler(8, 'Undefined index...', 'C:\\wamp64\\www\\c...', 213, Array)
#1 C:\wamp64\www\correspondencia-ucad\system\CodeIgniter.php(825): App\Controllers\modUsuario\DocumentoController->listadoDocumentos()
#2 C:\wamp64\www\correspondencia-ucad\system\CodeIgniter.php(412): CodeIgniter\CodeIgniter->runController(Object(App\Controllers\modUsuario\DocumentoController))
#3 C:\wamp64\www\correspondencia-ucad\system\CodeIgniter.php(320): CodeIgniter\CodeIgniter->handleRequest(NULL, Object(Config\Cache), false)
#4 C:\wamp64\www\correspondencia-ucad\public\index.php(37): CodeIgniter\CodeIgniter->run()
#5 {main}
CRITICAL - 2022-10-01 18:45:04 --> Undefined index: transaccionActividadId
#0 C:\wamp64\www\correspondencia-ucad\app\Controllers\modUsuario\DocumentoController.php(213): CodeIgniter\Debug\Exceptions->errorHandler(8, 'Undefined index...', 'C:\\wamp64\\www\\c...', 213, Array)
#1 C:\wamp64\www\correspondencia-ucad\system\CodeIgniter.php(825): App\Controllers\modUsuario\DocumentoController->listadoDocumentos()
#2 C:\wamp64\www\correspondencia-ucad\system\CodeIgniter.php(412): CodeIgniter\CodeIgniter->runController(Object(App\Controllers\modUsuario\DocumentoController))
#3 C:\wamp64\www\correspondencia-ucad\system\CodeIgniter.php(320): CodeIgniter\CodeIgniter->handleRequest(NULL, Object(Config\Cache), false)
#4 C:\wamp64\www\correspondencia-ucad\public\index.php(37): CodeIgniter\CodeIgniter->run()
#5 {main}
