ERROR - 2022-06-22 13:16:53 --> You have an error in your SQL syntax; check the manual that corresponds to your MySQL server version for the right syntax to use near ', AND ta.fechaFin BETWEEN STR_TO_DATE('22/06/2022', '%d/%m/%Y') 
              ' at line 5
CRITICAL - 2022-06-22 13:16:53 --> You have an error in your SQL syntax; check the manual that corresponds to your MySQL server version for the right syntax to use near ', AND ta.fechaFin BETWEEN STR_TO_DATE('22/06/2022', '%d/%m/%Y') 
              ' at line 5
#0 C:\wamp64\www\correspondencia-ucad\system\Database\MySQLi\Connection.php(292): mysqli->query('SELECT COUNT(*)...', 0)
#1 C:\wamp64\www\correspondencia-ucad\system\Database\BaseConnection.php(670): CodeIgniter\Database\MySQLi\Connection->execute('SELECT COUNT(*)...')
#2 C:\wamp64\www\correspondencia-ucad\system\Database\BaseConnection.php(598): CodeIgniter\Database\BaseConnection->simpleQuery('SELECT COUNT(*)...')
#3 C:\wamp64\www\correspondencia-ucad\app\Models\modGraficas\GraficasModel.php(33): CodeIgniter\Database\BaseConnection->query('SELECT COUNT(*)...')
#4 C:\wamp64\www\correspondencia-ucad\app\Controllers\modGraficas\GraficasController.php(34): App\Models\modGraficas\GraficasModel->barra('22/06/2022 - 22...')
#5 C:\wamp64\www\correspondencia-ucad\system\CodeIgniter.php(825): App\Controllers\modGraficas\GraficasController->barraF()
#6 C:\wamp64\www\correspondencia-ucad\system\CodeIgniter.php(412): CodeIgniter\CodeIgniter->runController(Object(App\Controllers\modGraficas\GraficasController))
#7 C:\wamp64\www\correspondencia-ucad\system\CodeIgniter.php(320): CodeIgniter\CodeIgniter->handleRequest(NULL, Object(Config\Cache), false)
#8 C:\wamp64\www\correspondencia-ucad\public\index.php(37): CodeIgniter\CodeIgniter->run()
#9 {main}
CRITICAL - 2022-06-22 18:03:30 --> Call to undefined function form_input()
#0 C:\wamp64\www\correspondencia-ucad\system\View\View.php(210): include()
#1 C:\wamp64\www\correspondencia-ucad\system\View\View.php(213): CodeIgniter\View\View->CodeIgniter\View\{closure}()
#2 C:\wamp64\www\correspondencia-ucad\system\Common.php(1089): CodeIgniter\View\View->render('modGraficas/gra...', Array, true)
#3 C:\wamp64\www\correspondencia-ucad\app\Controllers\modGraficas\GraficasController.php(25): view('modGraficas/gra...', Array)
#4 C:\wamp64\www\correspondencia-ucad\system\CodeIgniter.php(825): App\Controllers\modGraficas\GraficasController->index()
#5 C:\wamp64\www\correspondencia-ucad\system\CodeIgniter.php(412): CodeIgniter\CodeIgniter->runController(Object(App\Controllers\modGraficas\GraficasController))
#6 C:\wamp64\www\correspondencia-ucad\system\CodeIgniter.php(320): CodeIgniter\CodeIgniter->handleRequest(NULL, Object(Config\Cache), false)
#7 C:\wamp64\www\correspondencia-ucad\public\index.php(37): CodeIgniter\CodeIgniter->run()
#8 {main}
CRITICAL - 2022-06-22 18:03:30 --> Call to undefined function form_input()
#0 C:\wamp64\www\correspondencia-ucad\system\View\View.php(210): include()
#1 C:\wamp64\www\correspondencia-ucad\system\View\View.php(213): CodeIgniter\View\View->CodeIgniter\View\{closure}()
#2 C:\wamp64\www\correspondencia-ucad\system\Common.php(1089): CodeIgniter\View\View->render('modGraficas/gra...', Array, true)
#3 C:\wamp64\www\correspondencia-ucad\app\Controllers\modGraficas\GraficasController.php(25): view('modGraficas/gra...', Array)
#4 C:\wamp64\www\correspondencia-ucad\system\CodeIgniter.php(825): App\Controllers\modGraficas\GraficasController->index()
#5 C:\wamp64\www\correspondencia-ucad\system\CodeIgniter.php(412): CodeIgniter\CodeIgniter->runController(Object(App\Controllers\modGraficas\GraficasController))
#6 C:\wamp64\www\correspondencia-ucad\system\CodeIgniter.php(320): CodeIgniter\CodeIgniter->handleRequest(NULL, Object(Config\Cache), false)
#7 C:\wamp64\www\correspondencia-ucad\public\index.php(37): CodeIgniter\CodeIgniter->run()
#8 {main}
CRITICAL - 2022-06-22 18:27:13 --> Undefined index: fecha
#0 C:\wamp64\www\correspondencia-ucad\app\Controllers\modGraficas\GraficasController.php(34): CodeIgniter\Debug\Exceptions->errorHandler(8, 'Undefined index...', 'C:\\wamp64\\www\\c...', 34, Array)
#1 C:\wamp64\www\correspondencia-ucad\system\CodeIgniter.php(825): App\Controllers\modGraficas\GraficasController->barraF()
#2 C:\wamp64\www\correspondencia-ucad\system\CodeIgniter.php(412): CodeIgniter\CodeIgniter->runController(Object(App\Controllers\modGraficas\GraficasController))
#3 C:\wamp64\www\correspondencia-ucad\system\CodeIgniter.php(320): CodeIgniter\CodeIgniter->handleRequest(NULL, Object(Config\Cache), false)
#4 C:\wamp64\www\correspondencia-ucad\public\index.php(37): CodeIgniter\CodeIgniter->run()
#5 {main}
CRITICAL - 2022-06-22 18:27:49 --> Undefined index: fecha
#0 C:\wamp64\www\correspondencia-ucad\app\Controllers\modGraficas\GraficasController.php(34): CodeIgniter\Debug\Exceptions->errorHandler(8, 'Undefined index...', 'C:\\wamp64\\www\\c...', 34, Array)
#1 C:\wamp64\www\correspondencia-ucad\system\CodeIgniter.php(825): App\Controllers\modGraficas\GraficasController->barraF()
#2 C:\wamp64\www\correspondencia-ucad\system\CodeIgniter.php(412): CodeIgniter\CodeIgniter->runController(Object(App\Controllers\modGraficas\GraficasController))
#3 C:\wamp64\www\correspondencia-ucad\system\CodeIgniter.php(320): CodeIgniter\CodeIgniter->handleRequest(NULL, Object(Config\Cache), false)
#4 C:\wamp64\www\correspondencia-ucad\public\index.php(37): CodeIgniter\CodeIgniter->run()
#5 {main}
CRITICAL - 2022-06-22 18:27:57 --> Undefined index: fecha
#0 C:\wamp64\www\correspondencia-ucad\app\Controllers\modGraficas\GraficasController.php(34): CodeIgniter\Debug\Exceptions->errorHandler(8, 'Undefined index...', 'C:\\wamp64\\www\\c...', 34, Array)
#1 C:\wamp64\www\correspondencia-ucad\system\CodeIgniter.php(825): App\Controllers\modGraficas\GraficasController->barraF()
#2 C:\wamp64\www\correspondencia-ucad\system\CodeIgniter.php(412): CodeIgniter\CodeIgniter->runController(Object(App\Controllers\modGraficas\GraficasController))
#3 C:\wamp64\www\correspondencia-ucad\system\CodeIgniter.php(320): CodeIgniter\CodeIgniter->handleRequest(NULL, Object(Config\Cache), false)
#4 C:\wamp64\www\correspondencia-ucad\public\index.php(37): CodeIgniter\CodeIgniter->run()
#5 {main}
CRITICAL - 2022-06-22 18:28:41 --> Undefined index: fecha
#0 C:\wamp64\www\correspondencia-ucad\app\Controllers\modGraficas\GraficasController.php(34): CodeIgniter\Debug\Exceptions->errorHandler(8, 'Undefined index...', 'C:\\wamp64\\www\\c...', 34, Array)
#1 C:\wamp64\www\correspondencia-ucad\system\CodeIgniter.php(825): App\Controllers\modGraficas\GraficasController->barraF()
#2 C:\wamp64\www\correspondencia-ucad\system\CodeIgniter.php(412): CodeIgniter\CodeIgniter->runController(Object(App\Controllers\modGraficas\GraficasController))
#3 C:\wamp64\www\correspondencia-ucad\system\CodeIgniter.php(320): CodeIgniter\CodeIgniter->handleRequest(NULL, Object(Config\Cache), false)
#4 C:\wamp64\www\correspondencia-ucad\public\index.php(37): CodeIgniter\CodeIgniter->run()
#5 {main}
CRITICAL - 2022-06-22 18:29:49 --> Undefined offset: 1
#0 C:\wamp64\www\correspondencia-ucad\app\Models\modGraficas\GraficasModel.php(33): CodeIgniter\Debug\Exceptions->errorHandler(8, 'Undefined offse...', 'C:\\wamp64\\www\\c...', 33, Array)
#1 C:\wamp64\www\correspondencia-ucad\app\Controllers\modGraficas\GraficasController.php(34): App\Models\modGraficas\GraficasModel->barra(NULL)
#2 C:\wamp64\www\correspondencia-ucad\system\CodeIgniter.php(825): App\Controllers\modGraficas\GraficasController->barraF()
#3 C:\wamp64\www\correspondencia-ucad\system\CodeIgniter.php(412): CodeIgniter\CodeIgniter->runController(Object(App\Controllers\modGraficas\GraficasController))
#4 C:\wamp64\www\correspondencia-ucad\system\CodeIgniter.php(320): CodeIgniter\CodeIgniter->handleRequest(NULL, Object(Config\Cache), false)
#5 C:\wamp64\www\correspondencia-ucad\public\index.php(37): CodeIgniter\CodeIgniter->run()
#6 {main}
CRITICAL - 2022-06-22 18:30:31 --> Undefined offset: 1
#0 C:\wamp64\www\correspondencia-ucad\app\Models\modGraficas\GraficasModel.php(33): CodeIgniter\Debug\Exceptions->errorHandler(8, 'Undefined offse...', 'C:\\wamp64\\www\\c...', 33, Array)
#1 C:\wamp64\www\correspondencia-ucad\app\Controllers\modGraficas\GraficasController.php(34): App\Models\modGraficas\GraficasModel->barra(NULL)
#2 C:\wamp64\www\correspondencia-ucad\system\CodeIgniter.php(825): App\Controllers\modGraficas\GraficasController->barraF()
#3 C:\wamp64\www\correspondencia-ucad\system\CodeIgniter.php(412): CodeIgniter\CodeIgniter->runController(Object(App\Controllers\modGraficas\GraficasController))
#4 C:\wamp64\www\correspondencia-ucad\system\CodeIgniter.php(320): CodeIgniter\CodeIgniter->handleRequest(NULL, Object(Config\Cache), false)
#5 C:\wamp64\www\correspondencia-ucad\public\index.php(37): CodeIgniter\CodeIgniter->run()
#6 {main}
CRITICAL - 2022-06-22 18:32:31 --> Undefined offset: 1
#0 C:\wamp64\www\correspondencia-ucad\app\Models\modGraficas\GraficasModel.php(33): CodeIgniter\Debug\Exceptions->errorHandler(8, 'Undefined offse...', 'C:\\wamp64\\www\\c...', 33, Array)
#1 C:\wamp64\www\correspondencia-ucad\app\Controllers\modGraficas\GraficasController.php(34): App\Models\modGraficas\GraficasModel->barra(NULL)
#2 C:\wamp64\www\correspondencia-ucad\system\CodeIgniter.php(825): App\Controllers\modGraficas\GraficasController->barraF()
#3 C:\wamp64\www\correspondencia-ucad\system\CodeIgniter.php(412): CodeIgniter\CodeIgniter->runController(Object(App\Controllers\modGraficas\GraficasController))
#4 C:\wamp64\www\correspondencia-ucad\system\CodeIgniter.php(320): CodeIgniter\CodeIgniter->handleRequest(NULL, Object(Config\Cache), false)
#5 C:\wamp64\www\correspondencia-ucad\public\index.php(37): CodeIgniter\CodeIgniter->run()
#6 {main}
CRITICAL - 2022-06-22 18:34:44 --> Undefined offset: 1
#0 C:\wamp64\www\correspondencia-ucad\app\Models\modGraficas\GraficasModel.php(33): CodeIgniter\Debug\Exceptions->errorHandler(8, 'Undefined offse...', 'C:\\wamp64\\www\\c...', 33, Array)
#1 C:\wamp64\www\correspondencia-ucad\app\Controllers\modGraficas\GraficasController.php(34): App\Models\modGraficas\GraficasModel->barra(NULL)
#2 C:\wamp64\www\correspondencia-ucad\system\CodeIgniter.php(825): App\Controllers\modGraficas\GraficasController->barraF()
#3 C:\wamp64\www\correspondencia-ucad\system\CodeIgniter.php(412): CodeIgniter\CodeIgniter->runController(Object(App\Controllers\modGraficas\GraficasController))
#4 C:\wamp64\www\correspondencia-ucad\system\CodeIgniter.php(320): CodeIgniter\CodeIgniter->handleRequest(NULL, Object(Config\Cache), false)
#5 C:\wamp64\www\correspondencia-ucad\public\index.php(37): CodeIgniter\CodeIgniter->run()
#6 {main}
CRITICAL - 2022-06-22 18:39:32 --> Undefined offset: 1
#0 C:\wamp64\www\correspondencia-ucad\app\Models\modGraficas\GraficasModel.php(33): CodeIgniter\Debug\Exceptions->errorHandler(8, 'Undefined offse...', 'C:\\wamp64\\www\\c...', 33, Array)
#1 C:\wamp64\www\correspondencia-ucad\app\Controllers\modGraficas\GraficasController.php(34): App\Models\modGraficas\GraficasModel->barra(NULL)
#2 C:\wamp64\www\correspondencia-ucad\system\CodeIgniter.php(825): App\Controllers\modGraficas\GraficasController->barraF()
#3 C:\wamp64\www\correspondencia-ucad\system\CodeIgniter.php(412): CodeIgniter\CodeIgniter->runController(Object(App\Controllers\modGraficas\GraficasController))
#4 C:\wamp64\www\correspondencia-ucad\system\CodeIgniter.php(320): CodeIgniter\CodeIgniter->handleRequest(NULL, Object(Config\Cache), false)
#5 C:\wamp64\www\correspondencia-ucad\public\index.php(37): CodeIgniter\CodeIgniter->run()
#6 {main}
CRITICAL - 2022-06-22 18:43:43 --> Undefined offset: 1
#0 C:\wamp64\www\correspondencia-ucad\app\Controllers\modGraficas\GraficasController.php(37): CodeIgniter\Debug\Exceptions->errorHandler(8, 'Undefined offse...', 'C:\\wamp64\\www\\c...', 37, Array)
#1 C:\wamp64\www\correspondencia-ucad\system\CodeIgniter.php(825): App\Controllers\modGraficas\GraficasController->barraF()
#2 C:\wamp64\www\correspondencia-ucad\system\CodeIgniter.php(412): CodeIgniter\CodeIgniter->runController(Object(App\Controllers\modGraficas\GraficasController))
#3 C:\wamp64\www\correspondencia-ucad\system\CodeIgniter.php(320): CodeIgniter\CodeIgniter->handleRequest(NULL, Object(Config\Cache), false)
#4 C:\wamp64\www\correspondencia-ucad\public\index.php(37): CodeIgniter\CodeIgniter->run()
#5 {main}
CRITICAL - 2022-06-22 18:47:58 --> Undefined offset: 1
#0 C:\wamp64\www\correspondencia-ucad\app\Controllers\modGraficas\GraficasController.php(37): CodeIgniter\Debug\Exceptions->errorHandler(8, 'Undefined offse...', 'C:\\wamp64\\www\\c...', 37, Array)
#1 C:\wamp64\www\correspondencia-ucad\system\CodeIgniter.php(825): App\Controllers\modGraficas\GraficasController->barraF()
#2 C:\wamp64\www\correspondencia-ucad\system\CodeIgniter.php(412): CodeIgniter\CodeIgniter->runController(Object(App\Controllers\modGraficas\GraficasController))
#3 C:\wamp64\www\correspondencia-ucad\system\CodeIgniter.php(320): CodeIgniter\CodeIgniter->handleRequest(NULL, Object(Config\Cache), false)
#4 C:\wamp64\www\correspondencia-ucad\public\index.php(37): CodeIgniter\CodeIgniter->run()
#5 {main}
CRITICAL - 2022-06-22 18:48:40 --> Undefined offset: 1
#0 C:\wamp64\www\correspondencia-ucad\app\Controllers\modGraficas\GraficasController.php(37): CodeIgniter\Debug\Exceptions->errorHandler(8, 'Undefined offse...', 'C:\\wamp64\\www\\c...', 37, Array)
#1 C:\wamp64\www\correspondencia-ucad\system\CodeIgniter.php(825): App\Controllers\modGraficas\GraficasController->barraF()
#2 C:\wamp64\www\correspondencia-ucad\system\CodeIgniter.php(412): CodeIgniter\CodeIgniter->runController(Object(App\Controllers\modGraficas\GraficasController))
#3 C:\wamp64\www\correspondencia-ucad\system\CodeIgniter.php(320): CodeIgniter\CodeIgniter->handleRequest(NULL, Object(Config\Cache), false)
#4 C:\wamp64\www\correspondencia-ucad\public\index.php(37): CodeIgniter\CodeIgniter->run()
#5 {main}
CRITICAL - 2022-06-22 19:49:29 --> syntax error, unexpected '?>', expecting function (T_FUNCTION) or const (T_CONST)
#0 C:\wamp64\www\correspondencia-ucad\system\Autoloader\Autoloader.php(241): CodeIgniter\Autoloader\Autoloader->includeFile('C:\\wamp64\\www\\c...')
#1 C:\wamp64\www\correspondencia-ucad\system\Autoloader\Autoloader.php(219): CodeIgniter\Autoloader\Autoloader->loadInNamespace('App\\Controllers...')
#2 [internal function]: CodeIgniter\Autoloader\Autoloader->loadClass('App\\Controllers...')
#3 [internal function]: spl_autoload_call('App\\Controllers...')
#4 C:\wamp64\www\correspondencia-ucad\system\CodeIgniter.php(790): class_exists('\\App\\Controller...', true)
#5 C:\wamp64\www\correspondencia-ucad\system\CodeIgniter.php(399): CodeIgniter\CodeIgniter->startController()
#6 C:\wamp64\www\correspondencia-ucad\system\CodeIgniter.php(320): CodeIgniter\CodeIgniter->handleRequest(NULL, Object(Config\Cache), false)
#7 C:\wamp64\www\correspondencia-ucad\public\index.php(37): CodeIgniter\CodeIgniter->run()
#8 {main}
CRITICAL - 2022-06-22 19:50:08 --> syntax error, unexpected '?>', expecting function (T_FUNCTION) or const (T_CONST)
#0 C:\wamp64\www\correspondencia-ucad\system\Autoloader\Autoloader.php(241): CodeIgniter\Autoloader\Autoloader->includeFile('C:\\wamp64\\www\\c...')
#1 C:\wamp64\www\correspondencia-ucad\system\Autoloader\Autoloader.php(219): CodeIgniter\Autoloader\Autoloader->loadInNamespace('App\\Controllers...')
#2 [internal function]: CodeIgniter\Autoloader\Autoloader->loadClass('App\\Controllers...')
#3 [internal function]: spl_autoload_call('App\\Controllers...')
#4 C:\wamp64\www\correspondencia-ucad\system\CodeIgniter.php(790): class_exists('\\App\\Controller...', true)
#5 C:\wamp64\www\correspondencia-ucad\system\CodeIgniter.php(399): CodeIgniter\CodeIgniter->startController()
#6 C:\wamp64\www\correspondencia-ucad\system\CodeIgniter.php(320): CodeIgniter\CodeIgniter->handleRequest(NULL, Object(Config\Cache), false)
#7 C:\wamp64\www\correspondencia-ucad\public\index.php(37): CodeIgniter\CodeIgniter->run()
#8 {main}
