<<<<<<< HEAD
CRITICAL - 2022-04-19 16:49:20 --> syntax error, unexpected '<<' (T_SL), expecting function (T_FUNCTION) or const (T_CONST)
=======
CRITICAL - 2022-04-19 08:10:46 --> Undefined variable: totalTime
#0 C:\wamp64\www\correspondencia-ucad\system\Debug\Toolbar\Views\toolbar.tpl.php(40): CodeIgniter\Debug\Exceptions->errorHandler(8, 'Undefined varia...', 'C:\\wamp64\\www\\c...', 40, Array)
#1 C:\wamp64\www\correspondencia-ucad\system\Debug\Toolbar.php(501): include('C:\\wamp64\\www\\c...')
#2 C:\wamp64\www\correspondencia-ucad\system\Debug\Toolbar.php(464): CodeIgniter\Debug\Toolbar->format(Array, 'html')
#3 C:\wamp64\www\correspondencia-ucad\app\Config\Events.php(48): CodeIgniter\Debug\Toolbar->respond()
#4 C:\wamp64\www\correspondencia-ucad\system\Events\Events.php(149): CodeIgniter\Events\Events::Config\{closure}()
#5 C:\wamp64\www\correspondencia-ucad\system\CodeIgniter.php(302): CodeIgniter\Events\Events::trigger('pre_system')
#6 C:\wamp64\www\correspondencia-ucad\public\index.php(37): CodeIgniter\CodeIgniter->run()
#7 {main}
CRITICAL - 2022-04-19 08:10:58 --> syntax error, unexpected '<<' (T_SL), expecting function (T_FUNCTION) or const (T_CONST)
>>>>>>> 888ed9c279ed0ee6cb16c17bede44fca71599c0a
#0 C:\wamp64\www\correspondencia-ucad\system\Autoloader\Autoloader.php(241): CodeIgniter\Autoloader\Autoloader->includeFile('C:\\wamp64\\www\\c...')
#1 C:\wamp64\www\correspondencia-ucad\system\Autoloader\Autoloader.php(219): CodeIgniter\Autoloader\Autoloader->loadInNamespace('Config\\Validati...')
#2 [internal function]: CodeIgniter\Autoloader\Autoloader->loadClass('Config\\Validati...')
#3 [internal function]: spl_autoload_call('Config\\Validati...')
#4 C:\wamp64\www\correspondencia-ucad\system\Config\Factories.php(136): class_exists('Config\\Validati...')
#5 C:\wamp64\www\correspondencia-ucad\system\Config\Factories.php(106): CodeIgniter\Config\Factories::locateClass(Array, 'Validation')
#6 C:\wamp64\www\correspondencia-ucad\system\Common.php(198): CodeIgniter\Config\Factories::__callStatic('config', Array)
#7 C:\wamp64\www\correspondencia-ucad\system\Config\Services.php(656): config('Validation')
#8 C:\wamp64\www\correspondencia-ucad\system\Config\BaseService.php(248): CodeIgniter\Config\Services::validation(NULL, false)
#9 C:\wamp64\www\correspondencia-ucad\system\BaseModel.php(298): CodeIgniter\Config\BaseService::__callStatic('validation', Array)
#10 C:\wamp64\www\correspondencia-ucad\system\Model.php(101): CodeIgniter\BaseModel->__construct(NULL)
<<<<<<< HEAD
#11 C:\wamp64\www\correspondencia-ucad\app\Controllers\modAdministracion\RolModMenuController.php(14): CodeIgniter\Model->__construct()
#12 C:\wamp64\www\correspondencia-ucad\system\CodeIgniter.php(825): App\Controllers\modAdministracion\RolModMenuController->rolModMenu()
#13 C:\wamp64\www\correspondencia-ucad\system\CodeIgniter.php(412): CodeIgniter\CodeIgniter->runController(Object(App\Controllers\modAdministracion\RolModMenuController))
#14 C:\wamp64\www\correspondencia-ucad\system\CodeIgniter.php(320): CodeIgniter\CodeIgniter->handleRequest(NULL, Object(Config\Cache), false)
#15 C:\wamp64\www\correspondencia-ucad\public\index.php(37): CodeIgniter\CodeIgniter->run()
#16 {main}
CRITICAL - 2022-04-19 16:51:17 --> syntax error, unexpected '<<' (T_SL), expecting function (T_FUNCTION) or const (T_CONST)
=======
#11 C:\wamp64\www\correspondencia-ucad\app\Controllers\modUsuario\PersonaController.php(12): CodeIgniter\Model->__construct()
#12 C:\wamp64\www\correspondencia-ucad\system\CodeIgniter.php(825): App\Controllers\modUsuario\PersonaController->persona()
#13 C:\wamp64\www\correspondencia-ucad\system\CodeIgniter.php(412): CodeIgniter\CodeIgniter->runController(Object(App\Controllers\modUsuario\PersonaController))
#14 C:\wamp64\www\correspondencia-ucad\system\CodeIgniter.php(320): CodeIgniter\CodeIgniter->handleRequest(NULL, Object(Config\Cache), false)
#15 C:\wamp64\www\correspondencia-ucad\public\index.php(37): CodeIgniter\CodeIgniter->run()
#16 {main}
CRITICAL - 2022-04-19 08:11:16 --> syntax error, unexpected '<<' (T_SL), expecting function (T_FUNCTION) or const (T_CONST)
>>>>>>> 888ed9c279ed0ee6cb16c17bede44fca71599c0a
#0 C:\wamp64\www\correspondencia-ucad\system\Autoloader\Autoloader.php(241): CodeIgniter\Autoloader\Autoloader->includeFile('C:\\wamp64\\www\\c...')
#1 C:\wamp64\www\correspondencia-ucad\system\Autoloader\Autoloader.php(219): CodeIgniter\Autoloader\Autoloader->loadInNamespace('Config\\Validati...')
#2 [internal function]: CodeIgniter\Autoloader\Autoloader->loadClass('Config\\Validati...')
#3 [internal function]: spl_autoload_call('Config\\Validati...')
#4 C:\wamp64\www\correspondencia-ucad\system\Config\Factories.php(136): class_exists('Config\\Validati...')
#5 C:\wamp64\www\correspondencia-ucad\system\Config\Factories.php(106): CodeIgniter\Config\Factories::locateClass(Array, 'Validation')
#6 C:\wamp64\www\correspondencia-ucad\system\Common.php(198): CodeIgniter\Config\Factories::__callStatic('config', Array)
#7 C:\wamp64\www\correspondencia-ucad\system\Config\Services.php(656): config('Validation')
#8 C:\wamp64\www\correspondencia-ucad\system\Config\BaseService.php(248): CodeIgniter\Config\Services::validation(NULL, false)
#9 C:\wamp64\www\correspondencia-ucad\system\BaseModel.php(298): CodeIgniter\Config\BaseService::__callStatic('validation', Array)
#10 C:\wamp64\www\correspondencia-ucad\system\Model.php(101): CodeIgniter\BaseModel->__construct(NULL)
<<<<<<< HEAD
#11 C:\wamp64\www\correspondencia-ucad\app\Controllers\modAdministracion\RolModMenuController.php(14): CodeIgniter\Model->__construct()
#12 C:\wamp64\www\correspondencia-ucad\system\CodeIgniter.php(825): App\Controllers\modAdministracion\RolModMenuController->rolModMenu()
#13 C:\wamp64\www\correspondencia-ucad\system\CodeIgniter.php(412): CodeIgniter\CodeIgniter->runController(Object(App\Controllers\modAdministracion\RolModMenuController))
#14 C:\wamp64\www\correspondencia-ucad\system\CodeIgniter.php(320): CodeIgniter\CodeIgniter->handleRequest(NULL, Object(Config\Cache), false)
#15 C:\wamp64\www\correspondencia-ucad\public\index.php(37): CodeIgniter\CodeIgniter->run()
#16 {main}
CRITICAL - 2022-04-19 18:50:43 --> Undefined variable: nombreCargo
#0 C:\wamp64\www\correspondencia-ucad\app\Controllers\modUsuario\PersonaController.php(14): CodeIgniter\Debug\Exceptions->errorHandler(8, 'Undefined varia...', 'C:\\wamp64\\www\\c...', 14, Array)
#1 C:\wamp64\www\correspondencia-ucad\system\CodeIgniter.php(825): App\Controllers\modUsuario\PersonaController->persona()
#2 C:\wamp64\www\correspondencia-ucad\system\CodeIgniter.php(412): CodeIgniter\CodeIgniter->runController(Object(App\Controllers\modUsuario\PersonaController))
#3 C:\wamp64\www\correspondencia-ucad\system\CodeIgniter.php(320): CodeIgniter\CodeIgniter->handleRequest(NULL, Object(Config\Cache), false)
#4 C:\wamp64\www\correspondencia-ucad\public\index.php(37): CodeIgniter\CodeIgniter->run()
#5 {main}
=======
#11 C:\wamp64\www\correspondencia-ucad\app\Controllers\modUsuario\DireccionController.php(12): CodeIgniter\Model->__construct()
#12 C:\wamp64\www\correspondencia-ucad\system\CodeIgniter.php(825): App\Controllers\modUsuario\DireccionController->direccion()
#13 C:\wamp64\www\correspondencia-ucad\system\CodeIgniter.php(412): CodeIgniter\CodeIgniter->runController(Object(App\Controllers\modUsuario\DireccionController))
#14 C:\wamp64\www\correspondencia-ucad\system\CodeIgniter.php(320): CodeIgniter\CodeIgniter->handleRequest(NULL, Object(Config\Cache), false)
#15 C:\wamp64\www\correspondencia-ucad\public\index.php(37): CodeIgniter\CodeIgniter->run()
#16 {main}
CRITICAL - 2022-04-19 08:11:45 --> syntax error, unexpected '<<' (T_SL), expecting function (T_FUNCTION) or const (T_CONST)
#0 C:\wamp64\www\correspondencia-ucad\system\Autoloader\Autoloader.php(241): CodeIgniter\Autoloader\Autoloader->includeFile('C:\\wamp64\\www\\c...')
#1 C:\wamp64\www\correspondencia-ucad\system\Autoloader\Autoloader.php(219): CodeIgniter\Autoloader\Autoloader->loadInNamespace('Config\\Validati...')
#2 [internal function]: CodeIgniter\Autoloader\Autoloader->loadClass('Config\\Validati...')
#3 [internal function]: spl_autoload_call('Config\\Validati...')
#4 C:\wamp64\www\correspondencia-ucad\system\Config\Factories.php(136): class_exists('Config\\Validati...')
#5 C:\wamp64\www\correspondencia-ucad\system\Config\Factories.php(106): CodeIgniter\Config\Factories::locateClass(Array, 'Validation')
#6 C:\wamp64\www\correspondencia-ucad\system\Common.php(198): CodeIgniter\Config\Factories::__callStatic('config', Array)
#7 C:\wamp64\www\correspondencia-ucad\system\Config\Services.php(656): config('Validation')
#8 C:\wamp64\www\correspondencia-ucad\system\Config\BaseService.php(248): CodeIgniter\Config\Services::validation(NULL, false)
#9 C:\wamp64\www\correspondencia-ucad\system\BaseModel.php(298): CodeIgniter\Config\BaseService::__callStatic('validation', Array)
#10 C:\wamp64\www\correspondencia-ucad\system\Model.php(101): CodeIgniter\BaseModel->__construct(NULL)
#11 C:\wamp64\www\correspondencia-ucad\app\Controllers\modUsuario\ContactoController.php(13): CodeIgniter\Model->__construct()
#12 C:\wamp64\www\correspondencia-ucad\system\CodeIgniter.php(825): App\Controllers\modUsuario\ContactoController->tipoContacto()
#13 C:\wamp64\www\correspondencia-ucad\system\CodeIgniter.php(412): CodeIgniter\CodeIgniter->runController(Object(App\Controllers\modUsuario\ContactoController))
#14 C:\wamp64\www\correspondencia-ucad\system\CodeIgniter.php(320): CodeIgniter\CodeIgniter->handleRequest(NULL, Object(Config\Cache), false)
#15 C:\wamp64\www\correspondencia-ucad\public\index.php(37): CodeIgniter\CodeIgniter->run()
#16 {main}
CRITICAL - 2022-04-19 08:12:29 --> syntax error, unexpected '<<' (T_SL), expecting function (T_FUNCTION) or const (T_CONST)
#0 C:\wamp64\www\correspondencia-ucad\system\Autoloader\Autoloader.php(241): CodeIgniter\Autoloader\Autoloader->includeFile('C:\\wamp64\\www\\c...')
#1 C:\wamp64\www\correspondencia-ucad\system\Autoloader\Autoloader.php(219): CodeIgniter\Autoloader\Autoloader->loadInNamespace('Config\\Validati...')
#2 [internal function]: CodeIgniter\Autoloader\Autoloader->loadClass('Config\\Validati...')
#3 [internal function]: spl_autoload_call('Config\\Validati...')
#4 C:\wamp64\www\correspondencia-ucad\system\Config\Factories.php(136): class_exists('Config\\Validati...')
#5 C:\wamp64\www\correspondencia-ucad\system\Config\Factories.php(106): CodeIgniter\Config\Factories::locateClass(Array, 'Validation')
#6 C:\wamp64\www\correspondencia-ucad\system\Common.php(198): CodeIgniter\Config\Factories::__callStatic('config', Array)
#7 C:\wamp64\www\correspondencia-ucad\system\Config\Services.php(656): config('Validation')
#8 C:\wamp64\www\correspondencia-ucad\system\Config\BaseService.php(248): CodeIgniter\Config\Services::validation(NULL, false)
#9 C:\wamp64\www\correspondencia-ucad\system\BaseModel.php(298): CodeIgniter\Config\BaseService::__callStatic('validation', Array)
#10 C:\wamp64\www\correspondencia-ucad\system\Model.php(101): CodeIgniter\BaseModel->__construct(NULL)
#11 C:\wamp64\www\correspondencia-ucad\app\Controllers\modAdministracion\MenuSubmenuController.php(14): CodeIgniter\Model->__construct()
#12 C:\wamp64\www\correspondencia-ucad\system\CodeIgniter.php(825): App\Controllers\modAdministracion\MenuSubmenuController->menu_submenu()
#13 C:\wamp64\www\correspondencia-ucad\system\CodeIgniter.php(412): CodeIgniter\CodeIgniter->runController(Object(App\Controllers\modAdministracion\MenuSubmenuController))
#14 C:\wamp64\www\correspondencia-ucad\system\CodeIgniter.php(320): CodeIgniter\CodeIgniter->handleRequest(NULL, Object(Config\Cache), false)
#15 C:\wamp64\www\correspondencia-ucad\public\index.php(37): CodeIgniter\CodeIgniter->run()
#16 {main}
ERROR - 2022-04-19 19:16:31 --> Cannot add or update a child row: a foreign key constraint fails (`baseprueba`.`wk_direccion`, CONSTRAINT `FK_DIRECCION_MUNICIPIO` FOREIGN KEY (`municipioId`) REFERENCES `wk_municipio` (`municipioId`))
CRITICAL - 2022-04-19 19:16:31 --> Cannot add or update a child row: a foreign key constraint fails (`baseprueba`.`wk_direccion`, CONSTRAINT `FK_DIRECCION_MUNICIPIO` FOREIGN KEY (`municipioId`) REFERENCES `wk_municipio` (`municipioId`))
#0 C:\wamp64\www\correspondencia-ucad\system\Database\MySQLi\Connection.php(292): mysqli->query('INSERT INTO `wk...', 0)
#1 C:\wamp64\www\correspondencia-ucad\system\Database\BaseConnection.php(670): CodeIgniter\Database\MySQLi\Connection->execute('INSERT INTO `wk...')
#2 C:\wamp64\www\correspondencia-ucad\system\Database\BaseConnection.php(598): CodeIgniter\Database\BaseConnection->simpleQuery('INSERT INTO `wk...')
#3 C:\wamp64\www\correspondencia-ucad\system\Database\BaseBuilder.php(1771): CodeIgniter\Database\BaseConnection->query('INSERT INTO `wk...', Array, false)
#4 C:\wamp64\www\correspondencia-ucad\app\Models\modUsuario\DireccionModel.php(39): CodeIgniter\Database\BaseBuilder->insert(Array)
#5 C:\wamp64\www\correspondencia-ucad\app\Controllers\modUsuario\DireccionController.php(41): App\Models\modUsuario\DireccionModel->insertar(Array)
#6 C:\wamp64\www\correspondencia-ucad\system\CodeIgniter.php(825): App\Controllers\modUsuario\DireccionController->crearDireccion()
#7 C:\wamp64\www\correspondencia-ucad\system\CodeIgniter.php(412): CodeIgniter\CodeIgniter->runController(Object(App\Controllers\modUsuario\DireccionController))
#8 C:\wamp64\www\correspondencia-ucad\system\CodeIgniter.php(320): CodeIgniter\CodeIgniter->handleRequest(NULL, Object(Config\Cache), false)
#9 C:\wamp64\www\correspondencia-ucad\public\index.php(37): CodeIgniter\CodeIgniter->run()
#10 {main}
CRITICAL - 2022-04-19 19:42:12 --> Undefined property: stdClass::$id
#0 C:\wamp64\www\correspondencia-ucad\app\Views\modUsuario\contacto.php(32): CodeIgniter\Debug\Exceptions->errorHandler(8, 'Undefined prope...', 'C:\\wamp64\\www\\c...', 32, Array)
#1 C:\wamp64\www\correspondencia-ucad\system\View\View.php(210): include('C:\\wamp64\\www\\c...')
#2 C:\wamp64\www\correspondencia-ucad\system\View\View.php(213): CodeIgniter\View\View->CodeIgniter\View\{closure}()
#3 C:\wamp64\www\correspondencia-ucad\system\Common.php(1089): CodeIgniter\View\View->render('modUsuario/cont...', Array, true)
#4 C:\wamp64\www\correspondencia-ucad\app\Controllers\modUsuario\ContactoController.php(23): view('modUsuario/cont...', Array)
#5 C:\wamp64\www\correspondencia-ucad\system\CodeIgniter.php(825): App\Controllers\modUsuario\ContactoController->tipoContacto()
#6 C:\wamp64\www\correspondencia-ucad\system\CodeIgniter.php(412): CodeIgniter\CodeIgniter->runController(Object(App\Controllers\modUsuario\ContactoController))
#7 C:\wamp64\www\correspondencia-ucad\system\CodeIgniter.php(320): CodeIgniter\CodeIgniter->handleRequest(NULL, Object(Config\Cache), false)
#8 C:\wamp64\www\correspondencia-ucad\public\index.php(37): CodeIgniter\CodeIgniter->run()
#9 {main}
CRITICAL - 2022-04-19 19:43:36 --> Undefined property: stdClass::$contactoId
#0 C:\wamp64\www\correspondencia-ucad\app\Views\modUsuario\contacto.php(32): CodeIgniter\Debug\Exceptions->errorHandler(8, 'Undefined prope...', 'C:\\wamp64\\www\\c...', 32, Array)
#1 C:\wamp64\www\correspondencia-ucad\system\View\View.php(210): include('C:\\wamp64\\www\\c...')
#2 C:\wamp64\www\correspondencia-ucad\system\View\View.php(213): CodeIgniter\View\View->CodeIgniter\View\{closure}()
#3 C:\wamp64\www\correspondencia-ucad\system\Common.php(1089): CodeIgniter\View\View->render('modUsuario/cont...', Array, true)
#4 C:\wamp64\www\correspondencia-ucad\app\Controllers\modUsuario\ContactoController.php(23): view('modUsuario/cont...', Array)
#5 C:\wamp64\www\correspondencia-ucad\system\CodeIgniter.php(825): App\Controllers\modUsuario\ContactoController->tipoContacto()
#6 C:\wamp64\www\correspondencia-ucad\system\CodeIgniter.php(412): CodeIgniter\CodeIgniter->runController(Object(App\Controllers\modUsuario\ContactoController))
#7 C:\wamp64\www\correspondencia-ucad\system\CodeIgniter.php(320): CodeIgniter\CodeIgniter->handleRequest(NULL, Object(Config\Cache), false)
#8 C:\wamp64\www\correspondencia-ucad\public\index.php(37): CodeIgniter\CodeIgniter->run()
#9 {main}
CRITICAL - 2022-04-19 19:45:35 --> Undefined property: stdClass::$contactoId
#0 C:\wamp64\www\correspondencia-ucad\app\Views\modUsuario\contacto.php(32): CodeIgniter\Debug\Exceptions->errorHandler(8, 'Undefined prope...', 'C:\\wamp64\\www\\c...', 32, Array)
#1 C:\wamp64\www\correspondencia-ucad\system\View\View.php(210): include('C:\\wamp64\\www\\c...')
#2 C:\wamp64\www\correspondencia-ucad\system\View\View.php(213): CodeIgniter\View\View->CodeIgniter\View\{closure}()
#3 C:\wamp64\www\correspondencia-ucad\system\Common.php(1089): CodeIgniter\View\View->render('modUsuario/cont...', Array, true)
#4 C:\wamp64\www\correspondencia-ucad\app\Controllers\modUsuario\ContactoController.php(23): view('modUsuario/cont...', Array)
#5 C:\wamp64\www\correspondencia-ucad\system\CodeIgniter.php(825): App\Controllers\modUsuario\ContactoController->tipoContacto()
#6 C:\wamp64\www\correspondencia-ucad\system\CodeIgniter.php(412): CodeIgniter\CodeIgniter->runController(Object(App\Controllers\modUsuario\ContactoController))
#7 C:\wamp64\www\correspondencia-ucad\system\CodeIgniter.php(320): CodeIgniter\CodeIgniter->handleRequest(NULL, Object(Config\Cache), false)
#8 C:\wamp64\www\correspondencia-ucad\public\index.php(37): CodeIgniter\CodeIgniter->run()
#9 {main}
CRITICAL - 2022-04-19 19:45:38 --> Undefined property: stdClass::$contactoId
#0 C:\wamp64\www\correspondencia-ucad\app\Views\modUsuario\contacto.php(32): CodeIgniter\Debug\Exceptions->errorHandler(8, 'Undefined prope...', 'C:\\wamp64\\www\\c...', 32, Array)
#1 C:\wamp64\www\correspondencia-ucad\system\View\View.php(210): include('C:\\wamp64\\www\\c...')
#2 C:\wamp64\www\correspondencia-ucad\system\View\View.php(213): CodeIgniter\View\View->CodeIgniter\View\{closure}()
#3 C:\wamp64\www\correspondencia-ucad\system\Common.php(1089): CodeIgniter\View\View->render('modUsuario/cont...', Array, true)
#4 C:\wamp64\www\correspondencia-ucad\app\Controllers\modUsuario\ContactoController.php(23): view('modUsuario/cont...', Array)
#5 C:\wamp64\www\correspondencia-ucad\system\CodeIgniter.php(825): App\Controllers\modUsuario\ContactoController->tipoContacto()
#6 C:\wamp64\www\correspondencia-ucad\system\CodeIgniter.php(412): CodeIgniter\CodeIgniter->runController(Object(App\Controllers\modUsuario\ContactoController))
#7 C:\wamp64\www\correspondencia-ucad\system\CodeIgniter.php(320): CodeIgniter\CodeIgniter->handleRequest(NULL, Object(Config\Cache), false)
#8 C:\wamp64\www\correspondencia-ucad\public\index.php(37): CodeIgniter\CodeIgniter->run()
#9 {main}
CRITICAL - 2022-04-19 19:45:55 --> Undefined property: stdClass::$contactoId
#0 C:\wamp64\www\correspondencia-ucad\app\Views\modUsuario\contacto.php(32): CodeIgniter\Debug\Exceptions->errorHandler(8, 'Undefined prope...', 'C:\\wamp64\\www\\c...', 32, Array)
#1 C:\wamp64\www\correspondencia-ucad\system\View\View.php(210): include('C:\\wamp64\\www\\c...')
#2 C:\wamp64\www\correspondencia-ucad\system\View\View.php(213): CodeIgniter\View\View->CodeIgniter\View\{closure}()
#3 C:\wamp64\www\correspondencia-ucad\system\Common.php(1089): CodeIgniter\View\View->render('modUsuario/cont...', Array, true)
#4 C:\wamp64\www\correspondencia-ucad\app\Controllers\modUsuario\ContactoController.php(23): view('modUsuario/cont...', Array)
#5 C:\wamp64\www\correspondencia-ucad\system\CodeIgniter.php(825): App\Controllers\modUsuario\ContactoController->tipoContacto()
#6 C:\wamp64\www\correspondencia-ucad\system\CodeIgniter.php(412): CodeIgniter\CodeIgniter->runController(Object(App\Controllers\modUsuario\ContactoController))
#7 C:\wamp64\www\correspondencia-ucad\system\CodeIgniter.php(320): CodeIgniter\CodeIgniter->handleRequest(NULL, Object(Config\Cache), false)
#8 C:\wamp64\www\correspondencia-ucad\public\index.php(37): CodeIgniter\CodeIgniter->run()
#9 {main}
CRITICAL - 2022-04-19 19:45:58 --> Undefined property: stdClass::$contactoId
#0 C:\wamp64\www\correspondencia-ucad\app\Views\modUsuario\contacto.php(32): CodeIgniter\Debug\Exceptions->errorHandler(8, 'Undefined prope...', 'C:\\wamp64\\www\\c...', 32, Array)
#1 C:\wamp64\www\correspondencia-ucad\system\View\View.php(210): include('C:\\wamp64\\www\\c...')
#2 C:\wamp64\www\correspondencia-ucad\system\View\View.php(213): CodeIgniter\View\View->CodeIgniter\View\{closure}()
#3 C:\wamp64\www\correspondencia-ucad\system\Common.php(1089): CodeIgniter\View\View->render('modUsuario/cont...', Array, true)
#4 C:\wamp64\www\correspondencia-ucad\app\Controllers\modUsuario\ContactoController.php(23): view('modUsuario/cont...', Array)
#5 C:\wamp64\www\correspondencia-ucad\system\CodeIgniter.php(825): App\Controllers\modUsuario\ContactoController->tipoContacto()
#6 C:\wamp64\www\correspondencia-ucad\system\CodeIgniter.php(412): CodeIgniter\CodeIgniter->runController(Object(App\Controllers\modUsuario\ContactoController))
#7 C:\wamp64\www\correspondencia-ucad\system\CodeIgniter.php(320): CodeIgniter\CodeIgniter->handleRequest(NULL, Object(Config\Cache), false)
#8 C:\wamp64\www\correspondencia-ucad\public\index.php(37): CodeIgniter\CodeIgniter->run()
#9 {main}
CRITICAL - 2022-04-19 21:19:26 --> Undefined property: stdClass::$tipoContactoId
#0 C:\wamp64\www\correspondencia-ucad\app\Views\modUsuario\tipoContacto.php(29): CodeIgniter\Debug\Exceptions->errorHandler(8, 'Undefined prope...', 'C:\\wamp64\\www\\c...', 29, Array)
#1 C:\wamp64\www\correspondencia-ucad\system\View\View.php(210): include('C:\\wamp64\\www\\c...')
#2 C:\wamp64\www\correspondencia-ucad\system\View\View.php(213): CodeIgniter\View\View->CodeIgniter\View\{closure}()
#3 C:\wamp64\www\correspondencia-ucad\system\View\View.php(226): CodeIgniter\View\View->render('modUsuario/tipo...', Array, true)
#4 C:\wamp64\www\correspondencia-ucad\system\Common.php(1089): CodeIgniter\View\View->render('modUsuario/cont...', Array, true)
#5 C:\wamp64\www\correspondencia-ucad\app\Controllers\modUsuario\ContactoController.php(29): view('modUsuario/cont...', Array)
#6 C:\wamp64\www\correspondencia-ucad\system\CodeIgniter.php(825): App\Controllers\modUsuario\ContactoController->contacto()
#7 C:\wamp64\www\correspondencia-ucad\system\CodeIgniter.php(412): CodeIgniter\CodeIgniter->runController(Object(App\Controllers\modUsuario\ContactoController))
#8 C:\wamp64\www\correspondencia-ucad\system\CodeIgniter.php(320): CodeIgniter\CodeIgniter->handleRequest(NULL, Object(Config\Cache), false)
#9 C:\wamp64\www\correspondencia-ucad\public\index.php(37): CodeIgniter\CodeIgniter->run()
#10 {main}
>>>>>>> 888ed9c279ed0ee6cb16c17bede44fca71599c0a
