CRITICAL - 2022-04-30 14:35:43 --> Undefined variable: modMenu
#0 C:\wamp64\www\correspondencia-ucad\app\Views\modAdministracion\rolModMenu.php(78): CodeIgniter\Debug\Exceptions->errorHandler(8, 'Undefined varia...', 'C:\\wamp64\\www\\c...', 78, Array)
#1 C:\wamp64\www\correspondencia-ucad\system\View\View.php(210): include('C:\\wamp64\\www\\c...')
#2 C:\wamp64\www\correspondencia-ucad\system\View\View.php(213): CodeIgniter\View\View->CodeIgniter\View\{closure}()
#3 C:\wamp64\www\correspondencia-ucad\system\Common.php(1089): CodeIgniter\View\View->render('modAdministraci...', Array, true)
#4 C:\wamp64\www\correspondencia-ucad\app\Controllers\modAdministracion\RolModMenuController.php(31): view('modAdministraci...', Array)
#5 C:\wamp64\www\correspondencia-ucad\system\CodeIgniter.php(825): App\Controllers\modAdministracion\RolModMenuController->index()
#6 C:\wamp64\www\correspondencia-ucad\system\CodeIgniter.php(412): CodeIgniter\CodeIgniter->runController(Object(App\Controllers\modAdministracion\RolModMenuController))
#7 C:\wamp64\www\correspondencia-ucad\system\CodeIgniter.php(320): CodeIgniter\CodeIgniter->handleRequest(NULL, Object(Config\Cache), false)
#8 C:\wamp64\www\correspondencia-ucad\public\index.php(37): CodeIgniter\CodeIgniter->run()
#9 {main}
CRITICAL - 2022-04-30 14:37:32 --> Undefined variable: modMenu
#0 C:\wamp64\www\correspondencia-ucad\app\Views\modAdministracion\rolModMenu.php(78): CodeIgniter\Debug\Exceptions->errorHandler(8, 'Undefined varia...', 'C:\\wamp64\\www\\c...', 78, Array)
#1 C:\wamp64\www\correspondencia-ucad\system\View\View.php(210): include('C:\\wamp64\\www\\c...')
#2 C:\wamp64\www\correspondencia-ucad\system\View\View.php(213): CodeIgniter\View\View->CodeIgniter\View\{closure}()
#3 C:\wamp64\www\correspondencia-ucad\system\Common.php(1089): CodeIgniter\View\View->render('modAdministraci...', Array, true)
#4 C:\wamp64\www\correspondencia-ucad\app\Controllers\modAdministracion\RolModMenuController.php(31): view('modAdministraci...', Array)
#5 C:\wamp64\www\correspondencia-ucad\system\CodeIgniter.php(825): App\Controllers\modAdministracion\RolModMenuController->index()
#6 C:\wamp64\www\correspondencia-ucad\system\CodeIgniter.php(412): CodeIgniter\CodeIgniter->runController(Object(App\Controllers\modAdministracion\RolModMenuController))
#7 C:\wamp64\www\correspondencia-ucad\system\CodeIgniter.php(320): CodeIgniter\CodeIgniter->handleRequest(NULL, Object(Config\Cache), false)
#8 C:\wamp64\www\correspondencia-ucad\public\index.php(37): CodeIgniter\CodeIgniter->run()
#9 {main}
CRITICAL - 2022-04-30 18:07:14 --> Undefined variable: totalTime
#0 C:\wamp64\www\correspondencia-ucad\system\Debug\Toolbar\Views\toolbar.tpl.php(40): CodeIgniter\Debug\Exceptions->errorHandler(8, 'Undefined varia...', 'C:\\wamp64\\www\\c...', 40, Array)
#1 C:\wamp64\www\correspondencia-ucad\system\Debug\Toolbar.php(501): include('C:\\wamp64\\www\\c...')
#2 C:\wamp64\www\correspondencia-ucad\system\Debug\Toolbar.php(464): CodeIgniter\Debug\Toolbar->format(Array, 'html')
#3 C:\wamp64\www\correspondencia-ucad\app\Config\Events.php(48): CodeIgniter\Debug\Toolbar->respond()
#4 C:\wamp64\www\correspondencia-ucad\system\Events\Events.php(149): CodeIgniter\Events\Events::Config\{closure}()
#5 C:\wamp64\www\correspondencia-ucad\system\CodeIgniter.php(302): CodeIgniter\Events\Events::trigger('pre_system')
#6 C:\wamp64\www\correspondencia-ucad\public\index.php(37): CodeIgniter\CodeIgniter->run()
#7 {main}
CRITICAL - 2022-04-30 18:12:11 --> syntax error, unexpected '$modMenu' (T_VARIABLE)
#0 C:\wamp64\www\correspondencia-ucad\system\Autoloader\Autoloader.php(241): CodeIgniter\Autoloader\Autoloader->includeFile('C:\\wamp64\\www\\c...')
#1 C:\wamp64\www\correspondencia-ucad\system\Autoloader\Autoloader.php(219): CodeIgniter\Autoloader\Autoloader->loadInNamespace('App\\Controllers...')
#2 [internal function]: CodeIgniter\Autoloader\Autoloader->loadClass('App\\Controllers...')
#3 [internal function]: spl_autoload_call('App\\Controllers...')
#4 C:\wamp64\www\correspondencia-ucad\system\CodeIgniter.php(790): class_exists('\\App\\Controller...', true)
#5 C:\wamp64\www\correspondencia-ucad\system\CodeIgniter.php(399): CodeIgniter\CodeIgniter->startController()
#6 C:\wamp64\www\correspondencia-ucad\system\CodeIgniter.php(320): CodeIgniter\CodeIgniter->handleRequest(NULL, Object(Config\Cache), false)
#7 C:\wamp64\www\correspondencia-ucad\public\index.php(37): CodeIgniter\CodeIgniter->run()
#8 {main}
