CRITICAL - 2022-09-01 19:16:42 --> usuario filter must have a matching alias defined.
#0 C:\wamp64\www\correspondencia-ucad\system\Filters\Filters.php(493): CodeIgniter\Filters\Exceptions\FilterException::forNoAlias('usuario')
#1 C:\wamp64\www\correspondencia-ucad\system\Filters\Filters.php(243): CodeIgniter\Filters\Filters->processAliasesToClass('before')
#2 C:\wamp64\www\correspondencia-ucad\system\Filters\Filters.php(163): CodeIgniter\Filters\Filters->initialize('menu_submenu')
#3 C:\wamp64\www\correspondencia-ucad\system\CodeIgniter.php(386): CodeIgniter\Filters\Filters->run('menu_submenu', 'before')
#4 C:\wamp64\www\correspondencia-ucad\system\CodeIgniter.php(320): CodeIgniter\CodeIgniter->handleRequest(NULL, Object(Config\Cache), false)
#5 C:\wamp64\www\correspondencia-ucad\public\index.php(37): CodeIgniter\CodeIgniter->run()
#6 {main}
CRITICAL - 2022-09-01 19:17:20 --> Usuario filter must have a matching alias defined.
#0 C:\wamp64\www\correspondencia-ucad\system\Filters\Filters.php(493): CodeIgniter\Filters\Exceptions\FilterException::forNoAlias('Usuario')
#1 C:\wamp64\www\correspondencia-ucad\system\Filters\Filters.php(243): CodeIgniter\Filters\Filters->processAliasesToClass('before')
#2 C:\wamp64\www\correspondencia-ucad\system\Filters\Filters.php(163): CodeIgniter\Filters\Filters->initialize('menu_submenu')
#3 C:\wamp64\www\correspondencia-ucad\system\CodeIgniter.php(386): CodeIgniter\Filters\Filters->run('menu_submenu', 'before')
#4 C:\wamp64\www\correspondencia-ucad\system\CodeIgniter.php(320): CodeIgniter\CodeIgniter->handleRequest(NULL, Object(Config\Cache), false)
#5 C:\wamp64\www\correspondencia-ucad\public\index.php(37): CodeIgniter\CodeIgniter->run()
#6 {main}
CRITICAL - 2022-09-01 19:23:04 --> Class 'App\Filters\Usuario' not found
#0 C:\wamp64\www\correspondencia-ucad\system\CodeIgniter.php(386): CodeIgniter\Filters\Filters->run('adminRol', 'before')
#1 C:\wamp64\www\correspondencia-ucad\system\CodeIgniter.php(320): CodeIgniter\CodeIgniter->handleRequest(NULL, Object(Config\Cache), false)
#2 C:\wamp64\www\correspondencia-ucad\public\index.php(37): CodeIgniter\CodeIgniter->run()
#3 {main}
CRITICAL - 2022-09-01 19:24:04 --> Class 'App\Filters\Usuario' not found
#0 C:\wamp64\www\correspondencia-ucad\system\CodeIgniter.php(386): CodeIgniter\Filters\Filters->run('submenus', 'before')
#1 C:\wamp64\www\correspondencia-ucad\system\CodeIgniter.php(320): CodeIgniter\CodeIgniter->handleRequest(NULL, Object(Config\Cache), false)
#2 C:\wamp64\www\correspondencia-ucad\public\index.php(37): CodeIgniter\CodeIgniter->run()
#3 {main}
CRITICAL - 2022-09-01 20:20:54 --> Trying to access array offset on value of type null
#0 C:\wamp64\www\correspondencia-ucad\app\Views\template\admin_template.php(206): CodeIgniter\Debug\Exceptions->errorHandler(8, 'Trying to acces...', 'C:\\wamp64\\www\\c...', 206, Array)
#1 C:\wamp64\www\correspondencia-ucad\system\View\View.php(210): include('C:\\wamp64\\www\\c...')
#2 C:\wamp64\www\correspondencia-ucad\system\View\View.php(213): CodeIgniter\View\View->CodeIgniter\View\{closure}()
#3 C:\wamp64\www\correspondencia-ucad\system\View\View.php(226): CodeIgniter\View\View->render('template/admin_...', Array, true)
#4 C:\wamp64\www\correspondencia-ucad\system\Common.php(1089): CodeIgniter\View\View->render('modAdministraci...', Array, true)
#5 C:\wamp64\www\correspondencia-ucad\app\Controllers\modAdministracion\MenuSubmenuController.php(32): view('modAdministraci...', Array)
#6 C:\wamp64\www\correspondencia-ucad\system\CodeIgniter.php(825): App\Controllers\modAdministracion\MenuSubmenuController->menu_submenu()
#7 C:\wamp64\www\correspondencia-ucad\system\CodeIgniter.php(412): CodeIgniter\CodeIgniter->runController(Object(App\Controllers\modAdministracion\MenuSubmenuController))
#8 C:\wamp64\www\correspondencia-ucad\system\CodeIgniter.php(320): CodeIgniter\CodeIgniter->handleRequest(NULL, Object(Config\Cache), false)
#9 C:\wamp64\www\correspondencia-ucad\public\index.php(37): CodeIgniter\CodeIgniter->run()
#10 {main}
CRITICAL - 2022-09-01 20:27:45 --> Trying to access array offset on value of type null
#0 C:\wamp64\www\correspondencia-ucad\app\Views\template\admin_template.php(206): CodeIgniter\Debug\Exceptions->errorHandler(8, 'Trying to acces...', 'C:\\wamp64\\www\\c...', 206, Array)
#1 C:\wamp64\www\correspondencia-ucad\system\View\View.php(210): include('C:\\wamp64\\www\\c...')
#2 C:\wamp64\www\correspondencia-ucad\system\View\View.php(213): CodeIgniter\View\View->CodeIgniter\View\{closure}()
#3 C:\wamp64\www\correspondencia-ucad\system\View\View.php(226): CodeIgniter\View\View->render('template/admin_...', Array, true)
#4 C:\wamp64\www\correspondencia-ucad\system\Common.php(1089): CodeIgniter\View\View->render('modAdministraci...', Array, true)
#5 C:\wamp64\www\correspondencia-ucad\app\Controllers\modAdministracion\MenuSubmenuController.php(32): view('modAdministraci...', Array)
#6 C:\wamp64\www\correspondencia-ucad\system\CodeIgniter.php(825): App\Controllers\modAdministracion\MenuSubmenuController->menu_submenu()
#7 C:\wamp64\www\correspondencia-ucad\system\CodeIgniter.php(412): CodeIgniter\CodeIgniter->runController(Object(App\Controllers\modAdministracion\MenuSubmenuController))
#8 C:\wamp64\www\correspondencia-ucad\system\CodeIgniter.php(320): CodeIgniter\CodeIgniter->handleRequest(NULL, Object(Config\Cache), false)
#9 C:\wamp64\www\correspondencia-ucad\public\index.php(37): CodeIgniter\CodeIgniter->run()
#10 {main}
CRITICAL - 2022-09-01 22:22:08 --> Trying to access array offset on value of type null
#0 C:\wamp64\www\correspondencia-ucad\app\Views\template\admin_template.php(206): CodeIgniter\Debug\Exceptions->errorHandler(8, 'Trying to acces...', 'C:\\wamp64\\www\\c...', 206, Array)
#1 C:\wamp64\www\correspondencia-ucad\system\View\View.php(210): include('C:\\wamp64\\www\\c...')
#2 C:\wamp64\www\correspondencia-ucad\system\View\View.php(213): CodeIgniter\View\View->CodeIgniter\View\{closure}()
#3 C:\wamp64\www\correspondencia-ucad\system\View\View.php(226): CodeIgniter\View\View->render('template/admin_...', Array, true)
#4 C:\wamp64\www\correspondencia-ucad\system\Common.php(1089): CodeIgniter\View\View->render('homeMenus', Array, true)
#5 C:\wamp64\www\correspondencia-ucad\app\Controllers\HomeMenusController.php(37): view('homeMenus', Array)
#6 C:\wamp64\www\correspondencia-ucad\system\CodeIgniter.php(825): App\Controllers\HomeMenusController->homeMenu()
#7 C:\wamp64\www\correspondencia-ucad\system\CodeIgniter.php(412): CodeIgniter\CodeIgniter->runController(Object(App\Controllers\HomeMenusController))
#8 C:\wamp64\www\correspondencia-ucad\system\CodeIgniter.php(320): CodeIgniter\CodeIgniter->handleRequest(NULL, Object(Config\Cache), false)
#9 C:\wamp64\www\correspondencia-ucad\public\index.php(37): CodeIgniter\CodeIgniter->run()
#10 {main}
ERROR - 2022-09-01 22:35:39 --> Table 'correspondencia.vista_con_procesos' doesn't exist
CRITICAL - 2022-09-01 22:35:39 --> Table 'correspondencia.vista_con_procesos' doesn't exist
#0 C:\wamp64\www\correspondencia-ucad\system\Database\MySQLi\Connection.php(292): mysqli->query('SELECT vp.etapa...', 0)
#1 C:\wamp64\www\correspondencia-ucad\system\Database\BaseConnection.php(670): CodeIgniter\Database\MySQLi\Connection->execute('SELECT vp.etapa...')
#2 C:\wamp64\www\correspondencia-ucad\system\Database\BaseConnection.php(598): CodeIgniter\Database\BaseConnection->simpleQuery('SELECT vp.etapa...')
#3 C:\wamp64\www\correspondencia-ucad\app\Models\modTransaccion\TransaccionConfigModel.php(109): CodeIgniter\Database\BaseConnection->query('SELECT vp.etapa...')
#4 C:\wamp64\www\correspondencia-ucad\app\Controllers\modTransaccion\TransaccionConfigController.php(37): App\Models\modTransaccion\TransaccionConfigModel->listarEtapa('22')
#5 C:\wamp64\www\correspondencia-ucad\system\CodeIgniter.php(825): App\Controllers\modTransaccion\TransaccionConfigController->etapas()
#6 C:\wamp64\www\correspondencia-ucad\system\CodeIgniter.php(412): CodeIgniter\CodeIgniter->runController(Object(App\Controllers\modTransaccion\TransaccionConfigController))
#7 C:\wamp64\www\correspondencia-ucad\system\CodeIgniter.php(320): CodeIgniter\CodeIgniter->handleRequest(NULL, Object(Config\Cache), false)
#8 C:\wamp64\www\correspondencia-ucad\public\index.php(37): CodeIgniter\CodeIgniter->run()
#9 {main}
ERROR - 2022-09-01 22:36:16 --> Table 'correspondencia.vista_con_procesos' doesn't exist
CRITICAL - 2022-09-01 22:36:16 --> Table 'correspondencia.vista_con_procesos' doesn't exist
#0 C:\wamp64\www\correspondencia-ucad\system\Database\MySQLi\Connection.php(292): mysqli->query('SELECT vp.etapa...', 0)
#1 C:\wamp64\www\correspondencia-ucad\system\Database\BaseConnection.php(670): CodeIgniter\Database\MySQLi\Connection->execute('SELECT vp.etapa...')
#2 C:\wamp64\www\correspondencia-ucad\system\Database\BaseConnection.php(598): CodeIgniter\Database\BaseConnection->simpleQuery('SELECT vp.etapa...')
#3 C:\wamp64\www\correspondencia-ucad\app\Models\modTransaccion\TransaccionConfigModel.php(109): CodeIgniter\Database\BaseConnection->query('SELECT vp.etapa...')
#4 C:\wamp64\www\correspondencia-ucad\app\Controllers\modTransaccion\TransaccionConfigController.php(37): App\Models\modTransaccion\TransaccionConfigModel->listarEtapa('22')
#5 C:\wamp64\www\correspondencia-ucad\system\CodeIgniter.php(825): App\Controllers\modTransaccion\TransaccionConfigController->etapas()
#6 C:\wamp64\www\correspondencia-ucad\system\CodeIgniter.php(412): CodeIgniter\CodeIgniter->runController(Object(App\Controllers\modTransaccion\TransaccionConfigController))
#7 C:\wamp64\www\correspondencia-ucad\system\CodeIgniter.php(320): CodeIgniter\CodeIgniter->handleRequest(NULL, Object(Config\Cache), false)
#8 C:\wamp64\www\correspondencia-ucad\public\index.php(37): CodeIgniter\CodeIgniter->run()
#9 {main}
ERROR - 2022-09-01 22:36:30 --> Table 'correspondencia.vista_con_procesos' doesn't exist
CRITICAL - 2022-09-01 22:36:30 --> Table 'correspondencia.vista_con_procesos' doesn't exist
#0 C:\wamp64\www\correspondencia-ucad\system\Database\MySQLi\Connection.php(292): mysqli->query('SELECT vp.etapa...', 0)
#1 C:\wamp64\www\correspondencia-ucad\system\Database\BaseConnection.php(670): CodeIgniter\Database\MySQLi\Connection->execute('SELECT vp.etapa...')
#2 C:\wamp64\www\correspondencia-ucad\system\Database\BaseConnection.php(598): CodeIgniter\Database\BaseConnection->simpleQuery('SELECT vp.etapa...')
#3 C:\wamp64\www\correspondencia-ucad\app\Models\modTransaccion\TransaccionConfigModel.php(109): CodeIgniter\Database\BaseConnection->query('SELECT vp.etapa...')
#4 C:\wamp64\www\correspondencia-ucad\app\Controllers\modTransaccion\TransaccionConfigController.php(37): App\Models\modTransaccion\TransaccionConfigModel->listarEtapa('22')
#5 C:\wamp64\www\correspondencia-ucad\system\CodeIgniter.php(825): App\Controllers\modTransaccion\TransaccionConfigController->etapas()
#6 C:\wamp64\www\correspondencia-ucad\system\CodeIgniter.php(412): CodeIgniter\CodeIgniter->runController(Object(App\Controllers\modTransaccion\TransaccionConfigController))
#7 C:\wamp64\www\correspondencia-ucad\system\CodeIgniter.php(320): CodeIgniter\CodeIgniter->handleRequest(NULL, Object(Config\Cache), false)
#8 C:\wamp64\www\correspondencia-ucad\public\index.php(37): CodeIgniter\CodeIgniter->run()
#9 {main}
ERROR - 2022-09-01 22:36:57 --> Table 'correspondencia.vista_con_procesos' doesn't exist
CRITICAL - 2022-09-01 22:36:57 --> Table 'correspondencia.vista_con_procesos' doesn't exist
#0 C:\wamp64\www\correspondencia-ucad\system\Database\MySQLi\Connection.php(292): mysqli->query('SELECT vp.etapa...', 0)
#1 C:\wamp64\www\correspondencia-ucad\system\Database\BaseConnection.php(670): CodeIgniter\Database\MySQLi\Connection->execute('SELECT vp.etapa...')
#2 C:\wamp64\www\correspondencia-ucad\system\Database\BaseConnection.php(598): CodeIgniter\Database\BaseConnection->simpleQuery('SELECT vp.etapa...')
#3 C:\wamp64\www\correspondencia-ucad\app\Models\modTransaccion\TransaccionConfigModel.php(109): CodeIgniter\Database\BaseConnection->query('SELECT vp.etapa...')
#4 C:\wamp64\www\correspondencia-ucad\app\Controllers\modTransaccion\TransaccionConfigController.php(37): App\Models\modTransaccion\TransaccionConfigModel->listarEtapa('22')
#5 C:\wamp64\www\correspondencia-ucad\system\CodeIgniter.php(825): App\Controllers\modTransaccion\TransaccionConfigController->etapas()
#6 C:\wamp64\www\correspondencia-ucad\system\CodeIgniter.php(412): CodeIgniter\CodeIgniter->runController(Object(App\Controllers\modTransaccion\TransaccionConfigController))
#7 C:\wamp64\www\correspondencia-ucad\system\CodeIgniter.php(320): CodeIgniter\CodeIgniter->handleRequest(NULL, Object(Config\Cache), false)
#8 C:\wamp64\www\correspondencia-ucad\public\index.php(37): CodeIgniter\CodeIgniter->run()
#9 {main}
ERROR - 2022-09-01 22:37:15 --> Table 'correspondencia.vista_con_procesos' doesn't exist
CRITICAL - 2022-09-01 22:37:15 --> Table 'correspondencia.vista_con_procesos' doesn't exist
#0 C:\wamp64\www\correspondencia-ucad\system\Database\MySQLi\Connection.php(292): mysqli->query('SELECT vp.etapa...', 0)
#1 C:\wamp64\www\correspondencia-ucad\system\Database\BaseConnection.php(670): CodeIgniter\Database\MySQLi\Connection->execute('SELECT vp.etapa...')
#2 C:\wamp64\www\correspondencia-ucad\system\Database\BaseConnection.php(598): CodeIgniter\Database\BaseConnection->simpleQuery('SELECT vp.etapa...')
#3 C:\wamp64\www\correspondencia-ucad\app\Models\modTransaccion\TransaccionConfigModel.php(109): CodeIgniter\Database\BaseConnection->query('SELECT vp.etapa...')
#4 C:\wamp64\www\correspondencia-ucad\app\Controllers\modTransaccion\TransaccionConfigController.php(37): App\Models\modTransaccion\TransaccionConfigModel->listarEtapa('22')
#5 C:\wamp64\www\correspondencia-ucad\system\CodeIgniter.php(825): App\Controllers\modTransaccion\TransaccionConfigController->etapas()
#6 C:\wamp64\www\correspondencia-ucad\system\CodeIgniter.php(412): CodeIgniter\CodeIgniter->runController(Object(App\Controllers\modTransaccion\TransaccionConfigController))
#7 C:\wamp64\www\correspondencia-ucad\system\CodeIgniter.php(320): CodeIgniter\CodeIgniter->handleRequest(NULL, Object(Config\Cache), false)
#8 C:\wamp64\www\correspondencia-ucad\public\index.php(37): CodeIgniter\CodeIgniter->run()
#9 {main}
ERROR - 2022-09-01 22:37:54 --> Table 'correspondencia.vista_con_procesos' doesn't exist
CRITICAL - 2022-09-01 22:37:54 --> Table 'correspondencia.vista_con_procesos' doesn't exist
#0 C:\wamp64\www\correspondencia-ucad\system\Database\MySQLi\Connection.php(292): mysqli->query('SELECT vp.etapa...', 0)
#1 C:\wamp64\www\correspondencia-ucad\system\Database\BaseConnection.php(670): CodeIgniter\Database\MySQLi\Connection->execute('SELECT vp.etapa...')
#2 C:\wamp64\www\correspondencia-ucad\system\Database\BaseConnection.php(598): CodeIgniter\Database\BaseConnection->simpleQuery('SELECT vp.etapa...')
#3 C:\wamp64\www\correspondencia-ucad\app\Models\modTransaccion\TransaccionConfigModel.php(109): CodeIgniter\Database\BaseConnection->query('SELECT vp.etapa...')
#4 C:\wamp64\www\correspondencia-ucad\app\Controllers\modTransaccion\TransaccionConfigController.php(37): App\Models\modTransaccion\TransaccionConfigModel->listarEtapa('22')
#5 C:\wamp64\www\correspondencia-ucad\system\CodeIgniter.php(825): App\Controllers\modTransaccion\TransaccionConfigController->etapas()
#6 C:\wamp64\www\correspondencia-ucad\system\CodeIgniter.php(412): CodeIgniter\CodeIgniter->runController(Object(App\Controllers\modTransaccion\TransaccionConfigController))
#7 C:\wamp64\www\correspondencia-ucad\system\CodeIgniter.php(320): CodeIgniter\CodeIgniter->handleRequest(NULL, Object(Config\Cache), false)
#8 C:\wamp64\www\correspondencia-ucad\public\index.php(37): CodeIgniter\CodeIgniter->run()
#9 {main}
ERROR - 2022-09-01 22:37:59 --> Table 'correspondencia.vista_con_procesos' doesn't exist
CRITICAL - 2022-09-01 22:37:59 --> Table 'correspondencia.vista_con_procesos' doesn't exist
#0 C:\wamp64\www\correspondencia-ucad\system\Database\MySQLi\Connection.php(292): mysqli->query('SELECT vp.etapa...', 0)
#1 C:\wamp64\www\correspondencia-ucad\system\Database\BaseConnection.php(670): CodeIgniter\Database\MySQLi\Connection->execute('SELECT vp.etapa...')
#2 C:\wamp64\www\correspondencia-ucad\system\Database\BaseConnection.php(598): CodeIgniter\Database\BaseConnection->simpleQuery('SELECT vp.etapa...')
#3 C:\wamp64\www\correspondencia-ucad\app\Models\modTransaccion\TransaccionConfigModel.php(109): CodeIgniter\Database\BaseConnection->query('SELECT vp.etapa...')
#4 C:\wamp64\www\correspondencia-ucad\app\Controllers\modTransaccion\TransaccionConfigController.php(37): App\Models\modTransaccion\TransaccionConfigModel->listarEtapa('22')
#5 C:\wamp64\www\correspondencia-ucad\system\CodeIgniter.php(825): App\Controllers\modTransaccion\TransaccionConfigController->etapas()
#6 C:\wamp64\www\correspondencia-ucad\system\CodeIgniter.php(412): CodeIgniter\CodeIgniter->runController(Object(App\Controllers\modTransaccion\TransaccionConfigController))
#7 C:\wamp64\www\correspondencia-ucad\system\CodeIgniter.php(320): CodeIgniter\CodeIgniter->handleRequest(NULL, Object(Config\Cache), false)
#8 C:\wamp64\www\correspondencia-ucad\public\index.php(37): CodeIgniter\CodeIgniter->run()
#9 {main}
