CRITICAL - 2022-05-24 11:32:34 --> The framework needs the following extension(s) installed and loaded: intl.
#0 C:\wamp64\www\correspondencia-ucad\system\CodeIgniter.php(219): CodeIgniter\Exceptions\FrameworkException::forMissingExtension('intl')
#1 C:\wamp64\www\correspondencia-ucad\system\CodeIgniter.php(177): CodeIgniter\CodeIgniter->resolvePlatformExtensions()
#2 C:\wamp64\www\correspondencia-ucad\system\bootstrap.php(146): CodeIgniter\CodeIgniter->initialize()
#3 C:\wamp64\www\correspondencia-ucad\public\index.php(28): require('C:\\wamp64\\www\\c...')
#4 {main}
CRITICAL - 2022-05-24 11:34:41 --> The framework needs the following extension(s) installed and loaded: intl.
#0 C:\wamp64\www\correspondencia-ucad\system\CodeIgniter.php(219): CodeIgniter\Exceptions\FrameworkException::forMissingExtension('intl')
#1 C:\wamp64\www\correspondencia-ucad\system\CodeIgniter.php(177): CodeIgniter\CodeIgniter->resolvePlatformExtensions()
#2 C:\wamp64\www\correspondencia-ucad\system\bootstrap.php(146): CodeIgniter\CodeIgniter->initialize()
#3 C:\wamp64\www\correspondencia-ucad\public\index.php(28): require('C:\\wamp64\\www\\c...')
#4 {main}
CRITICAL - 2022-05-24 17:11:35 --> The framework needs the following extension(s) installed and loaded: intl.
#0 C:\wamp64\www\correspondencia-ucad\system\CodeIgniter.php(219): CodeIgniter\Exceptions\FrameworkException::forMissingExtension('intl')
#1 C:\wamp64\www\correspondencia-ucad\system\CodeIgniter.php(177): CodeIgniter\CodeIgniter->resolvePlatformExtensions()
#2 C:\wamp64\www\correspondencia-ucad\system\bootstrap.php(146): CodeIgniter\CodeIgniter->initialize()
#3 C:\wamp64\www\correspondencia-ucad\public\index.php(28): require('C:\\wamp64\\www\\c...')
#4 {main}
CRITICAL - 2022-05-24 17:33:45 --> The framework needs the following extension(s) installed and loaded: intl.
#0 C:\wamp64\www\correspondencia-ucad\system\CodeIgniter.php(219): CodeIgniter\Exceptions\FrameworkException::forMissingExtension('intl')
#1 C:\wamp64\www\correspondencia-ucad\system\CodeIgniter.php(177): CodeIgniter\CodeIgniter->resolvePlatformExtensions()
#2 C:\wamp64\www\correspondencia-ucad\system\bootstrap.php(146): CodeIgniter\CodeIgniter->initialize()
#3 C:\wamp64\www\correspondencia-ucad\public\index.php(28): require('C:\\wamp64\\www\\c...')
#4 {main}
CRITICAL - 2022-05-24 17:33:53 --> The framework needs the following extension(s) installed and loaded: intl.
#0 C:\wamp64\www\correspondencia-ucad\system\CodeIgniter.php(219): CodeIgniter\Exceptions\FrameworkException::forMissingExtension('intl')
#1 C:\wamp64\www\correspondencia-ucad\system\CodeIgniter.php(177): CodeIgniter\CodeIgniter->resolvePlatformExtensions()
#2 C:\wamp64\www\correspondencia-ucad\system\bootstrap.php(146): CodeIgniter\CodeIgniter->initialize()
#3 C:\wamp64\www\correspondencia-ucad\public\index.php(28): require('C:\\wamp64\\www\\c...')
#4 {main}
CRITICAL - 2022-05-24 17:35:36 --> Undefined variable: datos
#0 C:\wamp64\www\correspondencia-ucad\app\Views\modTransaccion\transaccionConfig.php(25): CodeIgniter\Debug\Exceptions->errorHandler(8, 'Undefined varia...', 'C:\\wamp64\\www\\c...', 25, Array)
#1 C:\wamp64\www\correspondencia-ucad\system\View\View.php(210): include('C:\\wamp64\\www\\c...')
#2 C:\wamp64\www\correspondencia-ucad\system\View\View.php(213): CodeIgniter\View\View->CodeIgniter\View\{closure}()
#3 C:\wamp64\www\correspondencia-ucad\system\Common.php(1089): CodeIgniter\View\View->render('modTransaccion/...', Array, true)
#4 C:\wamp64\www\correspondencia-ucad\app\Controllers\modTransaccion\TransaccionConfigController.php(21): view('modTransaccion/...', Array)
#5 C:\wamp64\www\correspondencia-ucad\system\CodeIgniter.php(825): App\Controllers\modTransaccion\TransaccionConfigController->index()
#6 C:\wamp64\www\correspondencia-ucad\system\CodeIgniter.php(412): CodeIgniter\CodeIgniter->runController(Object(App\Controllers\modTransaccion\TransaccionConfigController))
#7 C:\wamp64\www\correspondencia-ucad\system\CodeIgniter.php(320): CodeIgniter\CodeIgniter->handleRequest(NULL, Object(Config\Cache), false)
#8 C:\wamp64\www\correspondencia-ucad\public\index.php(37): CodeIgniter\CodeIgniter->run()
#9 {main}
CRITICAL - 2022-05-24 17:36:02 --> Undefined property: stdClass::$proceso
#0 C:\wamp64\www\correspondencia-ucad\app\Views\modTransaccion\transaccionConfig.php(26): CodeIgniter\Debug\Exceptions->errorHandler(8, 'Undefined prope...', 'C:\\wamp64\\www\\c...', 26, Array)
#1 C:\wamp64\www\correspondencia-ucad\system\View\View.php(210): include('C:\\wamp64\\www\\c...')
#2 C:\wamp64\www\correspondencia-ucad\system\View\View.php(213): CodeIgniter\View\View->CodeIgniter\View\{closure}()
#3 C:\wamp64\www\correspondencia-ucad\system\Common.php(1089): CodeIgniter\View\View->render('modTransaccion/...', Array, true)
#4 C:\wamp64\www\correspondencia-ucad\app\Controllers\modTransaccion\TransaccionConfigController.php(21): view('modTransaccion/...', Array)
#5 C:\wamp64\www\correspondencia-ucad\system\CodeIgniter.php(825): App\Controllers\modTransaccion\TransaccionConfigController->index()
#6 C:\wamp64\www\correspondencia-ucad\system\CodeIgniter.php(412): CodeIgniter\CodeIgniter->runController(Object(App\Controllers\modTransaccion\TransaccionConfigController))
#7 C:\wamp64\www\correspondencia-ucad\system\CodeIgniter.php(320): CodeIgniter\CodeIgniter->handleRequest(NULL, Object(Config\Cache), false)
#8 C:\wamp64\www\correspondencia-ucad\public\index.php(37): CodeIgniter\CodeIgniter->run()
#9 {main}
CRITICAL - 2022-05-24 17:58:38 --> Call to undefined method App\Models\modTransaccion\TransaccionConfigModel::listarInstitucion
#0 C:\wamp64\www\correspondencia-ucad\app\Controllers\modTransaccion\TransaccionConfigController.php(13): CodeIgniter\Model->__call('listarInstituci...', Array)
#1 C:\wamp64\www\correspondencia-ucad\system\CodeIgniter.php(825): App\Controllers\modTransaccion\TransaccionConfigController->index()
#2 C:\wamp64\www\correspondencia-ucad\system\CodeIgniter.php(412): CodeIgniter\CodeIgniter->runController(Object(App\Controllers\modTransaccion\TransaccionConfigController))
#3 C:\wamp64\www\correspondencia-ucad\system\CodeIgniter.php(320): CodeIgniter\CodeIgniter->handleRequest(NULL, Object(Config\Cache), false)
#4 C:\wamp64\www\correspondencia-ucad\public\index.php(37): CodeIgniter\CodeIgniter->run()
#5 {main}
CRITICAL - 2022-05-24 18:58:46 --> syntax error, unexpected end of file
#0 C:\wamp64\www\correspondencia-ucad\system\View\View.php(213): CodeIgniter\View\View->CodeIgniter\View\{closure}()
#1 C:\wamp64\www\correspondencia-ucad\system\Common.php(1089): CodeIgniter\View\View->render('modTransaccion/...', Array, true)
#2 C:\wamp64\www\correspondencia-ucad\app\Controllers\modTransaccion\TransaccionConfigController.php(25): view('modTransaccion/...', Array)
#3 C:\wamp64\www\correspondencia-ucad\system\CodeIgniter.php(825): App\Controllers\modTransaccion\TransaccionConfigController->index()
#4 C:\wamp64\www\correspondencia-ucad\system\CodeIgniter.php(412): CodeIgniter\CodeIgniter->runController(Object(App\Controllers\modTransaccion\TransaccionConfigController))
#5 C:\wamp64\www\correspondencia-ucad\system\CodeIgniter.php(320): CodeIgniter\CodeIgniter->handleRequest(NULL, Object(Config\Cache), false)
#6 C:\wamp64\www\correspondencia-ucad\public\index.php(37): CodeIgniter\CodeIgniter->run()
#7 {main}
