<<<<<<< HEAD
CRITICAL - 2022-05-25 12:24:38 --> Undefined index: estadoTransaccion
#0 C:\wamp64\www\correspondencia-ucad\app\Controllers\modTransaccion\TransaccionConfigController.php(37): CodeIgniter\Debug\Exceptions->errorHandler(8, 'Undefined index...', 'C:\\wamp64\\www\\c...', 37, Array)
#1 C:\wamp64\www\correspondencia-ucad\system\CodeIgniter.php(825): App\Controllers\modTransaccion\TransaccionConfigController->crear()
#2 C:\wamp64\www\correspondencia-ucad\system\CodeIgniter.php(412): CodeIgniter\CodeIgniter->runController(Object(App\Controllers\modTransaccion\TransaccionConfigController))
#3 C:\wamp64\www\correspondencia-ucad\system\CodeIgniter.php(320): CodeIgniter\CodeIgniter->handleRequest(NULL, Object(Config\Cache), false)
#4 C:\wamp64\www\correspondencia-ucad\public\index.php(37): CodeIgniter\CodeIgniter->run()
#5 {main}
ERROR - 2022-05-25 12:34:40 --> Cannot add or update a child row: a foreign key constraint fails (`baseprueba`.`wk_transaccion`, CONSTRAINT `FK_TRANSACCION_PERSONA` FOREIGN KEY (`personaId`) REFERENCES `wk_persona` (`personaId`))
CRITICAL - 2022-05-25 12:34:40 --> Cannot add or update a child row: a foreign key constraint fails (`baseprueba`.`wk_transaccion`, CONSTRAINT `FK_TRANSACCION_PERSONA` FOREIGN KEY (`personaId`) REFERENCES `wk_persona` (`personaId`))
#0 C:\wamp64\www\correspondencia-ucad\system\Database\MySQLi\Connection.php(292): mysqli->query('INSERT INTO `wk...', 0)
#1 C:\wamp64\www\correspondencia-ucad\system\Database\BaseConnection.php(670): CodeIgniter\Database\MySQLi\Connection->execute('INSERT INTO `wk...')
#2 C:\wamp64\www\correspondencia-ucad\system\Database\BaseConnection.php(598): CodeIgniter\Database\BaseConnection->simpleQuery('INSERT INTO `wk...')
#3 C:\wamp64\www\correspondencia-ucad\system\Database\BaseBuilder.php(1771): CodeIgniter\Database\BaseConnection->query('INSERT INTO `wk...', Array, false)
#4 C:\wamp64\www\correspondencia-ucad\app\Models\modTransaccion\TransaccionConfigModel.php(47): CodeIgniter\Database\BaseBuilder->insert(Array)
#5 C:\wamp64\www\correspondencia-ucad\app\Controllers\modTransaccion\TransaccionConfigController.php(40): App\Models\modTransaccion\TransaccionConfigModel->insertar(Array)
#6 C:\wamp64\www\correspondencia-ucad\system\CodeIgniter.php(825): App\Controllers\modTransaccion\TransaccionConfigController->crear()
#7 C:\wamp64\www\correspondencia-ucad\system\CodeIgniter.php(412): CodeIgniter\CodeIgniter->runController(Object(App\Controllers\modTransaccion\TransaccionConfigController))
#8 C:\wamp64\www\correspondencia-ucad\system\CodeIgniter.php(320): CodeIgniter\CodeIgniter->handleRequest(NULL, Object(Config\Cache), false)
#9 C:\wamp64\www\correspondencia-ucad\public\index.php(37): CodeIgniter\CodeIgniter->run()
#10 {main}
ERROR - 2022-05-25 17:50:00 --> You have an error in your SQL syntax; check the manual that corresponds to your MySQL server version for the right syntax to use near '.nombreInstitucion as 'institucion', 
                                (CASE
  ' at line 2
CRITICAL - 2022-05-25 17:50:00 --> You have an error in your SQL syntax; check the manual that corresponds to your MySQL server version for the right syntax to use near '.nombreInstitucion as 'institucion', 
                                (CASE
  ' at line 2
#0 C:\wamp64\www\correspondencia-ucad\system\Database\MySQLi\Connection.php(292): mysqli->query('SELECT t.transa...', 0)
#1 C:\wamp64\www\correspondencia-ucad\system\Database\BaseConnection.php(670): CodeIgniter\Database\MySQLi\Connection->execute('SELECT t.transa...')
#2 C:\wamp64\www\correspondencia-ucad\system\Database\BaseConnection.php(598): CodeIgniter\Database\BaseConnection->simpleQuery('SELECT t.transa...')
#3 C:\wamp64\www\correspondencia-ucad\app\Models\modTransaccion\TransaccionConfigModel.php(15): CodeIgniter\Database\BaseConnection->query('SELECT t.transa...')
#4 C:\wamp64\www\correspondencia-ucad\app\Controllers\modTransaccion\TransaccionConfigController.php(14): App\Models\modTransaccion\TransaccionConfigModel->transaccionData()
#5 C:\wamp64\www\correspondencia-ucad\system\CodeIgniter.php(825): App\Controllers\modTransaccion\TransaccionConfigController->index()
#6 C:\wamp64\www\correspondencia-ucad\system\CodeIgniter.php(412): CodeIgniter\CodeIgniter->runController(Object(App\Controllers\modTransaccion\TransaccionConfigController))
#7 C:\wamp64\www\correspondencia-ucad\system\CodeIgniter.php(320): CodeIgniter\CodeIgniter->handleRequest(NULL, Object(Config\Cache), false)
#8 C:\wamp64\www\correspondencia-ucad\public\index.php(37): CodeIgniter\CodeIgniter->run()
#9 {main}
ERROR - 2022-05-25 17:50:42 --> You have an error in your SQL syntax; check the manual that corresponds to your MySQL server version for the right syntax to use near 'ORDER BY e.orden' at line 5
CRITICAL - 2022-05-25 17:50:42 --> You have an error in your SQL syntax; check the manual that corresponds to your MySQL server version for the right syntax to use near 'ORDER BY e.orden' at line 5
#0 C:\wamp64\www\correspondencia-ucad\system\Database\MySQLi\Connection.php(292): mysqli->query('SELECT e.etapaI...', 0)
#1 C:\wamp64\www\correspondencia-ucad\system\Database\BaseConnection.php(670): CodeIgniter\Database\MySQLi\Connection->execute('SELECT e.etapaI...')
#2 C:\wamp64\www\correspondencia-ucad\system\Database\BaseConnection.php(598): CodeIgniter\Database\BaseConnection->simpleQuery('SELECT e.etapaI...')
#3 C:\wamp64\www\correspondencia-ucad\app\Models\modTransaccion\TransaccionConfigModel.php(53): CodeIgniter\Database\BaseConnection->query('SELECT e.etapaI...')
#4 C:\wamp64\www\correspondencia-ucad\app\Controllers\modTransaccion\TransaccionConfigController.php(34): App\Models\modTransaccion\TransaccionConfigModel->listarEtapa(NULL)
#5 C:\wamp64\www\correspondencia-ucad\system\CodeIgniter.php(825): App\Controllers\modTransaccion\TransaccionConfigController->etapas()
#6 C:\wamp64\www\correspondencia-ucad\system\CodeIgniter.php(412): CodeIgniter\CodeIgniter->runController(Object(App\Controllers\modTransaccion\TransaccionConfigController))
#7 C:\wamp64\www\correspondencia-ucad\system\CodeIgniter.php(320): CodeIgniter\CodeIgniter->handleRequest(NULL, Object(Config\Cache), false)
#8 C:\wamp64\www\correspondencia-ucad\public\index.php(37): CodeIgniter\CodeIgniter->run()
#9 {main}
CRITICAL - 2022-05-25 18:26:06 --> Object of class stdClass could not be converted to string
#0 [internal function]: CodeIgniter\Debug\Exceptions->errorHandler(4096, 'Object of class...', 'C:\\wamp64\\www\\c...', 318, Array)
#1 C:\wamp64\www\correspondencia-ucad\system\Database\Query.php(318): strtr('INSERT INTO `wk...', Array)
#2 C:\wamp64\www\correspondencia-ucad\system\Database\Query.php(293): CodeIgniter\Database\Query->matchNamedBinds('INSERT INTO `wk...', Array)
#3 C:\wamp64\www\correspondencia-ucad\system\Database\Query.php(150): CodeIgniter\Database\Query->compileBinds()
#4 C:\wamp64\www\correspondencia-ucad\system\Database\BaseConnection.php(598): CodeIgniter\Database\Query->getQuery()
#5 C:\wamp64\www\correspondencia-ucad\system\Database\BaseBuilder.php(1771): CodeIgniter\Database\BaseConnection->query('INSERT INTO `wk...', Array, false)
#6 C:\wamp64\www\correspondencia-ucad\app\Models\modTransaccion\TransaccionConfigModel.php(78): CodeIgniter\Database\BaseBuilder->insert(Array)
#7 C:\wamp64\www\correspondencia-ucad\app\Controllers\modTransaccion\TransaccionConfigController.php(40): App\Models\modTransaccion\TransaccionConfigModel->insertar(Array)
#8 C:\wamp64\www\correspondencia-ucad\system\CodeIgniter.php(825): App\Controllers\modTransaccion\TransaccionConfigController->etapas()
#9 C:\wamp64\www\correspondencia-ucad\system\CodeIgniter.php(412): CodeIgniter\CodeIgniter->runController(Object(App\Controllers\modTransaccion\TransaccionConfigController))
#10 C:\wamp64\www\correspondencia-ucad\system\CodeIgniter.php(320): CodeIgniter\CodeIgniter->handleRequest(NULL, Object(Config\Cache), false)
#11 C:\wamp64\www\correspondencia-ucad\public\index.php(37): CodeIgniter\CodeIgniter->run()
#12 {main}
CRITICAL - 2022-05-25 18:26:52 --> Object of class stdClass could not be converted to string
#0 [internal function]: CodeIgniter\Debug\Exceptions->errorHandler(4096, 'Object of class...', 'C:\\wamp64\\www\\c...', 318, Array)
#1 C:\wamp64\www\correspondencia-ucad\system\Database\Query.php(318): strtr('INSERT INTO `wk...', Array)
#2 C:\wamp64\www\correspondencia-ucad\system\Database\Query.php(293): CodeIgniter\Database\Query->matchNamedBinds('INSERT INTO `wk...', Array)
#3 C:\wamp64\www\correspondencia-ucad\system\Database\Query.php(150): CodeIgniter\Database\Query->compileBinds()
#4 C:\wamp64\www\correspondencia-ucad\system\Database\BaseConnection.php(598): CodeIgniter\Database\Query->getQuery()
#5 C:\wamp64\www\correspondencia-ucad\system\Database\BaseBuilder.php(1771): CodeIgniter\Database\BaseConnection->query('INSERT INTO `wk...', Array, false)
#6 C:\wamp64\www\correspondencia-ucad\app\Models\modTransaccion\TransaccionConfigModel.php(78): CodeIgniter\Database\BaseBuilder->insert(Array)
#7 C:\wamp64\www\correspondencia-ucad\app\Controllers\modTransaccion\TransaccionConfigController.php(40): App\Models\modTransaccion\TransaccionConfigModel->insertar(Array)
#8 C:\wamp64\www\correspondencia-ucad\system\CodeIgniter.php(825): App\Controllers\modTransaccion\TransaccionConfigController->etapas()
#9 C:\wamp64\www\correspondencia-ucad\system\CodeIgniter.php(412): CodeIgniter\CodeIgniter->runController(Object(App\Controllers\modTransaccion\TransaccionConfigController))
#10 C:\wamp64\www\correspondencia-ucad\system\CodeIgniter.php(320): CodeIgniter\CodeIgniter->handleRequest(NULL, Object(Config\Cache), false)
#11 C:\wamp64\www\correspondencia-ucad\public\index.php(37): CodeIgniter\CodeIgniter->run()
#12 {main}
CRITICAL - 2022-05-25 18:28:34 --> Object of class stdClass could not be converted to string
#0 [internal function]: CodeIgniter\Debug\Exceptions->errorHandler(4096, 'Object of class...', 'C:\\wamp64\\www\\c...', 318, Array)
#1 C:\wamp64\www\correspondencia-ucad\system\Database\Query.php(318): strtr('INSERT INTO `wk...', Array)
#2 C:\wamp64\www\correspondencia-ucad\system\Database\Query.php(293): CodeIgniter\Database\Query->matchNamedBinds('INSERT INTO `wk...', Array)
#3 C:\wamp64\www\correspondencia-ucad\system\Database\Query.php(150): CodeIgniter\Database\Query->compileBinds()
#4 C:\wamp64\www\correspondencia-ucad\system\Database\BaseConnection.php(598): CodeIgniter\Database\Query->getQuery()
#5 C:\wamp64\www\correspondencia-ucad\system\Database\BaseBuilder.php(1771): CodeIgniter\Database\BaseConnection->query('INSERT INTO `wk...', Array, false)
#6 C:\wamp64\www\correspondencia-ucad\app\Models\modTransaccion\TransaccionConfigModel.php(86): CodeIgniter\Database\BaseBuilder->insert(Array)
#7 C:\wamp64\www\correspondencia-ucad\app\Controllers\modTransaccion\TransaccionConfigController.php(40): App\Models\modTransaccion\TransaccionConfigModel->insertarT(Array)
#8 C:\wamp64\www\correspondencia-ucad\system\CodeIgniter.php(825): App\Controllers\modTransaccion\TransaccionConfigController->etapas()
#9 C:\wamp64\www\correspondencia-ucad\system\CodeIgniter.php(412): CodeIgniter\CodeIgniter->runController(Object(App\Controllers\modTransaccion\TransaccionConfigController))
#10 C:\wamp64\www\correspondencia-ucad\system\CodeIgniter.php(320): CodeIgniter\CodeIgniter->handleRequest(NULL, Object(Config\Cache), false)
#11 C:\wamp64\www\correspondencia-ucad\public\index.php(37): CodeIgniter\CodeIgniter->run()
#12 {main}
CRITICAL - 2022-05-25 18:40:47 --> Object of class stdClass could not be converted to string
#0 [internal function]: CodeIgniter\Debug\Exceptions->errorHandler(4096, 'Object of class...', 'C:\\wamp64\\www\\c...', 318, Array)
#1 C:\wamp64\www\correspondencia-ucad\system\Database\Query.php(318): strtr('INSERT INTO `wk...', Array)
#2 C:\wamp64\www\correspondencia-ucad\system\Database\Query.php(293): CodeIgniter\Database\Query->matchNamedBinds('INSERT INTO `wk...', Array)
#3 C:\wamp64\www\correspondencia-ucad\system\Database\Query.php(150): CodeIgniter\Database\Query->compileBinds()
#4 C:\wamp64\www\correspondencia-ucad\system\Database\BaseConnection.php(598): CodeIgniter\Database\Query->getQuery()
#5 C:\wamp64\www\correspondencia-ucad\system\Database\BaseBuilder.php(1771): CodeIgniter\Database\BaseConnection->query('INSERT INTO `wk...', Array, false)
#6 C:\wamp64\www\correspondencia-ucad\app\Models\modTransaccion\TransaccionConfigModel.php(86): CodeIgniter\Database\BaseBuilder->insert(Array)
#7 C:\wamp64\www\correspondencia-ucad\app\Controllers\modTransaccion\TransaccionConfigController.php(40): App\Models\modTransaccion\TransaccionConfigModel->insertarT(Array)
#8 C:\wamp64\www\correspondencia-ucad\system\CodeIgniter.php(825): App\Controllers\modTransaccion\TransaccionConfigController->etapas()
#9 C:\wamp64\www\correspondencia-ucad\system\CodeIgniter.php(412): CodeIgniter\CodeIgniter->runController(Object(App\Controllers\modTransaccion\TransaccionConfigController))
#10 C:\wamp64\www\correspondencia-ucad\system\CodeIgniter.php(320): CodeIgniter\CodeIgniter->handleRequest(NULL, Object(Config\Cache), false)
#11 C:\wamp64\www\correspondencia-ucad\public\index.php(37): CodeIgniter\CodeIgniter->run()
#12 {main}
CRITICAL - 2022-05-25 18:53:34 --> Call to undefined method CodeIgniter\Database\MySQLi\Result::result_array()
#0 C:\wamp64\www\correspondencia-ucad\app\Controllers\modTransaccion\TransaccionConfigController.php(35): App\Models\modTransaccion\TransaccionConfigModel->listarEtapa('3')
#1 C:\wamp64\www\correspondencia-ucad\system\CodeIgniter.php(825): App\Controllers\modTransaccion\TransaccionConfigController->etapas()
#2 C:\wamp64\www\correspondencia-ucad\system\CodeIgniter.php(412): CodeIgniter\CodeIgniter->runController(Object(App\Controllers\modTransaccion\TransaccionConfigController))
#3 C:\wamp64\www\correspondencia-ucad\system\CodeIgniter.php(320): CodeIgniter\CodeIgniter->handleRequest(NULL, Object(Config\Cache), false)
#4 C:\wamp64\www\correspondencia-ucad\public\index.php(37): CodeIgniter\CodeIgniter->run()
#5 {main}
CRITICAL - 2022-05-25 18:58:33 --> Call to undefined method CodeIgniter\Database\MySQLi\Result::asArray()
#0 C:\wamp64\www\correspondencia-ucad\app\Controllers\modTransaccion\TransaccionConfigController.php(35): App\Models\modTransaccion\TransaccionConfigModel->listarEtapa('3')
#1 C:\wamp64\www\correspondencia-ucad\system\CodeIgniter.php(825): App\Controllers\modTransaccion\TransaccionConfigController->etapas()
#2 C:\wamp64\www\correspondencia-ucad\system\CodeIgniter.php(412): CodeIgniter\CodeIgniter->runController(Object(App\Controllers\modTransaccion\TransaccionConfigController))
#3 C:\wamp64\www\correspondencia-ucad\system\CodeIgniter.php(320): CodeIgniter\CodeIgniter->handleRequest(NULL, Object(Config\Cache), false)
#4 C:\wamp64\www\correspondencia-ucad\public\index.php(37): CodeIgniter\CodeIgniter->run()
#5 {main}
CRITICAL - 2022-05-25 19:00:50 --> count(): Parameter must be an array or an object that implements Countable
#0 [internal function]: CodeIgniter\Debug\Exceptions->errorHandler(2, 'count(): Parame...', 'C:\\wamp64\\www\\c...', 37, Array)
#1 C:\wamp64\www\correspondencia-ucad\app\Controllers\modTransaccion\TransaccionConfigController.php(37): count(Object(App\Models\modTransaccion\TransaccionConfigModel))
#2 C:\wamp64\www\correspondencia-ucad\system\CodeIgniter.php(825): App\Controllers\modTransaccion\TransaccionConfigController->etapas()
#3 C:\wamp64\www\correspondencia-ucad\system\CodeIgniter.php(412): CodeIgniter\CodeIgniter->runController(Object(App\Controllers\modTransaccion\TransaccionConfigController))
#4 C:\wamp64\www\correspondencia-ucad\system\CodeIgniter.php(320): CodeIgniter\CodeIgniter->handleRequest(NULL, Object(Config\Cache), false)
#5 C:\wamp64\www\correspondencia-ucad\public\index.php(37): CodeIgniter\CodeIgniter->run()
#6 {main}
=======
CRITICAL - 2022-05-25 01:07:41 --> Undefined variable: modulo
#0 C:\wamp64\www\correspondencia-ucad\app\Views\home.php(13): CodeIgniter\Debug\Exceptions->errorHandler(8, 'Undefined varia...', 'C:\\wamp64\\www\\c...', 13, Array)
#1 C:\wamp64\www\correspondencia-ucad\system\View\View.php(210): include('C:\\wamp64\\www\\c...')
#2 C:\wamp64\www\correspondencia-ucad\system\View\View.php(213): CodeIgniter\View\View->CodeIgniter\View\{closure}()
#3 C:\wamp64\www\correspondencia-ucad\system\Common.php(1089): CodeIgniter\View\View->render('home', Array, true)
#4 C:\wamp64\www\correspondencia-ucad\app\Controllers\Home.php(55): view('home', Array)
#5 C:\wamp64\www\correspondencia-ucad\system\CodeIgniter.php(825): App\Controllers\Home->modulo()
#6 C:\wamp64\www\correspondencia-ucad\system\CodeIgniter.php(412): CodeIgniter\CodeIgniter->runController(Object(App\Controllers\Home))
#7 C:\wamp64\www\correspondencia-ucad\system\CodeIgniter.php(320): CodeIgniter\CodeIgniter->handleRequest(NULL, Object(Config\Cache), false)
#8 C:\wamp64\www\correspondencia-ucad\public\index.php(37): CodeIgniter\CodeIgniter->run()
#9 {main}
CRITICAL - 2022-05-25 01:08:24 --> Undefined property: stdClass::$nombre
#0 C:\wamp64\www\correspondencia-ucad\app\Views\home.php(17): CodeIgniter\Debug\Exceptions->errorHandler(8, 'Undefined prope...', 'C:\\wamp64\\www\\c...', 17, Array)
#1 C:\wamp64\www\correspondencia-ucad\system\View\View.php(210): include('C:\\wamp64\\www\\c...')
#2 C:\wamp64\www\correspondencia-ucad\system\View\View.php(213): CodeIgniter\View\View->CodeIgniter\View\{closure}()
#3 C:\wamp64\www\correspondencia-ucad\system\Common.php(1089): CodeIgniter\View\View->render('home', Array, true)
#4 C:\wamp64\www\correspondencia-ucad\app\Controllers\Home.php(55): view('home', Array)
#5 C:\wamp64\www\correspondencia-ucad\system\CodeIgniter.php(825): App\Controllers\Home->modulo()
#6 C:\wamp64\www\correspondencia-ucad\system\CodeIgniter.php(412): CodeIgniter\CodeIgniter->runController(Object(App\Controllers\Home))
#7 C:\wamp64\www\correspondencia-ucad\system\CodeIgniter.php(320): CodeIgniter\CodeIgniter->handleRequest(NULL, Object(Config\Cache), false)
#8 C:\wamp64\www\correspondencia-ucad\public\index.php(37): CodeIgniter\CodeIgniter->run()
#9 {main}
CRITICAL - 2022-05-25 01:09:09 --> Undefined property: stdClass::$nombreIcono
#0 C:\wamp64\www\correspondencia-ucad\app\Views\home.php(24): CodeIgniter\Debug\Exceptions->errorHandler(8, 'Undefined prope...', 'C:\\wamp64\\www\\c...', 24, Array)
#1 C:\wamp64\www\correspondencia-ucad\system\View\View.php(210): include('C:\\wamp64\\www\\c...')
#2 C:\wamp64\www\correspondencia-ucad\system\View\View.php(213): CodeIgniter\View\View->CodeIgniter\View\{closure}()
#3 C:\wamp64\www\correspondencia-ucad\system\Common.php(1089): CodeIgniter\View\View->render('home', Array, true)
#4 C:\wamp64\www\correspondencia-ucad\app\Controllers\Home.php(55): view('home', Array)
#5 C:\wamp64\www\correspondencia-ucad\system\CodeIgniter.php(825): App\Controllers\Home->modulo()
#6 C:\wamp64\www\correspondencia-ucad\system\CodeIgniter.php(412): CodeIgniter\CodeIgniter->runController(Object(App\Controllers\Home))
#7 C:\wamp64\www\correspondencia-ucad\system\CodeIgniter.php(320): CodeIgniter\CodeIgniter->handleRequest(NULL, Object(Config\Cache), false)
#8 C:\wamp64\www\correspondencia-ucad\public\index.php(37): CodeIgniter\CodeIgniter->run()
#9 {main}
ERROR - 2022-05-25 02:08:00 --> Cannot add or update a child row: a foreign key constraint fails (`baseprueba`.`wk_contacto`, CONSTRAINT `FK_CONTACTO_TIPO_CONTACTO` FOREIGN KEY (`tipoContactoId`) REFERENCES `wk_tipo_contacto` (`tipoContactoId`))
CRITICAL - 2022-05-25 02:08:00 --> Cannot add or update a child row: a foreign key constraint fails (`baseprueba`.`wk_contacto`, CONSTRAINT `FK_CONTACTO_TIPO_CONTACTO` FOREIGN KEY (`tipoContactoId`) REFERENCES `wk_tipo_contacto` (`tipoContactoId`))
#0 C:\wamp64\www\correspondencia-ucad\system\Database\MySQLi\Connection.php(292): mysqli->query('UPDATE `wk_cont...', 0)
#1 C:\wamp64\www\correspondencia-ucad\system\Database\BaseConnection.php(670): CodeIgniter\Database\MySQLi\Connection->execute('UPDATE `wk_cont...')
#2 C:\wamp64\www\correspondencia-ucad\system\Database\BaseConnection.php(598): CodeIgniter\Database\BaseConnection->simpleQuery('UPDATE `wk_cont...')
#3 C:\wamp64\www\correspondencia-ucad\system\Database\BaseBuilder.php(1913): CodeIgniter\Database\BaseConnection->query('UPDATE `wk_cont...', Array, false)
#4 C:\wamp64\www\correspondencia-ucad\app\Models\modUsuario\ContactoModel.php(88): CodeIgniter\Database\BaseBuilder->update()
#5 C:\wamp64\www\correspondencia-ucad\app\Controllers\modUsuario\ContactoController.php(139): App\Models\modUsuario\ContactoModel->actualizarContacto(Array, '3')
#6 C:\wamp64\www\correspondencia-ucad\system\CodeIgniter.php(825): App\Controllers\modUsuario\ContactoController->actualizarContacto()
#7 C:\wamp64\www\correspondencia-ucad\system\CodeIgniter.php(412): CodeIgniter\CodeIgniter->runController(Object(App\Controllers\modUsuario\ContactoController))
#8 C:\wamp64\www\correspondencia-ucad\system\CodeIgniter.php(320): CodeIgniter\CodeIgniter->handleRequest(NULL, Object(Config\Cache), false)
#9 C:\wamp64\www\correspondencia-ucad\public\index.php(37): CodeIgniter\CodeIgniter->run()
#10 {main}
CRITICAL - 2022-05-25 02:17:25 --> Undefined property: stdClass::$contactoId
#0 C:\wamp64\www\correspondencia-ucad\app\Views\modUsuario\contacto.php(32): CodeIgniter\Debug\Exceptions->errorHandler(8, 'Undefined prope...', 'C:\\wamp64\\www\\c...', 32, Array)
#1 C:\wamp64\www\correspondencia-ucad\system\View\View.php(210): include('C:\\wamp64\\www\\c...')
#2 C:\wamp64\www\correspondencia-ucad\system\View\View.php(213): CodeIgniter\View\View->CodeIgniter\View\{closure}()
#3 C:\wamp64\www\correspondencia-ucad\system\Common.php(1089): CodeIgniter\View\View->render('modUsuario/cont...', Array, true)
#4 C:\wamp64\www\correspondencia-ucad\app\Controllers\modUsuario\ContactoController.php(32): view('modUsuario/cont...', Array)
#5 C:\wamp64\www\correspondencia-ucad\system\CodeIgniter.php(825): App\Controllers\modUsuario\ContactoController->contacto()
#6 C:\wamp64\www\correspondencia-ucad\system\CodeIgniter.php(412): CodeIgniter\CodeIgniter->runController(Object(App\Controllers\modUsuario\ContactoController))
#7 C:\wamp64\www\correspondencia-ucad\system\CodeIgniter.php(320): CodeIgniter\CodeIgniter->handleRequest(NULL, Object(Config\Cache), false)
#8 C:\wamp64\www\correspondencia-ucad\public\index.php(37): CodeIgniter\CodeIgniter->run()
#9 {main}
CRITICAL - 2022-05-25 02:20:48 --> Undefined property: stdClass::$estado
#0 C:\wamp64\www\correspondencia-ucad\app\Views\modUsuario\contacto.php(36): CodeIgniter\Debug\Exceptions->errorHandler(8, 'Undefined prope...', 'C:\\wamp64\\www\\c...', 36, Array)
#1 C:\wamp64\www\correspondencia-ucad\system\View\View.php(210): include('C:\\wamp64\\www\\c...')
#2 C:\wamp64\www\correspondencia-ucad\system\View\View.php(213): CodeIgniter\View\View->CodeIgniter\View\{closure}()
#3 C:\wamp64\www\correspondencia-ucad\system\Common.php(1089): CodeIgniter\View\View->render('modUsuario/cont...', Array, true)
#4 C:\wamp64\www\correspondencia-ucad\app\Controllers\modUsuario\ContactoController.php(32): view('modUsuario/cont...', Array)
#5 C:\wamp64\www\correspondencia-ucad\system\CodeIgniter.php(825): App\Controllers\modUsuario\ContactoController->contacto()
#6 C:\wamp64\www\correspondencia-ucad\system\CodeIgniter.php(412): CodeIgniter\CodeIgniter->runController(Object(App\Controllers\modUsuario\ContactoController))
#7 C:\wamp64\www\correspondencia-ucad\system\CodeIgniter.php(320): CodeIgniter\CodeIgniter->handleRequest(NULL, Object(Config\Cache), false)
#8 C:\wamp64\www\correspondencia-ucad\public\index.php(37): CodeIgniter\CodeIgniter->run()
#9 {main}
CRITICAL - 2022-05-25 12:20:47 --> syntax error, unexpected '<<' (T_SL), expecting end of file
#0 C:\wamp64\www\correspondencia-ucad\system\CodeIgniter.php(361): CodeIgniter\CodeIgniter->tryToRouteIt(NULL)
#1 C:\wamp64\www\correspondencia-ucad\system\CodeIgniter.php(320): CodeIgniter\CodeIgniter->handleRequest(NULL, Object(Config\Cache), false)
#2 C:\wamp64\www\correspondencia-ucad\public\index.php(37): CodeIgniter\CodeIgniter->run()
#3 {main}
CRITICAL - 2022-05-25 12:20:50 --> syntax error, unexpected '<<' (T_SL), expecting end of file
#0 C:\wamp64\www\correspondencia-ucad\system\CodeIgniter.php(361): CodeIgniter\CodeIgniter->tryToRouteIt(NULL)
#1 C:\wamp64\www\correspondencia-ucad\system\CodeIgniter.php(320): CodeIgniter\CodeIgniter->handleRequest(NULL, Object(Config\Cache), false)
#2 C:\wamp64\www\correspondencia-ucad\public\index.php(37): CodeIgniter\CodeIgniter->run()
#3 {main}
>>>>>>> 1e369471a0ff166e7af0cc6c6871e34947b97977
