CRITICAL - 2022-02-25 11:54:58 --> Call to undefined method CodeIgniter\View\View::setion()
#0 C:\wamp64\www\correspondencia-ucad\system\View\View.php(210): include()
#1 C:\wamp64\www\correspondencia-ucad\system\View\View.php(213): CodeIgniter\View\View->CodeIgniter\View\{closure}()
#2 C:\wamp64\www\correspondencia-ucad\system\Common.php(1089): CodeIgniter\View\View->render('modPlanEstudio/...', Array, true)
#3 C:\wamp64\www\correspondencia-ucad\app\Controllers\planEstudio.php(10): view('modPlanEstudio/...')
#4 C:\wamp64\www\correspondencia-ucad\system\CodeIgniter.php(825): App\Controllers\PlanEstudio->planEs()
#5 C:\wamp64\www\correspondencia-ucad\system\CodeIgniter.php(412): CodeIgniter\CodeIgniter->runController(Object(App\Controllers\PlanEstudio))
#6 C:\wamp64\www\correspondencia-ucad\system\CodeIgniter.php(320): CodeIgniter\CodeIgniter->handleRequest(NULL, Object(Config\Cache), false)
#7 C:\wamp64\www\correspondencia-ucad\public\index.php(37): CodeIgniter\CodeIgniter->run()
#8 {main}
CRITICAL - 2022-02-25 12:08:54 --> Call to undefined method CodeIgniter\View\View::renderSetion()
#0 C:\wamp64\www\correspondencia-ucad\system\View\View.php(210): include()
#1 C:\wamp64\www\correspondencia-ucad\system\View\View.php(213): CodeIgniter\View\View->CodeIgniter\View\{closure}()
#2 C:\wamp64\www\correspondencia-ucad\system\Common.php(1089): CodeIgniter\View\View->render('welcome_message', Array, true)
#3 C:\wamp64\www\correspondencia-ucad\app\Controllers\Home.php(9): view('welcome_message')
#4 C:\wamp64\www\correspondencia-ucad\system\CodeIgniter.php(825): App\Controllers\Home->index()
#5 C:\wamp64\www\correspondencia-ucad\system\CodeIgniter.php(412): CodeIgniter\CodeIgniter->runController(Object(App\Controllers\Home))
#6 C:\wamp64\www\correspondencia-ucad\system\CodeIgniter.php(320): CodeIgniter\CodeIgniter->handleRequest(NULL, Object(Config\Cache), false)
#7 C:\wamp64\www\correspondencia-ucad\public\index.php(37): CodeIgniter\CodeIgniter->run()
#8 {main}
CRITICAL - 2022-02-25 12:10:03 --> Call to undefined method CodeIgniter\View\View::renderSetion()
#0 C:\wamp64\www\correspondencia-ucad\system\View\View.php(210): include()
#1 C:\wamp64\www\correspondencia-ucad\system\View\View.php(213): CodeIgniter\View\View->CodeIgniter\View\{closure}()
#2 C:\wamp64\www\correspondencia-ucad\system\Common.php(1089): CodeIgniter\View\View->render('welcome_message', Array, true)
#3 C:\wamp64\www\correspondencia-ucad\app\Controllers\Home.php(9): view('welcome_message')
#4 C:\wamp64\www\correspondencia-ucad\system\CodeIgniter.php(825): App\Controllers\Home->index()
#5 C:\wamp64\www\correspondencia-ucad\system\CodeIgniter.php(412): CodeIgniter\CodeIgniter->runController(Object(App\Controllers\Home))
#6 C:\wamp64\www\correspondencia-ucad\system\CodeIgniter.php(320): CodeIgniter\CodeIgniter->handleRequest(NULL, Object(Config\Cache), false)
#7 C:\wamp64\www\correspondencia-ucad\public\index.php(37): CodeIgniter\CodeIgniter->run()
#8 {main}
CRITICAL - 2022-02-25 12:11:57 --> Call to undefined method CodeIgniter\View\View::setion()
#0 C:\wamp64\www\correspondencia-ucad\system\View\View.php(210): include()
#1 C:\wamp64\www\correspondencia-ucad\system\View\View.php(213): CodeIgniter\View\View->CodeIgniter\View\{closure}()
#2 C:\wamp64\www\correspondencia-ucad\system\Common.php(1089): CodeIgniter\View\View->render('welcome_message', Array, true)
#3 C:\wamp64\www\correspondencia-ucad\app\Controllers\Home.php(9): view('welcome_message')
#4 C:\wamp64\www\correspondencia-ucad\system\CodeIgniter.php(825): App\Controllers\Home->index()
#5 C:\wamp64\www\correspondencia-ucad\system\CodeIgniter.php(412): CodeIgniter\CodeIgniter->runController(Object(App\Controllers\Home))
#6 C:\wamp64\www\correspondencia-ucad\system\CodeIgniter.php(320): CodeIgniter\CodeIgniter->handleRequest(NULL, Object(Config\Cache), false)
#7 C:\wamp64\www\correspondencia-ucad\public\index.php(37): CodeIgniter\CodeIgniter->run()
#8 {main}
CRITICAL - 2022-02-25 12:12:01 --> Call to undefined method CodeIgniter\View\View::setion()
#0 C:\wamp64\www\correspondencia-ucad\system\View\View.php(210): include()
#1 C:\wamp64\www\correspondencia-ucad\system\View\View.php(213): CodeIgniter\View\View->CodeIgniter\View\{closure}()
#2 C:\wamp64\www\correspondencia-ucad\system\Common.php(1089): CodeIgniter\View\View->render('welcome_message', Array, true)
#3 C:\wamp64\www\correspondencia-ucad\app\Controllers\Home.php(9): view('welcome_message')
#4 C:\wamp64\www\correspondencia-ucad\system\CodeIgniter.php(825): App\Controllers\Home->index()
#5 C:\wamp64\www\correspondencia-ucad\system\CodeIgniter.php(412): CodeIgniter\CodeIgniter->runController(Object(App\Controllers\Home))
#6 C:\wamp64\www\correspondencia-ucad\system\CodeIgniter.php(320): CodeIgniter\CodeIgniter->handleRequest(NULL, Object(Config\Cache), false)
#7 C:\wamp64\www\correspondencia-ucad\public\index.php(37): CodeIgniter\CodeIgniter->run()
#8 {main}
CRITICAL - 2022-02-25 12:12:35 --> Call to undefined method CodeIgniter\View\View::setion()
#0 C:\wamp64\www\correspondencia-ucad\system\View\View.php(210): include()
#1 C:\wamp64\www\correspondencia-ucad\system\View\View.php(213): CodeIgniter\View\View->CodeIgniter\View\{closure}()
#2 C:\wamp64\www\correspondencia-ucad\system\Common.php(1089): CodeIgniter\View\View->render('welcome_message', Array, true)
#3 C:\wamp64\www\correspondencia-ucad\app\Controllers\Home.php(9): view('welcome_message')
#4 C:\wamp64\www\correspondencia-ucad\system\CodeIgniter.php(825): App\Controllers\Home->index()
#5 C:\wamp64\www\correspondencia-ucad\system\CodeIgniter.php(412): CodeIgniter\CodeIgniter->runController(Object(App\Controllers\Home))
#6 C:\wamp64\www\correspondencia-ucad\system\CodeIgniter.php(320): CodeIgniter\CodeIgniter->handleRequest(NULL, Object(Config\Cache), false)
#7 C:\wamp64\www\correspondencia-ucad\public\index.php(37): CodeIgniter\CodeIgniter->run()
#8 {main}
CRITICAL - 2022-02-25 12:16:29 --> Call to undefined method CodeIgniter\View\View::setion()
#0 C:\wamp64\www\correspondencia-ucad\system\View\View.php(210): include()
#1 C:\wamp64\www\correspondencia-ucad\system\View\View.php(213): CodeIgniter\View\View->CodeIgniter\View\{closure}()
#2 C:\wamp64\www\correspondencia-ucad\system\Common.php(1089): CodeIgniter\View\View->render('welcome_message', Array, true)
#3 C:\wamp64\www\correspondencia-ucad\app\Controllers\Home.php(9): view('welcome_message')
#4 C:\wamp64\www\correspondencia-ucad\system\CodeIgniter.php(825): App\Controllers\Home->index()
#5 C:\wamp64\www\correspondencia-ucad\system\CodeIgniter.php(412): CodeIgniter\CodeIgniter->runController(Object(App\Controllers\Home))
#6 C:\wamp64\www\correspondencia-ucad\system\CodeIgniter.php(320): CodeIgniter\CodeIgniter->handleRequest(NULL, Object(Config\Cache), false)
#7 C:\wamp64\www\correspondencia-ucad\public\index.php(37): CodeIgniter\CodeIgniter->run()
#8 {main}
CRITICAL - 2022-02-25 12:25:08 --> Call to undefined method CodeIgniter\View\View::setion()
#0 C:\wamp64\www\correspondencia-ucad\system\View\View.php(210): include()
#1 C:\wamp64\www\correspondencia-ucad\system\View\View.php(213): CodeIgniter\View\View->CodeIgniter\View\{closure}()
#2 C:\wamp64\www\correspondencia-ucad\system\Common.php(1089): CodeIgniter\View\View->render('welcome_message', Array, true)
#3 C:\wamp64\www\correspondencia-ucad\app\Controllers\Home.php(9): view('welcome_message')
#4 C:\wamp64\www\correspondencia-ucad\system\CodeIgniter.php(825): App\Controllers\Home->index()
#5 C:\wamp64\www\correspondencia-ucad\system\CodeIgniter.php(412): CodeIgniter\CodeIgniter->runController(Object(App\Controllers\Home))
#6 C:\wamp64\www\correspondencia-ucad\system\CodeIgniter.php(320): CodeIgniter\CodeIgniter->handleRequest(NULL, Object(Config\Cache), false)
#7 C:\wamp64\www\correspondencia-ucad\public\index.php(37): CodeIgniter\CodeIgniter->run()
#8 {main}
CRITICAL - 2022-02-25 17:22:11 --> Invalid file: ../template/admin_template.php
#0 C:\wamp64\www\correspondencia-ucad\system\View\View.php(198): CodeIgniter\Exceptions\FrameworkException::forInvalidFile('../template/adm...')
#1 C:\wamp64\www\correspondencia-ucad\system\View\View.php(226): CodeIgniter\View\View->render('../template/adm...', Array, true)
#2 C:\wamp64\www\correspondencia-ucad\system\Common.php(1089): CodeIgniter\View\View->render('modPlanEstudio/...', Array, true)
#3 C:\wamp64\www\correspondencia-ucad\app\Controllers\PlanEstudio.php(10): view('modPlanEstudio/...')
#4 C:\wamp64\www\correspondencia-ucad\system\CodeIgniter.php(825): App\Controllers\PlanEstudio->planEs()
#5 C:\wamp64\www\correspondencia-ucad\system\CodeIgniter.php(412): CodeIgniter\CodeIgniter->runController(Object(App\Controllers\PlanEstudio))
#6 C:\wamp64\www\correspondencia-ucad\system\CodeIgniter.php(320): CodeIgniter\CodeIgniter->handleRequest(NULL, Object(Config\Cache), false)
#7 C:\wamp64\www\correspondencia-ucad\public\index.php(37): CodeIgniter\CodeIgniter->run()
#8 {main}
CRITICAL - 2022-02-25 17:23:38 --> Invalid file: ../template/admin_template.php
#0 C:\wamp64\www\correspondencia-ucad\system\View\View.php(198): CodeIgniter\Exceptions\FrameworkException::forInvalidFile('../template/adm...')
#1 C:\wamp64\www\correspondencia-ucad\system\View\View.php(226): CodeIgniter\View\View->render('../template/adm...', Array, true)
#2 C:\wamp64\www\correspondencia-ucad\system\Common.php(1089): CodeIgniter\View\View->render('modPlanEstudio/...', Array, true)
#3 C:\wamp64\www\correspondencia-ucad\app\Controllers\PlanEstudio.php(10): view('modPlanEstudio/...')
#4 C:\wamp64\www\correspondencia-ucad\system\CodeIgniter.php(825): App\Controllers\PlanEstudio->planEs()
#5 C:\wamp64\www\correspondencia-ucad\system\CodeIgniter.php(412): CodeIgniter\CodeIgniter->runController(Object(App\Controllers\PlanEstudio))
#6 C:\wamp64\www\correspondencia-ucad\system\CodeIgniter.php(320): CodeIgniter\CodeIgniter->handleRequest(NULL, Object(Config\Cache), false)
#7 C:\wamp64\www\correspondencia-ucad\public\index.php(37): CodeIgniter\CodeIgniter->run()
#8 {main}
