CRITICAL - 2022-09-26 19:55:38 --> Undefined variable: modulo
#0 C:\wamp64\www\correspondencia-ucad\app\Views\homeModulos.php(33): CodeIgniter\Debug\Exceptions->errorHandler(8, 'Undefined varia...', 'C:\\wamp64\\www\\c...', 33, Array)
#1 C:\wamp64\www\correspondencia-ucad\system\View\View.php(210): include('C:\\wamp64\\www\\c...')
#2 C:\wamp64\www\correspondencia-ucad\system\View\View.php(213): CodeIgniter\View\View->CodeIgniter\View\{closure}()
#3 C:\wamp64\www\correspondencia-ucad\system\Common.php(1089): CodeIgniter\View\View->render('/homeModulos', Array, true)
#4 C:\wamp64\www\correspondencia-ucad\app\Views\template\admin_template.php(160): view('/homeModulos')
#5 C:\wamp64\www\correspondencia-ucad\system\View\View.php(210): include('C:\\wamp64\\www\\c...')
#6 C:\wamp64\www\correspondencia-ucad\system\View\View.php(213): CodeIgniter\View\View->CodeIgniter\View\{closure}()
#7 C:\wamp64\www\correspondencia-ucad\system\View\View.php(226): CodeIgniter\View\View->render('template/admin_...', Array, true)
#8 C:\wamp64\www\correspondencia-ucad\system\Common.php(1089): CodeIgniter\View\View->render('modAdministraci...', Array, true)
#9 C:\wamp64\www\correspondencia-ucad\app\Controllers\modAdministracion\MenuSubmenuController.php(32): view('modAdministraci...', Array)
#10 C:\wamp64\www\correspondencia-ucad\system\CodeIgniter.php(825): App\Controllers\modAdministracion\MenuSubmenuController->menu_submenu()
#11 C:\wamp64\www\correspondencia-ucad\system\CodeIgniter.php(412): CodeIgniter\CodeIgniter->runController(Object(App\Controllers\modAdministracion\MenuSubmenuController))
#12 C:\wamp64\www\correspondencia-ucad\system\CodeIgniter.php(320): CodeIgniter\CodeIgniter->handleRequest(NULL, Object(Config\Cache), false)
#13 C:\wamp64\www\correspondencia-ucad\public\index.php(37): CodeIgniter\CodeIgniter->run()
#14 {main}
CRITICAL - 2022-09-26 19:55:40 --> Undefined variable: modulo
#0 C:\wamp64\www\correspondencia-ucad\app\Views\homeModulos.php(33): CodeIgniter\Debug\Exceptions->errorHandler(8, 'Undefined varia...', 'C:\\wamp64\\www\\c...', 33, Array)
#1 C:\wamp64\www\correspondencia-ucad\system\View\View.php(210): include('C:\\wamp64\\www\\c...')
#2 C:\wamp64\www\correspondencia-ucad\system\View\View.php(213): CodeIgniter\View\View->CodeIgniter\View\{closure}()
#3 C:\wamp64\www\correspondencia-ucad\system\Common.php(1089): CodeIgniter\View\View->render('/homeModulos', Array, true)
#4 C:\wamp64\www\correspondencia-ucad\app\Views\template\admin_template.php(160): view('/homeModulos')
#5 C:\wamp64\www\correspondencia-ucad\system\View\View.php(210): include('C:\\wamp64\\www\\c...')
#6 C:\wamp64\www\correspondencia-ucad\system\View\View.php(213): CodeIgniter\View\View->CodeIgniter\View\{closure}()
#7 C:\wamp64\www\correspondencia-ucad\system\View\View.php(226): CodeIgniter\View\View->render('template/admin_...', Array, true)
#8 C:\wamp64\www\correspondencia-ucad\system\Common.php(1089): CodeIgniter\View\View->render('modAdministraci...', Array, true)
#9 C:\wamp64\www\correspondencia-ucad\app\Controllers\modAdministracion\MenuSubmenuController.php(32): view('modAdministraci...', Array)
#10 C:\wamp64\www\correspondencia-ucad\system\CodeIgniter.php(825): App\Controllers\modAdministracion\MenuSubmenuController->menu_submenu()
#11 C:\wamp64\www\correspondencia-ucad\system\CodeIgniter.php(412): CodeIgniter\CodeIgniter->runController(Object(App\Controllers\modAdministracion\MenuSubmenuController))
#12 C:\wamp64\www\correspondencia-ucad\system\CodeIgniter.php(320): CodeIgniter\CodeIgniter->handleRequest(NULL, Object(Config\Cache), false)
#13 C:\wamp64\www\correspondencia-ucad\public\index.php(37): CodeIgniter\CodeIgniter->run()
#14 {main}
