ERROR - 2022-09-17 00:10:29 --> Cannot delete or update a parent row: a foreign key constraint fails (`correspondencia`.`wk_persona`, CONSTRAINT `FK_PERSONA_CARGO` FOREIGN KEY (`cargoId`) REFERENCES `wk_cargo` (`cargoId`))
CRITICAL - 2022-09-17 00:10:29 --> Cannot delete or update a parent row: a foreign key constraint fails (`correspondencia`.`wk_persona`, CONSTRAINT `FK_PERSONA_CARGO` FOREIGN KEY (`cargoId`) REFERENCES `wk_cargo` (`cargoId`))
#0 C:\wamp64\www\correspondencia-ucad\system\Database\MySQLi\Connection.php(292): mysqli->query('DELETE FROM `wk...', 0)
#1 C:\wamp64\www\correspondencia-ucad\system\Database\BaseConnection.php(670): CodeIgniter\Database\MySQLi\Connection->execute('DELETE FROM `wk...')
#2 C:\wamp64\www\correspondencia-ucad\system\Database\BaseConnection.php(598): CodeIgniter\Database\BaseConnection->simpleQuery('DELETE FROM `wk...')
#3 C:\wamp64\www\correspondencia-ucad\system\Database\BaseBuilder.php(2225): CodeIgniter\Database\BaseConnection->query('DELETE FROM `wk...', Array, false)
#4 C:\wamp64\www\correspondencia-ucad\app\Models\modUsuario\CargoModel.php(34): CodeIgniter\Database\BaseBuilder->delete()
#5 C:\wamp64\www\correspondencia-ucad\app\Controllers\modUsuario\CargoController.php(76): App\Models\modUsuario\CargoModel->eliminar(Array)
#6 C:\wamp64\www\correspondencia-ucad\system\CodeIgniter.php(825): App\Controllers\modUsuario\CargoController->eliminar()
#7 C:\wamp64\www\correspondencia-ucad\system\CodeIgniter.php(412): CodeIgniter\CodeIgniter->runController(Object(App\Controllers\modUsuario\CargoController))
#8 C:\wamp64\www\correspondencia-ucad\system\CodeIgniter.php(320): CodeIgniter\CodeIgniter->handleRequest(NULL, Object(Config\Cache), false)
#9 C:\wamp64\www\correspondencia-ucad\public\index.php(37): CodeIgniter\CodeIgniter->run()
#10 {main}
ERROR - 2022-09-17 00:33:36 --> Cannot delete or update a parent row: a foreign key constraint fails (`correspondencia`.`wk_persona`, CONSTRAINT `FK_PERSONA_DEPARTAMENTO` FOREIGN KEY (`departamentoId`) REFERENCES `wk_departamento` (`departamentoId`))
CRITICAL - 2022-09-17 00:33:36 --> Cannot delete or update a parent row: a foreign key constraint fails (`correspondencia`.`wk_persona`, CONSTRAINT `FK_PERSONA_DEPARTAMENTO` FOREIGN KEY (`departamentoId`) REFERENCES `wk_departamento` (`departamentoId`))
#0 C:\wamp64\www\correspondencia-ucad\system\Database\MySQLi\Connection.php(292): mysqli->query('DELETE FROM `wk...', 0)
#1 C:\wamp64\www\correspondencia-ucad\system\Database\BaseConnection.php(670): CodeIgniter\Database\MySQLi\Connection->execute('DELETE FROM `wk...')
#2 C:\wamp64\www\correspondencia-ucad\system\Database\BaseConnection.php(598): CodeIgniter\Database\BaseConnection->simpleQuery('DELETE FROM `wk...')
#3 C:\wamp64\www\correspondencia-ucad\system\Database\BaseBuilder.php(2225): CodeIgniter\Database\BaseConnection->query('DELETE FROM `wk...', Array, false)
#4 C:\wamp64\www\correspondencia-ucad\app\Models\modUsuario\DepartamentoModel.php(34): CodeIgniter\Database\BaseBuilder->delete()
#5 C:\wamp64\www\correspondencia-ucad\app\Controllers\modUsuario\DepartamentoController.php(69): App\Models\modUsuario\DepartamentoModel->eliminar(Array)
#6 C:\wamp64\www\correspondencia-ucad\system\CodeIgniter.php(825): App\Controllers\modUsuario\DepartamentoController->eliminar()
#7 C:\wamp64\www\correspondencia-ucad\system\CodeIgniter.php(412): CodeIgniter\CodeIgniter->runController(Object(App\Controllers\modUsuario\DepartamentoController))
#8 C:\wamp64\www\correspondencia-ucad\system\CodeIgniter.php(320): CodeIgniter\CodeIgniter->handleRequest(NULL, Object(Config\Cache), false)
#9 C:\wamp64\www\correspondencia-ucad\public\index.php(37): CodeIgniter\CodeIgniter->run()
#10 {main}
ERROR - 2022-09-17 00:40:39 --> Cannot delete or update a parent row: a foreign key constraint fails (`correspondencia`.`wk_contacto`, CONSTRAINT `FK_CONTACTO_TIPO_CONTACTO` FOREIGN KEY (`tipoContactoId`) REFERENCES `wk_tipo_contacto` (`tipoContactoId`))
CRITICAL - 2022-09-17 00:40:39 --> Cannot delete or update a parent row: a foreign key constraint fails (`correspondencia`.`wk_contacto`, CONSTRAINT `FK_CONTACTO_TIPO_CONTACTO` FOREIGN KEY (`tipoContactoId`) REFERENCES `wk_tipo_contacto` (`tipoContactoId`))
#0 C:\wamp64\www\correspondencia-ucad\system\Database\MySQLi\Connection.php(292): mysqli->query('DELETE FROM `wk...', 0)
#1 C:\wamp64\www\correspondencia-ucad\system\Database\BaseConnection.php(670): CodeIgniter\Database\MySQLi\Connection->execute('DELETE FROM `wk...')
#2 C:\wamp64\www\correspondencia-ucad\system\Database\BaseConnection.php(598): CodeIgniter\Database\BaseConnection->simpleQuery('DELETE FROM `wk...')
#3 C:\wamp64\www\correspondencia-ucad\system\Database\BaseBuilder.php(2225): CodeIgniter\Database\BaseConnection->query('DELETE FROM `wk...', Array, false)
#4 C:\wamp64\www\correspondencia-ucad\app\Models\modUsuario\TipoContactoModel.php(33): CodeIgniter\Database\BaseBuilder->delete()
#5 C:\wamp64\www\correspondencia-ucad\app\Controllers\modUsuario\TipoContactoController.php(70): App\Models\modUsuario\TipoContactoModel->eliminar(Array)
#6 C:\wamp64\www\correspondencia-ucad\system\CodeIgniter.php(825): App\Controllers\modUsuario\TipoContactoController->eliminar()
#7 C:\wamp64\www\correspondencia-ucad\system\CodeIgniter.php(412): CodeIgniter\CodeIgniter->runController(Object(App\Controllers\modUsuario\TipoContactoController))
#8 C:\wamp64\www\correspondencia-ucad\system\CodeIgniter.php(320): CodeIgniter\CodeIgniter->handleRequest(NULL, Object(Config\Cache), false)
#9 C:\wamp64\www\correspondencia-ucad\public\index.php(37): CodeIgniter\CodeIgniter->run()
#10 {main}
ERROR - 2022-09-17 00:51:54 --> Cannot delete or update a parent row: a foreign key constraint fails (`correspondencia`.`wk_documento`, CONSTRAINT `FK_DOCUMENTO_TIPO_ENVIO` FOREIGN KEY (`tipoEnvioId`) REFERENCES `wk_tipo_envio` (`tipoEnvioId`))
CRITICAL - 2022-09-17 00:51:54 --> Cannot delete or update a parent row: a foreign key constraint fails (`correspondencia`.`wk_documento`, CONSTRAINT `FK_DOCUMENTO_TIPO_ENVIO` FOREIGN KEY (`tipoEnvioId`) REFERENCES `wk_tipo_envio` (`tipoEnvioId`))
#0 C:\wamp64\www\correspondencia-ucad\system\Database\MySQLi\Connection.php(292): mysqli->query('DELETE FROM `wk...', 0)
#1 C:\wamp64\www\correspondencia-ucad\system\Database\BaseConnection.php(670): CodeIgniter\Database\MySQLi\Connection->execute('DELETE FROM `wk...')
#2 C:\wamp64\www\correspondencia-ucad\system\Database\BaseConnection.php(598): CodeIgniter\Database\BaseConnection->simpleQuery('DELETE FROM `wk...')
#3 C:\wamp64\www\correspondencia-ucad\system\Database\BaseBuilder.php(2225): CodeIgniter\Database\BaseConnection->query('DELETE FROM `wk...', Array, false)
#4 C:\wamp64\www\correspondencia-ucad\system\Model.php(359): CodeIgniter\Database\BaseBuilder->delete()
#5 C:\wamp64\www\correspondencia-ucad\system\BaseModel.php(963): CodeIgniter\Model->doDelete(Array, false)
#6 C:\wamp64\www\correspondencia-ucad\app\Controllers\modUsuario\TipoEnvioController.php(71): CodeIgniter\BaseModel->delete(Array)
#7 C:\wamp64\www\correspondencia-ucad\system\CodeIgniter.php(825): App\Controllers\modUsuario\TipoEnvioController->eliminar()
#8 C:\wamp64\www\correspondencia-ucad\system\CodeIgniter.php(412): CodeIgniter\CodeIgniter->runController(Object(App\Controllers\modUsuario\TipoEnvioController))
#9 C:\wamp64\www\correspondencia-ucad\system\CodeIgniter.php(320): CodeIgniter\CodeIgniter->handleRequest(NULL, Object(Config\Cache), false)
#10 C:\wamp64\www\correspondencia-ucad\public\index.php(37): CodeIgniter\CodeIgniter->run()
#11 {main}
