CRITICAL - 2022-05-15 11:47:41 --> The framework needs the following extension(s) installed and loaded: intl.
#0 C:\wamp64\www\correspondencia-ucad\system\CodeIgniter.php(219): CodeIgniter\Exceptions\FrameworkException::forMissingExtension('intl')
#1 C:\wamp64\www\correspondencia-ucad\system\CodeIgniter.php(177): CodeIgniter\CodeIgniter->resolvePlatformExtensions()
#2 C:\wamp64\www\correspondencia-ucad\system\bootstrap.php(146): CodeIgniter\CodeIgniter->initialize()
#3 C:\wamp64\www\correspondencia-ucad\public\index.php(28): require('C:\\wamp64\\www\\c...')
#4 {main}
CRITICAL - 2022-05-15 11:47:41 --> The framework needs the following extension(s) installed and loaded: intl.
#0 C:\wamp64\www\correspondencia-ucad\system\CodeIgniter.php(219): CodeIgniter\Exceptions\FrameworkException::forMissingExtension('intl')
#1 C:\wamp64\www\correspondencia-ucad\system\CodeIgniter.php(177): CodeIgniter\CodeIgniter->resolvePlatformExtensions()
#2 C:\wamp64\www\correspondencia-ucad\system\bootstrap.php(146): CodeIgniter\CodeIgniter->initialize()
#3 C:\wamp64\www\correspondencia-ucad\public\index.php(28): require('C:\\wamp64\\www\\c...')
#4 {main}
CRITICAL - 2022-05-15 12:11:04 --> Undefined variable: id
#0 C:\wamp64\www\correspondencia-ucad\app\Controllers\modAdministracion\RolModMenuController.php(94): CodeIgniter\Debug\Exceptions->errorHandler(8, 'Undefined varia...', 'C:\\wamp64\\www\\c...', 94, Array)
#1 C:\wamp64\www\correspondencia-ucad\system\CodeIgniter.php(825): App\Controllers\modAdministracion\RolModMenuController->eliminar()
#2 C:\wamp64\www\correspondencia-ucad\system\CodeIgniter.php(412): CodeIgniter\CodeIgniter->runController(Object(App\Controllers\modAdministracion\RolModMenuController))
#3 C:\wamp64\www\correspondencia-ucad\system\CodeIgniter.php(320): CodeIgniter\CodeIgniter->handleRequest(NULL, Object(Config\Cache), false)
#4 C:\wamp64\www\correspondencia-ucad\public\index.php(37): CodeIgniter\CodeIgniter->run()
#5 {main}
ERROR - 2022-05-15 13:24:24 --> Cannot add or update a child row: a foreign key constraint fails (`baseprueba`.`wk_etapa`, CONSTRAINT `FK_PROCESO_ETAPA` FOREIGN KEY (`procesoId`) REFERENCES `wk_proceso` (`procesoId`))
CRITICAL - 2022-05-15 13:24:24 --> Cannot add or update a child row: a foreign key constraint fails (`baseprueba`.`wk_etapa`, CONSTRAINT `FK_PROCESO_ETAPA` FOREIGN KEY (`procesoId`) REFERENCES `wk_proceso` (`procesoId`))
#0 C:\wamp64\www\correspondencia-ucad\system\Database\MySQLi\Connection.php(292): mysqli->query('INSERT INTO `wk...', 0)
#1 C:\wamp64\www\correspondencia-ucad\system\Database\BaseConnection.php(670): CodeIgniter\Database\MySQLi\Connection->execute('INSERT INTO `wk...')
#2 C:\wamp64\www\correspondencia-ucad\system\Database\BaseConnection.php(598): CodeIgniter\Database\BaseConnection->simpleQuery('INSERT INTO `wk...')
#3 C:\wamp64\www\correspondencia-ucad\system\Database\BaseBuilder.php(1771): CodeIgniter\Database\BaseConnection->query('INSERT INTO `wk...', Array, false)
#4 C:\wamp64\www\correspondencia-ucad\app\Models\modProceso\EtapaModel.php(37): CodeIgniter\Database\BaseBuilder->insert(Array)
#5 C:\wamp64\www\correspondencia-ucad\app\Controllers\modProceso\EtapaController.php(40): App\Models\modProceso\EtapaModel->insertar(Array)
#6 C:\wamp64\www\correspondencia-ucad\system\CodeIgniter.php(825): App\Controllers\modProceso\EtapaController->crear()
#7 C:\wamp64\www\correspondencia-ucad\system\CodeIgniter.php(412): CodeIgniter\CodeIgniter->runController(Object(App\Controllers\modProceso\EtapaController))
#8 C:\wamp64\www\correspondencia-ucad\system\CodeIgniter.php(320): CodeIgniter\CodeIgniter->handleRequest(NULL, Object(Config\Cache), false)
#9 C:\wamp64\www\correspondencia-ucad\public\index.php(37): CodeIgniter\CodeIgniter->run()
#10 {main}
ERROR - 2022-05-15 20:16:57 --> Error connecting to the database: The server requested authentication method unknown to the client
CRITICAL - 2022-05-15 20:16:57 --> Unable to connect to the database.
Main connection [MySQLi]: The server requested authentication method unknown to the client
#0 C:\wamp64\www\correspondencia-ucad\system\Database\BaseConnection.php(577): CodeIgniter\Database\BaseConnection->initialize()
#1 C:\wamp64\www\correspondencia-ucad\system\Database\BaseBuilder.php(1455): CodeIgniter\Database\BaseConnection->query('SELECT wk_proce...', Array, false)
#2 C:\wamp64\www\correspondencia-ucad\system\Model.php(183): CodeIgniter\Database\BaseBuilder->get()
#3 C:\wamp64\www\correspondencia-ucad\system\BaseModel.php(584): CodeIgniter\Model->doFindAll(0, 0)
#4 C:\wamp64\www\correspondencia-ucad\app\Models\modProceso\ProcesoModel.php(19): CodeIgniter\BaseModel->findAll()
#5 C:\wamp64\www\correspondencia-ucad\app\Controllers\modProceso\ProcesoController.php(13): App\Models\modProceso\ProcesoModel->listarProceso()
#6 C:\wamp64\www\correspondencia-ucad\system\CodeIgniter.php(825): App\Controllers\modProceso\ProcesoController->proceso()
#7 C:\wamp64\www\correspondencia-ucad\system\CodeIgniter.php(412): CodeIgniter\CodeIgniter->runController(Object(App\Controllers\modProceso\ProcesoController))
#8 C:\wamp64\www\correspondencia-ucad\system\CodeIgniter.php(320): CodeIgniter\CodeIgniter->handleRequest(NULL, Object(Config\Cache), false)
#9 C:\wamp64\www\correspondencia-ucad\public\index.php(37): CodeIgniter\CodeIgniter->run()
#10 {main}
