CRITICAL - 2022-06-01 17:54:34 --> unlink(C:\wamp64\www\correspondencia-ucad\writable\debugbar/debugbar_1654047957.json): No such file or directory
#0 [internal function]: CodeIgniter\Debug\Exceptions->errorHandler(2, 'unlink(C:\\wamp6...', 'C:\\wamp64\\www\\c...', 74, Array)
#1 C:\wamp64\www\correspondencia-ucad\system\Debug\Toolbar\Collectors\History.php(74): unlink('C:\\wamp64\\www\\c...')
#2 C:\wamp64\www\correspondencia-ucad\system\Debug\Toolbar.php(487): CodeIgniter\Debug\Toolbar\Collectors\History->setFiles(1654127671, 20)
#3 C:\wamp64\www\correspondencia-ucad\system\Debug\Toolbar.php(464): CodeIgniter\Debug\Toolbar->format(Array, 'html')
#4 C:\wamp64\www\correspondencia-ucad\app\Config\Events.php(48): CodeIgniter\Debug\Toolbar->respond()
#5 C:\wamp64\www\correspondencia-ucad\system\Events\Events.php(149): CodeIgniter\Events\Events::Config\{closure}()
#6 C:\wamp64\www\correspondencia-ucad\system\CodeIgniter.php(302): CodeIgniter\Events\Events::trigger('pre_system')
#7 C:\wamp64\www\correspondencia-ucad\public\index.php(37): CodeIgniter\CodeIgniter->run()
#8 {main}
ERROR - 2022-06-01 18:12:35 --> You have an error in your SQL syntax; check the manual that corresponds to your MySQL server version for the right syntax to use near 'ORDER BY e.orden' at line 5
CRITICAL - 2022-06-01 18:12:35 --> You have an error in your SQL syntax; check the manual that corresponds to your MySQL server version for the right syntax to use near 'ORDER BY e.orden' at line 5
#0 C:\wamp64\www\correspondencia-ucad\system\Database\MySQLi\Connection.php(292): mysqli->query('SELECT e.etapaI...', 0)
#1 C:\wamp64\www\correspondencia-ucad\system\Database\BaseConnection.php(670): CodeIgniter\Database\MySQLi\Connection->execute('SELECT e.etapaI...')
#2 C:\wamp64\www\correspondencia-ucad\system\Database\BaseConnection.php(598): CodeIgniter\Database\BaseConnection->simpleQuery('SELECT e.etapaI...')
#3 C:\wamp64\www\correspondencia-ucad\app\Models\modProceso\EtapaModel.php(29): CodeIgniter\Database\BaseConnection->query('SELECT e.etapaI...')
#4 C:\wamp64\www\correspondencia-ucad\app\Controllers\modProceso\EtapaController.php(23): App\Models\modProceso\EtapaModel->listarEtapaC('')
#5 C:\wamp64\www\correspondencia-ucad\system\CodeIgniter.php(825): App\Controllers\modProceso\EtapaController->etapaC()
#6 C:\wamp64\www\correspondencia-ucad\system\CodeIgniter.php(412): CodeIgniter\CodeIgniter->runController(Object(App\Controllers\modProceso\EtapaController))
#7 C:\wamp64\www\correspondencia-ucad\system\CodeIgniter.php(320): CodeIgniter\CodeIgniter->handleRequest(NULL, Object(Config\Cache), false)
#8 C:\wamp64\www\correspondencia-ucad\public\index.php(37): CodeIgniter\CodeIgniter->run()
#9 {main}
