CRITICAL - 2022-05-08 15:48:00 --> Trying to get property 'rol' of non-object
#0 C:\wamp64\www\correspondencia-ucad\app\Views\modAdministracion\editRolMM.php(35): CodeIgniter\Debug\Exceptions->errorHandler(8, 'Trying to get p...', 'C:\\wamp64\\www\\c...', 35, Array)
#1 C:\wamp64\www\correspondencia-ucad\system\View\View.php(210): include('C:\\wamp64\\www\\c...')
#2 C:\wamp64\www\correspondencia-ucad\system\View\View.php(213): CodeIgniter\View\View->CodeIgniter\View\{closure}()
#3 C:\wamp64\www\correspondencia-ucad\system\Common.php(1089): CodeIgniter\View\View->render('modAdministraci...', Array, true)
#4 C:\wamp64\www\correspondencia-ucad\app\Controllers\modAdministracion\RolModMenuController.php(54): view('modAdministraci...', Array)
#5 C:\wamp64\www\correspondencia-ucad\system\CodeIgniter.php(825): App\Controllers\modAdministracion\RolModMenuController->modulo()
#6 C:\wamp64\www\correspondencia-ucad\system\CodeIgniter.php(412): CodeIgniter\CodeIgniter->runController(Object(App\Controllers\modAdministracion\RolModMenuController))
#7 C:\wamp64\www\correspondencia-ucad\system\CodeIgniter.php(320): CodeIgniter\CodeIgniter->handleRequest(NULL, Object(Config\Cache), false)
#8 C:\wamp64\www\correspondencia-ucad\public\index.php(37): CodeIgniter\CodeIgniter->run()
#9 {main}
CRITICAL - 2022-05-08 15:48:30 --> Trying to get property 'rol' of non-object
#0 C:\wamp64\www\correspondencia-ucad\app\Views\modAdministracion\editRolMM.php(35): CodeIgniter\Debug\Exceptions->errorHandler(8, 'Trying to get p...', 'C:\\wamp64\\www\\c...', 35, Array)
#1 C:\wamp64\www\correspondencia-ucad\system\View\View.php(210): include('C:\\wamp64\\www\\c...')
#2 C:\wamp64\www\correspondencia-ucad\system\View\View.php(213): CodeIgniter\View\View->CodeIgniter\View\{closure}()
#3 C:\wamp64\www\correspondencia-ucad\system\Common.php(1089): CodeIgniter\View\View->render('modAdministraci...', Array, true)
#4 C:\wamp64\www\correspondencia-ucad\app\Controllers\modAdministracion\RolModMenuController.php(54): view('modAdministraci...', Array)
#5 C:\wamp64\www\correspondencia-ucad\system\CodeIgniter.php(825): App\Controllers\modAdministracion\RolModMenuController->modulo()
#6 C:\wamp64\www\correspondencia-ucad\system\CodeIgniter.php(412): CodeIgniter\CodeIgniter->runController(Object(App\Controllers\modAdministracion\RolModMenuController))
#7 C:\wamp64\www\correspondencia-ucad\system\CodeIgniter.php(320): CodeIgniter\CodeIgniter->handleRequest(NULL, Object(Config\Cache), false)
#8 C:\wamp64\www\correspondencia-ucad\public\index.php(37): CodeIgniter\CodeIgniter->run()
#9 {main}
CRITICAL - 2022-05-08 15:48:32 --> Trying to get property 'rol' of non-object
#0 C:\wamp64\www\correspondencia-ucad\app\Views\modAdministracion\editRolMM.php(35): CodeIgniter\Debug\Exceptions->errorHandler(8, 'Trying to get p...', 'C:\\wamp64\\www\\c...', 35, Array)
#1 C:\wamp64\www\correspondencia-ucad\system\View\View.php(210): include('C:\\wamp64\\www\\c...')
#2 C:\wamp64\www\correspondencia-ucad\system\View\View.php(213): CodeIgniter\View\View->CodeIgniter\View\{closure}()
#3 C:\wamp64\www\correspondencia-ucad\system\Common.php(1089): CodeIgniter\View\View->render('modAdministraci...', Array, true)
#4 C:\wamp64\www\correspondencia-ucad\app\Controllers\modAdministracion\RolModMenuController.php(54): view('modAdministraci...', Array)
#5 C:\wamp64\www\correspondencia-ucad\system\CodeIgniter.php(825): App\Controllers\modAdministracion\RolModMenuController->modulo()
#6 C:\wamp64\www\correspondencia-ucad\system\CodeIgniter.php(412): CodeIgniter\CodeIgniter->runController(Object(App\Controllers\modAdministracion\RolModMenuController))
#7 C:\wamp64\www\correspondencia-ucad\system\CodeIgniter.php(320): CodeIgniter\CodeIgniter->handleRequest(NULL, Object(Config\Cache), false)
#8 C:\wamp64\www\correspondencia-ucad\public\index.php(37): CodeIgniter\CodeIgniter->run()
#9 {main}
CRITICAL - 2022-05-08 15:49:29 --> Trying to get property 'rol' of non-object
#0 C:\wamp64\www\correspondencia-ucad\app\Views\modAdministracion\editRolModMenu.php(35): CodeIgniter\Debug\Exceptions->errorHandler(8, 'Trying to get p...', 'C:\\wamp64\\www\\c...', 35, Array)
#1 C:\wamp64\www\correspondencia-ucad\system\View\View.php(210): include('C:\\wamp64\\www\\c...')
#2 C:\wamp64\www\correspondencia-ucad\system\View\View.php(213): CodeIgniter\View\View->CodeIgniter\View\{closure}()
#3 C:\wamp64\www\correspondencia-ucad\system\Common.php(1089): CodeIgniter\View\View->render('modAdministraci...', Array, true)
#4 C:\wamp64\www\correspondencia-ucad\app\Controllers\modAdministracion\RolModMenuController.php(54): view('modAdministraci...', Array)
#5 C:\wamp64\www\correspondencia-ucad\system\CodeIgniter.php(825): App\Controllers\modAdministracion\RolModMenuController->modulo()
#6 C:\wamp64\www\correspondencia-ucad\system\CodeIgniter.php(412): CodeIgniter\CodeIgniter->runController(Object(App\Controllers\modAdministracion\RolModMenuController))
#7 C:\wamp64\www\correspondencia-ucad\system\CodeIgniter.php(320): CodeIgniter\CodeIgniter->handleRequest(NULL, Object(Config\Cache), false)
#8 C:\wamp64\www\correspondencia-ucad\public\index.php(37): CodeIgniter\CodeIgniter->run()
#9 {main}
CRITICAL - 2022-05-08 15:49:31 --> Trying to get property 'rol' of non-object
#0 C:\wamp64\www\correspondencia-ucad\app\Views\modAdministracion\editRolModMenu.php(35): CodeIgniter\Debug\Exceptions->errorHandler(8, 'Trying to get p...', 'C:\\wamp64\\www\\c...', 35, Array)
#1 C:\wamp64\www\correspondencia-ucad\system\View\View.php(210): include('C:\\wamp64\\www\\c...')
#2 C:\wamp64\www\correspondencia-ucad\system\View\View.php(213): CodeIgniter\View\View->CodeIgniter\View\{closure}()
#3 C:\wamp64\www\correspondencia-ucad\system\Common.php(1089): CodeIgniter\View\View->render('modAdministraci...', Array, true)
#4 C:\wamp64\www\correspondencia-ucad\app\Controllers\modAdministracion\RolModMenuController.php(54): view('modAdministraci...', Array)
#5 C:\wamp64\www\correspondencia-ucad\system\CodeIgniter.php(825): App\Controllers\modAdministracion\RolModMenuController->modulo()
#6 C:\wamp64\www\correspondencia-ucad\system\CodeIgniter.php(412): CodeIgniter\CodeIgniter->runController(Object(App\Controllers\modAdministracion\RolModMenuController))
#7 C:\wamp64\www\correspondencia-ucad\system\CodeIgniter.php(320): CodeIgniter\CodeIgniter->handleRequest(NULL, Object(Config\Cache), false)
#8 C:\wamp64\www\correspondencia-ucad\public\index.php(37): CodeIgniter\CodeIgniter->run()
#9 {main}
CRITICAL - 2022-05-08 15:50:44 --> Trying to get property 'rol' of non-object
#0 C:\wamp64\www\correspondencia-ucad\app\Views\modAdministracion\editRolModMenu.php(35): CodeIgniter\Debug\Exceptions->errorHandler(8, 'Trying to get p...', 'C:\\wamp64\\www\\c...', 35, Array)
#1 C:\wamp64\www\correspondencia-ucad\system\View\View.php(210): include('C:\\wamp64\\www\\c...')
#2 C:\wamp64\www\correspondencia-ucad\system\View\View.php(213): CodeIgniter\View\View->CodeIgniter\View\{closure}()
#3 C:\wamp64\www\correspondencia-ucad\system\Common.php(1089): CodeIgniter\View\View->render('modAdministraci...', Array, true)
#4 C:\wamp64\www\correspondencia-ucad\app\Controllers\modAdministracion\RolModMenuController.php(54): view('modAdministraci...', Array)
#5 C:\wamp64\www\correspondencia-ucad\system\CodeIgniter.php(825): App\Controllers\modAdministracion\RolModMenuController->modulo()
#6 C:\wamp64\www\correspondencia-ucad\system\CodeIgniter.php(412): CodeIgniter\CodeIgniter->runController(Object(App\Controllers\modAdministracion\RolModMenuController))
#7 C:\wamp64\www\correspondencia-ucad\system\CodeIgniter.php(320): CodeIgniter\CodeIgniter->handleRequest(NULL, Object(Config\Cache), false)
#8 C:\wamp64\www\correspondencia-ucad\public\index.php(37): CodeIgniter\CodeIgniter->run()
#9 {main}
CRITICAL - 2022-05-08 15:52:35 --> Argument 2 passed to CodeIgniter\HTTP\RedirectResponse::to() must be of the type int or null, array given, called in C:\wamp64\www\correspondencia-ucad\app\Controllers\modAdministracion\RolModMenuController.php on line 54
#0 C:\wamp64\www\correspondencia-ucad\app\Controllers\modAdministracion\RolModMenuController.php(54): CodeIgniter\HTTP\RedirectResponse->to('http://localhos...', Array)
#1 C:\wamp64\www\correspondencia-ucad\system\CodeIgniter.php(825): App\Controllers\modAdministracion\RolModMenuController->modulo()
#2 C:\wamp64\www\correspondencia-ucad\system\CodeIgniter.php(412): CodeIgniter\CodeIgniter->runController(Object(App\Controllers\modAdministracion\RolModMenuController))
#3 C:\wamp64\www\correspondencia-ucad\system\CodeIgniter.php(320): CodeIgniter\CodeIgniter->handleRequest(NULL, Object(Config\Cache), false)
#4 C:\wamp64\www\correspondencia-ucad\public\index.php(37): CodeIgniter\CodeIgniter->run()
#5 {main}
CRITICAL - 2022-05-08 15:52:38 --> Argument 2 passed to CodeIgniter\HTTP\RedirectResponse::to() must be of the type int or null, array given, called in C:\wamp64\www\correspondencia-ucad\app\Controllers\modAdministracion\RolModMenuController.php on line 54
#0 C:\wamp64\www\correspondencia-ucad\app\Controllers\modAdministracion\RolModMenuController.php(54): CodeIgniter\HTTP\RedirectResponse->to('http://localhos...', Array)
#1 C:\wamp64\www\correspondencia-ucad\system\CodeIgniter.php(825): App\Controllers\modAdministracion\RolModMenuController->modulo()
#2 C:\wamp64\www\correspondencia-ucad\system\CodeIgniter.php(412): CodeIgniter\CodeIgniter->runController(Object(App\Controllers\modAdministracion\RolModMenuController))
#3 C:\wamp64\www\correspondencia-ucad\system\CodeIgniter.php(320): CodeIgniter\CodeIgniter->handleRequest(NULL, Object(Config\Cache), false)
#4 C:\wamp64\www\correspondencia-ucad\public\index.php(37): CodeIgniter\CodeIgniter->run()
#5 {main}
CRITICAL - 2022-05-08 16:07:34 --> Undefined variable: rol
#0 C:\wamp64\www\correspondencia-ucad\app\Views\modAdministracion\editRolModMenu.php(35): CodeIgniter\Debug\Exceptions->errorHandler(8, 'Undefined varia...', 'C:\\wamp64\\www\\c...', 35, Array)
#1 C:\wamp64\www\correspondencia-ucad\system\View\View.php(210): include('C:\\wamp64\\www\\c...')
#2 C:\wamp64\www\correspondencia-ucad\system\View\View.php(213): CodeIgniter\View\View->CodeIgniter\View\{closure}()
#3 C:\wamp64\www\correspondencia-ucad\system\Common.php(1089): CodeIgniter\View\View->render('modAdministraci...', Array, true)
#4 C:\wamp64\www\correspondencia-ucad\app\Controllers\modAdministracion\RolModMenuController.php(67): view('modAdministraci...')
#5 C:\wamp64\www\correspondencia-ucad\system\CodeIgniter.php(825): App\Controllers\modAdministracion\RolModMenuController->editar()
#6 C:\wamp64\www\correspondencia-ucad\system\CodeIgniter.php(412): CodeIgniter\CodeIgniter->runController(Object(App\Controllers\modAdministracion\RolModMenuController))
#7 C:\wamp64\www\correspondencia-ucad\system\CodeIgniter.php(320): CodeIgniter\CodeIgniter->handleRequest(NULL, Object(Config\Cache), false)
#8 C:\wamp64\www\correspondencia-ucad\public\index.php(37): CodeIgniter\CodeIgniter->run()
#9 {main}
CRITICAL - 2022-05-08 16:14:35 --> Undefined variable: dataObj
#0 C:\wamp64\www\correspondencia-ucad\app\Views\modAdministracion\rolModMenu.php(175): CodeIgniter\Debug\Exceptions->errorHandler(8, 'Undefined varia...', 'C:\\wamp64\\www\\c...', 175, Array)
#1 C:\wamp64\www\correspondencia-ucad\system\View\View.php(210): include('C:\\wamp64\\www\\c...')
#2 C:\wamp64\www\correspondencia-ucad\system\View\View.php(213): CodeIgniter\View\View->CodeIgniter\View\{closure}()
#3 C:\wamp64\www\correspondencia-ucad\system\Common.php(1089): CodeIgniter\View\View->render('modAdministraci...', Array, true)
#4 C:\wamp64\www\correspondencia-ucad\app\Controllers\modAdministracion\RolModMenuController.php(22): view('modAdministraci...', Array)
#5 C:\wamp64\www\correspondencia-ucad\system\CodeIgniter.php(825): App\Controllers\modAdministracion\RolModMenuController->index()
#6 C:\wamp64\www\correspondencia-ucad\system\CodeIgniter.php(412): CodeIgniter\CodeIgniter->runController(Object(App\Controllers\modAdministracion\RolModMenuController))
#7 C:\wamp64\www\correspondencia-ucad\system\CodeIgniter.php(320): CodeIgniter\CodeIgniter->handleRequest(NULL, Object(Config\Cache), false)
#8 C:\wamp64\www\correspondencia-ucad\public\index.php(37): CodeIgniter\CodeIgniter->run()
#9 {main}
CRITICAL - 2022-05-08 16:14:54 --> Undefined variable: dataObj
#0 C:\wamp64\www\correspondencia-ucad\app\Views\modAdministracion\rolModMenu.php(175): CodeIgniter\Debug\Exceptions->errorHandler(8, 'Undefined varia...', 'C:\\wamp64\\www\\c...', 175, Array)
#1 C:\wamp64\www\correspondencia-ucad\system\View\View.php(210): include('C:\\wamp64\\www\\c...')
#2 C:\wamp64\www\correspondencia-ucad\system\View\View.php(213): CodeIgniter\View\View->CodeIgniter\View\{closure}()
#3 C:\wamp64\www\correspondencia-ucad\system\Common.php(1089): CodeIgniter\View\View->render('modAdministraci...', Array, true)
#4 C:\wamp64\www\correspondencia-ucad\app\Controllers\modAdministracion\RolModMenuController.php(22): view('modAdministraci...', Array)
#5 C:\wamp64\www\correspondencia-ucad\system\CodeIgniter.php(825): App\Controllers\modAdministracion\RolModMenuController->index()
#6 C:\wamp64\www\correspondencia-ucad\system\CodeIgniter.php(412): CodeIgniter\CodeIgniter->runController(Object(App\Controllers\modAdministracion\RolModMenuController))
#7 C:\wamp64\www\correspondencia-ucad\system\CodeIgniter.php(320): CodeIgniter\CodeIgniter->handleRequest(NULL, Object(Config\Cache), false)
#8 C:\wamp64\www\correspondencia-ucad\public\index.php(37): CodeIgniter\CodeIgniter->run()
#9 {main}
CRITICAL - 2022-05-08 16:15:07 --> Argument 2 passed to CodeIgniter\HTTP\RedirectResponse::to() must be of the type int or null, array given, called in C:\wamp64\www\correspondencia-ucad\app\Controllers\modAdministracion\RolModMenuController.php on line 54
#0 C:\wamp64\www\correspondencia-ucad\app\Controllers\modAdministracion\RolModMenuController.php(54): CodeIgniter\HTTP\RedirectResponse->to('http://localhos...', Array)
#1 C:\wamp64\www\correspondencia-ucad\system\CodeIgniter.php(825): App\Controllers\modAdministracion\RolModMenuController->modulo()
#2 C:\wamp64\www\correspondencia-ucad\system\CodeIgniter.php(412): CodeIgniter\CodeIgniter->runController(Object(App\Controllers\modAdministracion\RolModMenuController))
#3 C:\wamp64\www\correspondencia-ucad\system\CodeIgniter.php(320): CodeIgniter\CodeIgniter->handleRequest(NULL, Object(Config\Cache), false)
#4 C:\wamp64\www\correspondencia-ucad\public\index.php(37): CodeIgniter\CodeIgniter->run()
#5 {main}
CRITICAL - 2022-05-08 16:15:09 --> Argument 2 passed to CodeIgniter\HTTP\RedirectResponse::to() must be of the type int or null, array given, called in C:\wamp64\www\correspondencia-ucad\app\Controllers\modAdministracion\RolModMenuController.php on line 54
#0 C:\wamp64\www\correspondencia-ucad\app\Controllers\modAdministracion\RolModMenuController.php(54): CodeIgniter\HTTP\RedirectResponse->to('http://localhos...', Array)
#1 C:\wamp64\www\correspondencia-ucad\system\CodeIgniter.php(825): App\Controllers\modAdministracion\RolModMenuController->modulo()
#2 C:\wamp64\www\correspondencia-ucad\system\CodeIgniter.php(412): CodeIgniter\CodeIgniter->runController(Object(App\Controllers\modAdministracion\RolModMenuController))
#3 C:\wamp64\www\correspondencia-ucad\system\CodeIgniter.php(320): CodeIgniter\CodeIgniter->handleRequest(NULL, Object(Config\Cache), false)
#4 C:\wamp64\www\correspondencia-ucad\public\index.php(37): CodeIgniter\CodeIgniter->run()
#5 {main}
CRITICAL - 2022-05-08 16:16:30 --> Undefined variable: dataObj
#0 C:\wamp64\www\correspondencia-ucad\app\Views\modAdministracion\rolModMenu.php(175): CodeIgniter\Debug\Exceptions->errorHandler(8, 'Undefined varia...', 'C:\\wamp64\\www\\c...', 175, Array)
#1 C:\wamp64\www\correspondencia-ucad\system\View\View.php(210): include('C:\\wamp64\\www\\c...')
#2 C:\wamp64\www\correspondencia-ucad\system\View\View.php(213): CodeIgniter\View\View->CodeIgniter\View\{closure}()
#3 C:\wamp64\www\correspondencia-ucad\system\Common.php(1089): CodeIgniter\View\View->render('modAdministraci...', Array, true)
#4 C:\wamp64\www\correspondencia-ucad\app\Controllers\modAdministracion\RolModMenuController.php(22): view('modAdministraci...', Array)
#5 C:\wamp64\www\correspondencia-ucad\system\CodeIgniter.php(825): App\Controllers\modAdministracion\RolModMenuController->index()
#6 C:\wamp64\www\correspondencia-ucad\system\CodeIgniter.php(412): CodeIgniter\CodeIgniter->runController(Object(App\Controllers\modAdministracion\RolModMenuController))
#7 C:\wamp64\www\correspondencia-ucad\system\CodeIgniter.php(320): CodeIgniter\CodeIgniter->handleRequest(NULL, Object(Config\Cache), false)
#8 C:\wamp64\www\correspondencia-ucad\public\index.php(37): CodeIgniter\CodeIgniter->run()
#9 {main}
CRITICAL - 2022-05-08 16:16:52 --> Undefined variable: dataObj
#0 C:\wamp64\www\correspondencia-ucad\app\Views\modAdministracion\rolModMenu.php(175): CodeIgniter\Debug\Exceptions->errorHandler(8, 'Undefined varia...', 'C:\\wamp64\\www\\c...', 175, Array)
#1 C:\wamp64\www\correspondencia-ucad\system\View\View.php(210): include('C:\\wamp64\\www\\c...')
#2 C:\wamp64\www\correspondencia-ucad\system\View\View.php(213): CodeIgniter\View\View->CodeIgniter\View\{closure}()
#3 C:\wamp64\www\correspondencia-ucad\system\Common.php(1089): CodeIgniter\View\View->render('modAdministraci...', Array, true)
#4 C:\wamp64\www\correspondencia-ucad\app\Controllers\modAdministracion\RolModMenuController.php(22): view('modAdministraci...', Array)
#5 C:\wamp64\www\correspondencia-ucad\system\CodeIgniter.php(825): App\Controllers\modAdministracion\RolModMenuController->index()
#6 C:\wamp64\www\correspondencia-ucad\system\CodeIgniter.php(412): CodeIgniter\CodeIgniter->runController(Object(App\Controllers\modAdministracion\RolModMenuController))
#7 C:\wamp64\www\correspondencia-ucad\system\CodeIgniter.php(320): CodeIgniter\CodeIgniter->handleRequest(NULL, Object(Config\Cache), false)
#8 C:\wamp64\www\correspondencia-ucad\public\index.php(37): CodeIgniter\CodeIgniter->run()
#9 {main}
CRITICAL - 2022-05-08 16:17:07 --> Undefined variable: dataObj
#0 C:\wamp64\www\correspondencia-ucad\app\Views\modAdministracion\rolModMenu.php(175): CodeIgniter\Debug\Exceptions->errorHandler(8, 'Undefined varia...', 'C:\\wamp64\\www\\c...', 175, Array)
#1 C:\wamp64\www\correspondencia-ucad\system\View\View.php(210): include('C:\\wamp64\\www\\c...')
#2 C:\wamp64\www\correspondencia-ucad\system\View\View.php(213): CodeIgniter\View\View->CodeIgniter\View\{closure}()
#3 C:\wamp64\www\correspondencia-ucad\system\Common.php(1089): CodeIgniter\View\View->render('modAdministraci...', Array, true)
#4 C:\wamp64\www\correspondencia-ucad\app\Controllers\modAdministracion\RolModMenuController.php(22): view('modAdministraci...', Array)
#5 C:\wamp64\www\correspondencia-ucad\system\CodeIgniter.php(825): App\Controllers\modAdministracion\RolModMenuController->index()
#6 C:\wamp64\www\correspondencia-ucad\system\CodeIgniter.php(412): CodeIgniter\CodeIgniter->runController(Object(App\Controllers\modAdministracion\RolModMenuController))
#7 C:\wamp64\www\correspondencia-ucad\system\CodeIgniter.php(320): CodeIgniter\CodeIgniter->handleRequest(NULL, Object(Config\Cache), false)
#8 C:\wamp64\www\correspondencia-ucad\public\index.php(37): CodeIgniter\CodeIgniter->run()
#9 {main}
CRITICAL - 2022-05-08 16:18:01 --> syntax error, unexpected '.1' (T_DNUMBER), expecting ')'
#0 C:\wamp64\www\correspondencia-ucad\system\View\View.php(213): CodeIgniter\View\View->CodeIgniter\View\{closure}()
#1 C:\wamp64\www\correspondencia-ucad\system\Common.php(1089): CodeIgniter\View\View->render('modAdministraci...', Array, true)
#2 C:\wamp64\www\correspondencia-ucad\app\Controllers\modAdministracion\RolModMenuController.php(22): view('modAdministraci...', Array)
#3 C:\wamp64\www\correspondencia-ucad\system\CodeIgniter.php(825): App\Controllers\modAdministracion\RolModMenuController->index()
#4 C:\wamp64\www\correspondencia-ucad\system\CodeIgniter.php(412): CodeIgniter\CodeIgniter->runController(Object(App\Controllers\modAdministracion\RolModMenuController))
#5 C:\wamp64\www\correspondencia-ucad\system\CodeIgniter.php(320): CodeIgniter\CodeIgniter->handleRequest(NULL, Object(Config\Cache), false)
#6 C:\wamp64\www\correspondencia-ucad\public\index.php(37): CodeIgniter\CodeIgniter->run()
#7 {main}
CRITICAL - 2022-05-08 16:18:27 --> Undefined offset: 0
#0 C:\wamp64\www\correspondencia-ucad\system\Router\RouteCollection.php(1091): CodeIgniter\Debug\Exceptions->errorHandler(8, 'Undefined offse...', 'C:\\wamp64\\www\\c...', 1091, Array)
#1 C:\wamp64\www\correspondencia-ucad\system\Router\RouteCollection.php(971): CodeIgniter\Router\RouteCollection->fillRouteParams('editarRolModMen...', Array)
#2 C:\wamp64\www\correspondencia-ucad\system\Common.php(882): CodeIgniter\Router\RouteCollection->reverseRoute('editarRolModMen...')
#3 C:\wamp64\www\correspondencia-ucad\app\Views\modAdministracion\rolModMenu.php(175): route_to('editarRolModMen...')
#4 C:\wamp64\www\correspondencia-ucad\system\View\View.php(210): include('C:\\wamp64\\www\\c...')
#5 C:\wamp64\www\correspondencia-ucad\system\View\View.php(213): CodeIgniter\View\View->CodeIgniter\View\{closure}()
#6 C:\wamp64\www\correspondencia-ucad\system\Common.php(1089): CodeIgniter\View\View->render('modAdministraci...', Array, true)
#7 C:\wamp64\www\correspondencia-ucad\app\Controllers\modAdministracion\RolModMenuController.php(22): view('modAdministraci...', Array)
#8 C:\wamp64\www\correspondencia-ucad\system\CodeIgniter.php(825): App\Controllers\modAdministracion\RolModMenuController->index()
#9 C:\wamp64\www\correspondencia-ucad\system\CodeIgniter.php(412): CodeIgniter\CodeIgniter->runController(Object(App\Controllers\modAdministracion\RolModMenuController))
#10 C:\wamp64\www\correspondencia-ucad\system\CodeIgniter.php(320): CodeIgniter\CodeIgniter->handleRequest(NULL, Object(Config\Cache), false)
#11 C:\wamp64\www\correspondencia-ucad\public\index.php(37): CodeIgniter\CodeIgniter->run()
#12 {main}
CRITICAL - 2022-05-08 17:04:00 --> Undefined property: stdClass::$mod
#0 C:\wamp64\www\correspondencia-ucad\app\Views\modAdministracion\rolModMenu.php(35): CodeIgniter\Debug\Exceptions->errorHandler(8, 'Undefined prope...', 'C:\\wamp64\\www\\c...', 35, Array)
#1 C:\wamp64\www\correspondencia-ucad\system\View\View.php(210): include('C:\\wamp64\\www\\c...')
#2 C:\wamp64\www\correspondencia-ucad\system\View\View.php(213): CodeIgniter\View\View->CodeIgniter\View\{closure}()
#3 C:\wamp64\www\correspondencia-ucad\system\Common.php(1089): CodeIgniter\View\View->render('modAdministraci...', Array, true)
#4 C:\wamp64\www\correspondencia-ucad\app\Controllers\modAdministracion\RolModMenuController.php(22): view('modAdministraci...', Array)
#5 C:\wamp64\www\correspondencia-ucad\system\CodeIgniter.php(825): App\Controllers\modAdministracion\RolModMenuController->index()
#6 C:\wamp64\www\correspondencia-ucad\system\CodeIgniter.php(412): CodeIgniter\CodeIgniter->runController(Object(App\Controllers\modAdministracion\RolModMenuController))
#7 C:\wamp64\www\correspondencia-ucad\system\CodeIgniter.php(320): CodeIgniter\CodeIgniter->handleRequest(NULL, Object(Config\Cache), false)
#8 C:\wamp64\www\correspondencia-ucad\public\index.php(37): CodeIgniter\CodeIgniter->run()
#9 {main}
CRITICAL - 2022-05-08 17:15:05 --> Undefined variable: rolMM
#0 C:\wamp64\www\correspondencia-ucad\app\Controllers\modAdministracion\RolModMenuController.php(63): CodeIgniter\Debug\Exceptions->errorHandler(8, 'Undefined varia...', 'C:\\wamp64\\www\\c...', 63, Array)
#1 C:\wamp64\www\correspondencia-ucad\system\CodeIgniter.php(825): App\Controllers\modAdministracion\RolModMenuController->editar('2')
#2 C:\wamp64\www\correspondencia-ucad\system\CodeIgniter.php(412): CodeIgniter\CodeIgniter->runController(Object(App\Controllers\modAdministracion\RolModMenuController))
#3 C:\wamp64\www\correspondencia-ucad\system\CodeIgniter.php(320): CodeIgniter\CodeIgniter->handleRequest(NULL, Object(Config\Cache), false)
#4 C:\wamp64\www\correspondencia-ucad\public\index.php(37): CodeIgniter\CodeIgniter->run()
#5 {main}
CRITICAL - 2022-05-08 17:15:39 --> Undefined variable: rol
#0 C:\wamp64\www\correspondencia-ucad\app\Views\modAdministracion\editRolModMenu.php(35): CodeIgniter\Debug\Exceptions->errorHandler(8, 'Undefined varia...', 'C:\\wamp64\\www\\c...', 35, Array)
#1 C:\wamp64\www\correspondencia-ucad\system\View\View.php(210): include('C:\\wamp64\\www\\c...')
#2 C:\wamp64\www\correspondencia-ucad\system\View\View.php(213): CodeIgniter\View\View->CodeIgniter\View\{closure}()
#3 C:\wamp64\www\correspondencia-ucad\system\Common.php(1089): CodeIgniter\View\View->render('modAdministraci...', Array, true)
#4 C:\wamp64\www\correspondencia-ucad\app\Controllers\modAdministracion\RolModMenuController.php(69): view('modAdministraci...', Array)
#5 C:\wamp64\www\correspondencia-ucad\system\CodeIgniter.php(825): App\Controllers\modAdministracion\RolModMenuController->editar('2')
#6 C:\wamp64\www\correspondencia-ucad\system\CodeIgniter.php(412): CodeIgniter\CodeIgniter->runController(Object(App\Controllers\modAdministracion\RolModMenuController))
#7 C:\wamp64\www\correspondencia-ucad\system\CodeIgniter.php(320): CodeIgniter\CodeIgniter->handleRequest(NULL, Object(Config\Cache), false)
#8 C:\wamp64\www\correspondencia-ucad\public\index.php(37): CodeIgniter\CodeIgniter->run()
#9 {main}
CRITICAL - 2022-05-08 17:16:17 --> Undefined property: stdClass::$id
#0 C:\wamp64\www\correspondencia-ucad\app\Views\modAdministracion\editRolModMenu.php(47): CodeIgniter\Debug\Exceptions->errorHandler(8, 'Undefined prope...', 'C:\\wamp64\\www\\c...', 47, Array)
#1 C:\wamp64\www\correspondencia-ucad\system\View\View.php(210): include('C:\\wamp64\\www\\c...')
#2 C:\wamp64\www\correspondencia-ucad\system\View\View.php(213): CodeIgniter\View\View->CodeIgniter\View\{closure}()
#3 C:\wamp64\www\correspondencia-ucad\system\Common.php(1089): CodeIgniter\View\View->render('modAdministraci...', Array, true)
#4 C:\wamp64\www\correspondencia-ucad\app\Controllers\modAdministracion\RolModMenuController.php(69): view('modAdministraci...', Array)
#5 C:\wamp64\www\correspondencia-ucad\system\CodeIgniter.php(825): App\Controllers\modAdministracion\RolModMenuController->editar('2')
#6 C:\wamp64\www\correspondencia-ucad\system\CodeIgniter.php(412): CodeIgniter\CodeIgniter->runController(Object(App\Controllers\modAdministracion\RolModMenuController))
#7 C:\wamp64\www\correspondencia-ucad\system\CodeIgniter.php(320): CodeIgniter\CodeIgniter->handleRequest(NULL, Object(Config\Cache), false)
#8 C:\wamp64\www\correspondencia-ucad\public\index.php(37): CodeIgniter\CodeIgniter->run()
#9 {main}
CRITICAL - 2022-05-08 17:17:09 --> Undefined variable: key
#0 C:\wamp64\www\correspondencia-ucad\app\Views\modAdministracion\editRolModMenu.php(66): CodeIgniter\Debug\Exceptions->errorHandler(8, 'Undefined varia...', 'C:\\wamp64\\www\\c...', 66, Array)
#1 C:\wamp64\www\correspondencia-ucad\system\View\View.php(210): include('C:\\wamp64\\www\\c...')
#2 C:\wamp64\www\correspondencia-ucad\system\View\View.php(213): CodeIgniter\View\View->CodeIgniter\View\{closure}()
#3 C:\wamp64\www\correspondencia-ucad\system\Common.php(1089): CodeIgniter\View\View->render('modAdministraci...', Array, true)
#4 C:\wamp64\www\correspondencia-ucad\app\Controllers\modAdministracion\RolModMenuController.php(69): view('modAdministraci...', Array)
#5 C:\wamp64\www\correspondencia-ucad\system\CodeIgniter.php(825): App\Controllers\modAdministracion\RolModMenuController->editar('2')
#6 C:\wamp64\www\correspondencia-ucad\system\CodeIgniter.php(412): CodeIgniter\CodeIgniter->runController(Object(App\Controllers\modAdministracion\RolModMenuController))
#7 C:\wamp64\www\correspondencia-ucad\system\CodeIgniter.php(320): CodeIgniter\CodeIgniter->handleRequest(NULL, Object(Config\Cache), false)
#8 C:\wamp64\www\correspondencia-ucad\public\index.php(37): CodeIgniter\CodeIgniter->run()
#9 {main}
ERROR - 2022-05-08 17:17:43 --> Unknown column 'vendors' in 'where clause'
CRITICAL - 2022-05-08 17:17:43 --> Unknown column 'vendors' in 'where clause'
#0 C:\wamp64\www\correspondencia-ucad\system\Database\MySQLi\Connection.php(292): mysqli->query('SELECT mm.modul...', 0)
#1 C:\wamp64\www\correspondencia-ucad\system\Database\BaseConnection.php(670): CodeIgniter\Database\MySQLi\Connection->execute('SELECT mm.modul...')
#2 C:\wamp64\www\correspondencia-ucad\system\Database\BaseConnection.php(598): CodeIgniter\Database\BaseConnection->simpleQuery('SELECT mm.modul...')
#3 C:\wamp64\www\correspondencia-ucad\app\Models\modAdministracion\RolModMenuModel.php(42): CodeIgniter\Database\BaseConnection->query('SELECT mm.modul...')
#4 C:\wamp64\www\correspondencia-ucad\app\Controllers\modAdministracion\RolModMenuController.php(63): App\Models\modAdministracion\RolModMenuModel->getModMenu('vendors')
#5 C:\wamp64\www\correspondencia-ucad\system\CodeIgniter.php(825): App\Controllers\modAdministracion\RolModMenuController->editar('vendors', 'bootstrap', 'dist', 'css', 'bootstrap.min.c...')
#6 C:\wamp64\www\correspondencia-ucad\system\CodeIgniter.php(412): CodeIgniter\CodeIgniter->runController(Object(App\Controllers\modAdministracion\RolModMenuController))
#7 C:\wamp64\www\correspondencia-ucad\system\CodeIgniter.php(320): CodeIgniter\CodeIgniter->handleRequest(NULL, Object(Config\Cache), false)
#8 C:\wamp64\www\correspondencia-ucad\public\index.php(37): CodeIgniter\CodeIgniter->run()
#9 {main}
ERROR - 2022-05-08 17:17:43 --> Unknown column 'vendors' in 'where clause'
ERROR - 2022-05-08 17:17:43 --> Unknown column 'vendors' in 'where clause'
CRITICAL - 2022-05-08 17:17:43 --> Unknown column 'vendors' in 'where clause'
#0 C:\wamp64\www\correspondencia-ucad\system\Database\MySQLi\Connection.php(292): mysqli->query('SELECT mm.modul...', 0)
#1 C:\wamp64\www\correspondencia-ucad\system\Database\BaseConnection.php(670): CodeIgniter\Database\MySQLi\Connection->execute('SELECT mm.modul...')
#2 C:\wamp64\www\correspondencia-ucad\system\Database\BaseConnection.php(598): CodeIgniter\Database\BaseConnection->simpleQuery('SELECT mm.modul...')
#3 C:\wamp64\www\correspondencia-ucad\app\Models\modAdministracion\RolModMenuModel.php(42): CodeIgniter\Database\BaseConnection->query('SELECT mm.modul...')
#4 C:\wamp64\www\correspondencia-ucad\app\Controllers\modAdministracion\RolModMenuController.php(63): App\Models\modAdministracion\RolModMenuModel->getModMenu('vendors')
#5 C:\wamp64\www\correspondencia-ucad\system\CodeIgniter.php(825): App\Controllers\modAdministracion\RolModMenuController->editar('vendors', 'nprogress', 'nprogress.css')
#6 C:\wamp64\www\correspondencia-ucad\system\CodeIgniter.php(412): CodeIgniter\CodeIgniter->runController(Object(App\Controllers\modAdministracion\RolModMenuController))
#7 C:\wamp64\www\correspondencia-ucad\system\CodeIgniter.php(320): CodeIgniter\CodeIgniter->handleRequest(NULL, Object(Config\Cache), false)
#8 C:\wamp64\www\correspondencia-ucad\public\index.php(37): CodeIgniter\CodeIgniter->run()
#9 {main}
CRITICAL - 2022-05-08 17:17:43 --> Unknown column 'vendors' in 'where clause'
#0 C:\wamp64\www\correspondencia-ucad\system\Database\MySQLi\Connection.php(292): mysqli->query('SELECT mm.modul...', 0)
#1 C:\wamp64\www\correspondencia-ucad\system\Database\BaseConnection.php(670): CodeIgniter\Database\MySQLi\Connection->execute('SELECT mm.modul...')
#2 C:\wamp64\www\correspondencia-ucad\system\Database\BaseConnection.php(598): CodeIgniter\Database\BaseConnection->simpleQuery('SELECT mm.modul...')
#3 C:\wamp64\www\correspondencia-ucad\app\Models\modAdministracion\RolModMenuModel.php(42): CodeIgniter\Database\BaseConnection->query('SELECT mm.modul...')
#4 C:\wamp64\www\correspondencia-ucad\app\Controllers\modAdministracion\RolModMenuController.php(63): App\Models\modAdministracion\RolModMenuModel->getModMenu('vendors')
#5 C:\wamp64\www\correspondencia-ucad\system\CodeIgniter.php(825): App\Controllers\modAdministracion\RolModMenuController->editar('vendors', 'font-awesome', 'css', 'font-awesome.mi...')
#6 C:\wamp64\www\correspondencia-ucad\system\CodeIgniter.php(412): CodeIgniter\CodeIgniter->runController(Object(App\Controllers\modAdministracion\RolModMenuController))
#7 C:\wamp64\www\correspondencia-ucad\system\CodeIgniter.php(320): CodeIgniter\CodeIgniter->handleRequest(NULL, Object(Config\Cache), false)
#8 C:\wamp64\www\correspondencia-ucad\public\index.php(37): CodeIgniter\CodeIgniter->run()
#9 {main}
ERROR - 2022-05-08 17:17:43 --> Unknown column 'vendors' in 'where clause'
ERROR - 2022-05-08 17:17:43 --> Unknown column 'vendors' in 'where clause'
CRITICAL - 2022-05-08 17:17:43 --> Unknown column 'vendors' in 'where clause'
#0 C:\wamp64\www\correspondencia-ucad\system\Database\MySQLi\Connection.php(292): mysqli->query('SELECT mm.modul...', 0)
#1 C:\wamp64\www\correspondencia-ucad\system\Database\BaseConnection.php(670): CodeIgniter\Database\MySQLi\Connection->execute('SELECT mm.modul...')
#2 C:\wamp64\www\correspondencia-ucad\system\Database\BaseConnection.php(598): CodeIgniter\Database\BaseConnection->simpleQuery('SELECT mm.modul...')
#3 C:\wamp64\www\correspondencia-ucad\app\Models\modAdministracion\RolModMenuModel.php(42): CodeIgniter\Database\BaseConnection->query('SELECT mm.modul...')
#4 C:\wamp64\www\correspondencia-ucad\app\Controllers\modAdministracion\RolModMenuController.php(63): App\Models\modAdministracion\RolModMenuModel->getModMenu('vendors')
#5 C:\wamp64\www\correspondencia-ucad\system\CodeIgniter.php(825): App\Controllers\modAdministracion\RolModMenuController->editar('vendors', 'iCheck', 'skins', 'flat', 'green.css')
#6 C:\wamp64\www\correspondencia-ucad\system\CodeIgniter.php(412): CodeIgniter\CodeIgniter->runController(Object(App\Controllers\modAdministracion\RolModMenuController))
#7 C:\wamp64\www\correspondencia-ucad\system\CodeIgniter.php(320): CodeIgniter\CodeIgniter->handleRequest(NULL, Object(Config\Cache), false)
#8 C:\wamp64\www\correspondencia-ucad\public\index.php(37): CodeIgniter\CodeIgniter->run()
#9 {main}
CRITICAL - 2022-05-08 17:17:43 --> Unknown column 'vendors' in 'where clause'
#0 C:\wamp64\www\correspondencia-ucad\system\Database\MySQLi\Connection.php(292): mysqli->query('SELECT mm.modul...', 0)
#1 C:\wamp64\www\correspondencia-ucad\system\Database\BaseConnection.php(670): CodeIgniter\Database\MySQLi\Connection->execute('SELECT mm.modul...')
#2 C:\wamp64\www\correspondencia-ucad\system\Database\BaseConnection.php(598): CodeIgniter\Database\BaseConnection->simpleQuery('SELECT mm.modul...')
#3 C:\wamp64\www\correspondencia-ucad\app\Models\modAdministracion\RolModMenuModel.php(42): CodeIgniter\Database\BaseConnection->query('SELECT mm.modul...')
#4 C:\wamp64\www\correspondencia-ucad\app\Controllers\modAdministracion\RolModMenuController.php(63): App\Models\modAdministracion\RolModMenuModel->getModMenu('vendors')
#5 C:\wamp64\www\correspondencia-ucad\system\CodeIgniter.php(825): App\Controllers\modAdministracion\RolModMenuController->editar('vendors', 'bootstrap-progr...', 'css', 'bootstrap-progr...')
#6 C:\wamp64\www\correspondencia-ucad\system\CodeIgniter.php(412): CodeIgniter\CodeIgniter->runController(Object(App\Controllers\modAdministracion\RolModMenuController))
#7 C:\wamp64\www\correspondencia-ucad\system\CodeIgniter.php(320): CodeIgniter\CodeIgniter->handleRequest(NULL, Object(Config\Cache), false)
#8 C:\wamp64\www\correspondencia-ucad\public\index.php(37): CodeIgniter\CodeIgniter->run()
#9 {main}
ERROR - 2022-05-08 17:17:43 --> Unknown column 'vendors' in 'where clause'
CRITICAL - 2022-05-08 17:17:43 --> Unknown column 'vendors' in 'where clause'
#0 C:\wamp64\www\correspondencia-ucad\system\Database\MySQLi\Connection.php(292): mysqli->query('SELECT mm.modul...', 0)
#1 C:\wamp64\www\correspondencia-ucad\system\Database\BaseConnection.php(670): CodeIgniter\Database\MySQLi\Connection->execute('SELECT mm.modul...')
#2 C:\wamp64\www\correspondencia-ucad\system\Database\BaseConnection.php(598): CodeIgniter\Database\BaseConnection->simpleQuery('SELECT mm.modul...')
#3 C:\wamp64\www\correspondencia-ucad\app\Models\modAdministracion\RolModMenuModel.php(42): CodeIgniter\Database\BaseConnection->query('SELECT mm.modul...')
#4 C:\wamp64\www\correspondencia-ucad\app\Controllers\modAdministracion\RolModMenuController.php(63): App\Models\modAdministracion\RolModMenuModel->getModMenu('vendors')
#5 C:\wamp64\www\correspondencia-ucad\system\CodeIgniter.php(825): App\Controllers\modAdministracion\RolModMenuController->editar('vendors', 'jqvmap', 'dist', 'jqvmap.min.css')
#6 C:\wamp64\www\correspondencia-ucad\system\CodeIgniter.php(412): CodeIgniter\CodeIgniter->runController(Object(App\Controllers\modAdministracion\RolModMenuController))
#7 C:\wamp64\www\correspondencia-ucad\system\CodeIgniter.php(320): CodeIgniter\CodeIgniter->handleRequest(NULL, Object(Config\Cache), false)
#8 C:\wamp64\www\correspondencia-ucad\public\index.php(37): CodeIgniter\CodeIgniter->run()
#9 {main}
ERROR - 2022-05-08 17:17:43 --> Unknown column 'vendors' in 'where clause'
CRITICAL - 2022-05-08 17:17:43 --> Unknown column 'vendors' in 'where clause'
#0 C:\wamp64\www\correspondencia-ucad\system\Database\MySQLi\Connection.php(292): mysqli->query('SELECT mm.modul...', 0)
#1 C:\wamp64\www\correspondencia-ucad\system\Database\BaseConnection.php(670): CodeIgniter\Database\MySQLi\Connection->execute('SELECT mm.modul...')
#2 C:\wamp64\www\correspondencia-ucad\system\Database\BaseConnection.php(598): CodeIgniter\Database\BaseConnection->simpleQuery('SELECT mm.modul...')
#3 C:\wamp64\www\correspondencia-ucad\app\Models\modAdministracion\RolModMenuModel.php(42): CodeIgniter\Database\BaseConnection->query('SELECT mm.modul...')
#4 C:\wamp64\www\correspondencia-ucad\app\Controllers\modAdministracion\RolModMenuController.php(63): App\Models\modAdministracion\RolModMenuModel->getModMenu('vendors')
#5 C:\wamp64\www\correspondencia-ucad\system\CodeIgniter.php(825): App\Controllers\modAdministracion\RolModMenuController->editar('vendors', 'bootstrap-dater...', 'daterangepicker...')
#6 C:\wamp64\www\correspondencia-ucad\system\CodeIgniter.php(412): CodeIgniter\CodeIgniter->runController(Object(App\Controllers\modAdministracion\RolModMenuController))
#7 C:\wamp64\www\correspondencia-ucad\system\CodeIgniter.php(320): CodeIgniter\CodeIgniter->handleRequest(NULL, Object(Config\Cache), false)
#8 C:\wamp64\www\correspondencia-ucad\public\index.php(37): CodeIgniter\CodeIgniter->run()
#9 {main}
ERROR - 2022-05-08 17:17:44 --> Unknown column 'build' in 'where clause'
CRITICAL - 2022-05-08 17:17:44 --> Unknown column 'build' in 'where clause'
#0 C:\wamp64\www\correspondencia-ucad\system\Database\MySQLi\Connection.php(292): mysqli->query('SELECT mm.modul...', 0)
#1 C:\wamp64\www\correspondencia-ucad\system\Database\BaseConnection.php(670): CodeIgniter\Database\MySQLi\Connection->execute('SELECT mm.modul...')
#2 C:\wamp64\www\correspondencia-ucad\system\Database\BaseConnection.php(598): CodeIgniter\Database\BaseConnection->simpleQuery('SELECT mm.modul...')
#3 C:\wamp64\www\correspondencia-ucad\app\Models\modAdministracion\RolModMenuModel.php(42): CodeIgniter\Database\BaseConnection->query('SELECT mm.modul...')
#4 C:\wamp64\www\correspondencia-ucad\app\Controllers\modAdministracion\RolModMenuController.php(63): App\Models\modAdministracion\RolModMenuModel->getModMenu('build')
#5 C:\wamp64\www\correspondencia-ucad\system\CodeIgniter.php(825): App\Controllers\modAdministracion\RolModMenuController->editar('build', 'css', 'custom.min.css')
#6 C:\wamp64\www\correspondencia-ucad\system\CodeIgniter.php(412): CodeIgniter\CodeIgniter->runController(Object(App\Controllers\modAdministracion\RolModMenuController))
#7 C:\wamp64\www\correspondencia-ucad\system\CodeIgniter.php(320): CodeIgniter\CodeIgniter->handleRequest(NULL, Object(Config\Cache), false)
#8 C:\wamp64\www\correspondencia-ucad\public\index.php(37): CodeIgniter\CodeIgniter->run()
#9 {main}
ERROR - 2022-05-08 17:17:44 --> Unknown column 'vendors' in 'where clause'
CRITICAL - 2022-05-08 17:17:44 --> Unknown column 'vendors' in 'where clause'
#0 C:\wamp64\www\correspondencia-ucad\system\Database\MySQLi\Connection.php(292): mysqli->query('SELECT mm.modul...', 0)
#1 C:\wamp64\www\correspondencia-ucad\system\Database\BaseConnection.php(670): CodeIgniter\Database\MySQLi\Connection->execute('SELECT mm.modul...')
#2 C:\wamp64\www\correspondencia-ucad\system\Database\BaseConnection.php(598): CodeIgniter\Database\BaseConnection->simpleQuery('SELECT mm.modul...')
#3 C:\wamp64\www\correspondencia-ucad\app\Models\modAdministracion\RolModMenuModel.php(42): CodeIgniter\Database\BaseConnection->query('SELECT mm.modul...')
#4 C:\wamp64\www\correspondencia-ucad\app\Controllers\modAdministracion\RolModMenuController.php(63): App\Models\modAdministracion\RolModMenuModel->getModMenu('vendors')
#5 C:\wamp64\www\correspondencia-ucad\system\CodeIgniter.php(825): App\Controllers\modAdministracion\RolModMenuController->editar('vendors', 'jquery', 'dist', 'jquery.min.js')
#6 C:\wamp64\www\correspondencia-ucad\system\CodeIgniter.php(412): CodeIgniter\CodeIgniter->runController(Object(App\Controllers\modAdministracion\RolModMenuController))
#7 C:\wamp64\www\correspondencia-ucad\system\CodeIgniter.php(320): CodeIgniter\CodeIgniter->handleRequest(NULL, Object(Config\Cache), false)
#8 C:\wamp64\www\correspondencia-ucad\public\index.php(37): CodeIgniter\CodeIgniter->run()
#9 {main}
ERROR - 2022-05-08 17:17:44 --> Unknown column 'vendors' in 'where clause'
ERROR - 2022-05-08 17:17:44 --> Unknown column 'vendors' in 'where clause'
CRITICAL - 2022-05-08 17:17:44 --> Unknown column 'vendors' in 'where clause'
#0 C:\wamp64\www\correspondencia-ucad\system\Database\MySQLi\Connection.php(292): mysqli->query('SELECT mm.modul...', 0)
#1 C:\wamp64\www\correspondencia-ucad\system\Database\BaseConnection.php(670): CodeIgniter\Database\MySQLi\Connection->execute('SELECT mm.modul...')
#2 C:\wamp64\www\correspondencia-ucad\system\Database\BaseConnection.php(598): CodeIgniter\Database\BaseConnection->simpleQuery('SELECT mm.modul...')
#3 C:\wamp64\www\correspondencia-ucad\app\Models\modAdministracion\RolModMenuModel.php(42): CodeIgniter\Database\BaseConnection->query('SELECT mm.modul...')
#4 C:\wamp64\www\correspondencia-ucad\app\Controllers\modAdministracion\RolModMenuController.php(63): App\Models\modAdministracion\RolModMenuModel->getModMenu('vendors')
#5 C:\wamp64\www\correspondencia-ucad\system\CodeIgniter.php(825): App\Controllers\modAdministracion\RolModMenuController->editar('vendors', 'nprogress', 'nprogress.js')
#6 C:\wamp64\www\correspondencia-ucad\system\CodeIgniter.php(412): CodeIgniter\CodeIgniter->runController(Object(App\Controllers\modAdministracion\RolModMenuController))
#7 C:\wamp64\www\correspondencia-ucad\system\CodeIgniter.php(320): CodeIgniter\CodeIgniter->handleRequest(NULL, Object(Config\Cache), false)
#8 C:\wamp64\www\correspondencia-ucad\public\index.php(37): CodeIgniter\CodeIgniter->run()
#9 {main}
ERROR - 2022-05-08 17:17:44 --> Unknown column 'vendors' in 'where clause'
CRITICAL - 2022-05-08 17:17:44 --> Unknown column 'vendors' in 'where clause'
#0 C:\wamp64\www\correspondencia-ucad\system\Database\MySQLi\Connection.php(292): mysqli->query('SELECT mm.modul...', 0)
#1 C:\wamp64\www\correspondencia-ucad\system\Database\BaseConnection.php(670): CodeIgniter\Database\MySQLi\Connection->execute('SELECT mm.modul...')
#2 C:\wamp64\www\correspondencia-ucad\system\Database\BaseConnection.php(598): CodeIgniter\Database\BaseConnection->simpleQuery('SELECT mm.modul...')
#3 C:\wamp64\www\correspondencia-ucad\app\Models\modAdministracion\RolModMenuModel.php(42): CodeIgniter\Database\BaseConnection->query('SELECT mm.modul...')
#4 C:\wamp64\www\correspondencia-ucad\app\Controllers\modAdministracion\RolModMenuController.php(63): App\Models\modAdministracion\RolModMenuModel->getModMenu('vendors')
#5 C:\wamp64\www\correspondencia-ucad\system\CodeIgniter.php(825): App\Controllers\modAdministracion\RolModMenuController->editar('vendors', 'bootstrap', 'dist', 'js', 'bootstrap.bundl...')
#6 C:\wamp64\www\correspondencia-ucad\system\CodeIgniter.php(412): CodeIgniter\CodeIgniter->runController(Object(App\Controllers\modAdministracion\RolModMenuController))
#7 C:\wamp64\www\correspondencia-ucad\system\CodeIgniter.php(320): CodeIgniter\CodeIgniter->handleRequest(NULL, Object(Config\Cache), false)
#8 C:\wamp64\www\correspondencia-ucad\public\index.php(37): CodeIgniter\CodeIgniter->run()
#9 {main}
CRITICAL - 2022-05-08 17:17:44 --> Unknown column 'vendors' in 'where clause'
#0 C:\wamp64\www\correspondencia-ucad\system\Database\MySQLi\Connection.php(292): mysqli->query('SELECT mm.modul...', 0)
#1 C:\wamp64\www\correspondencia-ucad\system\Database\BaseConnection.php(670): CodeIgniter\Database\MySQLi\Connection->execute('SELECT mm.modul...')
#2 C:\wamp64\www\correspondencia-ucad\system\Database\BaseConnection.php(598): CodeIgniter\Database\BaseConnection->simpleQuery('SELECT mm.modul...')
#3 C:\wamp64\www\correspondencia-ucad\app\Models\modAdministracion\RolModMenuModel.php(42): CodeIgniter\Database\BaseConnection->query('SELECT mm.modul...')
#4 C:\wamp64\www\correspondencia-ucad\app\Controllers\modAdministracion\RolModMenuController.php(63): App\Models\modAdministracion\RolModMenuModel->getModMenu('vendors')
#5 C:\wamp64\www\correspondencia-ucad\system\CodeIgniter.php(825): App\Controllers\modAdministracion\RolModMenuController->editar('vendors', 'fastclick', 'lib', 'fastclick.js')
#6 C:\wamp64\www\correspondencia-ucad\system\CodeIgniter.php(412): CodeIgniter\CodeIgniter->runController(Object(App\Controllers\modAdministracion\RolModMenuController))
#7 C:\wamp64\www\correspondencia-ucad\system\CodeIgniter.php(320): CodeIgniter\CodeIgniter->handleRequest(NULL, Object(Config\Cache), false)
#8 C:\wamp64\www\correspondencia-ucad\public\index.php(37): CodeIgniter\CodeIgniter->run()
#9 {main}
ERROR - 2022-05-08 17:17:44 --> Unknown column 'vendors' in 'where clause'
CRITICAL - 2022-05-08 17:17:44 --> Unknown column 'vendors' in 'where clause'
#0 C:\wamp64\www\correspondencia-ucad\system\Database\MySQLi\Connection.php(292): mysqli->query('SELECT mm.modul...', 0)
#1 C:\wamp64\www\correspondencia-ucad\system\Database\BaseConnection.php(670): CodeIgniter\Database\MySQLi\Connection->execute('SELECT mm.modul...')
#2 C:\wamp64\www\correspondencia-ucad\system\Database\BaseConnection.php(598): CodeIgniter\Database\BaseConnection->simpleQuery('SELECT mm.modul...')
#3 C:\wamp64\www\correspondencia-ucad\app\Models\modAdministracion\RolModMenuModel.php(42): CodeIgniter\Database\BaseConnection->query('SELECT mm.modul...')
#4 C:\wamp64\www\correspondencia-ucad\app\Controllers\modAdministracion\RolModMenuController.php(63): App\Models\modAdministracion\RolModMenuModel->getModMenu('vendors')
#5 C:\wamp64\www\correspondencia-ucad\system\CodeIgniter.php(825): App\Controllers\modAdministracion\RolModMenuController->editar('vendors', 'Chart.js', 'dist', 'Chart.min.js')
#6 C:\wamp64\www\correspondencia-ucad\system\CodeIgniter.php(412): CodeIgniter\CodeIgniter->runController(Object(App\Controllers\modAdministracion\RolModMenuController))
#7 C:\wamp64\www\correspondencia-ucad\system\CodeIgniter.php(320): CodeIgniter\CodeIgniter->handleRequest(NULL, Object(Config\Cache), false)
#8 C:\wamp64\www\correspondencia-ucad\public\index.php(37): CodeIgniter\CodeIgniter->run()
#9 {main}
ERROR - 2022-05-08 17:17:44 --> Unknown column 'vendors' in 'where clause'
ERROR - 2022-05-08 17:17:44 --> Unknown column 'vendors' in 'where clause'
CRITICAL - 2022-05-08 17:17:44 --> Unknown column 'vendors' in 'where clause'
#0 C:\wamp64\www\correspondencia-ucad\system\Database\MySQLi\Connection.php(292): mysqli->query('SELECT mm.modul...', 0)
#1 C:\wamp64\www\correspondencia-ucad\system\Database\BaseConnection.php(670): CodeIgniter\Database\MySQLi\Connection->execute('SELECT mm.modul...')
#2 C:\wamp64\www\correspondencia-ucad\system\Database\BaseConnection.php(598): CodeIgniter\Database\BaseConnection->simpleQuery('SELECT mm.modul...')
#3 C:\wamp64\www\correspondencia-ucad\app\Models\modAdministracion\RolModMenuModel.php(42): CodeIgniter\Database\BaseConnection->query('SELECT mm.modul...')
#4 C:\wamp64\www\correspondencia-ucad\app\Controllers\modAdministracion\RolModMenuController.php(63): App\Models\modAdministracion\RolModMenuModel->getModMenu('vendors')
#5 C:\wamp64\www\correspondencia-ucad\system\CodeIgniter.php(825): App\Controllers\modAdministracion\RolModMenuController->editar('vendors', 'gauge.js', 'dist', 'gauge.min.js')
#6 C:\wamp64\www\correspondencia-ucad\system\CodeIgniter.php(412): CodeIgniter\CodeIgniter->runController(Object(App\Controllers\modAdministracion\RolModMenuController))
#7 C:\wamp64\www\correspondencia-ucad\system\CodeIgniter.php(320): CodeIgniter\CodeIgniter->handleRequest(NULL, Object(Config\Cache), false)
#8 C:\wamp64\www\correspondencia-ucad\public\index.php(37): CodeIgniter\CodeIgniter->run()
#9 {main}
ERROR - 2022-05-08 17:17:44 --> Unknown column 'images' in 'where clause'
CRITICAL - 2022-05-08 17:17:44 --> Unknown column 'vendors' in 'where clause'
#0 C:\wamp64\www\correspondencia-ucad\system\Database\MySQLi\Connection.php(292): mysqli->query('SELECT mm.modul...', 0)
#1 C:\wamp64\www\correspondencia-ucad\system\Database\BaseConnection.php(670): CodeIgniter\Database\MySQLi\Connection->execute('SELECT mm.modul...')
#2 C:\wamp64\www\correspondencia-ucad\system\Database\BaseConnection.php(598): CodeIgniter\Database\BaseConnection->simpleQuery('SELECT mm.modul...')
#3 C:\wamp64\www\correspondencia-ucad\app\Models\modAdministracion\RolModMenuModel.php(42): CodeIgniter\Database\BaseConnection->query('SELECT mm.modul...')
#4 C:\wamp64\www\correspondencia-ucad\app\Controllers\modAdministracion\RolModMenuController.php(63): App\Models\modAdministracion\RolModMenuModel->getModMenu('vendors')
#5 C:\wamp64\www\correspondencia-ucad\system\CodeIgniter.php(825): App\Controllers\modAdministracion\RolModMenuController->editar('vendors', 'bootstrap-progr...', 'bootstrap-progr...')
#6 C:\wamp64\www\correspondencia-ucad\system\CodeIgniter.php(412): CodeIgniter\CodeIgniter->runController(Object(App\Controllers\modAdministracion\RolModMenuController))
#7 C:\wamp64\www\correspondencia-ucad\system\CodeIgniter.php(320): CodeIgniter\CodeIgniter->handleRequest(NULL, Object(Config\Cache), false)
#8 C:\wamp64\www\correspondencia-ucad\public\index.php(37): CodeIgniter\CodeIgniter->run()
#9 {main}
CRITICAL - 2022-05-08 17:17:44 --> Unknown column 'images' in 'where clause'
#0 C:\wamp64\www\correspondencia-ucad\system\Database\MySQLi\Connection.php(292): mysqli->query('SELECT mm.modul...', 0)
#1 C:\wamp64\www\correspondencia-ucad\system\Database\BaseConnection.php(670): CodeIgniter\Database\MySQLi\Connection->execute('SELECT mm.modul...')
#2 C:\wamp64\www\correspondencia-ucad\system\Database\BaseConnection.php(598): CodeIgniter\Database\BaseConnection->simpleQuery('SELECT mm.modul...')
#3 C:\wamp64\www\correspondencia-ucad\app\Models\modAdministracion\RolModMenuModel.php(42): CodeIgniter\Database\BaseConnection->query('SELECT mm.modul...')
#4 C:\wamp64\www\correspondencia-ucad\app\Controllers\modAdministracion\RolModMenuController.php(63): App\Models\modAdministracion\RolModMenuModel->getModMenu('images')
#5 C:\wamp64\www\correspondencia-ucad\system\CodeIgniter.php(825): App\Controllers\modAdministracion\RolModMenuController->editar('images', 'logo.jpeg')
#6 C:\wamp64\www\correspondencia-ucad\system\CodeIgniter.php(412): CodeIgniter\CodeIgniter->runController(Object(App\Controllers\modAdministracion\RolModMenuController))
#7 C:\wamp64\www\correspondencia-ucad\system\CodeIgniter.php(320): CodeIgniter\CodeIgniter->handleRequest(NULL, Object(Config\Cache), false)
#8 C:\wamp64\www\correspondencia-ucad\public\index.php(37): CodeIgniter\CodeIgniter->run()
#9 {main}
ERROR - 2022-05-08 17:17:44 --> Unknown column 'images' in 'where clause'
CRITICAL - 2022-05-08 17:17:44 --> Unknown column 'images' in 'where clause'
#0 C:\wamp64\www\correspondencia-ucad\system\Database\MySQLi\Connection.php(292): mysqli->query('SELECT mm.modul...', 0)
#1 C:\wamp64\www\correspondencia-ucad\system\Database\BaseConnection.php(670): CodeIgniter\Database\MySQLi\Connection->execute('SELECT mm.modul...')
#2 C:\wamp64\www\correspondencia-ucad\system\Database\BaseConnection.php(598): CodeIgniter\Database\BaseConnection->simpleQuery('SELECT mm.modul...')
#3 C:\wamp64\www\correspondencia-ucad\app\Models\modAdministracion\RolModMenuModel.php(42): CodeIgniter\Database\BaseConnection->query('SELECT mm.modul...')
#4 C:\wamp64\www\correspondencia-ucad\app\Controllers\modAdministracion\RolModMenuController.php(63): App\Models\modAdministracion\RolModMenuModel->getModMenu('images')
#5 C:\wamp64\www\correspondencia-ucad\system\CodeIgniter.php(825): App\Controllers\modAdministracion\RolModMenuController->editar('images', 'img.jpg')
#6 C:\wamp64\www\correspondencia-ucad\system\CodeIgniter.php(412): CodeIgniter\CodeIgniter->runController(Object(App\Controllers\modAdministracion\RolModMenuController))
#7 C:\wamp64\www\correspondencia-ucad\system\CodeIgniter.php(320): CodeIgniter\CodeIgniter->handleRequest(NULL, Object(Config\Cache), false)
#8 C:\wamp64\www\correspondencia-ucad\public\index.php(37): CodeIgniter\CodeIgniter->run()
#9 {main}
ERROR - 2022-05-08 17:17:44 --> Unknown column 'vendors' in 'where clause'
CRITICAL - 2022-05-08 17:17:44 --> Unknown column 'vendors' in 'where clause'
#0 C:\wamp64\www\correspondencia-ucad\system\Database\MySQLi\Connection.php(292): mysqli->query('SELECT mm.modul...', 0)
#1 C:\wamp64\www\correspondencia-ucad\system\Database\BaseConnection.php(670): CodeIgniter\Database\MySQLi\Connection->execute('SELECT mm.modul...')
#2 C:\wamp64\www\correspondencia-ucad\system\Database\BaseConnection.php(598): CodeIgniter\Database\BaseConnection->simpleQuery('SELECT mm.modul...')
#3 C:\wamp64\www\correspondencia-ucad\app\Models\modAdministracion\RolModMenuModel.php(42): CodeIgniter\Database\BaseConnection->query('SELECT mm.modul...')
#4 C:\wamp64\www\correspondencia-ucad\app\Controllers\modAdministracion\RolModMenuController.php(63): App\Models\modAdministracion\RolModMenuModel->getModMenu('vendors')
#5 C:\wamp64\www\correspondencia-ucad\system\CodeIgniter.php(825): App\Controllers\modAdministracion\RolModMenuController->editar('vendors', 'iCheck', 'icheck.min.js')
#6 C:\wamp64\www\correspondencia-ucad\system\CodeIgniter.php(412): CodeIgniter\CodeIgniter->runController(Object(App\Controllers\modAdministracion\RolModMenuController))
#7 C:\wamp64\www\correspondencia-ucad\system\CodeIgniter.php(320): CodeIgniter\CodeIgniter->handleRequest(NULL, Object(Config\Cache), false)
#8 C:\wamp64\www\correspondencia-ucad\public\index.php(37): CodeIgniter\CodeIgniter->run()
#9 {main}
ERROR - 2022-05-08 17:17:44 --> Unknown column 'vendors' in 'where clause'
CRITICAL - 2022-05-08 17:17:44 --> Unknown column 'vendors' in 'where clause'
#0 C:\wamp64\www\correspondencia-ucad\system\Database\MySQLi\Connection.php(292): mysqli->query('SELECT mm.modul...', 0)
#1 C:\wamp64\www\correspondencia-ucad\system\Database\BaseConnection.php(670): CodeIgniter\Database\MySQLi\Connection->execute('SELECT mm.modul...')
#2 C:\wamp64\www\correspondencia-ucad\system\Database\BaseConnection.php(598): CodeIgniter\Database\BaseConnection->simpleQuery('SELECT mm.modul...')
#3 C:\wamp64\www\correspondencia-ucad\app\Models\modAdministracion\RolModMenuModel.php(42): CodeIgniter\Database\BaseConnection->query('SELECT mm.modul...')
#4 C:\wamp64\www\correspondencia-ucad\app\Controllers\modAdministracion\RolModMenuController.php(63): App\Models\modAdministracion\RolModMenuModel->getModMenu('vendors')
#5 C:\wamp64\www\correspondencia-ucad\system\CodeIgniter.php(825): App\Controllers\modAdministracion\RolModMenuController->editar('vendors', 'skycons', 'skycons.js')
#6 C:\wamp64\www\correspondencia-ucad\system\CodeIgniter.php(412): CodeIgniter\CodeIgniter->runController(Object(App\Controllers\modAdministracion\RolModMenuController))
#7 C:\wamp64\www\correspondencia-ucad\system\CodeIgniter.php(320): CodeIgniter\CodeIgniter->handleRequest(NULL, Object(Config\Cache), false)
#8 C:\wamp64\www\correspondencia-ucad\public\index.php(37): CodeIgniter\CodeIgniter->run()
#9 {main}
ERROR - 2022-05-08 17:17:45 --> Unknown column 'vendors' in 'where clause'
ERROR - 2022-05-08 17:17:45 --> Unknown column 'vendors' in 'where clause'
ERROR - 2022-05-08 17:17:45 --> Unknown column 'vendors' in 'where clause'
CRITICAL - 2022-05-08 17:17:45 --> Unknown column 'vendors' in 'where clause'
#0 C:\wamp64\www\correspondencia-ucad\system\Database\MySQLi\Connection.php(292): mysqli->query('SELECT mm.modul...', 0)
#1 C:\wamp64\www\correspondencia-ucad\system\Database\BaseConnection.php(670): CodeIgniter\Database\MySQLi\Connection->execute('SELECT mm.modul...')
#2 C:\wamp64\www\correspondencia-ucad\system\Database\BaseConnection.php(598): CodeIgniter\Database\BaseConnection->simpleQuery('SELECT mm.modul...')
#3 C:\wamp64\www\correspondencia-ucad\app\Models\modAdministracion\RolModMenuModel.php(42): CodeIgniter\Database\BaseConnection->query('SELECT mm.modul...')
#4 C:\wamp64\www\correspondencia-ucad\app\Controllers\modAdministracion\RolModMenuController.php(63): App\Models\modAdministracion\RolModMenuModel->getModMenu('vendors')
#5 C:\wamp64\www\correspondencia-ucad\system\CodeIgniter.php(825): App\Controllers\modAdministracion\RolModMenuController->editar('vendors', 'Flot', 'jquery.flot.tim...')
#6 C:\wamp64\www\correspondencia-ucad\system\CodeIgniter.php(412): CodeIgniter\CodeIgniter->runController(Object(App\Controllers\modAdministracion\RolModMenuController))
#7 C:\wamp64\www\correspondencia-ucad\system\CodeIgniter.php(320): CodeIgniter\CodeIgniter->handleRequest(NULL, Object(Config\Cache), false)
#8 C:\wamp64\www\correspondencia-ucad\public\index.php(37): CodeIgniter\CodeIgniter->run()
#9 {main}
CRITICAL - 2022-05-08 17:17:45 --> Unknown column 'vendors' in 'where clause'
#0 C:\wamp64\www\correspondencia-ucad\system\Database\MySQLi\Connection.php(292): mysqli->query('SELECT mm.modul...', 0)
#1 C:\wamp64\www\correspondencia-ucad\system\Database\BaseConnection.php(670): CodeIgniter\Database\MySQLi\Connection->execute('SELECT mm.modul...')
#2 C:\wamp64\www\correspondencia-ucad\system\Database\BaseConnection.php(598): CodeIgniter\Database\BaseConnection->simpleQuery('SELECT mm.modul...')
#3 C:\wamp64\www\correspondencia-ucad\app\Models\modAdministracion\RolModMenuModel.php(42): CodeIgniter\Database\BaseConnection->query('SELECT mm.modul...')
#4 C:\wamp64\www\correspondencia-ucad\app\Controllers\modAdministracion\RolModMenuController.php(63): App\Models\modAdministracion\RolModMenuModel->getModMenu('vendors')
#5 C:\wamp64\www\correspondencia-ucad\system\CodeIgniter.php(825): App\Controllers\modAdministracion\RolModMenuController->editar('vendors', 'Flot', 'jquery.flot.pie...')
#6 C:\wamp64\www\correspondencia-ucad\system\CodeIgniter.php(412): CodeIgniter\CodeIgniter->runController(Object(App\Controllers\modAdministracion\RolModMenuController))
#7 C:\wamp64\www\correspondencia-ucad\system\CodeIgniter.php(320): CodeIgniter\CodeIgniter->handleRequest(NULL, Object(Config\Cache), false)
#8 C:\wamp64\www\correspondencia-ucad\public\index.php(37): CodeIgniter\CodeIgniter->run()
#9 {main}
CRITICAL - 2022-05-08 17:17:45 --> Unknown column 'vendors' in 'where clause'
#0 C:\wamp64\www\correspondencia-ucad\system\Database\MySQLi\Connection.php(292): mysqli->query('SELECT mm.modul...', 0)
#1 C:\wamp64\www\correspondencia-ucad\system\Database\BaseConnection.php(670): CodeIgniter\Database\MySQLi\Connection->execute('SELECT mm.modul...')
#2 C:\wamp64\www\correspondencia-ucad\system\Database\BaseConnection.php(598): CodeIgniter\Database\BaseConnection->simpleQuery('SELECT mm.modul...')
#3 C:\wamp64\www\correspondencia-ucad\app\Models\modAdministracion\RolModMenuModel.php(42): CodeIgniter\Database\BaseConnection->query('SELECT mm.modul...')
#4 C:\wamp64\www\correspondencia-ucad\app\Controllers\modAdministracion\RolModMenuController.php(63): App\Models\modAdministracion\RolModMenuModel->getModMenu('vendors')
#5 C:\wamp64\www\correspondencia-ucad\system\CodeIgniter.php(825): App\Controllers\modAdministracion\RolModMenuController->editar('vendors', 'Flot', 'jquery.flot.js')
#6 C:\wamp64\www\correspondencia-ucad\system\CodeIgniter.php(412): CodeIgniter\CodeIgniter->runController(Object(App\Controllers\modAdministracion\RolModMenuController))
#7 C:\wamp64\www\correspondencia-ucad\system\CodeIgniter.php(320): CodeIgniter\CodeIgniter->handleRequest(NULL, Object(Config\Cache), false)
#8 C:\wamp64\www\correspondencia-ucad\public\index.php(37): CodeIgniter\CodeIgniter->run()
#9 {main}
ERROR - 2022-05-08 17:17:45 --> Unknown column 'vendors' in 'where clause'
CRITICAL - 2022-05-08 17:17:45 --> Unknown column 'vendors' in 'where clause'
#0 C:\wamp64\www\correspondencia-ucad\system\Database\MySQLi\Connection.php(292): mysqli->query('SELECT mm.modul...', 0)
#1 C:\wamp64\www\correspondencia-ucad\system\Database\BaseConnection.php(670): CodeIgniter\Database\MySQLi\Connection->execute('SELECT mm.modul...')
#2 C:\wamp64\www\correspondencia-ucad\system\Database\BaseConnection.php(598): CodeIgniter\Database\BaseConnection->simpleQuery('SELECT mm.modul...')
#3 C:\wamp64\www\correspondencia-ucad\app\Models\modAdministracion\RolModMenuModel.php(42): CodeIgniter\Database\BaseConnection->query('SELECT mm.modul...')
#4 C:\wamp64\www\correspondencia-ucad\app\Controllers\modAdministracion\RolModMenuController.php(63): App\Models\modAdministracion\RolModMenuModel->getModMenu('vendors')
#5 C:\wamp64\www\correspondencia-ucad\system\CodeIgniter.php(825): App\Controllers\modAdministracion\RolModMenuController->editar('vendors', 'Flot', 'jquery.flot.sta...')
#6 C:\wamp64\www\correspondencia-ucad\system\CodeIgniter.php(412): CodeIgniter\CodeIgniter->runController(Object(App\Controllers\modAdministracion\RolModMenuController))
#7 C:\wamp64\www\correspondencia-ucad\system\CodeIgniter.php(320): CodeIgniter\CodeIgniter->handleRequest(NULL, Object(Config\Cache), false)
#8 C:\wamp64\www\correspondencia-ucad\public\index.php(37): CodeIgniter\CodeIgniter->run()
#9 {main}
ERROR - 2022-05-08 17:17:45 --> Unknown column 'vendors' in 'where clause'
CRITICAL - 2022-05-08 17:17:45 --> Unknown column 'vendors' in 'where clause'
#0 C:\wamp64\www\correspondencia-ucad\system\Database\MySQLi\Connection.php(292): mysqli->query('SELECT mm.modul...', 0)
#1 C:\wamp64\www\correspondencia-ucad\system\Database\BaseConnection.php(670): CodeIgniter\Database\MySQLi\Connection->execute('SELECT mm.modul...')
#2 C:\wamp64\www\correspondencia-ucad\system\Database\BaseConnection.php(598): CodeIgniter\Database\BaseConnection->simpleQuery('SELECT mm.modul...')
#3 C:\wamp64\www\correspondencia-ucad\app\Models\modAdministracion\RolModMenuModel.php(42): CodeIgniter\Database\BaseConnection->query('SELECT mm.modul...')
#4 C:\wamp64\www\correspondencia-ucad\app\Controllers\modAdministracion\RolModMenuController.php(63): App\Models\modAdministracion\RolModMenuModel->getModMenu('vendors')
#5 C:\wamp64\www\correspondencia-ucad\system\CodeIgniter.php(825): App\Controllers\modAdministracion\RolModMenuController->editar('vendors', 'Flot', 'jquery.flot.res...')
#6 C:\wamp64\www\correspondencia-ucad\system\CodeIgniter.php(412): CodeIgniter\CodeIgniter->runController(Object(App\Controllers\modAdministracion\RolModMenuController))
#7 C:\wamp64\www\correspondencia-ucad\system\CodeIgniter.php(320): CodeIgniter\CodeIgniter->handleRequest(NULL, Object(Config\Cache), false)
#8 C:\wamp64\www\correspondencia-ucad\public\index.php(37): CodeIgniter\CodeIgniter->run()
#9 {main}
ERROR - 2022-05-08 17:17:45 --> Unknown column 'vendors' in 'where clause'
ERROR - 2022-05-08 17:17:45 --> Unknown column 'vendors' in 'where clause'
CRITICAL - 2022-05-08 17:17:45 --> Unknown column 'vendors' in 'where clause'
#0 C:\wamp64\www\correspondencia-ucad\system\Database\MySQLi\Connection.php(292): mysqli->query('SELECT mm.modul...', 0)
#1 C:\wamp64\www\correspondencia-ucad\system\Database\BaseConnection.php(670): CodeIgniter\Database\MySQLi\Connection->execute('SELECT mm.modul...')
#2 C:\wamp64\www\correspondencia-ucad\system\Database\BaseConnection.php(598): CodeIgniter\Database\BaseConnection->simpleQuery('SELECT mm.modul...')
#3 C:\wamp64\www\correspondencia-ucad\app\Models\modAdministracion\RolModMenuModel.php(42): CodeIgniter\Database\BaseConnection->query('SELECT mm.modul...')
#4 C:\wamp64\www\correspondencia-ucad\app\Controllers\modAdministracion\RolModMenuController.php(63): App\Models\modAdministracion\RolModMenuModel->getModMenu('vendors')
#5 C:\wamp64\www\correspondencia-ucad\system\CodeIgniter.php(825): App\Controllers\modAdministracion\RolModMenuController->editar('vendors', 'flot-spline', 'js', 'jquery.flot.spl...')
#6 C:\wamp64\www\correspondencia-ucad\system\CodeIgniter.php(412): CodeIgniter\CodeIgniter->runController(Object(App\Controllers\modAdministracion\RolModMenuController))
#7 C:\wamp64\www\correspondencia-ucad\system\CodeIgniter.php(320): CodeIgniter\CodeIgniter->handleRequest(NULL, Object(Config\Cache), false)
#8 C:\wamp64\www\correspondencia-ucad\public\index.php(37): CodeIgniter\CodeIgniter->run()
#9 {main}
ERROR - 2022-05-08 17:17:45 --> Unknown column 'vendors' in 'where clause'
CRITICAL - 2022-05-08 17:17:45 --> Unknown column 'vendors' in 'where clause'
#0 C:\wamp64\www\correspondencia-ucad\system\Database\MySQLi\Connection.php(292): mysqli->query('SELECT mm.modul...', 0)
#1 C:\wamp64\www\correspondencia-ucad\system\Database\BaseConnection.php(670): CodeIgniter\Database\MySQLi\Connection->execute('SELECT mm.modul...')
#2 C:\wamp64\www\correspondencia-ucad\system\Database\BaseConnection.php(598): CodeIgniter\Database\BaseConnection->simpleQuery('SELECT mm.modul...')
#3 C:\wamp64\www\correspondencia-ucad\app\Models\modAdministracion\RolModMenuModel.php(42): CodeIgniter\Database\BaseConnection->query('SELECT mm.modul...')
#4 C:\wamp64\www\correspondencia-ucad\app\Controllers\modAdministracion\RolModMenuController.php(63): App\Models\modAdministracion\RolModMenuModel->getModMenu('vendors')
#5 C:\wamp64\www\correspondencia-ucad\system\CodeIgniter.php(825): App\Controllers\modAdministracion\RolModMenuController->editar('vendors', 'flot.orderbars', 'js', 'jquery.flot.ord...')
#6 C:\wamp64\www\correspondencia-ucad\system\CodeIgniter.php(412): CodeIgniter\CodeIgniter->runController(Object(App\Controllers\modAdministracion\RolModMenuController))
#7 C:\wamp64\www\correspondencia-ucad\system\CodeIgniter.php(320): CodeIgniter\CodeIgniter->handleRequest(NULL, Object(Config\Cache), false)
#8 C:\wamp64\www\correspondencia-ucad\public\index.php(37): CodeIgniter\CodeIgniter->run()
#9 {main}
ERROR - 2022-05-08 17:17:45 --> Unknown column 'vendors' in 'where clause'
CRITICAL - 2022-05-08 17:17:45 --> Unknown column 'vendors' in 'where clause'
#0 C:\wamp64\www\correspondencia-ucad\system\Database\MySQLi\Connection.php(292): mysqli->query('SELECT mm.modul...', 0)
#1 C:\wamp64\www\correspondencia-ucad\system\Database\BaseConnection.php(670): CodeIgniter\Database\MySQLi\Connection->execute('SELECT mm.modul...')
#2 C:\wamp64\www\correspondencia-ucad\system\Database\BaseConnection.php(598): CodeIgniter\Database\BaseConnection->simpleQuery('SELECT mm.modul...')
#3 C:\wamp64\www\correspondencia-ucad\app\Models\modAdministracion\RolModMenuModel.php(42): CodeIgniter\Database\BaseConnection->query('SELECT mm.modul...')
#4 C:\wamp64\www\correspondencia-ucad\app\Controllers\modAdministracion\RolModMenuController.php(63): App\Models\modAdministracion\RolModMenuModel->getModMenu('vendors')
#5 C:\wamp64\www\correspondencia-ucad\system\CodeIgniter.php(825): App\Controllers\modAdministracion\RolModMenuController->editar('vendors', 'DateJS', 'build', 'date.js')
#6 C:\wamp64\www\correspondencia-ucad\system\CodeIgniter.php(412): CodeIgniter\CodeIgniter->runController(Object(App\Controllers\modAdministracion\RolModMenuController))
#7 C:\wamp64\www\correspondencia-ucad\system\CodeIgniter.php(320): CodeIgniter\CodeIgniter->handleRequest(NULL, Object(Config\Cache), false)
#8 C:\wamp64\www\correspondencia-ucad\public\index.php(37): CodeIgniter\CodeIgniter->run()
#9 {main}
CRITICAL - 2022-05-08 17:17:45 --> Unknown column 'vendors' in 'where clause'
#0 C:\wamp64\www\correspondencia-ucad\system\Database\MySQLi\Connection.php(292): mysqli->query('SELECT mm.modul...', 0)
#1 C:\wamp64\www\correspondencia-ucad\system\Database\BaseConnection.php(670): CodeIgniter\Database\MySQLi\Connection->execute('SELECT mm.modul...')
#2 C:\wamp64\www\correspondencia-ucad\system\Database\BaseConnection.php(598): CodeIgniter\Database\BaseConnection->simpleQuery('SELECT mm.modul...')
#3 C:\wamp64\www\correspondencia-ucad\app\Models\modAdministracion\RolModMenuModel.php(42): CodeIgniter\Database\BaseConnection->query('SELECT mm.modul...')
#4 C:\wamp64\www\correspondencia-ucad\app\Controllers\modAdministracion\RolModMenuController.php(63): App\Models\modAdministracion\RolModMenuModel->getModMenu('vendors')
#5 C:\wamp64\www\correspondencia-ucad\system\CodeIgniter.php(825): App\Controllers\modAdministracion\RolModMenuController->editar('vendors', 'flot.curvedline...', 'curvedLines.js')
#6 C:\wamp64\www\correspondencia-ucad\system\CodeIgniter.php(412): CodeIgniter\CodeIgniter->runController(Object(App\Controllers\modAdministracion\RolModMenuController))
#7 C:\wamp64\www\correspondencia-ucad\system\CodeIgniter.php(320): CodeIgniter\CodeIgniter->handleRequest(NULL, Object(Config\Cache), false)
#8 C:\wamp64\www\correspondencia-ucad\public\index.php(37): CodeIgniter\CodeIgniter->run()
#9 {main}
ERROR - 2022-05-08 17:17:45 --> Unknown column 'vendors' in 'where clause'
CRITICAL - 2022-05-08 17:17:45 --> Unknown column 'vendors' in 'where clause'
#0 C:\wamp64\www\correspondencia-ucad\system\Database\MySQLi\Connection.php(292): mysqli->query('SELECT mm.modul...', 0)
#1 C:\wamp64\www\correspondencia-ucad\system\Database\BaseConnection.php(670): CodeIgniter\Database\MySQLi\Connection->execute('SELECT mm.modul...')
#2 C:\wamp64\www\correspondencia-ucad\system\Database\BaseConnection.php(598): CodeIgniter\Database\BaseConnection->simpleQuery('SELECT mm.modul...')
#3 C:\wamp64\www\correspondencia-ucad\app\Models\modAdministracion\RolModMenuModel.php(42): CodeIgniter\Database\BaseConnection->query('SELECT mm.modul...')
#4 C:\wamp64\www\correspondencia-ucad\app\Controllers\modAdministracion\RolModMenuController.php(63): App\Models\modAdministracion\RolModMenuModel->getModMenu('vendors')
#5 C:\wamp64\www\correspondencia-ucad\system\CodeIgniter.php(825): App\Controllers\modAdministracion\RolModMenuController->editar('vendors', 'jqvmap', 'dist', 'jquery.vmap.js')
#6 C:\wamp64\www\correspondencia-ucad\system\CodeIgniter.php(412): CodeIgniter\CodeIgniter->runController(Object(App\Controllers\modAdministracion\RolModMenuController))
#7 C:\wamp64\www\correspondencia-ucad\system\CodeIgniter.php(320): CodeIgniter\CodeIgniter->handleRequest(NULL, Object(Config\Cache), false)
#8 C:\wamp64\www\correspondencia-ucad\public\index.php(37): CodeIgniter\CodeIgniter->run()
#9 {main}
ERROR - 2022-05-08 17:17:45 --> Unknown column 'vendors' in 'where clause'
CRITICAL - 2022-05-08 17:17:45 --> Unknown column 'vendors' in 'where clause'
#0 C:\wamp64\www\correspondencia-ucad\system\Database\MySQLi\Connection.php(292): mysqli->query('SELECT mm.modul...', 0)
#1 C:\wamp64\www\correspondencia-ucad\system\Database\BaseConnection.php(670): CodeIgniter\Database\MySQLi\Connection->execute('SELECT mm.modul...')
#2 C:\wamp64\www\correspondencia-ucad\system\Database\BaseConnection.php(598): CodeIgniter\Database\BaseConnection->simpleQuery('SELECT mm.modul...')
#3 C:\wamp64\www\correspondencia-ucad\app\Models\modAdministracion\RolModMenuModel.php(42): CodeIgniter\Database\BaseConnection->query('SELECT mm.modul...')
#4 C:\wamp64\www\correspondencia-ucad\app\Controllers\modAdministracion\RolModMenuController.php(63): App\Models\modAdministracion\RolModMenuModel->getModMenu('vendors')
#5 C:\wamp64\www\correspondencia-ucad\system\CodeIgniter.php(825): App\Controllers\modAdministracion\RolModMenuController->editar('vendors', 'jqvmap', 'dist', 'maps', 'jquery.vmap.wor...')
#6 C:\wamp64\www\correspondencia-ucad\system\CodeIgniter.php(412): CodeIgniter\CodeIgniter->runController(Object(App\Controllers\modAdministracion\RolModMenuController))
#7 C:\wamp64\www\correspondencia-ucad\system\CodeIgniter.php(320): CodeIgniter\CodeIgniter->handleRequest(NULL, Object(Config\Cache), false)
#8 C:\wamp64\www\correspondencia-ucad\public\index.php(37): CodeIgniter\CodeIgniter->run()
#9 {main}
ERROR - 2022-05-08 17:17:45 --> Unknown column 'vendors' in 'where clause'
ERROR - 2022-05-08 17:17:45 --> Unknown column 'vendors' in 'where clause'
CRITICAL - 2022-05-08 17:17:45 --> Unknown column 'vendors' in 'where clause'
#0 C:\wamp64\www\correspondencia-ucad\system\Database\MySQLi\Connection.php(292): mysqli->query('SELECT mm.modul...', 0)
#1 C:\wamp64\www\correspondencia-ucad\system\Database\BaseConnection.php(670): CodeIgniter\Database\MySQLi\Connection->execute('SELECT mm.modul...')
#2 C:\wamp64\www\correspondencia-ucad\system\Database\BaseConnection.php(598): CodeIgniter\Database\BaseConnection->simpleQuery('SELECT mm.modul...')
#3 C:\wamp64\www\correspondencia-ucad\app\Models\modAdministracion\RolModMenuModel.php(42): CodeIgniter\Database\BaseConnection->query('SELECT mm.modul...')
#4 C:\wamp64\www\correspondencia-ucad\app\Controllers\modAdministracion\RolModMenuController.php(63): App\Models\modAdministracion\RolModMenuModel->getModMenu('vendors')
#5 C:\wamp64\www\correspondencia-ucad\system\CodeIgniter.php(825): App\Controllers\modAdministracion\RolModMenuController->editar('vendors', 'moment', 'min', 'moment.min.js')
#6 C:\wamp64\www\correspondencia-ucad\system\CodeIgniter.php(412): CodeIgniter\CodeIgniter->runController(Object(App\Controllers\modAdministracion\RolModMenuController))
#7 C:\wamp64\www\correspondencia-ucad\system\CodeIgniter.php(320): CodeIgniter\CodeIgniter->handleRequest(NULL, Object(Config\Cache), false)
#8 C:\wamp64\www\correspondencia-ucad\public\index.php(37): CodeIgniter\CodeIgniter->run()
#9 {main}
CRITICAL - 2022-05-08 17:17:45 --> Unknown column 'vendors' in 'where clause'
#0 C:\wamp64\www\correspondencia-ucad\system\Database\MySQLi\Connection.php(292): mysqli->query('SELECT mm.modul...', 0)
#1 C:\wamp64\www\correspondencia-ucad\system\Database\BaseConnection.php(670): CodeIgniter\Database\MySQLi\Connection->execute('SELECT mm.modul...')
#2 C:\wamp64\www\correspondencia-ucad\system\Database\BaseConnection.php(598): CodeIgniter\Database\BaseConnection->simpleQuery('SELECT mm.modul...')
#3 C:\wamp64\www\correspondencia-ucad\app\Models\modAdministracion\RolModMenuModel.php(42): CodeIgniter\Database\BaseConnection->query('SELECT mm.modul...')
#4 C:\wamp64\www\correspondencia-ucad\app\Controllers\modAdministracion\RolModMenuController.php(63): App\Models\modAdministracion\RolModMenuModel->getModMenu('vendors')
#5 C:\wamp64\www\correspondencia-ucad\system\CodeIgniter.php(825): App\Controllers\modAdministracion\RolModMenuController->editar('vendors', 'jqvmap', 'examples', 'js', 'jquery.vmap.sam...')
#6 C:\wamp64\www\correspondencia-ucad\system\CodeIgniter.php(412): CodeIgniter\CodeIgniter->runController(Object(App\Controllers\modAdministracion\RolModMenuController))
#7 C:\wamp64\www\correspondencia-ucad\system\CodeIgniter.php(320): CodeIgniter\CodeIgniter->handleRequest(NULL, Object(Config\Cache), false)
#8 C:\wamp64\www\correspondencia-ucad\public\index.php(37): CodeIgniter\CodeIgniter->run()
#9 {main}
ERROR - 2022-05-08 17:17:45 --> Unknown column 'vendors' in 'where clause'
CRITICAL - 2022-05-08 17:17:45 --> Unknown column 'vendors' in 'where clause'
#0 C:\wamp64\www\correspondencia-ucad\system\Database\MySQLi\Connection.php(292): mysqli->query('SELECT mm.modul...', 0)
#1 C:\wamp64\www\correspondencia-ucad\system\Database\BaseConnection.php(670): CodeIgniter\Database\MySQLi\Connection->execute('SELECT mm.modul...')
#2 C:\wamp64\www\correspondencia-ucad\system\Database\BaseConnection.php(598): CodeIgniter\Database\BaseConnection->simpleQuery('SELECT mm.modul...')
#3 C:\wamp64\www\correspondencia-ucad\app\Models\modAdministracion\RolModMenuModel.php(42): CodeIgniter\Database\BaseConnection->query('SELECT mm.modul...')
#4 C:\wamp64\www\correspondencia-ucad\app\Controllers\modAdministracion\RolModMenuController.php(63): App\Models\modAdministracion\RolModMenuModel->getModMenu('vendors')
#5 C:\wamp64\www\correspondencia-ucad\system\CodeIgniter.php(825): App\Controllers\modAdministracion\RolModMenuController->editar('vendors', 'bootstrap-dater...', 'daterangepicker...')
#6 C:\wamp64\www\correspondencia-ucad\system\CodeIgniter.php(412): CodeIgniter\CodeIgniter->runController(Object(App\Controllers\modAdministracion\RolModMenuController))
#7 C:\wamp64\www\correspondencia-ucad\system\CodeIgniter.php(320): CodeIgniter\CodeIgniter->handleRequest(NULL, Object(Config\Cache), false)
#8 C:\wamp64\www\correspondencia-ucad\public\index.php(37): CodeIgniter\CodeIgniter->run()
#9 {main}
ERROR - 2022-05-08 17:17:45 --> Unknown column 'build' in 'where clause'
CRITICAL - 2022-05-08 17:17:45 --> Unknown column 'build' in 'where clause'
#0 C:\wamp64\www\correspondencia-ucad\system\Database\MySQLi\Connection.php(292): mysqli->query('SELECT mm.modul...', 0)
#1 C:\wamp64\www\correspondencia-ucad\system\Database\BaseConnection.php(670): CodeIgniter\Database\MySQLi\Connection->execute('SELECT mm.modul...')
#2 C:\wamp64\www\correspondencia-ucad\system\Database\BaseConnection.php(598): CodeIgniter\Database\BaseConnection->simpleQuery('SELECT mm.modul...')
#3 C:\wamp64\www\correspondencia-ucad\app\Models\modAdministracion\RolModMenuModel.php(42): CodeIgniter\Database\BaseConnection->query('SELECT mm.modul...')
#4 C:\wamp64\www\correspondencia-ucad\app\Controllers\modAdministracion\RolModMenuController.php(63): App\Models\modAdministracion\RolModMenuModel->getModMenu('build')
#5 C:\wamp64\www\correspondencia-ucad\system\CodeIgniter.php(825): App\Controllers\modAdministracion\RolModMenuController->editar('build', 'js', 'custom.min.js')
#6 C:\wamp64\www\correspondencia-ucad\system\CodeIgniter.php(412): CodeIgniter\CodeIgniter->runController(Object(App\Controllers\modAdministracion\RolModMenuController))
#7 C:\wamp64\www\correspondencia-ucad\system\CodeIgniter.php(320): CodeIgniter\CodeIgniter->handleRequest(NULL, Object(Config\Cache), false)
#8 C:\wamp64\www\correspondencia-ucad\public\index.php(37): CodeIgniter\CodeIgniter->run()
#9 {main}
ERROR - 2022-05-08 17:17:45 --> Unknown column 'sweetalert2' in 'where clause'
CRITICAL - 2022-05-08 17:17:45 --> Unknown column 'sweetalert2' in 'where clause'
#0 C:\wamp64\www\correspondencia-ucad\system\Database\MySQLi\Connection.php(292): mysqli->query('SELECT mm.modul...', 0)
#1 C:\wamp64\www\correspondencia-ucad\system\Database\BaseConnection.php(670): CodeIgniter\Database\MySQLi\Connection->execute('SELECT mm.modul...')
#2 C:\wamp64\www\correspondencia-ucad\system\Database\BaseConnection.php(598): CodeIgniter\Database\BaseConnection->simpleQuery('SELECT mm.modul...')
#3 C:\wamp64\www\correspondencia-ucad\app\Models\modAdministracion\RolModMenuModel.php(42): CodeIgniter\Database\BaseConnection->query('SELECT mm.modul...')
#4 C:\wamp64\www\correspondencia-ucad\app\Controllers\modAdministracion\RolModMenuController.php(63): App\Models\modAdministracion\RolModMenuModel->getModMenu('sweetalert2')
#5 C:\wamp64\www\correspondencia-ucad\system\CodeIgniter.php(825): App\Controllers\modAdministracion\RolModMenuController->editar('sweetalert2', 'sweetalert2.min...')
#6 C:\wamp64\www\correspondencia-ucad\system\CodeIgniter.php(412): CodeIgniter\CodeIgniter->runController(Object(App\Controllers\modAdministracion\RolModMenuController))
#7 C:\wamp64\www\correspondencia-ucad\system\CodeIgniter.php(320): CodeIgniter\CodeIgniter->handleRequest(NULL, Object(Config\Cache), false)
#8 C:\wamp64\www\correspondencia-ucad\public\index.php(37): CodeIgniter\CodeIgniter->run()
#9 {main}
ERROR - 2022-05-08 17:17:46 --> Unknown column 'images' in 'where clause'
CRITICAL - 2022-05-08 17:17:46 --> Unknown column 'images' in 'where clause'
#0 C:\wamp64\www\correspondencia-ucad\system\Database\MySQLi\Connection.php(292): mysqli->query('SELECT mm.modul...', 0)
#1 C:\wamp64\www\correspondencia-ucad\system\Database\BaseConnection.php(670): CodeIgniter\Database\MySQLi\Connection->execute('SELECT mm.modul...')
#2 C:\wamp64\www\correspondencia-ucad\system\Database\BaseConnection.php(598): CodeIgniter\Database\BaseConnection->simpleQuery('SELECT mm.modul...')
#3 C:\wamp64\www\correspondencia-ucad\app\Models\modAdministracion\RolModMenuModel.php(42): CodeIgniter\Database\BaseConnection->query('SELECT mm.modul...')
#4 C:\wamp64\www\correspondencia-ucad\app\Controllers\modAdministracion\RolModMenuController.php(63): App\Models\modAdministracion\RolModMenuModel->getModMenu('images')
#5 C:\wamp64\www\correspondencia-ucad\system\CodeIgniter.php(825): App\Controllers\modAdministracion\RolModMenuController->editar('images', 'favicon.ico')
#6 C:\wamp64\www\correspondencia-ucad\system\CodeIgniter.php(412): CodeIgniter\CodeIgniter->runController(Object(App\Controllers\modAdministracion\RolModMenuController))
#7 C:\wamp64\www\correspondencia-ucad\system\CodeIgniter.php(320): CodeIgniter\CodeIgniter->handleRequest(NULL, Object(Config\Cache), false)
#8 C:\wamp64\www\correspondencia-ucad\public\index.php(37): CodeIgniter\CodeIgniter->run()
#9 {main}
CRITICAL - 2022-05-08 17:35:29 --> Trying to get property 'modulo' of non-object
#0 C:\wamp64\www\correspondencia-ucad\app\Views\modAdministracion\editRolModMenu.php(43): CodeIgniter\Debug\Exceptions->errorHandler(8, 'Trying to get p...', 'C:\\wamp64\\www\\c...', 43, Array)
#1 C:\wamp64\www\correspondencia-ucad\system\View\View.php(210): include('C:\\wamp64\\www\\c...')
#2 C:\wamp64\www\correspondencia-ucad\system\View\View.php(213): CodeIgniter\View\View->CodeIgniter\View\{closure}()
#3 C:\wamp64\www\correspondencia-ucad\system\Common.php(1089): CodeIgniter\View\View->render('modAdministraci...', Array, true)
#4 C:\wamp64\www\correspondencia-ucad\app\Controllers\modAdministracion\RolModMenuController.php(70): view('modAdministraci...', Array)
#5 C:\wamp64\www\correspondencia-ucad\system\CodeIgniter.php(825): App\Controllers\modAdministracion\RolModMenuController->editar('2', '2')
#6 C:\wamp64\www\correspondencia-ucad\system\CodeIgniter.php(412): CodeIgniter\CodeIgniter->runController(Object(App\Controllers\modAdministracion\RolModMenuController))
#7 C:\wamp64\www\correspondencia-ucad\system\CodeIgniter.php(320): CodeIgniter\CodeIgniter->handleRequest(NULL, Object(Config\Cache), false)
#8 C:\wamp64\www\correspondencia-ucad\public\index.php(37): CodeIgniter\CodeIgniter->run()
#9 {main}
CRITICAL - 2022-05-08 18:15:01 --> syntax error, unexpected '$rolMenu' (T_VARIABLE), expecting '('
#0 C:\wamp64\www\correspondencia-ucad\system\View\View.php(213): CodeIgniter\View\View->CodeIgniter\View\{closure}()
#1 C:\wamp64\www\correspondencia-ucad\system\Common.php(1089): CodeIgniter\View\View->render('modAdministraci...', Array, true)
#2 C:\wamp64\www\correspondencia-ucad\app\Controllers\modAdministracion\RolModMenuController.php(71): view('modAdministraci...', Array)
#3 C:\wamp64\www\correspondencia-ucad\system\CodeIgniter.php(825): App\Controllers\modAdministracion\RolModMenuController->editar('2', '2')
#4 C:\wamp64\www\correspondencia-ucad\system\CodeIgniter.php(412): CodeIgniter\CodeIgniter->runController(Object(App\Controllers\modAdministracion\RolModMenuController))
#5 C:\wamp64\www\correspondencia-ucad\system\CodeIgniter.php(320): CodeIgniter\CodeIgniter->handleRequest(NULL, Object(Config\Cache), false)
#6 C:\wamp64\www\correspondencia-ucad\public\index.php(37): CodeIgniter\CodeIgniter->run()
#7 {main}
CRITICAL - 2022-05-08 18:35:38 --> Undefined variable: menu
#0 C:\wamp64\www\correspondencia-ucad\app\Views\modAdministracion\editRolModMenu.php(45): CodeIgniter\Debug\Exceptions->errorHandler(8, 'Undefined varia...', 'C:\\wamp64\\www\\c...', 45, Array)
#1 C:\wamp64\www\correspondencia-ucad\system\View\View.php(210): include('C:\\wamp64\\www\\c...')
#2 C:\wamp64\www\correspondencia-ucad\system\View\View.php(213): CodeIgniter\View\View->CodeIgniter\View\{closure}()
#3 C:\wamp64\www\correspondencia-ucad\system\Common.php(1089): CodeIgniter\View\View->render('modAdministraci...', Array, true)
#4 C:\wamp64\www\correspondencia-ucad\app\Controllers\modAdministracion\RolModMenuController.php(72): view('modAdministraci...', Array)
#5 C:\wamp64\www\correspondencia-ucad\system\CodeIgniter.php(825): App\Controllers\modAdministracion\RolModMenuController->editar('2', '2')
#6 C:\wamp64\www\correspondencia-ucad\system\CodeIgniter.php(412): CodeIgniter\CodeIgniter->runController(Object(App\Controllers\modAdministracion\RolModMenuController))
#7 C:\wamp64\www\correspondencia-ucad\system\CodeIgniter.php(320): CodeIgniter\CodeIgniter->handleRequest(NULL, Object(Config\Cache), false)
#8 C:\wamp64\www\correspondencia-ucad\public\index.php(37): CodeIgniter\CodeIgniter->run()
#9 {main}
CRITICAL - 2022-05-08 19:36:20 --> Invalid file: modAdministracion/editRolModMenu/2/2.php
#0 C:\wamp64\www\correspondencia-ucad\system\View\View.php(198): CodeIgniter\Exceptions\FrameworkException::forInvalidFile('modAdministraci...')
#1 C:\wamp64\www\correspondencia-ucad\system\Common.php(1089): CodeIgniter\View\View->render('modAdministraci...', Array, true)
#2 C:\wamp64\www\correspondencia-ucad\app\Controllers\modAdministracion\RolModMenuController.php(52): view('modAdministraci...', Array)
#3 C:\wamp64\www\correspondencia-ucad\system\CodeIgniter.php(825): App\Controllers\modAdministracion\RolModMenuController->editar('2', '2')
#4 C:\wamp64\www\correspondencia-ucad\system\CodeIgniter.php(412): CodeIgniter\CodeIgniter->runController(Object(App\Controllers\modAdministracion\RolModMenuController))
#5 C:\wamp64\www\correspondencia-ucad\system\CodeIgniter.php(320): CodeIgniter\CodeIgniter->handleRequest(NULL, Object(Config\Cache), false)
#6 C:\wamp64\www\correspondencia-ucad\public\index.php(37): CodeIgniter\CodeIgniter->run()
#7 {main}
CRITICAL - 2022-05-08 19:37:06 --> Invalid file: modAdministracion/editRolModMenu/.php
#0 C:\wamp64\www\correspondencia-ucad\system\View\View.php(198): CodeIgniter\Exceptions\FrameworkException::forInvalidFile('modAdministraci...')
#1 C:\wamp64\www\correspondencia-ucad\system\Common.php(1089): CodeIgniter\View\View->render('modAdministraci...', Array, true)
#2 C:\wamp64\www\correspondencia-ucad\app\Controllers\modAdministracion\RolModMenuController.php(52): view('modAdministraci...', Array)
#3 C:\wamp64\www\correspondencia-ucad\system\CodeIgniter.php(825): App\Controllers\modAdministracion\RolModMenuController->editar('2', '2')
#4 C:\wamp64\www\correspondencia-ucad\system\CodeIgniter.php(412): CodeIgniter\CodeIgniter->runController(Object(App\Controllers\modAdministracion\RolModMenuController))
#5 C:\wamp64\www\correspondencia-ucad\system\CodeIgniter.php(320): CodeIgniter\CodeIgniter->handleRequest(NULL, Object(Config\Cache), false)
#6 C:\wamp64\www\correspondencia-ucad\public\index.php(37): CodeIgniter\CodeIgniter->run()
#7 {main}
CRITICAL - 2022-05-08 19:37:30 --> Undefined index: rolId
#0 C:\wamp64\www\correspondencia-ucad\app\Controllers\modAdministracion\RolModMenuController.php(73): CodeIgniter\Debug\Exceptions->errorHandler(8, 'Undefined index...', 'C:\\wamp64\\www\\c...', 73, Array)
#1 C:\wamp64\www\correspondencia-ucad\system\CodeIgniter.php(825): App\Controllers\modAdministracion\RolModMenuController->editR()
#2 C:\wamp64\www\correspondencia-ucad\system\CodeIgniter.php(412): CodeIgniter\CodeIgniter->runController(Object(App\Controllers\modAdministracion\RolModMenuController))
#3 C:\wamp64\www\correspondencia-ucad\system\CodeIgniter.php(320): CodeIgniter\CodeIgniter->handleRequest(NULL, Object(Config\Cache), false)
#4 C:\wamp64\www\correspondencia-ucad\public\index.php(37): CodeIgniter\CodeIgniter->run()
#5 {main}
CRITICAL - 2022-05-08 19:38:43 --> Undefined index: rolId
#0 C:\wamp64\www\correspondencia-ucad\app\Controllers\modAdministracion\RolModMenuController.php(73): CodeIgniter\Debug\Exceptions->errorHandler(8, 'Undefined index...', 'C:\\wamp64\\www\\c...', 73, Array)
#1 C:\wamp64\www\correspondencia-ucad\system\CodeIgniter.php(825): App\Controllers\modAdministracion\RolModMenuController->editR()
#2 C:\wamp64\www\correspondencia-ucad\system\CodeIgniter.php(412): CodeIgniter\CodeIgniter->runController(Object(App\Controllers\modAdministracion\RolModMenuController))
#3 C:\wamp64\www\correspondencia-ucad\system\CodeIgniter.php(320): CodeIgniter\CodeIgniter->handleRequest(NULL, Object(Config\Cache), false)
#4 C:\wamp64\www\correspondencia-ucad\public\index.php(37): CodeIgniter\CodeIgniter->run()
#5 {main}
