ERROR - 2022-06-26 15:58:44 --> Table 'baseprueba.vista_con_procesos' doesn't exist
CRITICAL - 2022-06-26 15:58:44 --> Table 'baseprueba.vista_con_procesos' doesn't exist
#0 C:\wamp64\www\correspondencia-ucad\system\Database\MySQLi\Connection.php(292): mysqli->query('SELECT vp.etapa...', 0)
#1 C:\wamp64\www\correspondencia-ucad\system\Database\BaseConnection.php(670): CodeIgniter\Database\MySQLi\Connection->execute('SELECT vp.etapa...')
#2 C:\wamp64\www\correspondencia-ucad\system\Database\BaseConnection.php(598): CodeIgniter\Database\BaseConnection->simpleQuery('SELECT vp.etapa...')
#3 C:\wamp64\www\correspondencia-ucad\app\Models\modTransaccion\TransaccionConfigModel.php(109): CodeIgniter\Database\BaseConnection->query('SELECT vp.etapa...')
#4 C:\wamp64\www\correspondencia-ucad\app\Controllers\modTransaccion\TransaccionConfigController.php(34): App\Models\modTransaccion\TransaccionConfigModel->listarEtapa('4')
#5 C:\wamp64\www\correspondencia-ucad\system\CodeIgniter.php(825): App\Controllers\modTransaccion\TransaccionConfigController->etapas()
#6 C:\wamp64\www\correspondencia-ucad\system\CodeIgniter.php(412): CodeIgniter\CodeIgniter->runController(Object(App\Controllers\modTransaccion\TransaccionConfigController))
#7 C:\wamp64\www\correspondencia-ucad\system\CodeIgniter.php(320): CodeIgniter\CodeIgniter->handleRequest(NULL, Object(Config\Cache), false)
#8 C:\wamp64\www\correspondencia-ucad\public\index.php(37): CodeIgniter\CodeIgniter->run()
#9 {main}
ERROR - 2022-06-26 15:58:52 --> Table 'baseprueba.vista_con_procesos' doesn't exist
CRITICAL - 2022-06-26 15:58:52 --> Table 'baseprueba.vista_con_procesos' doesn't exist
#0 C:\wamp64\www\correspondencia-ucad\system\Database\MySQLi\Connection.php(292): mysqli->query('SELECT vp.etapa...', 0)
#1 C:\wamp64\www\correspondencia-ucad\system\Database\BaseConnection.php(670): CodeIgniter\Database\MySQLi\Connection->execute('SELECT vp.etapa...')
#2 C:\wamp64\www\correspondencia-ucad\system\Database\BaseConnection.php(598): CodeIgniter\Database\BaseConnection->simpleQuery('SELECT vp.etapa...')
#3 C:\wamp64\www\correspondencia-ucad\app\Models\modTransaccion\TransaccionConfigModel.php(109): CodeIgniter\Database\BaseConnection->query('SELECT vp.etapa...')
#4 C:\wamp64\www\correspondencia-ucad\app\Controllers\modTransaccion\TransaccionConfigController.php(34): App\Models\modTransaccion\TransaccionConfigModel->listarEtapa('4')
#5 C:\wamp64\www\correspondencia-ucad\system\CodeIgniter.php(825): App\Controllers\modTransaccion\TransaccionConfigController->etapas()
#6 C:\wamp64\www\correspondencia-ucad\system\CodeIgniter.php(412): CodeIgniter\CodeIgniter->runController(Object(App\Controllers\modTransaccion\TransaccionConfigController))
#7 C:\wamp64\www\correspondencia-ucad\system\CodeIgniter.php(320): CodeIgniter\CodeIgniter->handleRequest(NULL, Object(Config\Cache), false)
#8 C:\wamp64\www\correspondencia-ucad\public\index.php(37): CodeIgniter\CodeIgniter->run()
#9 {main}
ERROR - 2022-06-26 15:59:16 --> Table 'baseprueba.vista_con_procesos' doesn't exist
CRITICAL - 2022-06-26 15:59:16 --> Table 'baseprueba.vista_con_procesos' doesn't exist
#0 C:\wamp64\www\correspondencia-ucad\system\Database\MySQLi\Connection.php(292): mysqli->query('SELECT vp.etapa...', 0)
#1 C:\wamp64\www\correspondencia-ucad\system\Database\BaseConnection.php(670): CodeIgniter\Database\MySQLi\Connection->execute('SELECT vp.etapa...')
#2 C:\wamp64\www\correspondencia-ucad\system\Database\BaseConnection.php(598): CodeIgniter\Database\BaseConnection->simpleQuery('SELECT vp.etapa...')
#3 C:\wamp64\www\correspondencia-ucad\app\Models\modTransaccion\TransaccionConfigModel.php(109): CodeIgniter\Database\BaseConnection->query('SELECT vp.etapa...')
#4 C:\wamp64\www\correspondencia-ucad\app\Controllers\modTransaccion\TransaccionConfigController.php(34): App\Models\modTransaccion\TransaccionConfigModel->listarEtapa('4')
#5 C:\wamp64\www\correspondencia-ucad\system\CodeIgniter.php(825): App\Controllers\modTransaccion\TransaccionConfigController->etapas()
#6 C:\wamp64\www\correspondencia-ucad\system\CodeIgniter.php(412): CodeIgniter\CodeIgniter->runController(Object(App\Controllers\modTransaccion\TransaccionConfigController))
#7 C:\wamp64\www\correspondencia-ucad\system\CodeIgniter.php(320): CodeIgniter\CodeIgniter->handleRequest(NULL, Object(Config\Cache), false)
#8 C:\wamp64\www\correspondencia-ucad\public\index.php(37): CodeIgniter\CodeIgniter->run()
#9 {main}
ERROR - 2022-06-26 15:59:42 --> Table 'baseprueba.vista_con_procesos' doesn't exist
CRITICAL - 2022-06-26 15:59:42 --> Table 'baseprueba.vista_con_procesos' doesn't exist
#0 C:\wamp64\www\correspondencia-ucad\system\Database\MySQLi\Connection.php(292): mysqli->query('SELECT vp.etapa...', 0)
#1 C:\wamp64\www\correspondencia-ucad\system\Database\BaseConnection.php(670): CodeIgniter\Database\MySQLi\Connection->execute('SELECT vp.etapa...')
#2 C:\wamp64\www\correspondencia-ucad\system\Database\BaseConnection.php(598): CodeIgniter\Database\BaseConnection->simpleQuery('SELECT vp.etapa...')
#3 C:\wamp64\www\correspondencia-ucad\app\Models\modTransaccion\TransaccionConfigModel.php(109): CodeIgniter\Database\BaseConnection->query('SELECT vp.etapa...')
#4 C:\wamp64\www\correspondencia-ucad\app\Controllers\modTransaccion\TransaccionConfigController.php(34): App\Models\modTransaccion\TransaccionConfigModel->listarEtapa('4')
#5 C:\wamp64\www\correspondencia-ucad\system\CodeIgniter.php(825): App\Controllers\modTransaccion\TransaccionConfigController->etapas()
#6 C:\wamp64\www\correspondencia-ucad\system\CodeIgniter.php(412): CodeIgniter\CodeIgniter->runController(Object(App\Controllers\modTransaccion\TransaccionConfigController))
#7 C:\wamp64\www\correspondencia-ucad\system\CodeIgniter.php(320): CodeIgniter\CodeIgniter->handleRequest(NULL, Object(Config\Cache), false)
#8 C:\wamp64\www\correspondencia-ucad\public\index.php(37): CodeIgniter\CodeIgniter->run()
#9 {main}
CRITICAL - 2022-06-26 16:17:16 --> strpos() expects parameter 1 to be string, object given
#0 [internal function]: CodeIgniter\Debug\Exceptions->errorHandler(2, 'strpos() expect...', 'C:\\wamp64\\www\\c...', 728, Array)
#1 C:\wamp64\www\correspondencia-ucad\system\Email\Email.php(728): strpos(Object(App\Models\modUsuario\ContactoModel), ',')
#2 C:\wamp64\www\correspondencia-ucad\system\Email\Email.php(541): CodeIgniter\Email\Email->stringToArray(Object(App\Models\modUsuario\ContactoModel))
#3 C:\wamp64\www\correspondencia-ucad\app\Controllers\modProceso\ActividadController.php(140): CodeIgniter\Email\Email->setTo(Object(App\Models\modUsuario\ContactoModel))
#4 C:\wamp64\www\correspondencia-ucad\system\CodeIgniter.php(825): App\Controllers\modProceso\ActividadController->crear()
#5 C:\wamp64\www\correspondencia-ucad\system\CodeIgniter.php(412): CodeIgniter\CodeIgniter->runController(Object(App\Controllers\modProceso\ActividadController))
#6 C:\wamp64\www\correspondencia-ucad\system\CodeIgniter.php(320): CodeIgniter\CodeIgniter->handleRequest(NULL, Object(Config\Cache), false)
#7 C:\wamp64\www\correspondencia-ucad\public\index.php(37): CodeIgniter\CodeIgniter->run()
#8 {main}
CRITICAL - 2022-06-26 16:18:04 --> strpos() expects parameter 1 to be string, object given
#0 [internal function]: CodeIgniter\Debug\Exceptions->errorHandler(2, 'strpos() expect...', 'C:\\wamp64\\www\\c...', 728, Array)
#1 C:\wamp64\www\correspondencia-ucad\system\Email\Email.php(728): strpos(Object(App\Models\modUsuario\ContactoModel), ',')
#2 C:\wamp64\www\correspondencia-ucad\system\Email\Email.php(541): CodeIgniter\Email\Email->stringToArray(Object(App\Models\modUsuario\ContactoModel))
#3 C:\wamp64\www\correspondencia-ucad\app\Controllers\modProceso\ActividadController.php(138): CodeIgniter\Email\Email->setTo(Object(App\Models\modUsuario\ContactoModel))
#4 C:\wamp64\www\correspondencia-ucad\system\CodeIgniter.php(825): App\Controllers\modProceso\ActividadController->crear()
#5 C:\wamp64\www\correspondencia-ucad\system\CodeIgniter.php(412): CodeIgniter\CodeIgniter->runController(Object(App\Controllers\modProceso\ActividadController))
#6 C:\wamp64\www\correspondencia-ucad\system\CodeIgniter.php(320): CodeIgniter\CodeIgniter->handleRequest(NULL, Object(Config\Cache), false)
#7 C:\wamp64\www\correspondencia-ucad\public\index.php(37): CodeIgniter\CodeIgniter->run()
#8 {main}
CRITICAL - 2022-06-26 16:18:26 --> strpos() expects parameter 1 to be string, object given
#0 [internal function]: CodeIgniter\Debug\Exceptions->errorHandler(2, 'strpos() expect...', 'C:\\wamp64\\www\\c...', 728, Array)
#1 C:\wamp64\www\correspondencia-ucad\system\Email\Email.php(728): strpos(Object(App\Models\modUsuario\ContactoModel), ',')
#2 C:\wamp64\www\correspondencia-ucad\system\Email\Email.php(541): CodeIgniter\Email\Email->stringToArray(Object(App\Models\modUsuario\ContactoModel))
#3 C:\wamp64\www\correspondencia-ucad\app\Controllers\modProceso\ActividadController.php(138): CodeIgniter\Email\Email->setTo(Object(App\Models\modUsuario\ContactoModel))
#4 C:\wamp64\www\correspondencia-ucad\system\CodeIgniter.php(825): App\Controllers\modProceso\ActividadController->crear()
#5 C:\wamp64\www\correspondencia-ucad\system\CodeIgniter.php(412): CodeIgniter\CodeIgniter->runController(Object(App\Controllers\modProceso\ActividadController))
#6 C:\wamp64\www\correspondencia-ucad\system\CodeIgniter.php(320): CodeIgniter\CodeIgniter->handleRequest(NULL, Object(Config\Cache), false)
#7 C:\wamp64\www\correspondencia-ucad\public\index.php(37): CodeIgniter\CodeIgniter->run()
#8 {main}
CRITICAL - 2022-06-26 16:24:41 --> strpos() expects parameter 1 to be string, object given
#0 [internal function]: CodeIgniter\Debug\Exceptions->errorHandler(2, 'strpos() expect...', 'C:\\wamp64\\www\\c...', 728, Array)
#1 C:\wamp64\www\correspondencia-ucad\system\Email\Email.php(728): strpos(Object(App\Models\modUsuario\ContactoModel), ',')
#2 C:\wamp64\www\correspondencia-ucad\system\Email\Email.php(541): CodeIgniter\Email\Email->stringToArray(Object(App\Models\modUsuario\ContactoModel))
#3 C:\wamp64\www\correspondencia-ucad\app\Controllers\modProceso\ActividadController.php(138): CodeIgniter\Email\Email->setTo(Object(App\Models\modUsuario\ContactoModel))
#4 C:\wamp64\www\correspondencia-ucad\system\CodeIgniter.php(825): App\Controllers\modProceso\ActividadController->crear()
#5 C:\wamp64\www\correspondencia-ucad\system\CodeIgniter.php(412): CodeIgniter\CodeIgniter->runController(Object(App\Controllers\modProceso\ActividadController))
#6 C:\wamp64\www\correspondencia-ucad\system\CodeIgniter.php(320): CodeIgniter\CodeIgniter->handleRequest(NULL, Object(Config\Cache), false)
#7 C:\wamp64\www\correspondencia-ucad\public\index.php(37): CodeIgniter\CodeIgniter->run()
#8 {main}
