ERROR - 2022-06-09 18:11:42 --> Unknown column 'pr.procesoNombre' in 'field list'
CRITICAL - 2022-06-09 18:11:42 --> Unknown column 'pr.procesoNombre' in 'field list'
#0 C:\wamp64\www\correspondencia-ucad\system\Database\MySQLi\Connection.php(292): mysqli->query('SELECT `ta`.`tr...', 0)
#1 C:\wamp64\www\correspondencia-ucad\system\Database\BaseConnection.php(670): CodeIgniter\Database\MySQLi\Connection->execute('SELECT `ta`.`tr...')
#2 C:\wamp64\www\correspondencia-ucad\system\Database\BaseConnection.php(598): CodeIgniter\Database\BaseConnection->simpleQuery('SELECT `ta`.`tr...')
#3 C:\wamp64\www\correspondencia-ucad\system\Database\BaseBuilder.php(1455): CodeIgniter\Database\BaseConnection->query('SELECT `ta`.`tr...', Array, false)
#4 C:\wamp64\www\correspondencia-ucad\system\Model.php(183): CodeIgniter\Database\BaseBuilder->get()
#5 C:\wamp64\www\correspondencia-ucad\system\BaseModel.php(584): CodeIgniter\Model->doFindAll(0, 0)
#6 C:\wamp64\www\correspondencia-ucad\app\Controllers\modTransaccion\TransaccionActividadController.php(33): CodeIgniter\BaseModel->findAll()
#7 C:\wamp64\www\correspondencia-ucad\system\CodeIgniter.php(825): App\Controllers\modTransaccion\TransaccionActividadController->index()
#8 C:\wamp64\www\correspondencia-ucad\system\CodeIgniter.php(412): CodeIgniter\CodeIgniter->runController(Object(App\Controllers\modTransaccion\TransaccionActividadController))
#9 C:\wamp64\www\correspondencia-ucad\system\CodeIgniter.php(320): CodeIgniter\CodeIgniter->handleRequest(NULL, Object(Config\Cache), false)
#10 C:\wamp64\www\correspondencia-ucad\public\index.php(37): CodeIgniter\CodeIgniter->run()
#11 {main}
CRITICAL - 2022-06-09 18:12:28 --> Trying to get property 'nombreProceso' of non-object
#0 C:\wamp64\www\correspondencia-ucad\app\Views\modTransaccion\transaccionActividad.php(21): CodeIgniter\Debug\Exceptions->errorHandler(8, 'Trying to get p...', 'C:\\wamp64\\www\\c...', 21, Array)
#1 C:\wamp64\www\correspondencia-ucad\system\View\View.php(210): include('C:\\wamp64\\www\\c...')
#2 C:\wamp64\www\correspondencia-ucad\system\View\View.php(213): CodeIgniter\View\View->CodeIgniter\View\{closure}()
#3 C:\wamp64\www\correspondencia-ucad\system\Common.php(1089): CodeIgniter\View\View->render('modTransaccion/...', Array, true)
#4 C:\wamp64\www\correspondencia-ucad\app\Controllers\modTransaccion\TransaccionActividadController.php(37): view('modTransaccion/...', Array)
#5 C:\wamp64\www\correspondencia-ucad\system\CodeIgniter.php(825): App\Controllers\modTransaccion\TransaccionActividadController->index()
#6 C:\wamp64\www\correspondencia-ucad\system\CodeIgniter.php(412): CodeIgniter\CodeIgniter->runController(Object(App\Controllers\modTransaccion\TransaccionActividadController))
#7 C:\wamp64\www\correspondencia-ucad\system\CodeIgniter.php(320): CodeIgniter\CodeIgniter->handleRequest(NULL, Object(Config\Cache), false)
#8 C:\wamp64\www\correspondencia-ucad\public\index.php(37): CodeIgniter\CodeIgniter->run()
#9 {main}
CRITICAL - 2022-06-09 18:13:09 --> Undefined variable: nombreProceso
#0 C:\wamp64\www\correspondencia-ucad\app\Views\modTransaccion\transaccionActividad.php(21): CodeIgniter\Debug\Exceptions->errorHandler(8, 'Undefined varia...', 'C:\\wamp64\\www\\c...', 21, Array)
#1 C:\wamp64\www\correspondencia-ucad\system\View\View.php(210): include('C:\\wamp64\\www\\c...')
#2 C:\wamp64\www\correspondencia-ucad\system\View\View.php(213): CodeIgniter\View\View->CodeIgniter\View\{closure}()
#3 C:\wamp64\www\correspondencia-ucad\system\Common.php(1089): CodeIgniter\View\View->render('modTransaccion/...', Array, true)
#4 C:\wamp64\www\correspondencia-ucad\app\Controllers\modTransaccion\TransaccionActividadController.php(37): view('modTransaccion/...', Array)
#5 C:\wamp64\www\correspondencia-ucad\system\CodeIgniter.php(825): App\Controllers\modTransaccion\TransaccionActividadController->index()
#6 C:\wamp64\www\correspondencia-ucad\system\CodeIgniter.php(412): CodeIgniter\CodeIgniter->runController(Object(App\Controllers\modTransaccion\TransaccionActividadController))
#7 C:\wamp64\www\correspondencia-ucad\system\CodeIgniter.php(320): CodeIgniter\CodeIgniter->handleRequest(NULL, Object(Config\Cache), false)
#8 C:\wamp64\www\correspondencia-ucad\public\index.php(37): CodeIgniter\CodeIgniter->run()
#9 {main}
CRITICAL - 2022-06-09 18:37:54 --> Array to string conversion
#0 C:\wamp64\www\correspondencia-ucad\app\Views\modTransaccion\transaccionActividad.php(21): CodeIgniter\Debug\Exceptions->errorHandler(8, 'Array to string...', 'C:\\wamp64\\www\\c...', 21, Array)
#1 C:\wamp64\www\correspondencia-ucad\system\View\View.php(210): include('C:\\wamp64\\www\\c...')
#2 C:\wamp64\www\correspondencia-ucad\system\View\View.php(213): CodeIgniter\View\View->CodeIgniter\View\{closure}()
#3 C:\wamp64\www\correspondencia-ucad\system\Common.php(1089): CodeIgniter\View\View->render('modTransaccion/...', Array, true)
#4 C:\wamp64\www\correspondencia-ucad\app\Controllers\modTransaccion\TransaccionActividadController.php(45): view('modTransaccion/...', Array)
#5 C:\wamp64\www\correspondencia-ucad\system\CodeIgniter.php(825): App\Controllers\modTransaccion\TransaccionActividadController->index()
#6 C:\wamp64\www\correspondencia-ucad\system\CodeIgniter.php(412): CodeIgniter\CodeIgniter->runController(Object(App\Controllers\modTransaccion\TransaccionActividadController))
#7 C:\wamp64\www\correspondencia-ucad\system\CodeIgniter.php(320): CodeIgniter\CodeIgniter->handleRequest(NULL, Object(Config\Cache), false)
#8 C:\wamp64\www\correspondencia-ucad\public\index.php(37): CodeIgniter\CodeIgniter->run()
#9 {main}
CRITICAL - 2022-06-09 18:38:04 --> Cannot use [] for reading
#0 [internal function]: CodeIgniter\Debug\Exceptions->shutdownHandler()
#1 {main}
CRITICAL - 2022-06-09 18:38:35 --> Call to undefined method App\Models\modTransaccion\TransaccionActividadModel::asAObject
#0 C:\wamp64\www\correspondencia-ucad\app\Controllers\modTransaccion\TransaccionActividadController.php(20): CodeIgniter\Model->__call('asAObject', Array)
#1 C:\wamp64\www\correspondencia-ucad\system\CodeIgniter.php(825): App\Controllers\modTransaccion\TransaccionActividadController->index()
#2 C:\wamp64\www\correspondencia-ucad\system\CodeIgniter.php(412): CodeIgniter\CodeIgniter->runController(Object(App\Controllers\modTransaccion\TransaccionActividadController))
#3 C:\wamp64\www\correspondencia-ucad\system\CodeIgniter.php(320): CodeIgniter\CodeIgniter->handleRequest(NULL, Object(Config\Cache), false)
#4 C:\wamp64\www\correspondencia-ucad\public\index.php(37): CodeIgniter\CodeIgniter->run()
#5 {main}
CRITICAL - 2022-06-09 18:43:40 --> Call to undefined method App\Models\modTransaccion\TransaccionActividadModel::asAObject
#0 C:\wamp64\www\correspondencia-ucad\app\Controllers\modTransaccion\TransaccionActividadController.php(20): CodeIgniter\Model->__call('asAObject', Array)
#1 C:\wamp64\www\correspondencia-ucad\system\CodeIgniter.php(825): App\Controllers\modTransaccion\TransaccionActividadController->index()
#2 C:\wamp64\www\correspondencia-ucad\system\CodeIgniter.php(412): CodeIgniter\CodeIgniter->runController(Object(App\Controllers\modTransaccion\TransaccionActividadController))
#3 C:\wamp64\www\correspondencia-ucad\system\CodeIgniter.php(320): CodeIgniter\CodeIgniter->handleRequest(NULL, Object(Config\Cache), false)
#4 C:\wamp64\www\correspondencia-ucad\public\index.php(37): CodeIgniter\CodeIgniter->run()
#5 {main}
