CRITICAL - 2022-03-30 16:50:13 --> Invalid argument supplied for foreach()
#0 C:\laragon\www\correspondencia-ucad\app\Views\modAdministracion\rolModMenu.php(53): CodeIgniter\Debug\Exceptions->errorHandler(2, 'Invalid argumen...', 'C:\\laragon\\www\\...', 53, Array)
#1 C:\laragon\www\correspondencia-ucad\system\View\View.php(210): include('C:\\laragon\\www\\...')
#2 C:\laragon\www\correspondencia-ucad\system\View\View.php(213): CodeIgniter\View\View->CodeIgniter\View\{closure}()
#3 C:\laragon\www\correspondencia-ucad\system\Common.php(1089): CodeIgniter\View\View->render('modAdministraci...', Array, true)
#4 C:\laragon\www\correspondencia-ucad\app\Controllers\modAdministracion\RolModMenuController.php(13): view('modAdministraci...')
#5 C:\laragon\www\correspondencia-ucad\system\CodeIgniter.php(825): App\Controllers\modAdministracion\RolModMenuController->rolModMenu()
#6 C:\laragon\www\correspondencia-ucad\system\CodeIgniter.php(412): CodeIgniter\CodeIgniter->runController(Object(App\Controllers\modAdministracion\RolModMenuController))
#7 C:\laragon\www\correspondencia-ucad\system\CodeIgniter.php(320): CodeIgniter\CodeIgniter->handleRequest(NULL, Object(Config\Cache), false)
#8 C:\laragon\www\correspondencia-ucad\public\index.php(37): CodeIgniter\CodeIgniter->run()
#9 {main}
CRITICAL - 2022-03-30 16:56:18 --> Invalid argument supplied for foreach()
#0 C:\laragon\www\correspondencia-ucad\app\Views\modAdministracion\rolModMenu.php(53): CodeIgniter\Debug\Exceptions->errorHandler(2, 'Invalid argumen...', 'C:\\laragon\\www\\...', 53, Array)
#1 C:\laragon\www\correspondencia-ucad\system\View\View.php(210): include('C:\\laragon\\www\\...')
#2 C:\laragon\www\correspondencia-ucad\system\View\View.php(213): CodeIgniter\View\View->CodeIgniter\View\{closure}()
#3 C:\laragon\www\correspondencia-ucad\system\Common.php(1089): CodeIgniter\View\View->render('modAdministraci...', Array, true)
#4 C:\laragon\www\correspondencia-ucad\app\Controllers\modAdministracion\RolModMenuController.php(13): view('modAdministraci...')
#5 C:\laragon\www\correspondencia-ucad\system\CodeIgniter.php(825): App\Controllers\modAdministracion\RolModMenuController->rolModMenu()
#6 C:\laragon\www\correspondencia-ucad\system\CodeIgniter.php(412): CodeIgniter\CodeIgniter->runController(Object(App\Controllers\modAdministracion\RolModMenuController))
#7 C:\laragon\www\correspondencia-ucad\system\CodeIgniter.php(320): CodeIgniter\CodeIgniter->handleRequest(NULL, Object(Config\Cache), false)
#8 C:\laragon\www\correspondencia-ucad\public\index.php(37): CodeIgniter\CodeIgniter->run()
#9 {main}
CRITICAL - 2022-03-30 17:01:47 --> Invalid argument supplied for foreach()
#0 C:\laragon\www\correspondencia-ucad\app\Views\modAdministracion\rolModMenu.php(53): CodeIgniter\Debug\Exceptions->errorHandler(2, 'Invalid argumen...', 'C:\\laragon\\www\\...', 53, Array)
#1 C:\laragon\www\correspondencia-ucad\system\View\View.php(210): include('C:\\laragon\\www\\...')
#2 C:\laragon\www\correspondencia-ucad\system\View\View.php(213): CodeIgniter\View\View->CodeIgniter\View\{closure}()
#3 C:\laragon\www\correspondencia-ucad\system\Common.php(1089): CodeIgniter\View\View->render('modAdministraci...', Array, true)
#4 C:\laragon\www\correspondencia-ucad\app\Controllers\modAdministracion\RolModMenuController.php(13): view('modAdministraci...')
#5 C:\laragon\www\correspondencia-ucad\system\CodeIgniter.php(825): App\Controllers\modAdministracion\RolModMenuController->rolModMenu()
#6 C:\laragon\www\correspondencia-ucad\system\CodeIgniter.php(412): CodeIgniter\CodeIgniter->runController(Object(App\Controllers\modAdministracion\RolModMenuController))
#7 C:\laragon\www\correspondencia-ucad\system\CodeIgniter.php(320): CodeIgniter\CodeIgniter->handleRequest(NULL, Object(Config\Cache), false)
#8 C:\laragon\www\correspondencia-ucad\public\index.php(37): CodeIgniter\CodeIgniter->run()
#9 {main}
CRITICAL - 2022-03-30 17:01:53 --> Invalid argument supplied for foreach()
#0 C:\laragon\www\correspondencia-ucad\app\Views\modAdministracion\rolModMenu.php(53): CodeIgniter\Debug\Exceptions->errorHandler(2, 'Invalid argumen...', 'C:\\laragon\\www\\...', 53, Array)
#1 C:\laragon\www\correspondencia-ucad\system\View\View.php(210): include('C:\\laragon\\www\\...')
#2 C:\laragon\www\correspondencia-ucad\system\View\View.php(213): CodeIgniter\View\View->CodeIgniter\View\{closure}()
#3 C:\laragon\www\correspondencia-ucad\system\Common.php(1089): CodeIgniter\View\View->render('modAdministraci...', Array, true)
#4 C:\laragon\www\correspondencia-ucad\app\Controllers\modAdministracion\RolModMenuController.php(13): view('modAdministraci...')
#5 C:\laragon\www\correspondencia-ucad\system\CodeIgniter.php(825): App\Controllers\modAdministracion\RolModMenuController->rolModMenu()
#6 C:\laragon\www\correspondencia-ucad\system\CodeIgniter.php(412): CodeIgniter\CodeIgniter->runController(Object(App\Controllers\modAdministracion\RolModMenuController))
#7 C:\laragon\www\correspondencia-ucad\system\CodeIgniter.php(320): CodeIgniter\CodeIgniter->handleRequest(NULL, Object(Config\Cache), false)
#8 C:\laragon\www\correspondencia-ucad\public\index.php(37): CodeIgniter\CodeIgniter->run()
#9 {main}
CRITICAL - 2022-03-30 17:09:02 --> Class 'App\Models\modAdministracion\Model' not found
#0 C:\laragon\www\correspondencia-ucad\system\Autoloader\Autoloader.php(264): include_once()
#1 C:\laragon\www\correspondencia-ucad\system\Autoloader\Autoloader.php(241): CodeIgniter\Autoloader\Autoloader->includeFile('C:\\laragon\\www\\...')
#2 C:\laragon\www\correspondencia-ucad\system\Autoloader\Autoloader.php(219): CodeIgniter\Autoloader\Autoloader->loadInNamespace('App\\Models\\modA...')
#3 [internal function]: CodeIgniter\Autoloader\Autoloader->loadClass('App\\Models\\modA...')
#4 C:\laragon\www\correspondencia-ucad\app\Controllers\modAdministracion\RolModMenuController.php(18): spl_autoload_call('App\\Models\\modA...')
#5 C:\laragon\www\correspondencia-ucad\system\CodeIgniter.php(825): App\Controllers\modAdministracion\RolModMenuController->show()
#6 C:\laragon\www\correspondencia-ucad\system\CodeIgniter.php(412): CodeIgniter\CodeIgniter->runController(Object(App\Controllers\modAdministracion\RolModMenuController))
#7 C:\laragon\www\correspondencia-ucad\system\CodeIgniter.php(320): CodeIgniter\CodeIgniter->handleRequest(NULL, Object(Config\Cache), false)
#8 C:\laragon\www\correspondencia-ucad\public\index.php(37): CodeIgniter\CodeIgniter->run()
#9 {main}
CRITICAL - 2022-03-30 17:10:35 --> Class 'App\Models\modAdministracion\Model' not found
#0 C:\laragon\www\correspondencia-ucad\system\Autoloader\Autoloader.php(264): include_once()
#1 C:\laragon\www\correspondencia-ucad\system\Autoloader\Autoloader.php(241): CodeIgniter\Autoloader\Autoloader->includeFile('C:\\laragon\\www\\...')
#2 C:\laragon\www\correspondencia-ucad\system\Autoloader\Autoloader.php(219): CodeIgniter\Autoloader\Autoloader->loadInNamespace('App\\Models\\modA...')
#3 [internal function]: CodeIgniter\Autoloader\Autoloader->loadClass('App\\Models\\modA...')
#4 C:\laragon\www\correspondencia-ucad\app\Controllers\modAdministracion\RolModMenuController.php(14): spl_autoload_call('App\\Models\\modA...')
#5 C:\laragon\www\correspondencia-ucad\system\CodeIgniter.php(825): App\Controllers\modAdministracion\RolModMenuController->show()
#6 C:\laragon\www\correspondencia-ucad\system\CodeIgniter.php(412): CodeIgniter\CodeIgniter->runController(Object(App\Controllers\modAdministracion\RolModMenuController))
#7 C:\laragon\www\correspondencia-ucad\system\CodeIgniter.php(320): CodeIgniter\CodeIgniter->handleRequest(NULL, Object(Config\Cache), false)
#8 C:\laragon\www\correspondencia-ucad\public\index.php(37): CodeIgniter\CodeIgniter->run()
#9 {main}
CRITICAL - 2022-03-30 17:12:12 --> Invalid argument supplied for foreach()
#0 C:\laragon\www\correspondencia-ucad\app\Views\modAdministracion\rolModMenu.php(53): CodeIgniter\Debug\Exceptions->errorHandler(2, 'Invalid argumen...', 'C:\\laragon\\www\\...', 53, Array)
#1 C:\laragon\www\correspondencia-ucad\system\View\View.php(210): include('C:\\laragon\\www\\...')
#2 C:\laragon\www\correspondencia-ucad\system\View\View.php(213): CodeIgniter\View\View->CodeIgniter\View\{closure}()
#3 C:\laragon\www\correspondencia-ucad\system\Common.php(1089): CodeIgniter\View\View->render('modAdministraci...', Array, true)
#4 C:\laragon\www\correspondencia-ucad\app\Controllers\modAdministracion\RolModMenuController.php(13): view('modAdministraci...')
#5 C:\laragon\www\correspondencia-ucad\system\CodeIgniter.php(825): App\Controllers\modAdministracion\RolModMenuController->rolModMenu()
#6 C:\laragon\www\correspondencia-ucad\system\CodeIgniter.php(412): CodeIgniter\CodeIgniter->runController(Object(App\Controllers\modAdministracion\RolModMenuController))
#7 C:\laragon\www\correspondencia-ucad\system\CodeIgniter.php(320): CodeIgniter\CodeIgniter->handleRequest(NULL, Object(Config\Cache), false)
#8 C:\laragon\www\correspondencia-ucad\public\index.php(37): CodeIgniter\CodeIgniter->run()
#9 {main}
