CRITICAL - 2022-05-19 14:02:03 --> Undefined property: App\Controllers\modProceso\EtapaController::$input
#0 C:\wamp64\www\correspondencia-ucad\app\Controllers\modProceso\EtapaController.php(66): CodeIgniter\Debug\Exceptions->errorHandler(8, 'Undefined prope...', 'C:\\wamp64\\www\\c...', 66, Array)
#1 C:\wamp64\www\correspondencia-ucad\system\CodeIgniter.php(825): App\Controllers\modProceso\EtapaController->eliminar()
#2 C:\wamp64\www\correspondencia-ucad\system\CodeIgniter.php(412): CodeIgniter\CodeIgniter->runController(Object(App\Controllers\modProceso\EtapaController))
#3 C:\wamp64\www\correspondencia-ucad\system\CodeIgniter.php(320): CodeIgniter\CodeIgniter->handleRequest(NULL, Object(Config\Cache), false)
#4 C:\wamp64\www\correspondencia-ucad\public\index.php(37): CodeIgniter\CodeIgniter->run()
#5 {main}
CRITICAL - 2022-05-19 14:02:05 --> Undefined property: App\Controllers\modProceso\EtapaController::$input
#0 C:\wamp64\www\correspondencia-ucad\app\Controllers\modProceso\EtapaController.php(66): CodeIgniter\Debug\Exceptions->errorHandler(8, 'Undefined prope...', 'C:\\wamp64\\www\\c...', 66, Array)
#1 C:\wamp64\www\correspondencia-ucad\system\CodeIgniter.php(825): App\Controllers\modProceso\EtapaController->eliminar()
#2 C:\wamp64\www\correspondencia-ucad\system\CodeIgniter.php(412): CodeIgniter\CodeIgniter->runController(Object(App\Controllers\modProceso\EtapaController))
#3 C:\wamp64\www\correspondencia-ucad\system\CodeIgniter.php(320): CodeIgniter\CodeIgniter->handleRequest(NULL, Object(Config\Cache), false)
#4 C:\wamp64\www\correspondencia-ucad\public\index.php(37): CodeIgniter\CodeIgniter->run()
#5 {main}
ERROR - 2022-05-19 15:09:05 --> Cannot delete or update a parent row: a foreign key constraint fails (`baseprueba`.`wk_actividad`, CONSTRAINT `FK_ACTIVIDAD_ETAPA` FOREIGN KEY (`etapaId`) REFERENCES `wk_etapa` (`etapaId`))
CRITICAL - 2022-05-19 15:09:05 --> Cannot delete or update a parent row: a foreign key constraint fails (`baseprueba`.`wk_actividad`, CONSTRAINT `FK_ACTIVIDAD_ETAPA` FOREIGN KEY (`etapaId`) REFERENCES `wk_etapa` (`etapaId`))
#0 C:\wamp64\www\correspondencia-ucad\system\Database\MySQLi\Connection.php(292): mysqli->query('DELETE FROM `wk...', 0)
#1 C:\wamp64\www\correspondencia-ucad\system\Database\BaseConnection.php(670): CodeIgniter\Database\MySQLi\Connection->execute('DELETE FROM `wk...')
#2 C:\wamp64\www\correspondencia-ucad\system\Database\BaseConnection.php(598): CodeIgniter\Database\BaseConnection->simpleQuery('DELETE FROM `wk...')
#3 C:\wamp64\www\correspondencia-ucad\system\Database\BaseBuilder.php(2225): CodeIgniter\Database\BaseConnection->query('DELETE FROM `wk...', Array, false)
#4 C:\wamp64\www\correspondencia-ucad\app\Models\modProceso\EtapaModel.php(47): CodeIgniter\Database\BaseBuilder->delete()
#5 C:\wamp64\www\correspondencia-ucad\app\Controllers\modProceso\EtapaController.php(70): App\Models\modProceso\EtapaModel->eliminar(Array)
#6 C:\wamp64\www\correspondencia-ucad\system\CodeIgniter.php(825): App\Controllers\modProceso\EtapaController->eliminar()
#7 C:\wamp64\www\correspondencia-ucad\system\CodeIgniter.php(412): CodeIgniter\CodeIgniter->runController(Object(App\Controllers\modProceso\EtapaController))
#8 C:\wamp64\www\correspondencia-ucad\system\CodeIgniter.php(320): CodeIgniter\CodeIgniter->handleRequest(NULL, Object(Config\Cache), false)
#9 C:\wamp64\www\correspondencia-ucad\public\index.php(37): CodeIgniter\CodeIgniter->run()
#10 {main}
ERROR - 2022-05-19 15:10:07 --> Cannot delete or update a parent row: a foreign key constraint fails (`baseprueba`.`wk_actividad`, CONSTRAINT `FK_ACTIVIDAD_ETAPA` FOREIGN KEY (`etapaId`) REFERENCES `wk_etapa` (`etapaId`))
CRITICAL - 2022-05-19 15:10:07 --> Cannot delete or update a parent row: a foreign key constraint fails (`baseprueba`.`wk_actividad`, CONSTRAINT `FK_ACTIVIDAD_ETAPA` FOREIGN KEY (`etapaId`) REFERENCES `wk_etapa` (`etapaId`))
#0 C:\wamp64\www\correspondencia-ucad\system\Database\MySQLi\Connection.php(292): mysqli->query('DELETE FROM `wk...', 0)
#1 C:\wamp64\www\correspondencia-ucad\system\Database\BaseConnection.php(670): CodeIgniter\Database\MySQLi\Connection->execute('DELETE FROM `wk...')
#2 C:\wamp64\www\correspondencia-ucad\system\Database\BaseConnection.php(598): CodeIgniter\Database\BaseConnection->simpleQuery('DELETE FROM `wk...')
#3 C:\wamp64\www\correspondencia-ucad\system\Database\BaseBuilder.php(2225): CodeIgniter\Database\BaseConnection->query('DELETE FROM `wk...', Array, false)
#4 C:\wamp64\www\correspondencia-ucad\app\Models\modProceso\EtapaModel.php(47): CodeIgniter\Database\BaseBuilder->delete()
#5 C:\wamp64\www\correspondencia-ucad\app\Controllers\modProceso\EtapaController.php(70): App\Models\modProceso\EtapaModel->eliminar(Array)
#6 C:\wamp64\www\correspondencia-ucad\system\CodeIgniter.php(825): App\Controllers\modProceso\EtapaController->eliminar()
#7 C:\wamp64\www\correspondencia-ucad\system\CodeIgniter.php(412): CodeIgniter\CodeIgniter->runController(Object(App\Controllers\modProceso\EtapaController))
#8 C:\wamp64\www\correspondencia-ucad\system\CodeIgniter.php(320): CodeIgniter\CodeIgniter->handleRequest(NULL, Object(Config\Cache), false)
#9 C:\wamp64\www\correspondencia-ucad\public\index.php(37): CodeIgniter\CodeIgniter->run()
#10 {main}
ERROR - 2022-05-19 15:11:46 --> Cannot delete or update a parent row: a foreign key constraint fails (`baseprueba`.`wk_actividad`, CONSTRAINT `FK_ACTIVIDAD_ETAPA` FOREIGN KEY (`etapaId`) REFERENCES `wk_etapa` (`etapaId`))
CRITICAL - 2022-05-19 15:11:46 --> Cannot delete or update a parent row: a foreign key constraint fails (`baseprueba`.`wk_actividad`, CONSTRAINT `FK_ACTIVIDAD_ETAPA` FOREIGN KEY (`etapaId`) REFERENCES `wk_etapa` (`etapaId`))
#0 C:\wamp64\www\correspondencia-ucad\system\Database\MySQLi\Connection.php(292): mysqli->query('DELETE FROM `wk...', 0)
#1 C:\wamp64\www\correspondencia-ucad\system\Database\BaseConnection.php(670): CodeIgniter\Database\MySQLi\Connection->execute('DELETE FROM `wk...')
#2 C:\wamp64\www\correspondencia-ucad\system\Database\BaseConnection.php(598): CodeIgniter\Database\BaseConnection->simpleQuery('DELETE FROM `wk...')
#3 C:\wamp64\www\correspondencia-ucad\system\Database\BaseBuilder.php(2225): CodeIgniter\Database\BaseConnection->query('DELETE FROM `wk...', Array, false)
#4 C:\wamp64\www\correspondencia-ucad\app\Models\modProceso\EtapaModel.php(47): CodeIgniter\Database\BaseBuilder->delete()
#5 C:\wamp64\www\correspondencia-ucad\app\Controllers\modProceso\EtapaController.php(70): App\Models\modProceso\EtapaModel->eliminar(Array)
#6 C:\wamp64\www\correspondencia-ucad\system\CodeIgniter.php(825): App\Controllers\modProceso\EtapaController->eliminar()
#7 C:\wamp64\www\correspondencia-ucad\system\CodeIgniter.php(412): CodeIgniter\CodeIgniter->runController(Object(App\Controllers\modProceso\EtapaController))
#8 C:\wamp64\www\correspondencia-ucad\system\CodeIgniter.php(320): CodeIgniter\CodeIgniter->handleRequest(NULL, Object(Config\Cache), false)
#9 C:\wamp64\www\correspondencia-ucad\public\index.php(37): CodeIgniter\CodeIgniter->run()
#10 {main}
ERROR - 2022-05-19 15:12:50 --> Cannot delete or update a parent row: a foreign key constraint fails (`baseprueba`.`wk_actividad`, CONSTRAINT `FK_ACTIVIDAD_ETAPA` FOREIGN KEY (`etapaId`) REFERENCES `wk_etapa` (`etapaId`))
CRITICAL - 2022-05-19 15:12:50 --> Cannot delete or update a parent row: a foreign key constraint fails (`baseprueba`.`wk_actividad`, CONSTRAINT `FK_ACTIVIDAD_ETAPA` FOREIGN KEY (`etapaId`) REFERENCES `wk_etapa` (`etapaId`))
#0 C:\wamp64\www\correspondencia-ucad\system\Database\MySQLi\Connection.php(292): mysqli->query('DELETE FROM `wk...', 0)
#1 C:\wamp64\www\correspondencia-ucad\system\Database\BaseConnection.php(670): CodeIgniter\Database\MySQLi\Connection->execute('DELETE FROM `wk...')
#2 C:\wamp64\www\correspondencia-ucad\system\Database\BaseConnection.php(598): CodeIgniter\Database\BaseConnection->simpleQuery('DELETE FROM `wk...')
#3 C:\wamp64\www\correspondencia-ucad\system\Database\BaseBuilder.php(2225): CodeIgniter\Database\BaseConnection->query('DELETE FROM `wk...', Array, false)
#4 C:\wamp64\www\correspondencia-ucad\app\Models\modProceso\EtapaModel.php(47): CodeIgniter\Database\BaseBuilder->delete()
#5 C:\wamp64\www\correspondencia-ucad\app\Controllers\modProceso\EtapaController.php(70): App\Models\modProceso\EtapaModel->eliminar(Array)
#6 C:\wamp64\www\correspondencia-ucad\system\CodeIgniter.php(825): App\Controllers\modProceso\EtapaController->eliminar()
#7 C:\wamp64\www\correspondencia-ucad\system\CodeIgniter.php(412): CodeIgniter\CodeIgniter->runController(Object(App\Controllers\modProceso\EtapaController))
#8 C:\wamp64\www\correspondencia-ucad\system\CodeIgniter.php(320): CodeIgniter\CodeIgniter->handleRequest(NULL, Object(Config\Cache), false)
#9 C:\wamp64\www\correspondencia-ucad\public\index.php(37): CodeIgniter\CodeIgniter->run()
#10 {main}
ERROR - 2022-05-19 15:17:33 --> Cannot delete or update a parent row: a foreign key constraint fails (`baseprueba`.`wk_actividad`, CONSTRAINT `FK_ACTIVIDAD_ETAPA` FOREIGN KEY (`etapaId`) REFERENCES `wk_etapa` (`etapaId`))
CRITICAL - 2022-05-19 15:17:33 --> Cannot delete or update a parent row: a foreign key constraint fails (`baseprueba`.`wk_actividad`, CONSTRAINT `FK_ACTIVIDAD_ETAPA` FOREIGN KEY (`etapaId`) REFERENCES `wk_etapa` (`etapaId`))
#0 C:\wamp64\www\correspondencia-ucad\system\Database\MySQLi\Connection.php(292): mysqli->query('DELETE FROM `wk...', 0)
#1 C:\wamp64\www\correspondencia-ucad\system\Database\BaseConnection.php(670): CodeIgniter\Database\MySQLi\Connection->execute('DELETE FROM `wk...')
#2 C:\wamp64\www\correspondencia-ucad\system\Database\BaseConnection.php(598): CodeIgniter\Database\BaseConnection->simpleQuery('DELETE FROM `wk...')
#3 C:\wamp64\www\correspondencia-ucad\system\Database\BaseBuilder.php(2225): CodeIgniter\Database\BaseConnection->query('DELETE FROM `wk...', Array, false)
#4 C:\wamp64\www\correspondencia-ucad\app\Models\modProceso\EtapaModel.php(47): CodeIgniter\Database\BaseBuilder->delete()
#5 C:\wamp64\www\correspondencia-ucad\app\Controllers\modProceso\EtapaController.php(70): App\Models\modProceso\EtapaModel->eliminar(Array)
#6 C:\wamp64\www\correspondencia-ucad\system\CodeIgniter.php(825): App\Controllers\modProceso\EtapaController->eliminar()
#7 C:\wamp64\www\correspondencia-ucad\system\CodeIgniter.php(412): CodeIgniter\CodeIgniter->runController(Object(App\Controllers\modProceso\EtapaController))
#8 C:\wamp64\www\correspondencia-ucad\system\CodeIgniter.php(320): CodeIgniter\CodeIgniter->handleRequest(NULL, Object(Config\Cache), false)
#9 C:\wamp64\www\correspondencia-ucad\public\index.php(37): CodeIgniter\CodeIgniter->run()
#10 {main}
ERROR - 2022-05-19 15:18:38 --> Cannot delete or update a parent row: a foreign key constraint fails (`baseprueba`.`wk_actividad`, CONSTRAINT `FK_ACTIVIDAD_ETAPA` FOREIGN KEY (`etapaId`) REFERENCES `wk_etapa` (`etapaId`))
CRITICAL - 2022-05-19 15:18:38 --> Cannot delete or update a parent row: a foreign key constraint fails (`baseprueba`.`wk_actividad`, CONSTRAINT `FK_ACTIVIDAD_ETAPA` FOREIGN KEY (`etapaId`) REFERENCES `wk_etapa` (`etapaId`))
#0 C:\wamp64\www\correspondencia-ucad\system\Database\MySQLi\Connection.php(292): mysqli->query('DELETE FROM `wk...', 0)
#1 C:\wamp64\www\correspondencia-ucad\system\Database\BaseConnection.php(670): CodeIgniter\Database\MySQLi\Connection->execute('DELETE FROM `wk...')
#2 C:\wamp64\www\correspondencia-ucad\system\Database\BaseConnection.php(598): CodeIgniter\Database\BaseConnection->simpleQuery('DELETE FROM `wk...')
#3 C:\wamp64\www\correspondencia-ucad\system\Database\BaseBuilder.php(2225): CodeIgniter\Database\BaseConnection->query('DELETE FROM `wk...', Array, false)
#4 C:\wamp64\www\correspondencia-ucad\app\Models\modProceso\EtapaModel.php(47): CodeIgniter\Database\BaseBuilder->delete()
#5 C:\wamp64\www\correspondencia-ucad\app\Controllers\modProceso\EtapaController.php(70): App\Models\modProceso\EtapaModel->eliminar(Array)
#6 C:\wamp64\www\correspondencia-ucad\system\CodeIgniter.php(825): App\Controllers\modProceso\EtapaController->eliminar()
#7 C:\wamp64\www\correspondencia-ucad\system\CodeIgniter.php(412): CodeIgniter\CodeIgniter->runController(Object(App\Controllers\modProceso\EtapaController))
#8 C:\wamp64\www\correspondencia-ucad\system\CodeIgniter.php(320): CodeIgniter\CodeIgniter->handleRequest(NULL, Object(Config\Cache), false)
#9 C:\wamp64\www\correspondencia-ucad\public\index.php(37): CodeIgniter\CodeIgniter->run()
#10 {main}
ERROR - 2022-05-19 15:20:18 --> Cannot delete or update a parent row: a foreign key constraint fails (`baseprueba`.`wk_actividad`, CONSTRAINT `FK_ACTIVIDAD_ETAPA` FOREIGN KEY (`etapaId`) REFERENCES `wk_etapa` (`etapaId`))
CRITICAL - 2022-05-19 15:20:18 --> Cannot delete or update a parent row: a foreign key constraint fails (`baseprueba`.`wk_actividad`, CONSTRAINT `FK_ACTIVIDAD_ETAPA` FOREIGN KEY (`etapaId`) REFERENCES `wk_etapa` (`etapaId`))
#0 C:\wamp64\www\correspondencia-ucad\system\Database\MySQLi\Connection.php(292): mysqli->query('DELETE FROM `wk...', 0)
#1 C:\wamp64\www\correspondencia-ucad\system\Database\BaseConnection.php(670): CodeIgniter\Database\MySQLi\Connection->execute('DELETE FROM `wk...')
#2 C:\wamp64\www\correspondencia-ucad\system\Database\BaseConnection.php(598): CodeIgniter\Database\BaseConnection->simpleQuery('DELETE FROM `wk...')
#3 C:\wamp64\www\correspondencia-ucad\system\Database\BaseBuilder.php(2225): CodeIgniter\Database\BaseConnection->query('DELETE FROM `wk...', Array, false)
#4 C:\wamp64\www\correspondencia-ucad\app\Models\modProceso\EtapaModel.php(47): CodeIgniter\Database\BaseBuilder->delete()
#5 C:\wamp64\www\correspondencia-ucad\app\Controllers\modProceso\EtapaController.php(70): App\Models\modProceso\EtapaModel->eliminar(Array)
#6 C:\wamp64\www\correspondencia-ucad\system\CodeIgniter.php(825): App\Controllers\modProceso\EtapaController->eliminar()
#7 C:\wamp64\www\correspondencia-ucad\system\CodeIgniter.php(412): CodeIgniter\CodeIgniter->runController(Object(App\Controllers\modProceso\EtapaController))
#8 C:\wamp64\www\correspondencia-ucad\system\CodeIgniter.php(320): CodeIgniter\CodeIgniter->handleRequest(NULL, Object(Config\Cache), false)
#9 C:\wamp64\www\correspondencia-ucad\public\index.php(37): CodeIgniter\CodeIgniter->run()
#10 {main}
