CRITICAL - 2022-07-25 18:13:46 --> The framework needs the following extension(s) installed and loaded: intl.
#0 C:\wamp64\www\correspondencia-ucad\system\CodeIgniter.php(219): CodeIgniter\Exceptions\FrameworkException::forMissingExtension('intl')
#1 C:\wamp64\www\correspondencia-ucad\system\CodeIgniter.php(177): CodeIgniter\CodeIgniter->resolvePlatformExtensions()
#2 C:\wamp64\www\correspondencia-ucad\system\bootstrap.php(146): CodeIgniter\CodeIgniter->initialize()
#3 C:\wamp64\www\correspondencia-ucad\public\index.php(28): require('C:\\wamp64\\www\\c...')
#4 {main}
CRITICAL - 2022-07-25 12:20:02 --> Class 'App\Controllers\modReportes\FPDF' not found
#0 C:\wamp64\www\correspondencia-ucad\system\CodeIgniter.php(825): App\Controllers\modReportes\PruebaController->index()
#1 C:\wamp64\www\correspondencia-ucad\system\CodeIgniter.php(412): CodeIgniter\CodeIgniter->runController(Object(App\Controllers\modReportes\PruebaController))
#2 C:\wamp64\www\correspondencia-ucad\system\CodeIgniter.php(320): CodeIgniter\CodeIgniter->handleRequest(NULL, Object(Config\Cache), false)
#3 C:\wamp64\www\correspondencia-ucad\public\index.php(37): CodeIgniter\CodeIgniter->run()
#4 {main}
CRITICAL - 2022-07-25 12:20:18 --> Class 'Fpdf\Fpdf' not found
#0 C:\wamp64\www\correspondencia-ucad\system\CodeIgniter.php(825): App\Controllers\modReportes\PruebaController->index()
#1 C:\wamp64\www\correspondencia-ucad\system\CodeIgniter.php(412): CodeIgniter\CodeIgniter->runController(Object(App\Controllers\modReportes\PruebaController))
#2 C:\wamp64\www\correspondencia-ucad\system\CodeIgniter.php(320): CodeIgniter\CodeIgniter->handleRequest(NULL, Object(Config\Cache), false)
#3 C:\wamp64\www\correspondencia-ucad\public\index.php(37): CodeIgniter\CodeIgniter->run()
#4 {main}
CRITICAL - 2022-07-25 12:32:49 --> Argument 1 passed to CodeIgniter\HTTP\RedirectResponse::to() must be of the type string, null given, called in C:\wamp64\www\correspondencia-ucad\app\Controllers\modReportes\ProcesoDetalleController.php on line 85
#0 C:\wamp64\www\correspondencia-ucad\app\Controllers\modReportes\ProcesoDetalleController.php(85): CodeIgniter\HTTP\RedirectResponse->to(NULL)
#1 C:\wamp64\www\correspondencia-ucad\system\CodeIgniter.php(825): App\Controllers\modReportes\ProcesoDetalleController->index()
#2 C:\wamp64\www\correspondencia-ucad\system\CodeIgniter.php(412): CodeIgniter\CodeIgniter->runController(Object(App\Controllers\modReportes\ProcesoDetalleController))
#3 C:\wamp64\www\correspondencia-ucad\system\CodeIgniter.php(320): CodeIgniter\CodeIgniter->handleRequest(NULL, Object(Config\Cache), false)
#4 C:\wamp64\www\correspondencia-ucad\public\index.php(37): CodeIgniter\CodeIgniter->run()
#5 {main}
CRITICAL - 2022-07-25 12:32:51 --> Argument 1 passed to CodeIgniter\HTTP\RedirectResponse::to() must be of the type string, null given, called in C:\wamp64\www\correspondencia-ucad\app\Controllers\modReportes\ProcesoDetalleController.php on line 85
#0 C:\wamp64\www\correspondencia-ucad\app\Controllers\modReportes\ProcesoDetalleController.php(85): CodeIgniter\HTTP\RedirectResponse->to(NULL)
#1 C:\wamp64\www\correspondencia-ucad\system\CodeIgniter.php(825): App\Controllers\modReportes\ProcesoDetalleController->index()
#2 C:\wamp64\www\correspondencia-ucad\system\CodeIgniter.php(412): CodeIgniter\CodeIgniter->runController(Object(App\Controllers\modReportes\ProcesoDetalleController))
#3 C:\wamp64\www\correspondencia-ucad\system\CodeIgniter.php(320): CodeIgniter\CodeIgniter->handleRequest(NULL, Object(Config\Cache), false)
#4 C:\wamp64\www\correspondencia-ucad\public\index.php(37): CodeIgniter\CodeIgniter->run()
#5 {main}
CRITICAL - 2022-07-25 12:32:54 --> Argument 1 passed to CodeIgniter\HTTP\RedirectResponse::to() must be of the type string, null given, called in C:\wamp64\www\correspondencia-ucad\app\Controllers\modReportes\ProcesoDetalleController.php on line 85
#0 C:\wamp64\www\correspondencia-ucad\app\Controllers\modReportes\ProcesoDetalleController.php(85): CodeIgniter\HTTP\RedirectResponse->to(NULL)
#1 C:\wamp64\www\correspondencia-ucad\system\CodeIgniter.php(825): App\Controllers\modReportes\ProcesoDetalleController->index()
#2 C:\wamp64\www\correspondencia-ucad\system\CodeIgniter.php(412): CodeIgniter\CodeIgniter->runController(Object(App\Controllers\modReportes\ProcesoDetalleController))
#3 C:\wamp64\www\correspondencia-ucad\system\CodeIgniter.php(320): CodeIgniter\CodeIgniter->handleRequest(NULL, Object(Config\Cache), false)
#4 C:\wamp64\www\correspondencia-ucad\public\index.php(37): CodeIgniter\CodeIgniter->run()
#5 {main}
CRITICAL - 2022-07-25 12:32:56 --> Argument 1 passed to CodeIgniter\HTTP\RedirectResponse::to() must be of the type string, null given, called in C:\wamp64\www\correspondencia-ucad\app\Controllers\modReportes\ProcesoDetalleController.php on line 85
#0 C:\wamp64\www\correspondencia-ucad\app\Controllers\modReportes\ProcesoDetalleController.php(85): CodeIgniter\HTTP\RedirectResponse->to(NULL)
#1 C:\wamp64\www\correspondencia-ucad\system\CodeIgniter.php(825): App\Controllers\modReportes\ProcesoDetalleController->index()
#2 C:\wamp64\www\correspondencia-ucad\system\CodeIgniter.php(412): CodeIgniter\CodeIgniter->runController(Object(App\Controllers\modReportes\ProcesoDetalleController))
#3 C:\wamp64\www\correspondencia-ucad\system\CodeIgniter.php(320): CodeIgniter\CodeIgniter->handleRequest(NULL, Object(Config\Cache), false)
#4 C:\wamp64\www\correspondencia-ucad\public\index.php(37): CodeIgniter\CodeIgniter->run()
#5 {main}
