CRITICAL - 2022-09-07 18:06:16 --> Undefined index: moduloId
#0 C:\wamp64\www\correspondencia-ucad\app\Controllers\HomeMenusController.php(14): CodeIgniter\Debug\Exceptions->errorHandler(8, 'Undefined index...', 'C:\\wamp64\\www\\c...', 14, Array)
#1 C:\wamp64\www\correspondencia-ucad\system\CodeIgniter.php(825): App\Controllers\HomeMenusController->index()
#2 C:\wamp64\www\correspondencia-ucad\system\CodeIgniter.php(412): CodeIgniter\CodeIgniter->runController(Object(App\Controllers\HomeMenusController))
#3 C:\wamp64\www\correspondencia-ucad\system\CodeIgniter.php(320): CodeIgniter\CodeIgniter->handleRequest(NULL, Object(Config\Cache), false)
#4 C:\wamp64\www\correspondencia-ucad\public\index.php(37): CodeIgniter\CodeIgniter->run()
#5 {main}
CRITICAL - 2022-09-07 18:06:34 --> Undefined index: moduloId
#0 C:\wamp64\www\correspondencia-ucad\app\Controllers\HomeMenusController.php(14): CodeIgniter\Debug\Exceptions->errorHandler(8, 'Undefined index...', 'C:\\wamp64\\www\\c...', 14, Array)
#1 C:\wamp64\www\correspondencia-ucad\system\CodeIgniter.php(825): App\Controllers\HomeMenusController->index()
#2 C:\wamp64\www\correspondencia-ucad\system\CodeIgniter.php(412): CodeIgniter\CodeIgniter->runController(Object(App\Controllers\HomeMenusController))
#3 C:\wamp64\www\correspondencia-ucad\system\CodeIgniter.php(320): CodeIgniter\CodeIgniter->handleRequest(NULL, Object(Config\Cache), false)
#4 C:\wamp64\www\correspondencia-ucad\public\index.php(37): CodeIgniter\CodeIgniter->run()
#5 {main}
ERROR - 2022-09-07 18:18:19 --> Table 'correspondencia.vista_con_procesos' doesn't exist
CRITICAL - 2022-09-07 18:18:19 --> Table 'correspondencia.vista_con_procesos' doesn't exist
#0 C:\wamp64\www\correspondencia-ucad\system\Database\MySQLi\Connection.php(292): mysqli->query('SELECT `vp`.`ac...', 0)
#1 C:\wamp64\www\correspondencia-ucad\system\Database\BaseConnection.php(670): CodeIgniter\Database\MySQLi\Connection->execute('SELECT `vp`.`ac...')
#2 C:\wamp64\www\correspondencia-ucad\system\Database\BaseConnection.php(598): CodeIgniter\Database\BaseConnection->simpleQuery('SELECT `vp`.`ac...')
#3 C:\wamp64\www\correspondencia-ucad\system\Database\BaseBuilder.php(1455): CodeIgniter\Database\BaseConnection->query('SELECT `vp`.`ac...', Array, false)
#4 C:\wamp64\www\correspondencia-ucad\system\Model.php(210): CodeIgniter\Database\BaseBuilder->get()
#5 C:\wamp64\www\correspondencia-ucad\system\BaseModel.php(622): CodeIgniter\Model->doFirst()
#6 C:\wamp64\www\correspondencia-ucad\app\Controllers\modTransaccion\TransaccionActividadController.php(96): CodeIgniter\BaseModel->first()
#7 C:\wamp64\www\correspondencia-ucad\system\CodeIgniter.php(825): App\Controllers\modTransaccion\TransaccionActividadController->finalizarA()
#8 C:\wamp64\www\correspondencia-ucad\system\CodeIgniter.php(412): CodeIgniter\CodeIgniter->runController(Object(App\Controllers\modTransaccion\TransaccionActividadController))
#9 C:\wamp64\www\correspondencia-ucad\system\CodeIgniter.php(320): CodeIgniter\CodeIgniter->handleRequest(NULL, Object(Config\Cache), false)
#10 C:\wamp64\www\correspondencia-ucad\public\index.php(37): CodeIgniter\CodeIgniter->run()
#11 {main}
ERROR - 2022-09-07 18:18:37 --> Table 'correspondencia.vista_con_procesos' doesn't exist
CRITICAL - 2022-09-07 18:18:37 --> Table 'correspondencia.vista_con_procesos' doesn't exist
#0 C:\wamp64\www\correspondencia-ucad\system\Database\MySQLi\Connection.php(292): mysqli->query('SELECT `vp`.`ac...', 0)
#1 C:\wamp64\www\correspondencia-ucad\system\Database\BaseConnection.php(670): CodeIgniter\Database\MySQLi\Connection->execute('SELECT `vp`.`ac...')
#2 C:\wamp64\www\correspondencia-ucad\system\Database\BaseConnection.php(598): CodeIgniter\Database\BaseConnection->simpleQuery('SELECT `vp`.`ac...')
#3 C:\wamp64\www\correspondencia-ucad\system\Database\BaseBuilder.php(1455): CodeIgniter\Database\BaseConnection->query('SELECT `vp`.`ac...', Array, false)
#4 C:\wamp64\www\correspondencia-ucad\system\Model.php(210): CodeIgniter\Database\BaseBuilder->get()
#5 C:\wamp64\www\correspondencia-ucad\system\BaseModel.php(622): CodeIgniter\Model->doFirst()
#6 C:\wamp64\www\correspondencia-ucad\app\Controllers\modTransaccion\TransaccionActividadController.php(96): CodeIgniter\BaseModel->first()
#7 C:\wamp64\www\correspondencia-ucad\system\CodeIgniter.php(825): App\Controllers\modTransaccion\TransaccionActividadController->finalizarA()
#8 C:\wamp64\www\correspondencia-ucad\system\CodeIgniter.php(412): CodeIgniter\CodeIgniter->runController(Object(App\Controllers\modTransaccion\TransaccionActividadController))
#9 C:\wamp64\www\correspondencia-ucad\system\CodeIgniter.php(320): CodeIgniter\CodeIgniter->handleRequest(NULL, Object(Config\Cache), false)
#10 C:\wamp64\www\correspondencia-ucad\public\index.php(37): CodeIgniter\CodeIgniter->run()
#11 {main}
