ERROR - 2022-06-30 12:24:34 --> Email: sendWithSmtp throwed fsockopen(): php_network_getaddresses: getaddrinfo failed: Host desconocido. 
CRITICAL - 2022-06-30 15:22:50 --> You must set the database table to be used with your query.
#0 C:\wamp64\www\correspondencia-ucad\system\Model.php(545): CodeIgniter\Database\BaseConnection->table(NULL)
#1 C:\wamp64\www\correspondencia-ucad\system\Model.php(722): CodeIgniter\Model->builder()
#2 C:\wamp64\www\correspondencia-ucad\app\Controllers\modUsuario\PersonaController.php(64): CodeIgniter\Model->__call('orderBy', Array)
#3 C:\wamp64\www\correspondencia-ucad\system\CodeIgniter.php(825): App\Controllers\modUsuario\PersonaController->crear()
#4 C:\wamp64\www\correspondencia-ucad\system\CodeIgniter.php(412): CodeIgniter\CodeIgniter->runController(Object(App\Controllers\modUsuario\PersonaController))
#5 C:\wamp64\www\correspondencia-ucad\system\CodeIgniter.php(320): CodeIgniter\CodeIgniter->handleRequest(NULL, Object(Config\Cache), false)
#6 C:\wamp64\www\correspondencia-ucad\public\index.php(37): CodeIgniter\CodeIgniter->run()
#7 {main}
CRITICAL - 2022-06-30 15:24:05 --> You must set the database table to be used with your query.
#0 C:\wamp64\www\correspondencia-ucad\system\Model.php(545): CodeIgniter\Database\BaseConnection->table(NULL)
#1 C:\wamp64\www\correspondencia-ucad\system\Model.php(722): CodeIgniter\Model->builder()
#2 C:\wamp64\www\correspondencia-ucad\app\Controllers\modUsuario\PersonaController.php(64): CodeIgniter\Model->__call('select', Array)
#3 C:\wamp64\www\correspondencia-ucad\system\CodeIgniter.php(825): App\Controllers\modUsuario\PersonaController->crear()
#4 C:\wamp64\www\correspondencia-ucad\system\CodeIgniter.php(412): CodeIgniter\CodeIgniter->runController(Object(App\Controllers\modUsuario\PersonaController))
#5 C:\wamp64\www\correspondencia-ucad\system\CodeIgniter.php(320): CodeIgniter\CodeIgniter->handleRequest(NULL, Object(Config\Cache), false)
#6 C:\wamp64\www\correspondencia-ucad\public\index.php(37): CodeIgniter\CodeIgniter->run()
#7 {main}
CRITICAL - 2022-06-30 15:25:40 --> You must set the database table to be used with your query.
#0 C:\wamp64\www\correspondencia-ucad\system\Model.php(545): CodeIgniter\Database\BaseConnection->table(NULL)
#1 C:\wamp64\www\correspondencia-ucad\system\Model.php(722): CodeIgniter\Model->builder()
#2 C:\wamp64\www\correspondencia-ucad\app\Controllers\modUsuario\PersonaController.php(64): CodeIgniter\Model->__call('select', Array)
#3 C:\wamp64\www\correspondencia-ucad\system\CodeIgniter.php(825): App\Controllers\modUsuario\PersonaController->crear()
#4 C:\wamp64\www\correspondencia-ucad\system\CodeIgniter.php(412): CodeIgniter\CodeIgniter->runController(Object(App\Controllers\modUsuario\PersonaController))
#5 C:\wamp64\www\correspondencia-ucad\system\CodeIgniter.php(320): CodeIgniter\CodeIgniter->handleRequest(NULL, Object(Config\Cache), false)
#6 C:\wamp64\www\correspondencia-ucad\public\index.php(37): CodeIgniter\CodeIgniter->run()
#7 {main}
CRITICAL - 2022-06-30 15:27:47 --> You must set the database table to be used with your query.
#0 C:\wamp64\www\correspondencia-ucad\system\Model.php(545): CodeIgniter\Database\BaseConnection->table(NULL)
#1 C:\wamp64\www\correspondencia-ucad\system\Model.php(722): CodeIgniter\Model->builder()
#2 C:\wamp64\www\correspondencia-ucad\app\Controllers\modUsuario\PersonaController.php(64): CodeIgniter\Model->__call('select', Array)
#3 C:\wamp64\www\correspondencia-ucad\system\CodeIgniter.php(825): App\Controllers\modUsuario\PersonaController->crear()
#4 C:\wamp64\www\correspondencia-ucad\system\CodeIgniter.php(412): CodeIgniter\CodeIgniter->runController(Object(App\Controllers\modUsuario\PersonaController))
#5 C:\wamp64\www\correspondencia-ucad\system\CodeIgniter.php(320): CodeIgniter\CodeIgniter->handleRequest(NULL, Object(Config\Cache), false)
#6 C:\wamp64\www\correspondencia-ucad\public\index.php(37): CodeIgniter\CodeIgniter->run()
#7 {main}
CRITICAL - 2022-06-30 15:29:09 --> You must set the database table to be used with your query.
#0 C:\wamp64\www\correspondencia-ucad\system\Model.php(545): CodeIgniter\Database\BaseConnection->table(NULL)
#1 C:\wamp64\www\correspondencia-ucad\system\Model.php(722): CodeIgniter\Model->builder()
#2 C:\wamp64\www\correspondencia-ucad\app\Controllers\modUsuario\PersonaController.php(65): CodeIgniter\Model->__call('select', Array)
#3 C:\wamp64\www\correspondencia-ucad\system\CodeIgniter.php(825): App\Controllers\modUsuario\PersonaController->crear()
#4 C:\wamp64\www\correspondencia-ucad\system\CodeIgniter.php(412): CodeIgniter\CodeIgniter->runController(Object(App\Controllers\modUsuario\PersonaController))
#5 C:\wamp64\www\correspondencia-ucad\system\CodeIgniter.php(320): CodeIgniter\CodeIgniter->handleRequest(NULL, Object(Config\Cache), false)
#6 C:\wamp64\www\correspondencia-ucad\public\index.php(37): CodeIgniter\CodeIgniter->run()
#7 {main}
CRITICAL - 2022-06-30 16:06:43 --> You must set the database table to be used with your query.
#0 C:\wamp64\www\correspondencia-ucad\system\Model.php(545): CodeIgniter\Database\BaseConnection->table(NULL)
#1 C:\wamp64\www\correspondencia-ucad\system\Model.php(722): CodeIgniter\Model->builder()
#2 C:\wamp64\www\correspondencia-ucad\app\Controllers\modUsuario\PersonaController.php(72): CodeIgniter\Model->__call('select', Array)
#3 C:\wamp64\www\correspondencia-ucad\system\CodeIgniter.php(825): App\Controllers\modUsuario\PersonaController->crear()
#4 C:\wamp64\www\correspondencia-ucad\system\CodeIgniter.php(412): CodeIgniter\CodeIgniter->runController(Object(App\Controllers\modUsuario\PersonaController))
#5 C:\wamp64\www\correspondencia-ucad\system\CodeIgniter.php(320): CodeIgniter\CodeIgniter->handleRequest(NULL, Object(Config\Cache), false)
#6 C:\wamp64\www\correspondencia-ucad\public\index.php(37): CodeIgniter\CodeIgniter->run()
#7 {main}
ERROR - 2022-06-30 16:09:17 --> Not unique table/alias: 'wk_persona'
CRITICAL - 2022-06-30 16:09:17 --> Not unique table/alias: 'wk_persona'
#0 C:\wamp64\www\correspondencia-ucad\system\Database\MySQLi\Connection.php(292): mysqli->query('SELECT `persona...', 0)
#1 C:\wamp64\www\correspondencia-ucad\system\Database\BaseConnection.php(670): CodeIgniter\Database\MySQLi\Connection->execute('SELECT `persona...')
#2 C:\wamp64\www\correspondencia-ucad\system\Database\BaseConnection.php(598): CodeIgniter\Database\BaseConnection->simpleQuery('SELECT `persona...')
#3 C:\wamp64\www\correspondencia-ucad\system\Database\BaseBuilder.php(1455): CodeIgniter\Database\BaseConnection->query('SELECT `persona...', Array, false)
#4 C:\wamp64\www\correspondencia-ucad\system\Model.php(210): CodeIgniter\Database\BaseBuilder->get()
#5 C:\wamp64\www\correspondencia-ucad\system\BaseModel.php(622): CodeIgniter\Model->doFirst()
#6 C:\wamp64\www\correspondencia-ucad\app\Controllers\modUsuario\PersonaController.php(73): CodeIgniter\BaseModel->first()
#7 C:\wamp64\www\correspondencia-ucad\system\CodeIgniter.php(825): App\Controllers\modUsuario\PersonaController->crear()
#8 C:\wamp64\www\correspondencia-ucad\system\CodeIgniter.php(412): CodeIgniter\CodeIgniter->runController(Object(App\Controllers\modUsuario\PersonaController))
#9 C:\wamp64\www\correspondencia-ucad\system\CodeIgniter.php(320): CodeIgniter\CodeIgniter->handleRequest(NULL, Object(Config\Cache), false)
#10 C:\wamp64\www\correspondencia-ucad\public\index.php(37): CodeIgniter\CodeIgniter->run()
#11 {main}
ERROR - 2022-06-30 16:10:44 --> You have an error in your SQL syntax; check the manual that corresponds to your MySQL server version for the right syntax to use near '1
 LIMIT 1' at line 3
CRITICAL - 2022-06-30 16:10:44 --> You have an error in your SQL syntax; check the manual that corresponds to your MySQL server version for the right syntax to use near '1
 LIMIT 1' at line 3
#0 C:\wamp64\www\correspondencia-ucad\system\Database\MySQLi\Connection.php(292): mysqli->query('SELECT `p`.`per...', 0)
#1 C:\wamp64\www\correspondencia-ucad\system\Database\BaseConnection.php(670): CodeIgniter\Database\MySQLi\Connection->execute('SELECT `p`.`per...')
#2 C:\wamp64\www\correspondencia-ucad\system\Database\BaseConnection.php(598): CodeIgniter\Database\BaseConnection->simpleQuery('SELECT `p`.`per...')
#3 C:\wamp64\www\correspondencia-ucad\system\Database\BaseBuilder.php(1455): CodeIgniter\Database\BaseConnection->query('SELECT `p`.`per...', Array, false)
#4 C:\wamp64\www\correspondencia-ucad\system\Model.php(210): CodeIgniter\Database\BaseBuilder->get()
#5 C:\wamp64\www\correspondencia-ucad\system\BaseModel.php(622): CodeIgniter\Model->doFirst()
#6 C:\wamp64\www\correspondencia-ucad\app\Controllers\modUsuario\PersonaController.php(73): CodeIgniter\BaseModel->first()
#7 C:\wamp64\www\correspondencia-ucad\system\CodeIgniter.php(825): App\Controllers\modUsuario\PersonaController->crear()
#8 C:\wamp64\www\correspondencia-ucad\system\CodeIgniter.php(412): CodeIgniter\CodeIgniter->runController(Object(App\Controllers\modUsuario\PersonaController))
#9 C:\wamp64\www\correspondencia-ucad\system\CodeIgniter.php(320): CodeIgniter\CodeIgniter->handleRequest(NULL, Object(Config\Cache), false)
#10 C:\wamp64\www\correspondencia-ucad\public\index.php(37): CodeIgniter\CodeIgniter->run()
#11 {main}
ERROR - 2022-06-30 16:13:45 --> You have an error in your SQL syntax; check the manual that corresponds to your MySQL server version for the right syntax to use near '1
 LIMIT 1' at line 3
CRITICAL - 2022-06-30 16:13:45 --> You have an error in your SQL syntax; check the manual that corresponds to your MySQL server version for the right syntax to use near '1
 LIMIT 1' at line 3
#0 C:\wamp64\www\correspondencia-ucad\system\Database\MySQLi\Connection.php(292): mysqli->query('SELECT `p`.`per...', 0)
#1 C:\wamp64\www\correspondencia-ucad\system\Database\BaseConnection.php(670): CodeIgniter\Database\MySQLi\Connection->execute('SELECT `p`.`per...')
#2 C:\wamp64\www\correspondencia-ucad\system\Database\BaseConnection.php(598): CodeIgniter\Database\BaseConnection->simpleQuery('SELECT `p`.`per...')
#3 C:\wamp64\www\correspondencia-ucad\system\Database\BaseBuilder.php(1455): CodeIgniter\Database\BaseConnection->query('SELECT `p`.`per...', Array, false)
#4 C:\wamp64\www\correspondencia-ucad\system\Model.php(210): CodeIgniter\Database\BaseBuilder->get()
#5 C:\wamp64\www\correspondencia-ucad\system\BaseModel.php(622): CodeIgniter\Model->doFirst()
#6 C:\wamp64\www\correspondencia-ucad\app\Controllers\modUsuario\PersonaController.php(74): CodeIgniter\BaseModel->first()
#7 C:\wamp64\www\correspondencia-ucad\system\CodeIgniter.php(825): App\Controllers\modUsuario\PersonaController->crear()
#8 C:\wamp64\www\correspondencia-ucad\system\CodeIgniter.php(412): CodeIgniter\CodeIgniter->runController(Object(App\Controllers\modUsuario\PersonaController))
#9 C:\wamp64\www\correspondencia-ucad\system\CodeIgniter.php(320): CodeIgniter\CodeIgniter->handleRequest(NULL, Object(Config\Cache), false)
#10 C:\wamp64\www\correspondencia-ucad\public\index.php(37): CodeIgniter\CodeIgniter->run()
#11 {main}
ERROR - 2022-06-30 16:13:56 --> You have an error in your SQL syntax; check the manual that corresponds to your MySQL server version for the right syntax to use near '1
 LIMIT 1' at line 3
CRITICAL - 2022-06-30 16:13:56 --> You have an error in your SQL syntax; check the manual that corresponds to your MySQL server version for the right syntax to use near '1
 LIMIT 1' at line 3
#0 C:\wamp64\www\correspondencia-ucad\system\Database\MySQLi\Connection.php(292): mysqli->query('SELECT `p`.`per...', 0)
#1 C:\wamp64\www\correspondencia-ucad\system\Database\BaseConnection.php(670): CodeIgniter\Database\MySQLi\Connection->execute('SELECT `p`.`per...')
#2 C:\wamp64\www\correspondencia-ucad\system\Database\BaseConnection.php(598): CodeIgniter\Database\BaseConnection->simpleQuery('SELECT `p`.`per...')
#3 C:\wamp64\www\correspondencia-ucad\system\Database\BaseBuilder.php(1455): CodeIgniter\Database\BaseConnection->query('SELECT `p`.`per...', Array, false)
#4 C:\wamp64\www\correspondencia-ucad\system\Model.php(210): CodeIgniter\Database\BaseBuilder->get()
#5 C:\wamp64\www\correspondencia-ucad\system\BaseModel.php(622): CodeIgniter\Model->doFirst()
#6 C:\wamp64\www\correspondencia-ucad\app\Controllers\modUsuario\PersonaController.php(74): CodeIgniter\BaseModel->first()
#7 C:\wamp64\www\correspondencia-ucad\system\CodeIgniter.php(825): App\Controllers\modUsuario\PersonaController->crear()
#8 C:\wamp64\www\correspondencia-ucad\system\CodeIgniter.php(412): CodeIgniter\CodeIgniter->runController(Object(App\Controllers\modUsuario\PersonaController))
#9 C:\wamp64\www\correspondencia-ucad\system\CodeIgniter.php(320): CodeIgniter\CodeIgniter->handleRequest(NULL, Object(Config\Cache), false)
#10 C:\wamp64\www\correspondencia-ucad\public\index.php(37): CodeIgniter\CodeIgniter->run()
#11 {main}
ERROR - 2022-06-30 16:15:06 --> Cannot add or update a child row: a foreign key constraint fails (`baseprueba`.`wk_usuario`, CONSTRAINT `FK_USUARIO_PERSONA` FOREIGN KEY (`personaId`) REFERENCES `wk_persona` (`personaId`))
CRITICAL - 2022-06-30 16:15:06 --> Cannot add or update a child row: a foreign key constraint fails (`baseprueba`.`wk_usuario`, CONSTRAINT `FK_USUARIO_PERSONA` FOREIGN KEY (`personaId`) REFERENCES `wk_persona` (`personaId`))
#0 C:\wamp64\www\correspondencia-ucad\system\Database\MySQLi\Connection.php(292): mysqli->query('INSERT INTO `wk...', 0)
#1 C:\wamp64\www\correspondencia-ucad\system\Database\BaseConnection.php(670): CodeIgniter\Database\MySQLi\Connection->execute('INSERT INTO `wk...')
#2 C:\wamp64\www\correspondencia-ucad\system\Database\BaseConnection.php(598): CodeIgniter\Database\BaseConnection->simpleQuery('INSERT INTO `wk...')
#3 C:\wamp64\www\correspondencia-ucad\system\Database\BaseBuilder.php(1771): CodeIgniter\Database\BaseConnection->query('INSERT INTO `wk...', Array, false)
#4 C:\wamp64\www\correspondencia-ucad\app\Models\modUsuario\UsuarioModel.php(43): CodeIgniter\Database\BaseBuilder->insert(Array)
#5 C:\wamp64\www\correspondencia-ucad\app\Controllers\modUsuario\PersonaController.php(77): App\Models\modUsuario\UsuarioModel->insertar(Array, Array)
#6 C:\wamp64\www\correspondencia-ucad\system\CodeIgniter.php(825): App\Controllers\modUsuario\PersonaController->crear()
#7 C:\wamp64\www\correspondencia-ucad\system\CodeIgniter.php(412): CodeIgniter\CodeIgniter->runController(Object(App\Controllers\modUsuario\PersonaController))
#8 C:\wamp64\www\correspondencia-ucad\system\CodeIgniter.php(320): CodeIgniter\CodeIgniter->handleRequest(NULL, Object(Config\Cache), false)
#9 C:\wamp64\www\correspondencia-ucad\public\index.php(37): CodeIgniter\CodeIgniter->run()
#10 {main}
ERROR - 2022-06-30 16:15:59 --> Cannot add or update a child row: a foreign key constraint fails (`baseprueba`.`wk_usuario`, CONSTRAINT `FK_USUARIO_PERSONA` FOREIGN KEY (`personaId`) REFERENCES `wk_persona` (`personaId`))
CRITICAL - 2022-06-30 16:15:59 --> Cannot add or update a child row: a foreign key constraint fails (`baseprueba`.`wk_usuario`, CONSTRAINT `FK_USUARIO_PERSONA` FOREIGN KEY (`personaId`) REFERENCES `wk_persona` (`personaId`))
#0 C:\wamp64\www\correspondencia-ucad\system\Database\MySQLi\Connection.php(292): mysqli->query('INSERT INTO `wk...', 0)
#1 C:\wamp64\www\correspondencia-ucad\system\Database\BaseConnection.php(670): CodeIgniter\Database\MySQLi\Connection->execute('INSERT INTO `wk...')
#2 C:\wamp64\www\correspondencia-ucad\system\Database\BaseConnection.php(598): CodeIgniter\Database\BaseConnection->simpleQuery('INSERT INTO `wk...')
#3 C:\wamp64\www\correspondencia-ucad\system\Database\BaseBuilder.php(1771): CodeIgniter\Database\BaseConnection->query('INSERT INTO `wk...', Array, false)
#4 C:\wamp64\www\correspondencia-ucad\app\Models\modUsuario\UsuarioModel.php(43): CodeIgniter\Database\BaseBuilder->insert(Array)
#5 C:\wamp64\www\correspondencia-ucad\app\Controllers\modUsuario\PersonaController.php(77): App\Models\modUsuario\UsuarioModel->insertar(Array, Array)
#6 C:\wamp64\www\correspondencia-ucad\system\CodeIgniter.php(825): App\Controllers\modUsuario\PersonaController->crear()
#7 C:\wamp64\www\correspondencia-ucad\system\CodeIgniter.php(412): CodeIgniter\CodeIgniter->runController(Object(App\Controllers\modUsuario\PersonaController))
#8 C:\wamp64\www\correspondencia-ucad\system\CodeIgniter.php(320): CodeIgniter\CodeIgniter->handleRequest(NULL, Object(Config\Cache), false)
#9 C:\wamp64\www\correspondencia-ucad\public\index.php(37): CodeIgniter\CodeIgniter->run()
#10 {main}
CRITICAL - 2022-06-30 16:20:47 --> Object of class stdClass could not be converted to string
#0 C:\wamp64\www\correspondencia-ucad\system\Database\Query.php(312): implode(',', Array)
#1 C:\wamp64\www\correspondencia-ucad\system\Database\Query.php(293): CodeIgniter\Database\Query->matchNamedBinds('INSERT INTO `wk...', Array)
#2 C:\wamp64\www\correspondencia-ucad\system\Database\Query.php(150): CodeIgniter\Database\Query->compileBinds()
#3 C:\wamp64\www\correspondencia-ucad\system\Database\BaseConnection.php(598): CodeIgniter\Database\Query->getQuery()
#4 C:\wamp64\www\correspondencia-ucad\system\Database\BaseBuilder.php(1771): CodeIgniter\Database\BaseConnection->query('INSERT INTO `wk...', Array, false)
#5 C:\wamp64\www\correspondencia-ucad\app\Models\modUsuario\UsuarioModel.php(43): CodeIgniter\Database\BaseBuilder->insert(Array)
#6 C:\wamp64\www\correspondencia-ucad\app\Controllers\modUsuario\PersonaController.php(76): App\Models\modUsuario\UsuarioModel->insertar(Array)
#7 C:\wamp64\www\correspondencia-ucad\system\CodeIgniter.php(825): App\Controllers\modUsuario\PersonaController->crear()
#8 C:\wamp64\www\correspondencia-ucad\system\CodeIgniter.php(412): CodeIgniter\CodeIgniter->runController(Object(App\Controllers\modUsuario\PersonaController))
#9 C:\wamp64\www\correspondencia-ucad\system\CodeIgniter.php(320): CodeIgniter\CodeIgniter->handleRequest(NULL, Object(Config\Cache), false)
#10 C:\wamp64\www\correspondencia-ucad\public\index.php(37): CodeIgniter\CodeIgniter->run()
#11 {main}
CRITICAL - 2022-06-30 16:22:35 --> Object of class App\Models\modUsuario\UsuarioModel could not be converted to int
#0 C:\wamp64\www\correspondencia-ucad\app\Controllers\modUsuario\PersonaController.php(79): CodeIgniter\Debug\Exceptions->errorHandler(8, 'Object of class...', 'C:\\wamp64\\www\\c...', 79, Array)
#1 C:\wamp64\www\correspondencia-ucad\system\CodeIgniter.php(825): App\Controllers\modUsuario\PersonaController->crear()
#2 C:\wamp64\www\correspondencia-ucad\system\CodeIgniter.php(412): CodeIgniter\CodeIgniter->runController(Object(App\Controllers\modUsuario\PersonaController))
#3 C:\wamp64\www\correspondencia-ucad\system\CodeIgniter.php(320): CodeIgniter\CodeIgniter->handleRequest(NULL, Object(Config\Cache), false)
#4 C:\wamp64\www\correspondencia-ucad\public\index.php(37): CodeIgniter\CodeIgniter->run()
#5 {main}
ERROR - 2022-06-30 16:24:19 --> Cannot delete or update a parent row: a foreign key constraint fails (`baseprueba`.`wk_actividad`, CONSTRAINT `FK_ACTIVIDAD_PERSONA` FOREIGN KEY (`personaId`) REFERENCES `wk_persona` (`personaId`))
CRITICAL - 2022-06-30 16:24:19 --> Cannot delete or update a parent row: a foreign key constraint fails (`baseprueba`.`wk_actividad`, CONSTRAINT `FK_ACTIVIDAD_PERSONA` FOREIGN KEY (`personaId`) REFERENCES `wk_persona` (`personaId`))
#0 C:\wamp64\www\correspondencia-ucad\system\Database\MySQLi\Connection.php(292): mysqli->query('DELETE FROM `wk...', 0)
#1 C:\wamp64\www\correspondencia-ucad\system\Database\BaseConnection.php(670): CodeIgniter\Database\MySQLi\Connection->execute('DELETE FROM `wk...')
#2 C:\wamp64\www\correspondencia-ucad\system\Database\BaseConnection.php(598): CodeIgniter\Database\BaseConnection->simpleQuery('DELETE FROM `wk...')
#3 C:\wamp64\www\correspondencia-ucad\system\Database\BaseBuilder.php(2225): CodeIgniter\Database\BaseConnection->query('DELETE FROM `wk...', Array, false)
#4 C:\wamp64\www\correspondencia-ucad\app\Models\modUsuario\PersonaModel.php(56): CodeIgniter\Database\BaseBuilder->delete()
#5 C:\wamp64\www\correspondencia-ucad\app\Controllers\modUsuario\PersonaController.php(96): App\Models\modUsuario\PersonaModel->eliminar(Array)
#6 C:\wamp64\www\correspondencia-ucad\system\CodeIgniter.php(825): App\Controllers\modUsuario\PersonaController->eliminar()
#7 C:\wamp64\www\correspondencia-ucad\system\CodeIgniter.php(412): CodeIgniter\CodeIgniter->runController(Object(App\Controllers\modUsuario\PersonaController))
#8 C:\wamp64\www\correspondencia-ucad\system\CodeIgniter.php(320): CodeIgniter\CodeIgniter->handleRequest(NULL, Object(Config\Cache), false)
#9 C:\wamp64\www\correspondencia-ucad\public\index.php(37): CodeIgniter\CodeIgniter->run()
#10 {main}
ERROR - 2022-06-30 16:24:31 --> Cannot delete or update a parent row: a foreign key constraint fails (`baseprueba`.`wk_usuario`, CONSTRAINT `FK_USUARIO_PERSONA` FOREIGN KEY (`personaId`) REFERENCES `wk_persona` (`personaId`))
CRITICAL - 2022-06-30 16:24:31 --> Cannot delete or update a parent row: a foreign key constraint fails (`baseprueba`.`wk_usuario`, CONSTRAINT `FK_USUARIO_PERSONA` FOREIGN KEY (`personaId`) REFERENCES `wk_persona` (`personaId`))
#0 C:\wamp64\www\correspondencia-ucad\system\Database\MySQLi\Connection.php(292): mysqli->query('DELETE FROM `wk...', 0)
#1 C:\wamp64\www\correspondencia-ucad\system\Database\BaseConnection.php(670): CodeIgniter\Database\MySQLi\Connection->execute('DELETE FROM `wk...')
#2 C:\wamp64\www\correspondencia-ucad\system\Database\BaseConnection.php(598): CodeIgniter\Database\BaseConnection->simpleQuery('DELETE FROM `wk...')
#3 C:\wamp64\www\correspondencia-ucad\system\Database\BaseBuilder.php(2225): CodeIgniter\Database\BaseConnection->query('DELETE FROM `wk...', Array, false)
#4 C:\wamp64\www\correspondencia-ucad\app\Models\modUsuario\PersonaModel.php(56): CodeIgniter\Database\BaseBuilder->delete()
#5 C:\wamp64\www\correspondencia-ucad\app\Controllers\modUsuario\PersonaController.php(96): App\Models\modUsuario\PersonaModel->eliminar(Array)
#6 C:\wamp64\www\correspondencia-ucad\system\CodeIgniter.php(825): App\Controllers\modUsuario\PersonaController->eliminar()
#7 C:\wamp64\www\correspondencia-ucad\system\CodeIgniter.php(412): CodeIgniter\CodeIgniter->runController(Object(App\Controllers\modUsuario\PersonaController))
#8 C:\wamp64\www\correspondencia-ucad\system\CodeIgniter.php(320): CodeIgniter\CodeIgniter->handleRequest(NULL, Object(Config\Cache), false)
#9 C:\wamp64\www\correspondencia-ucad\public\index.php(37): CodeIgniter\CodeIgniter->run()
#10 {main}
ERROR - 2022-06-30 17:09:59 --> Unknown column 'personaId' in 'field list'
CRITICAL - 2022-06-30 17:09:59 --> Unknown column 'personaId' in 'field list'
#0 C:\wamp64\www\correspondencia-ucad\system\Database\MySQLi\Connection.php(292): mysqli->query('INSERT INTO `wk...', 0)
#1 C:\wamp64\www\correspondencia-ucad\system\Database\BaseConnection.php(670): CodeIgniter\Database\MySQLi\Connection->execute('INSERT INTO `wk...')
#2 C:\wamp64\www\correspondencia-ucad\system\Database\BaseConnection.php(598): CodeIgniter\Database\BaseConnection->simpleQuery('INSERT INTO `wk...')
#3 C:\wamp64\www\correspondencia-ucad\system\Database\BaseBuilder.php(1771): CodeIgniter\Database\BaseConnection->query('INSERT INTO `wk...', Array, false)
#4 C:\wamp64\www\correspondencia-ucad\app\Models\modUsuario\ContactoModel.php(53): CodeIgniter\Database\BaseBuilder->insert(Array)
#5 C:\wamp64\www\correspondencia-ucad\app\Controllers\modUsuario\PersonaController.php(94): App\Models\modUsuario\ContactoModel->insertar(Array)
#6 C:\wamp64\www\correspondencia-ucad\system\CodeIgniter.php(825): App\Controllers\modUsuario\PersonaController->crear()
#7 C:\wamp64\www\correspondencia-ucad\system\CodeIgniter.php(412): CodeIgniter\CodeIgniter->runController(Object(App\Controllers\modUsuario\PersonaController))
#8 C:\wamp64\www\correspondencia-ucad\system\CodeIgniter.php(320): CodeIgniter\CodeIgniter->handleRequest(NULL, Object(Config\Cache), false)
#9 C:\wamp64\www\correspondencia-ucad\public\index.php(37): CodeIgniter\CodeIgniter->run()
#10 {main}
ERROR - 2022-06-30 17:19:08 --> Unknown column 'personaId' in 'field list'
CRITICAL - 2022-06-30 17:19:08 --> Unknown column 'personaId' in 'field list'
#0 C:\wamp64\www\correspondencia-ucad\system\Database\MySQLi\Connection.php(292): mysqli->query('INSERT INTO `wk...', 0)
#1 C:\wamp64\www\correspondencia-ucad\system\Database\BaseConnection.php(670): CodeIgniter\Database\MySQLi\Connection->execute('INSERT INTO `wk...')
#2 C:\wamp64\www\correspondencia-ucad\system\Database\BaseConnection.php(598): CodeIgniter\Database\BaseConnection->simpleQuery('INSERT INTO `wk...')
#3 C:\wamp64\www\correspondencia-ucad\system\Database\BaseBuilder.php(1771): CodeIgniter\Database\BaseConnection->query('INSERT INTO `wk...', Array, false)
#4 C:\wamp64\www\correspondencia-ucad\app\Models\modUsuario\ContactoModel.php(53): CodeIgniter\Database\BaseBuilder->insert(Array)
#5 C:\wamp64\www\correspondencia-ucad\app\Controllers\modUsuario\PersonaController.php(97): App\Models\modUsuario\ContactoModel->insertar(Array)
#6 C:\wamp64\www\correspondencia-ucad\system\CodeIgniter.php(825): App\Controllers\modUsuario\PersonaController->crear()
#7 C:\wamp64\www\correspondencia-ucad\system\CodeIgniter.php(412): CodeIgniter\CodeIgniter->runController(Object(App\Controllers\modUsuario\PersonaController))
#8 C:\wamp64\www\correspondencia-ucad\system\CodeIgniter.php(320): CodeIgniter\CodeIgniter->handleRequest(NULL, Object(Config\Cache), false)
#9 C:\wamp64\www\correspondencia-ucad\public\index.php(37): CodeIgniter\CodeIgniter->run()
#10 {main}
CRITICAL - 2022-06-30 17:21:40 --> syntax error, unexpected end of file
#0 C:\wamp64\www\correspondencia-ucad\system\View\View.php(213): CodeIgniter\View\View->CodeIgniter\View\{closure}()
#1 C:\wamp64\www\correspondencia-ucad\system\Common.php(1089): CodeIgniter\View\View->render('modUsuario/cont...', Array, true)
#2 C:\wamp64\www\correspondencia-ucad\app\Controllers\modUsuario\ContactoController.php(32): view('modUsuario/cont...', Array)
#3 C:\wamp64\www\correspondencia-ucad\system\CodeIgniter.php(825): App\Controllers\modUsuario\ContactoController->contacto()
#4 C:\wamp64\www\correspondencia-ucad\system\CodeIgniter.php(412): CodeIgniter\CodeIgniter->runController(Object(App\Controllers\modUsuario\ContactoController))
#5 C:\wamp64\www\correspondencia-ucad\system\CodeIgniter.php(320): CodeIgniter\CodeIgniter->handleRequest(NULL, Object(Config\Cache), false)
#6 C:\wamp64\www\correspondencia-ucad\public\index.php(37): CodeIgniter\CodeIgniter->run()
#7 {main}
