ERROR - 2022-07-27 11:14:51 --> Error connecting to the database: No se puede establecer una conexión ya que el equipo de destino denegó expresamente dicha conexión.

CRITICAL - 2022-07-27 11:14:51 --> Unable to connect to the database.
Main connection [MySQLi]: No se puede establecer una conexión ya que el equipo de destino denegó expresamente dicha conexión.

#0 C:\wamp64\www\correspondencia-ucad\system\Database\BaseConnection.php(577): CodeIgniter\Database\BaseConnection->initialize()
#1 C:\wamp64\www\correspondencia-ucad\system\Database\BaseBuilder.php(1455): CodeIgniter\Database\BaseConnection->query('SELECT *\nFROM `...', Array, false)
#2 C:\wamp64\www\correspondencia-ucad\system\Model.php(210): CodeIgniter\Database\BaseBuilder->get()
#3 C:\wamp64\www\correspondencia-ucad\system\BaseModel.php(622): CodeIgniter\Model->doFirst()
#4 C:\wamp64\www\correspondencia-ucad\app\Models\Usuarios.php(11): CodeIgniter\BaseModel->first()
#5 C:\wamp64\www\correspondencia-ucad\app\Controllers\Home.php(37): App\Models\Usuarios->obtenerUsuario('clave', '123456')
#6 C:\wamp64\www\correspondencia-ucad\system\CodeIgniter.php(825): App\Controllers\Home->login()
#7 C:\wamp64\www\correspondencia-ucad\system\CodeIgniter.php(412): CodeIgniter\CodeIgniter->runController(Object(App\Controllers\Home))
#8 C:\wamp64\www\correspondencia-ucad\system\CodeIgniter.php(320): CodeIgniter\CodeIgniter->handleRequest(NULL, Object(Config\Cache), false)
#9 C:\wamp64\www\correspondencia-ucad\public\index.php(37): CodeIgniter\CodeIgniter->run()
#10 {main}
ERROR - 2022-07-27 13:53:56 --> Error connecting to the database: No se puede establecer una conexión ya que el equipo de destino denegó expresamente dicha conexión.

CRITICAL - 2022-07-27 13:53:56 --> Unable to connect to the database.
Main connection [MySQLi]: No se puede establecer una conexión ya que el equipo de destino denegó expresamente dicha conexión.

#0 C:\wamp64\www\correspondencia-ucad\system\Database\BaseConnection.php(577): CodeIgniter\Database\BaseConnection->initialize()
#1 C:\wamp64\www\correspondencia-ucad\system\Database\BaseBuilder.php(1455): CodeIgniter\Database\BaseConnection->query('SELECT *\nFROM `...', Array, false)
#2 C:\wamp64\www\correspondencia-ucad\system\Model.php(210): CodeIgniter\Database\BaseBuilder->get()
#3 C:\wamp64\www\correspondencia-ucad\system\BaseModel.php(622): CodeIgniter\Model->doFirst()
#4 C:\wamp64\www\correspondencia-ucad\app\Models\Usuarios.php(11): CodeIgniter\BaseModel->first()
#5 C:\wamp64\www\correspondencia-ucad\app\Controllers\Home.php(37): App\Models\Usuarios->obtenerUsuario('clave', '123456')
#6 C:\wamp64\www\correspondencia-ucad\system\CodeIgniter.php(825): App\Controllers\Home->login()
#7 C:\wamp64\www\correspondencia-ucad\system\CodeIgniter.php(412): CodeIgniter\CodeIgniter->runController(Object(App\Controllers\Home))
#8 C:\wamp64\www\correspondencia-ucad\system\CodeIgniter.php(320): CodeIgniter\CodeIgniter->handleRequest(NULL, Object(Config\Cache), false)
#9 C:\wamp64\www\correspondencia-ucad\public\index.php(37): CodeIgniter\CodeIgniter->run()
#10 {main}
ERROR - 2022-07-27 14:01:33 --> Error connecting to the database: No se puede establecer una conexión ya que el equipo de destino denegó expresamente dicha conexión.

CRITICAL - 2022-07-27 14:01:33 --> Unable to connect to the database.
Main connection [MySQLi]: No se puede establecer una conexión ya que el equipo de destino denegó expresamente dicha conexión.

#0 C:\wamp64\www\correspondencia-ucad\system\Database\BaseConnection.php(577): CodeIgniter\Database\BaseConnection->initialize()
#1 C:\wamp64\www\correspondencia-ucad\system\Database\BaseBuilder.php(1455): CodeIgniter\Database\BaseConnection->query('SELECT `r`.`nom...', Array, false)
#2 C:\wamp64\www\correspondencia-ucad\system\Model.php(210): CodeIgniter\Database\BaseBuilder->get()
#3 C:\wamp64\www\correspondencia-ucad\system\BaseModel.php(622): CodeIgniter\Model->doFirst()
#4 C:\wamp64\www\correspondencia-ucad\app\Controllers\Home.php(82): CodeIgniter\BaseModel->first()
#5 C:\wamp64\www\correspondencia-ucad\system\CodeIgniter.php(825): App\Controllers\Home->modulo()
#6 C:\wamp64\www\correspondencia-ucad\system\CodeIgniter.php(412): CodeIgniter\CodeIgniter->runController(Object(App\Controllers\Home))
#7 C:\wamp64\www\correspondencia-ucad\system\CodeIgniter.php(320): CodeIgniter\CodeIgniter->handleRequest(NULL, Object(Config\Cache), false)
#8 C:\wamp64\www\correspondencia-ucad\public\index.php(37): CodeIgniter\CodeIgniter->run()
#9 {main}
ERROR - 2022-07-27 14:01:42 --> Error connecting to the database: No se puede establecer una conexión ya que el equipo de destino denegó expresamente dicha conexión.

CRITICAL - 2022-07-27 14:01:42 --> Unable to connect to the database.
Main connection [MySQLi]: No se puede establecer una conexión ya que el equipo de destino denegó expresamente dicha conexión.

#0 C:\wamp64\www\correspondencia-ucad\system\Database\BaseConnection.php(577): CodeIgniter\Database\BaseConnection->initialize()
#1 C:\wamp64\www\correspondencia-ucad\system\Database\BaseBuilder.php(1455): CodeIgniter\Database\BaseConnection->query('SELECT `r`.`nom...', Array, false)
#2 C:\wamp64\www\correspondencia-ucad\system\Model.php(210): CodeIgniter\Database\BaseBuilder->get()
#3 C:\wamp64\www\correspondencia-ucad\system\BaseModel.php(622): CodeIgniter\Model->doFirst()
#4 C:\wamp64\www\correspondencia-ucad\app\Controllers\Home.php(82): CodeIgniter\BaseModel->first()
#5 C:\wamp64\www\correspondencia-ucad\system\CodeIgniter.php(825): App\Controllers\Home->modulo()
#6 C:\wamp64\www\correspondencia-ucad\system\CodeIgniter.php(412): CodeIgniter\CodeIgniter->runController(Object(App\Controllers\Home))
#7 C:\wamp64\www\correspondencia-ucad\system\CodeIgniter.php(320): CodeIgniter\CodeIgniter->handleRequest(NULL, Object(Config\Cache), false)
#8 C:\wamp64\www\correspondencia-ucad\public\index.php(37): CodeIgniter\CodeIgniter->run()
#9 {main}
ERROR - 2022-07-27 14:13:52 --> Error connecting to the database: No se puede establecer una conexión ya que el equipo de destino denegó expresamente dicha conexión.

CRITICAL - 2022-07-27 14:13:52 --> Unable to connect to the database.
Main connection [MySQLi]: No se puede establecer una conexión ya que el equipo de destino denegó expresamente dicha conexión.

#0 C:\wamp64\www\correspondencia-ucad\system\Database\BaseConnection.php(577): CodeIgniter\Database\BaseConnection->initialize()
#1 C:\wamp64\www\correspondencia-ucad\system\Database\BaseBuilder.php(1455): CodeIgniter\Database\BaseConnection->query('SELECT `r`.`nom...', Array, false)
#2 C:\wamp64\www\correspondencia-ucad\system\Model.php(210): CodeIgniter\Database\BaseBuilder->get()
#3 C:\wamp64\www\correspondencia-ucad\system\BaseModel.php(622): CodeIgniter\Model->doFirst()
#4 C:\wamp64\www\correspondencia-ucad\app\Controllers\Home.php(82): CodeIgniter\BaseModel->first()
#5 C:\wamp64\www\correspondencia-ucad\system\CodeIgniter.php(825): App\Controllers\Home->modulo()
#6 C:\wamp64\www\correspondencia-ucad\system\CodeIgniter.php(412): CodeIgniter\CodeIgniter->runController(Object(App\Controllers\Home))
#7 C:\wamp64\www\correspondencia-ucad\system\CodeIgniter.php(320): CodeIgniter\CodeIgniter->handleRequest(NULL, Object(Config\Cache), false)
#8 C:\wamp64\www\correspondencia-ucad\public\index.php(37): CodeIgniter\CodeIgniter->run()
#9 {main}
