CRITICAL - 2022-07-12 14:39:50 --> Argument 1 passed to CodeIgniter\HTTP\RedirectResponse::to() must be of the type string, null given, called in C:\wamp64\www\correspondencia-ucad\app\Controllers\modReportes\PruebaController.php on line 19
#0 C:\wamp64\www\correspondencia-ucad\app\Controllers\modReportes\PruebaController.php(19): CodeIgniter\HTTP\RedirectResponse->to(NULL)
#1 C:\wamp64\www\correspondencia-ucad\system\CodeIgniter.php(825): App\Controllers\modReportes\PruebaController->index()
#2 C:\wamp64\www\correspondencia-ucad\system\CodeIgniter.php(412): CodeIgniter\CodeIgniter->runController(Object(App\Controllers\modReportes\PruebaController))
#3 C:\wamp64\www\correspondencia-ucad\system\CodeIgniter.php(320): CodeIgniter\CodeIgniter->handleRequest(NULL, Object(Config\Cache), false)
#4 C:\wamp64\www\correspondencia-ucad\public\index.php(37): CodeIgniter\CodeIgniter->run()
#5 {main}
CRITICAL - 2022-07-12 14:39:52 --> Argument 1 passed to CodeIgniter\HTTP\RedirectResponse::to() must be of the type string, null given, called in C:\wamp64\www\correspondencia-ucad\app\Controllers\modReportes\PruebaController.php on line 19
#0 C:\wamp64\www\correspondencia-ucad\app\Controllers\modReportes\PruebaController.php(19): CodeIgniter\HTTP\RedirectResponse->to(NULL)
#1 C:\wamp64\www\correspondencia-ucad\system\CodeIgniter.php(825): App\Controllers\modReportes\PruebaController->index()
#2 C:\wamp64\www\correspondencia-ucad\system\CodeIgniter.php(412): CodeIgniter\CodeIgniter->runController(Object(App\Controllers\modReportes\PruebaController))
#3 C:\wamp64\www\correspondencia-ucad\system\CodeIgniter.php(320): CodeIgniter\CodeIgniter->handleRequest(NULL, Object(Config\Cache), false)
#4 C:\wamp64\www\correspondencia-ucad\public\index.php(37): CodeIgniter\CodeIgniter->run()
#5 {main}
CRITICAL - 2022-07-12 14:39:54 --> Argument 1 passed to CodeIgniter\HTTP\RedirectResponse::to() must be of the type string, null given, called in C:\wamp64\www\correspondencia-ucad\app\Controllers\modReportes\PruebaController.php on line 19
#0 C:\wamp64\www\correspondencia-ucad\app\Controllers\modReportes\PruebaController.php(19): CodeIgniter\HTTP\RedirectResponse->to(NULL)
#1 C:\wamp64\www\correspondencia-ucad\system\CodeIgniter.php(825): App\Controllers\modReportes\PruebaController->index()
#2 C:\wamp64\www\correspondencia-ucad\system\CodeIgniter.php(412): CodeIgniter\CodeIgniter->runController(Object(App\Controllers\modReportes\PruebaController))
#3 C:\wamp64\www\correspondencia-ucad\system\CodeIgniter.php(320): CodeIgniter\CodeIgniter->handleRequest(NULL, Object(Config\Cache), false)
#4 C:\wamp64\www\correspondencia-ucad\public\index.php(37): CodeIgniter\CodeIgniter->run()
#5 {main}
CRITICAL - 2022-07-12 23:09:45 --> The framework needs the following extension(s) installed and loaded: intl.
#0 C:\wamp64\www\correspondencia-ucad\system\CodeIgniter.php(219): CodeIgniter\Exceptions\FrameworkException::forMissingExtension('intl')
#1 C:\wamp64\www\correspondencia-ucad\system\CodeIgniter.php(177): CodeIgniter\CodeIgniter->resolvePlatformExtensions()
#2 C:\wamp64\www\correspondencia-ucad\system\bootstrap.php(146): CodeIgniter\CodeIgniter->initialize()
#3 C:\wamp64\www\correspondencia-ucad\public\index.php(28): require('C:\\wamp64\\www\\c...')
#4 {main}
CRITICAL - 2022-07-12 23:09:51 --> The framework needs the following extension(s) installed and loaded: intl.
#0 C:\wamp64\www\correspondencia-ucad\system\CodeIgniter.php(219): CodeIgniter\Exceptions\FrameworkException::forMissingExtension('intl')
#1 C:\wamp64\www\correspondencia-ucad\system\CodeIgniter.php(177): CodeIgniter\CodeIgniter->resolvePlatformExtensions()
#2 C:\wamp64\www\correspondencia-ucad\system\bootstrap.php(146): CodeIgniter\CodeIgniter->initialize()
#3 C:\wamp64\www\correspondencia-ucad\public\index.php(28): require('C:\\wamp64\\www\\c...')
#4 {main}
CRITICAL - 2022-07-12 23:10:10 --> The framework needs the following extension(s) installed and loaded: intl.
#0 C:\wamp64\www\correspondencia-ucad\system\CodeIgniter.php(219): CodeIgniter\Exceptions\FrameworkException::forMissingExtension('intl')
#1 C:\wamp64\www\correspondencia-ucad\system\CodeIgniter.php(177): CodeIgniter\CodeIgniter->resolvePlatformExtensions()
#2 C:\wamp64\www\correspondencia-ucad\system\bootstrap.php(146): CodeIgniter\CodeIgniter->initialize()
#3 C:\wamp64\www\correspondencia-ucad\public\index.php(28): require('C:\\wamp64\\www\\c...')
#4 {main}
CRITICAL - 2022-07-12 17:39:18 --> Argument 1 passed to CodeIgniter\HTTP\RedirectResponse::to() must be of the type string, null given, called in C:\wamp64\www\correspondencia-ucad\app\Controllers\modReportes\PruebaController.php on line 19
#0 C:\wamp64\www\correspondencia-ucad\app\Controllers\modReportes\PruebaController.php(19): CodeIgniter\HTTP\RedirectResponse->to(NULL)
#1 C:\wamp64\www\correspondencia-ucad\system\CodeIgniter.php(825): App\Controllers\modReportes\PruebaController->index()
#2 C:\wamp64\www\correspondencia-ucad\system\CodeIgniter.php(412): CodeIgniter\CodeIgniter->runController(Object(App\Controllers\modReportes\PruebaController))
#3 C:\wamp64\www\correspondencia-ucad\system\CodeIgniter.php(320): CodeIgniter\CodeIgniter->handleRequest(NULL, Object(Config\Cache), false)
#4 C:\wamp64\www\correspondencia-ucad\public\index.php(37): CodeIgniter\CodeIgniter->run()
#5 {main}
CRITICAL - 2022-07-12 17:39:20 --> Argument 1 passed to CodeIgniter\HTTP\RedirectResponse::to() must be of the type string, null given, called in C:\wamp64\www\correspondencia-ucad\app\Controllers\modReportes\PruebaController.php on line 19
#0 C:\wamp64\www\correspondencia-ucad\app\Controllers\modReportes\PruebaController.php(19): CodeIgniter\HTTP\RedirectResponse->to(NULL)
#1 C:\wamp64\www\correspondencia-ucad\system\CodeIgniter.php(825): App\Controllers\modReportes\PruebaController->index()
#2 C:\wamp64\www\correspondencia-ucad\system\CodeIgniter.php(412): CodeIgniter\CodeIgniter->runController(Object(App\Controllers\modReportes\PruebaController))
#3 C:\wamp64\www\correspondencia-ucad\system\CodeIgniter.php(320): CodeIgniter\CodeIgniter->handleRequest(NULL, Object(Config\Cache), false)
#4 C:\wamp64\www\correspondencia-ucad\public\index.php(37): CodeIgniter\CodeIgniter->run()
#5 {main}
CRITICAL - 2022-07-12 17:46:58 --> Too few arguments to function route_to(), 0 passed in C:\wamp64\www\correspondencia-ucad\app\Views\modReportes\reportes.php on line 58 and exactly 1 expected
#0 C:\wamp64\www\correspondencia-ucad\app\Views\modReportes\reportes.php(58): route_to()
#1 C:\wamp64\www\correspondencia-ucad\system\View\View.php(210): include('C:\\wamp64\\www\\c...')
#2 C:\wamp64\www\correspondencia-ucad\system\View\View.php(213): CodeIgniter\View\View->CodeIgniter\View\{closure}()
#3 C:\wamp64\www\correspondencia-ucad\system\Common.php(1089): CodeIgniter\View\View->render('modReportes/rep...', Array, true)
#4 C:\wamp64\www\correspondencia-ucad\app\Controllers\modReportes\ReportesController.php(18): view('modReportes/rep...', Array)
#5 C:\wamp64\www\correspondencia-ucad\system\CodeIgniter.php(825): App\Controllers\modReportes\ReportesController->index()
#6 C:\wamp64\www\correspondencia-ucad\system\CodeIgniter.php(412): CodeIgniter\CodeIgniter->runController(Object(App\Controllers\modReportes\ReportesController))
#7 C:\wamp64\www\correspondencia-ucad\system\CodeIgniter.php(320): CodeIgniter\CodeIgniter->handleRequest(NULL, Object(Config\Cache), false)
#8 C:\wamp64\www\correspondencia-ucad\public\index.php(37): CodeIgniter\CodeIgniter->run()
#9 {main}
CRITICAL - 2022-07-12 17:47:45 --> Argument 1 passed to CodeIgniter\HTTP\RedirectResponse::to() must be of the type string, null given, called in C:\wamp64\www\correspondencia-ucad\app\Controllers\modReportes\PruebaController.php on line 19
#0 C:\wamp64\www\correspondencia-ucad\app\Controllers\modReportes\PruebaController.php(19): CodeIgniter\HTTP\RedirectResponse->to(NULL)
#1 C:\wamp64\www\correspondencia-ucad\system\CodeIgniter.php(825): App\Controllers\modReportes\PruebaController->index()
#2 C:\wamp64\www\correspondencia-ucad\system\CodeIgniter.php(412): CodeIgniter\CodeIgniter->runController(Object(App\Controllers\modReportes\PruebaController))
#3 C:\wamp64\www\correspondencia-ucad\system\CodeIgniter.php(320): CodeIgniter\CodeIgniter->handleRequest(NULL, Object(Config\Cache), false)
#4 C:\wamp64\www\correspondencia-ucad\public\index.php(37): CodeIgniter\CodeIgniter->run()
#5 {main}
CRITICAL - 2022-07-12 17:48:26 --> Argument 1 passed to CodeIgniter\HTTP\RedirectResponse::to() must be of the type string, null given, called in C:\wamp64\www\correspondencia-ucad\app\Controllers\modReportes\PruebaController.php on line 19
#0 C:\wamp64\www\correspondencia-ucad\app\Controllers\modReportes\PruebaController.php(19): CodeIgniter\HTTP\RedirectResponse->to(NULL)
#1 C:\wamp64\www\correspondencia-ucad\system\CodeIgniter.php(825): App\Controllers\modReportes\PruebaController->index()
#2 C:\wamp64\www\correspondencia-ucad\system\CodeIgniter.php(412): CodeIgniter\CodeIgniter->runController(Object(App\Controllers\modReportes\PruebaController))
#3 C:\wamp64\www\correspondencia-ucad\system\CodeIgniter.php(320): CodeIgniter\CodeIgniter->handleRequest(NULL, Object(Config\Cache), false)
#4 C:\wamp64\www\correspondencia-ucad\public\index.php(37): CodeIgniter\CodeIgniter->run()
#5 {main}
CRITICAL - 2022-07-12 17:53:19 --> Argument 1 passed to CodeIgniter\HTTP\RedirectResponse::to() must be of the type string, null given, called in C:\wamp64\www\correspondencia-ucad\app\Controllers\modReportes\PruebaController.php on line 19
#0 C:\wamp64\www\correspondencia-ucad\app\Controllers\modReportes\PruebaController.php(19): CodeIgniter\HTTP\RedirectResponse->to(NULL)
#1 C:\wamp64\www\correspondencia-ucad\system\CodeIgniter.php(825): App\Controllers\modReportes\PruebaController->index()
#2 C:\wamp64\www\correspondencia-ucad\system\CodeIgniter.php(412): CodeIgniter\CodeIgniter->runController(Object(App\Controllers\modReportes\PruebaController))
#3 C:\wamp64\www\correspondencia-ucad\system\CodeIgniter.php(320): CodeIgniter\CodeIgniter->handleRequest(NULL, Object(Config\Cache), false)
#4 C:\wamp64\www\correspondencia-ucad\public\index.php(37): CodeIgniter\CodeIgniter->run()
#5 {main}
CRITICAL - 2022-07-12 17:53:21 --> Argument 1 passed to CodeIgniter\HTTP\RedirectResponse::to() must be of the type string, null given, called in C:\wamp64\www\correspondencia-ucad\app\Controllers\modReportes\PruebaController.php on line 19
#0 C:\wamp64\www\correspondencia-ucad\app\Controllers\modReportes\PruebaController.php(19): CodeIgniter\HTTP\RedirectResponse->to(NULL)
#1 C:\wamp64\www\correspondencia-ucad\system\CodeIgniter.php(825): App\Controllers\modReportes\PruebaController->index()
#2 C:\wamp64\www\correspondencia-ucad\system\CodeIgniter.php(412): CodeIgniter\CodeIgniter->runController(Object(App\Controllers\modReportes\PruebaController))
#3 C:\wamp64\www\correspondencia-ucad\system\CodeIgniter.php(320): CodeIgniter\CodeIgniter->handleRequest(NULL, Object(Config\Cache), false)
#4 C:\wamp64\www\correspondencia-ucad\public\index.php(37): CodeIgniter\CodeIgniter->run()
#5 {main}
CRITICAL - 2022-07-12 17:53:23 --> Argument 1 passed to CodeIgniter\HTTP\RedirectResponse::to() must be of the type string, null given, called in C:\wamp64\www\correspondencia-ucad\app\Controllers\modReportes\PruebaController.php on line 19
#0 C:\wamp64\www\correspondencia-ucad\app\Controllers\modReportes\PruebaController.php(19): CodeIgniter\HTTP\RedirectResponse->to(NULL)
#1 C:\wamp64\www\correspondencia-ucad\system\CodeIgniter.php(825): App\Controllers\modReportes\PruebaController->index()
#2 C:\wamp64\www\correspondencia-ucad\system\CodeIgniter.php(412): CodeIgniter\CodeIgniter->runController(Object(App\Controllers\modReportes\PruebaController))
#3 C:\wamp64\www\correspondencia-ucad\system\CodeIgniter.php(320): CodeIgniter\CodeIgniter->handleRequest(NULL, Object(Config\Cache), false)
#4 C:\wamp64\www\correspondencia-ucad\public\index.php(37): CodeIgniter\CodeIgniter->run()
#5 {main}
CRITICAL - 2022-07-12 17:53:25 --> Argument 1 passed to CodeIgniter\HTTP\RedirectResponse::to() must be of the type string, null given, called in C:\wamp64\www\correspondencia-ucad\app\Controllers\modReportes\PruebaController.php on line 19
#0 C:\wamp64\www\correspondencia-ucad\app\Controllers\modReportes\PruebaController.php(19): CodeIgniter\HTTP\RedirectResponse->to(NULL)
#1 C:\wamp64\www\correspondencia-ucad\system\CodeIgniter.php(825): App\Controllers\modReportes\PruebaController->index()
#2 C:\wamp64\www\correspondencia-ucad\system\CodeIgniter.php(412): CodeIgniter\CodeIgniter->runController(Object(App\Controllers\modReportes\PruebaController))
#3 C:\wamp64\www\correspondencia-ucad\system\CodeIgniter.php(320): CodeIgniter\CodeIgniter->handleRequest(NULL, Object(Config\Cache), false)
#4 C:\wamp64\www\correspondencia-ucad\public\index.php(37): CodeIgniter\CodeIgniter->run()
#5 {main}
CRITICAL - 2022-07-12 17:55:48 --> Undefined offset: 2
#0 C:\wamp64\www\correspondencia-ucad\public\vendors\mpdf\src\Mpdf.php(12706): CodeIgniter\Debug\Exceptions->errorHandler(8, 'Undefined offse...', 'C:\\wamp64\\www\\c...', 12706, Array)
#1 C:\wamp64\www\correspondencia-ucad\app\Controllers\modReportes\PruebaController.php(18): Mpdf\Mpdf->SetFooter('UCAD|{PAGENO}')
#2 C:\wamp64\www\correspondencia-ucad\system\CodeIgniter.php(825): App\Controllers\modReportes\PruebaController->index()
#3 C:\wamp64\www\correspondencia-ucad\system\CodeIgniter.php(412): CodeIgniter\CodeIgniter->runController(Object(App\Controllers\modReportes\PruebaController))
#4 C:\wamp64\www\correspondencia-ucad\system\CodeIgniter.php(320): CodeIgniter\CodeIgniter->handleRequest(NULL, Object(Config\Cache), false)
#5 C:\wamp64\www\correspondencia-ucad\public\index.php(37): CodeIgniter\CodeIgniter->run()
#6 {main}
CRITICAL - 2022-07-12 17:58:47 --> Argument 1 passed to CodeIgniter\HTTP\RedirectResponse::to() must be of the type string, null given, called in C:\wamp64\www\correspondencia-ucad\app\Controllers\modReportes\PruebaController.php on line 34
#0 C:\wamp64\www\correspondencia-ucad\app\Controllers\modReportes\PruebaController.php(34): CodeIgniter\HTTP\RedirectResponse->to(NULL)
#1 C:\wamp64\www\correspondencia-ucad\system\CodeIgniter.php(825): App\Controllers\modReportes\PruebaController->index()
#2 C:\wamp64\www\correspondencia-ucad\system\CodeIgniter.php(412): CodeIgniter\CodeIgniter->runController(Object(App\Controllers\modReportes\PruebaController))
#3 C:\wamp64\www\correspondencia-ucad\system\CodeIgniter.php(320): CodeIgniter\CodeIgniter->handleRequest(NULL, Object(Config\Cache), false)
#4 C:\wamp64\www\correspondencia-ucad\public\index.php(37): CodeIgniter\CodeIgniter->run()
#5 {main}
CRITICAL - 2022-07-12 17:58:49 --> Argument 1 passed to CodeIgniter\HTTP\RedirectResponse::to() must be of the type string, null given, called in C:\wamp64\www\correspondencia-ucad\app\Controllers\modReportes\PruebaController.php on line 34
#0 C:\wamp64\www\correspondencia-ucad\app\Controllers\modReportes\PruebaController.php(34): CodeIgniter\HTTP\RedirectResponse->to(NULL)
#1 C:\wamp64\www\correspondencia-ucad\system\CodeIgniter.php(825): App\Controllers\modReportes\PruebaController->index()
#2 C:\wamp64\www\correspondencia-ucad\system\CodeIgniter.php(412): CodeIgniter\CodeIgniter->runController(Object(App\Controllers\modReportes\PruebaController))
#3 C:\wamp64\www\correspondencia-ucad\system\CodeIgniter.php(320): CodeIgniter\CodeIgniter->handleRequest(NULL, Object(Config\Cache), false)
#4 C:\wamp64\www\correspondencia-ucad\public\index.php(37): CodeIgniter\CodeIgniter->run()
#5 {main}
CRITICAL - 2022-07-12 17:58:51 --> Argument 1 passed to CodeIgniter\HTTP\RedirectResponse::to() must be of the type string, null given, called in C:\wamp64\www\correspondencia-ucad\app\Controllers\modReportes\PruebaController.php on line 34
#0 C:\wamp64\www\correspondencia-ucad\app\Controllers\modReportes\PruebaController.php(34): CodeIgniter\HTTP\RedirectResponse->to(NULL)
#1 C:\wamp64\www\correspondencia-ucad\system\CodeIgniter.php(825): App\Controllers\modReportes\PruebaController->index()
#2 C:\wamp64\www\correspondencia-ucad\system\CodeIgniter.php(412): CodeIgniter\CodeIgniter->runController(Object(App\Controllers\modReportes\PruebaController))
#3 C:\wamp64\www\correspondencia-ucad\system\CodeIgniter.php(320): CodeIgniter\CodeIgniter->handleRequest(NULL, Object(Config\Cache), false)
#4 C:\wamp64\www\correspondencia-ucad\public\index.php(37): CodeIgniter\CodeIgniter->run()
#5 {main}
CRITICAL - 2022-07-12 17:58:52 --> Argument 1 passed to CodeIgniter\HTTP\RedirectResponse::to() must be of the type string, null given, called in C:\wamp64\www\correspondencia-ucad\app\Controllers\modReportes\PruebaController.php on line 34
#0 C:\wamp64\www\correspondencia-ucad\app\Controllers\modReportes\PruebaController.php(34): CodeIgniter\HTTP\RedirectResponse->to(NULL)
#1 C:\wamp64\www\correspondencia-ucad\system\CodeIgniter.php(825): App\Controllers\modReportes\PruebaController->index()
#2 C:\wamp64\www\correspondencia-ucad\system\CodeIgniter.php(412): CodeIgniter\CodeIgniter->runController(Object(App\Controllers\modReportes\PruebaController))
#3 C:\wamp64\www\correspondencia-ucad\system\CodeIgniter.php(320): CodeIgniter\CodeIgniter->handleRequest(NULL, Object(Config\Cache), false)
#4 C:\wamp64\www\correspondencia-ucad\public\index.php(37): CodeIgniter\CodeIgniter->run()
#5 {main}
CRITICAL - 2022-07-12 18:00:00 --> Argument 1 passed to CodeIgniter\HTTP\RedirectResponse::to() must be of the type string, null given, called in C:\wamp64\www\correspondencia-ucad\app\Controllers\modReportes\PruebaController.php on line 26
#0 C:\wamp64\www\correspondencia-ucad\app\Controllers\modReportes\PruebaController.php(26): CodeIgniter\HTTP\RedirectResponse->to(NULL)
#1 C:\wamp64\www\correspondencia-ucad\system\CodeIgniter.php(825): App\Controllers\modReportes\PruebaController->index()
#2 C:\wamp64\www\correspondencia-ucad\system\CodeIgniter.php(412): CodeIgniter\CodeIgniter->runController(Object(App\Controllers\modReportes\PruebaController))
#3 C:\wamp64\www\correspondencia-ucad\system\CodeIgniter.php(320): CodeIgniter\CodeIgniter->handleRequest(NULL, Object(Config\Cache), false)
#4 C:\wamp64\www\correspondencia-ucad\public\index.php(37): CodeIgniter\CodeIgniter->run()
#5 {main}
CRITICAL - 2022-07-12 18:00:02 --> Argument 1 passed to CodeIgniter\HTTP\RedirectResponse::to() must be of the type string, null given, called in C:\wamp64\www\correspondencia-ucad\app\Controllers\modReportes\PruebaController.php on line 26
#0 C:\wamp64\www\correspondencia-ucad\app\Controllers\modReportes\PruebaController.php(26): CodeIgniter\HTTP\RedirectResponse->to(NULL)
#1 C:\wamp64\www\correspondencia-ucad\system\CodeIgniter.php(825): App\Controllers\modReportes\PruebaController->index()
#2 C:\wamp64\www\correspondencia-ucad\system\CodeIgniter.php(412): CodeIgniter\CodeIgniter->runController(Object(App\Controllers\modReportes\PruebaController))
#3 C:\wamp64\www\correspondencia-ucad\system\CodeIgniter.php(320): CodeIgniter\CodeIgniter->handleRequest(NULL, Object(Config\Cache), false)
#4 C:\wamp64\www\correspondencia-ucad\public\index.php(37): CodeIgniter\CodeIgniter->run()
#5 {main}
CRITICAL - 2022-07-12 18:00:04 --> Argument 1 passed to CodeIgniter\HTTP\RedirectResponse::to() must be of the type string, null given, called in C:\wamp64\www\correspondencia-ucad\app\Controllers\modReportes\PruebaController.php on line 26
#0 C:\wamp64\www\correspondencia-ucad\app\Controllers\modReportes\PruebaController.php(26): CodeIgniter\HTTP\RedirectResponse->to(NULL)
#1 C:\wamp64\www\correspondencia-ucad\system\CodeIgniter.php(825): App\Controllers\modReportes\PruebaController->index()
#2 C:\wamp64\www\correspondencia-ucad\system\CodeIgniter.php(412): CodeIgniter\CodeIgniter->runController(Object(App\Controllers\modReportes\PruebaController))
#3 C:\wamp64\www\correspondencia-ucad\system\CodeIgniter.php(320): CodeIgniter\CodeIgniter->handleRequest(NULL, Object(Config\Cache), false)
#4 C:\wamp64\www\correspondencia-ucad\public\index.php(37): CodeIgniter\CodeIgniter->run()
#5 {main}
CRITICAL - 2022-07-12 18:00:05 --> Argument 1 passed to CodeIgniter\HTTP\RedirectResponse::to() must be of the type string, null given, called in C:\wamp64\www\correspondencia-ucad\app\Controllers\modReportes\PruebaController.php on line 26
#0 C:\wamp64\www\correspondencia-ucad\app\Controllers\modReportes\PruebaController.php(26): CodeIgniter\HTTP\RedirectResponse->to(NULL)
#1 C:\wamp64\www\correspondencia-ucad\system\CodeIgniter.php(825): App\Controllers\modReportes\PruebaController->index()
#2 C:\wamp64\www\correspondencia-ucad\system\CodeIgniter.php(412): CodeIgniter\CodeIgniter->runController(Object(App\Controllers\modReportes\PruebaController))
#3 C:\wamp64\www\correspondencia-ucad\system\CodeIgniter.php(320): CodeIgniter\CodeIgniter->handleRequest(NULL, Object(Config\Cache), false)
#4 C:\wamp64\www\correspondencia-ucad\public\index.php(37): CodeIgniter\CodeIgniter->run()
#5 {main}
CRITICAL - 2022-07-12 18:07:40 --> Argument 1 passed to CodeIgniter\HTTP\RedirectResponse::to() must be of the type string, null given, called in C:\wamp64\www\correspondencia-ucad\app\Controllers\modReportes\PruebaController.php on line 26
#0 C:\wamp64\www\correspondencia-ucad\app\Controllers\modReportes\PruebaController.php(26): CodeIgniter\HTTP\RedirectResponse->to(NULL)
#1 C:\wamp64\www\correspondencia-ucad\system\CodeIgniter.php(825): App\Controllers\modReportes\PruebaController->index()
#2 C:\wamp64\www\correspondencia-ucad\system\CodeIgniter.php(412): CodeIgniter\CodeIgniter->runController(Object(App\Controllers\modReportes\PruebaController))
#3 C:\wamp64\www\correspondencia-ucad\system\CodeIgniter.php(320): CodeIgniter\CodeIgniter->handleRequest(NULL, Object(Config\Cache), false)
#4 C:\wamp64\www\correspondencia-ucad\public\index.php(37): CodeIgniter\CodeIgniter->run()
#5 {main}
CRITICAL - 2022-07-12 18:07:43 --> Argument 1 passed to CodeIgniter\HTTP\RedirectResponse::to() must be of the type string, null given, called in C:\wamp64\www\correspondencia-ucad\app\Controllers\modReportes\PruebaController.php on line 26
#0 C:\wamp64\www\correspondencia-ucad\app\Controllers\modReportes\PruebaController.php(26): CodeIgniter\HTTP\RedirectResponse->to(NULL)
#1 C:\wamp64\www\correspondencia-ucad\system\CodeIgniter.php(825): App\Controllers\modReportes\PruebaController->index()
#2 C:\wamp64\www\correspondencia-ucad\system\CodeIgniter.php(412): CodeIgniter\CodeIgniter->runController(Object(App\Controllers\modReportes\PruebaController))
#3 C:\wamp64\www\correspondencia-ucad\system\CodeIgniter.php(320): CodeIgniter\CodeIgniter->handleRequest(NULL, Object(Config\Cache), false)
#4 C:\wamp64\www\correspondencia-ucad\public\index.php(37): CodeIgniter\CodeIgniter->run()
#5 {main}
CRITICAL - 2022-07-12 18:07:47 --> Argument 1 passed to CodeIgniter\HTTP\RedirectResponse::to() must be of the type string, null given, called in C:\wamp64\www\correspondencia-ucad\app\Controllers\modReportes\PruebaController.php on line 26
#0 C:\wamp64\www\correspondencia-ucad\app\Controllers\modReportes\PruebaController.php(26): CodeIgniter\HTTP\RedirectResponse->to(NULL)
#1 C:\wamp64\www\correspondencia-ucad\system\CodeIgniter.php(825): App\Controllers\modReportes\PruebaController->index()
#2 C:\wamp64\www\correspondencia-ucad\system\CodeIgniter.php(412): CodeIgniter\CodeIgniter->runController(Object(App\Controllers\modReportes\PruebaController))
#3 C:\wamp64\www\correspondencia-ucad\system\CodeIgniter.php(320): CodeIgniter\CodeIgniter->handleRequest(NULL, Object(Config\Cache), false)
#4 C:\wamp64\www\correspondencia-ucad\public\index.php(37): CodeIgniter\CodeIgniter->run()
#5 {main}
CRITICAL - 2022-07-12 18:07:50 --> Argument 1 passed to CodeIgniter\HTTP\RedirectResponse::to() must be of the type string, null given, called in C:\wamp64\www\correspondencia-ucad\app\Controllers\modReportes\PruebaController.php on line 26
#0 C:\wamp64\www\correspondencia-ucad\app\Controllers\modReportes\PruebaController.php(26): CodeIgniter\HTTP\RedirectResponse->to(NULL)
#1 C:\wamp64\www\correspondencia-ucad\system\CodeIgniter.php(825): App\Controllers\modReportes\PruebaController->index()
#2 C:\wamp64\www\correspondencia-ucad\system\CodeIgniter.php(412): CodeIgniter\CodeIgniter->runController(Object(App\Controllers\modReportes\PruebaController))
#3 C:\wamp64\www\correspondencia-ucad\system\CodeIgniter.php(320): CodeIgniter\CodeIgniter->handleRequest(NULL, Object(Config\Cache), false)
#4 C:\wamp64\www\correspondencia-ucad\public\index.php(37): CodeIgniter\CodeIgniter->run()
#5 {main}
