ERROR - 2022-05-21 18:48:24 --> Cannot delete or update a parent row: a foreign key constraint fails (`baseprueba`.`wk_actividad`, CONSTRAINT `FK_ACTIVIDAD_ETAPA` FOREIGN KEY (`etapaId`) REFERENCES `wk_etapa` (`etapaId`))
CRITICAL - 2022-05-21 18:48:24 --> Cannot delete or update a parent row: a foreign key constraint fails (`baseprueba`.`wk_actividad`, CONSTRAINT `FK_ACTIVIDAD_ETAPA` FOREIGN KEY (`etapaId`) REFERENCES `wk_etapa` (`etapaId`))
#0 C:\wamp64\www\correspondencia-ucad\system\Database\MySQLi\Connection.php(292): mysqli->query('DELETE FROM `wk...', 0)
#1 C:\wamp64\www\correspondencia-ucad\system\Database\BaseConnection.php(670): CodeIgniter\Database\MySQLi\Connection->execute('DELETE FROM `wk...')
#2 C:\wamp64\www\correspondencia-ucad\system\Database\BaseConnection.php(598): CodeIgniter\Database\BaseConnection->simpleQuery('DELETE FROM `wk...')
#3 C:\wamp64\www\correspondencia-ucad\system\Database\BaseBuilder.php(2225): CodeIgniter\Database\BaseConnection->query('DELETE FROM `wk...', Array, false)
#4 C:\wamp64\www\correspondencia-ucad\app\Models\modProceso\EtapaModel.php(47): CodeIgniter\Database\BaseBuilder->delete()
#5 C:\wamp64\www\correspondencia-ucad\app\Controllers\modProceso\EtapaController.php(74): App\Models\modProceso\EtapaModel->eliminar(Array)
#6 C:\wamp64\www\correspondencia-ucad\system\CodeIgniter.php(825): App\Controllers\modProceso\EtapaController->eliminar()
#7 C:\wamp64\www\correspondencia-ucad\system\CodeIgniter.php(412): CodeIgniter\CodeIgniter->runController(Object(App\Controllers\modProceso\EtapaController))
#8 C:\wamp64\www\correspondencia-ucad\system\CodeIgniter.php(320): CodeIgniter\CodeIgniter->handleRequest(NULL, Object(Config\Cache), false)
#9 C:\wamp64\www\correspondencia-ucad\public\index.php(37): CodeIgniter\CodeIgniter->run()
#10 {main}
ERROR - 2022-05-21 19:40:40 --> Cannot delete or update a parent row: a foreign key constraint fails (`baseprueba`.`wk_actividad`, CONSTRAINT `FK_ACTIVIDAD_ETAPA` FOREIGN KEY (`etapaId`) REFERENCES `wk_etapa` (`etapaId`))
CRITICAL - 2022-05-21 19:40:40 --> Cannot delete or update a parent row: a foreign key constraint fails (`baseprueba`.`wk_actividad`, CONSTRAINT `FK_ACTIVIDAD_ETAPA` FOREIGN KEY (`etapaId`) REFERENCES `wk_etapa` (`etapaId`))
#0 C:\wamp64\www\correspondencia-ucad\system\Database\MySQLi\Connection.php(292): mysqli->query('DELETE FROM `wk...', 0)
#1 C:\wamp64\www\correspondencia-ucad\system\Database\BaseConnection.php(670): CodeIgniter\Database\MySQLi\Connection->execute('DELETE FROM `wk...')
#2 C:\wamp64\www\correspondencia-ucad\system\Database\BaseConnection.php(598): CodeIgniter\Database\BaseConnection->simpleQuery('DELETE FROM `wk...')
#3 C:\wamp64\www\correspondencia-ucad\system\Database\BaseBuilder.php(2225): CodeIgniter\Database\BaseConnection->query('DELETE FROM `wk...', Array, false)
#4 C:\wamp64\www\correspondencia-ucad\app\Models\modProceso\EtapaModel.php(47): CodeIgniter\Database\BaseBuilder->delete()
#5 C:\wamp64\www\correspondencia-ucad\app\Controllers\modProceso\EtapaController.php(74): App\Models\modProceso\EtapaModel->eliminar(Array)
#6 C:\wamp64\www\correspondencia-ucad\system\CodeIgniter.php(825): App\Controllers\modProceso\EtapaController->eliminar()
#7 C:\wamp64\www\correspondencia-ucad\system\CodeIgniter.php(412): CodeIgniter\CodeIgniter->runController(Object(App\Controllers\modProceso\EtapaController))
#8 C:\wamp64\www\correspondencia-ucad\system\CodeIgniter.php(320): CodeIgniter\CodeIgniter->handleRequest(NULL, Object(Config\Cache), false)
#9 C:\wamp64\www\correspondencia-ucad\public\index.php(37): CodeIgniter\CodeIgniter->run()
#10 {main}
ERROR - 2022-05-21 19:40:49 --> Cannot delete or update a parent row: a foreign key constraint fails (`baseprueba`.`wk_actividad`, CONSTRAINT `FK_ACTIVIDAD_ETAPA` FOREIGN KEY (`etapaId`) REFERENCES `wk_etapa` (`etapaId`))
CRITICAL - 2022-05-21 19:40:49 --> Cannot delete or update a parent row: a foreign key constraint fails (`baseprueba`.`wk_actividad`, CONSTRAINT `FK_ACTIVIDAD_ETAPA` FOREIGN KEY (`etapaId`) REFERENCES `wk_etapa` (`etapaId`))
#0 C:\wamp64\www\correspondencia-ucad\system\Database\MySQLi\Connection.php(292): mysqli->query('DELETE FROM `wk...', 0)
#1 C:\wamp64\www\correspondencia-ucad\system\Database\BaseConnection.php(670): CodeIgniter\Database\MySQLi\Connection->execute('DELETE FROM `wk...')
#2 C:\wamp64\www\correspondencia-ucad\system\Database\BaseConnection.php(598): CodeIgniter\Database\BaseConnection->simpleQuery('DELETE FROM `wk...')
#3 C:\wamp64\www\correspondencia-ucad\system\Database\BaseBuilder.php(2225): CodeIgniter\Database\BaseConnection->query('DELETE FROM `wk...', Array, false)
#4 C:\wamp64\www\correspondencia-ucad\app\Models\modProceso\EtapaModel.php(47): CodeIgniter\Database\BaseBuilder->delete()
#5 C:\wamp64\www\correspondencia-ucad\app\Controllers\modProceso\EtapaController.php(74): App\Models\modProceso\EtapaModel->eliminar(Array)
#6 C:\wamp64\www\correspondencia-ucad\system\CodeIgniter.php(825): App\Controllers\modProceso\EtapaController->eliminar()
#7 C:\wamp64\www\correspondencia-ucad\system\CodeIgniter.php(412): CodeIgniter\CodeIgniter->runController(Object(App\Controllers\modProceso\EtapaController))
#8 C:\wamp64\www\correspondencia-ucad\system\CodeIgniter.php(320): CodeIgniter\CodeIgniter->handleRequest(NULL, Object(Config\Cache), false)
#9 C:\wamp64\www\correspondencia-ucad\public\index.php(37): CodeIgniter\CodeIgniter->run()
#10 {main}
ERROR - 2022-05-21 19:41:36 --> Cannot delete or update a parent row: a foreign key constraint fails (`baseprueba`.`wk_actividad`, CONSTRAINT `FK_ACTIVIDAD_ETAPA` FOREIGN KEY (`etapaId`) REFERENCES `wk_etapa` (`etapaId`))
CRITICAL - 2022-05-21 19:41:36 --> Cannot delete or update a parent row: a foreign key constraint fails (`baseprueba`.`wk_actividad`, CONSTRAINT `FK_ACTIVIDAD_ETAPA` FOREIGN KEY (`etapaId`) REFERENCES `wk_etapa` (`etapaId`))
#0 C:\wamp64\www\correspondencia-ucad\system\Database\MySQLi\Connection.php(292): mysqli->query('DELETE FROM `wk...', 0)
#1 C:\wamp64\www\correspondencia-ucad\system\Database\BaseConnection.php(670): CodeIgniter\Database\MySQLi\Connection->execute('DELETE FROM `wk...')
#2 C:\wamp64\www\correspondencia-ucad\system\Database\BaseConnection.php(598): CodeIgniter\Database\BaseConnection->simpleQuery('DELETE FROM `wk...')
#3 C:\wamp64\www\correspondencia-ucad\system\Database\BaseBuilder.php(2225): CodeIgniter\Database\BaseConnection->query('DELETE FROM `wk...', Array, false)
#4 C:\wamp64\www\correspondencia-ucad\app\Models\modProceso\EtapaModel.php(47): CodeIgniter\Database\BaseBuilder->delete()
#5 C:\wamp64\www\correspondencia-ucad\app\Controllers\modProceso\EtapaController.php(74): App\Models\modProceso\EtapaModel->eliminar(Array)
#6 C:\wamp64\www\correspondencia-ucad\system\CodeIgniter.php(825): App\Controllers\modProceso\EtapaController->eliminar()
#7 C:\wamp64\www\correspondencia-ucad\system\CodeIgniter.php(412): CodeIgniter\CodeIgniter->runController(Object(App\Controllers\modProceso\EtapaController))
#8 C:\wamp64\www\correspondencia-ucad\system\CodeIgniter.php(320): CodeIgniter\CodeIgniter->handleRequest(NULL, Object(Config\Cache), false)
#9 C:\wamp64\www\correspondencia-ucad\public\index.php(37): CodeIgniter\CodeIgniter->run()
#10 {main}
ERROR - 2022-05-21 19:44:06 --> Cannot delete or update a parent row: a foreign key constraint fails (`baseprueba`.`wk_actividad`, CONSTRAINT `FK_ACTIVIDAD_ETAPA` FOREIGN KEY (`etapaId`) REFERENCES `wk_etapa` (`etapaId`))
CRITICAL - 2022-05-21 19:44:06 --> Cannot delete or update a parent row: a foreign key constraint fails (`baseprueba`.`wk_actividad`, CONSTRAINT `FK_ACTIVIDAD_ETAPA` FOREIGN KEY (`etapaId`) REFERENCES `wk_etapa` (`etapaId`))
#0 C:\wamp64\www\correspondencia-ucad\system\Database\MySQLi\Connection.php(292): mysqli->query('DELETE FROM `wk...', 0)
#1 C:\wamp64\www\correspondencia-ucad\system\Database\BaseConnection.php(670): CodeIgniter\Database\MySQLi\Connection->execute('DELETE FROM `wk...')
#2 C:\wamp64\www\correspondencia-ucad\system\Database\BaseConnection.php(598): CodeIgniter\Database\BaseConnection->simpleQuery('DELETE FROM `wk...')
#3 C:\wamp64\www\correspondencia-ucad\system\Database\BaseBuilder.php(2225): CodeIgniter\Database\BaseConnection->query('DELETE FROM `wk...', Array, false)
#4 C:\wamp64\www\correspondencia-ucad\app\Models\modProceso\EtapaModel.php(47): CodeIgniter\Database\BaseBuilder->delete()
#5 C:\wamp64\www\correspondencia-ucad\app\Controllers\modProceso\EtapaController.php(74): App\Models\modProceso\EtapaModel->eliminar(Array)
#6 C:\wamp64\www\correspondencia-ucad\system\CodeIgniter.php(825): App\Controllers\modProceso\EtapaController->eliminar()
#7 C:\wamp64\www\correspondencia-ucad\system\CodeIgniter.php(412): CodeIgniter\CodeIgniter->runController(Object(App\Controllers\modProceso\EtapaController))
#8 C:\wamp64\www\correspondencia-ucad\system\CodeIgniter.php(320): CodeIgniter\CodeIgniter->handleRequest(NULL, Object(Config\Cache), false)
#9 C:\wamp64\www\correspondencia-ucad\public\index.php(37): CodeIgniter\CodeIgniter->run()
#10 {main}
ERROR - 2022-05-21 19:44:16 --> Cannot delete or update a parent row: a foreign key constraint fails (`baseprueba`.`wk_actividad`, CONSTRAINT `FK_ACTIVIDAD_ETAPA` FOREIGN KEY (`etapaId`) REFERENCES `wk_etapa` (`etapaId`))
CRITICAL - 2022-05-21 19:44:16 --> Cannot delete or update a parent row: a foreign key constraint fails (`baseprueba`.`wk_actividad`, CONSTRAINT `FK_ACTIVIDAD_ETAPA` FOREIGN KEY (`etapaId`) REFERENCES `wk_etapa` (`etapaId`))
#0 C:\wamp64\www\correspondencia-ucad\system\Database\MySQLi\Connection.php(292): mysqli->query('DELETE FROM `wk...', 0)
#1 C:\wamp64\www\correspondencia-ucad\system\Database\BaseConnection.php(670): CodeIgniter\Database\MySQLi\Connection->execute('DELETE FROM `wk...')
#2 C:\wamp64\www\correspondencia-ucad\system\Database\BaseConnection.php(598): CodeIgniter\Database\BaseConnection->simpleQuery('DELETE FROM `wk...')
#3 C:\wamp64\www\correspondencia-ucad\system\Database\BaseBuilder.php(2225): CodeIgniter\Database\BaseConnection->query('DELETE FROM `wk...', Array, false)
#4 C:\wamp64\www\correspondencia-ucad\app\Models\modProceso\EtapaModel.php(47): CodeIgniter\Database\BaseBuilder->delete()
#5 C:\wamp64\www\correspondencia-ucad\app\Controllers\modProceso\EtapaController.php(74): App\Models\modProceso\EtapaModel->eliminar(Array)
#6 C:\wamp64\www\correspondencia-ucad\system\CodeIgniter.php(825): App\Controllers\modProceso\EtapaController->eliminar()
#7 C:\wamp64\www\correspondencia-ucad\system\CodeIgniter.php(412): CodeIgniter\CodeIgniter->runController(Object(App\Controllers\modProceso\EtapaController))
#8 C:\wamp64\www\correspondencia-ucad\system\CodeIgniter.php(320): CodeIgniter\CodeIgniter->handleRequest(NULL, Object(Config\Cache), false)
#9 C:\wamp64\www\correspondencia-ucad\public\index.php(37): CodeIgniter\CodeIgniter->run()
#10 {main}
ERROR - 2022-05-21 19:44:23 --> Cannot delete or update a parent row: a foreign key constraint fails (`baseprueba`.`wk_actividad`, CONSTRAINT `FK_ACTIVIDAD_ETAPA` FOREIGN KEY (`etapaId`) REFERENCES `wk_etapa` (`etapaId`))
CRITICAL - 2022-05-21 19:44:23 --> Cannot delete or update a parent row: a foreign key constraint fails (`baseprueba`.`wk_actividad`, CONSTRAINT `FK_ACTIVIDAD_ETAPA` FOREIGN KEY (`etapaId`) REFERENCES `wk_etapa` (`etapaId`))
#0 C:\wamp64\www\correspondencia-ucad\system\Database\MySQLi\Connection.php(292): mysqli->query('DELETE FROM `wk...', 0)
#1 C:\wamp64\www\correspondencia-ucad\system\Database\BaseConnection.php(670): CodeIgniter\Database\MySQLi\Connection->execute('DELETE FROM `wk...')
#2 C:\wamp64\www\correspondencia-ucad\system\Database\BaseConnection.php(598): CodeIgniter\Database\BaseConnection->simpleQuery('DELETE FROM `wk...')
#3 C:\wamp64\www\correspondencia-ucad\system\Database\BaseBuilder.php(2225): CodeIgniter\Database\BaseConnection->query('DELETE FROM `wk...', Array, false)
#4 C:\wamp64\www\correspondencia-ucad\app\Models\modProceso\EtapaModel.php(47): CodeIgniter\Database\BaseBuilder->delete()
#5 C:\wamp64\www\correspondencia-ucad\app\Controllers\modProceso\EtapaController.php(74): App\Models\modProceso\EtapaModel->eliminar(Array)
#6 C:\wamp64\www\correspondencia-ucad\system\CodeIgniter.php(825): App\Controllers\modProceso\EtapaController->eliminar()
#7 C:\wamp64\www\correspondencia-ucad\system\CodeIgniter.php(412): CodeIgniter\CodeIgniter->runController(Object(App\Controllers\modProceso\EtapaController))
#8 C:\wamp64\www\correspondencia-ucad\system\CodeIgniter.php(320): CodeIgniter\CodeIgniter->handleRequest(NULL, Object(Config\Cache), false)
#9 C:\wamp64\www\correspondencia-ucad\public\index.php(37): CodeIgniter\CodeIgniter->run()
#10 {main}
ERROR - 2022-05-21 19:44:30 --> Cannot delete or update a parent row: a foreign key constraint fails (`baseprueba`.`wk_actividad`, CONSTRAINT `FK_ACTIVIDAD_ETAPA` FOREIGN KEY (`etapaId`) REFERENCES `wk_etapa` (`etapaId`))
CRITICAL - 2022-05-21 19:44:30 --> Cannot delete or update a parent row: a foreign key constraint fails (`baseprueba`.`wk_actividad`, CONSTRAINT `FK_ACTIVIDAD_ETAPA` FOREIGN KEY (`etapaId`) REFERENCES `wk_etapa` (`etapaId`))
#0 C:\wamp64\www\correspondencia-ucad\system\Database\MySQLi\Connection.php(292): mysqli->query('DELETE FROM `wk...', 0)
#1 C:\wamp64\www\correspondencia-ucad\system\Database\BaseConnection.php(670): CodeIgniter\Database\MySQLi\Connection->execute('DELETE FROM `wk...')
#2 C:\wamp64\www\correspondencia-ucad\system\Database\BaseConnection.php(598): CodeIgniter\Database\BaseConnection->simpleQuery('DELETE FROM `wk...')
#3 C:\wamp64\www\correspondencia-ucad\system\Database\BaseBuilder.php(2225): CodeIgniter\Database\BaseConnection->query('DELETE FROM `wk...', Array, false)
#4 C:\wamp64\www\correspondencia-ucad\app\Models\modProceso\EtapaModel.php(47): CodeIgniter\Database\BaseBuilder->delete()
#5 C:\wamp64\www\correspondencia-ucad\app\Controllers\modProceso\EtapaController.php(74): App\Models\modProceso\EtapaModel->eliminar(Array)
#6 C:\wamp64\www\correspondencia-ucad\system\CodeIgniter.php(825): App\Controllers\modProceso\EtapaController->eliminar()
#7 C:\wamp64\www\correspondencia-ucad\system\CodeIgniter.php(412): CodeIgniter\CodeIgniter->runController(Object(App\Controllers\modProceso\EtapaController))
#8 C:\wamp64\www\correspondencia-ucad\system\CodeIgniter.php(320): CodeIgniter\CodeIgniter->handleRequest(NULL, Object(Config\Cache), false)
#9 C:\wamp64\www\correspondencia-ucad\public\index.php(37): CodeIgniter\CodeIgniter->run()
#10 {main}
