CRITICAL - 2022-06-24 13:16:07 --> Undefined offset: 1
#0 C:\wamp64\www\correspondencia-ucad\app\Controllers\modGraficas\GraficasController.php(37): CodeIgniter\Debug\Exceptions->errorHandler(8, 'Undefined offse...', 'C:\\wamp64\\www\\c...', 37, Array)
#1 C:\wamp64\www\correspondencia-ucad\system\CodeIgniter.php(825): App\Controllers\modGraficas\GraficasController->barraF()
#2 C:\wamp64\www\correspondencia-ucad\system\CodeIgniter.php(412): CodeIgniter\CodeIgniter->runController(Object(App\Controllers\modGraficas\GraficasController))
#3 C:\wamp64\www\correspondencia-ucad\system\CodeIgniter.php(320): CodeIgniter\CodeIgniter->handleRequest(NULL, Object(Config\Cache), false)
#4 C:\wamp64\www\correspondencia-ucad\public\index.php(37): CodeIgniter\CodeIgniter->run()
#5 {main}
CRITICAL - 2022-06-24 13:16:32 --> Undefined offset: 1
#0 C:\wamp64\www\correspondencia-ucad\app\Controllers\modGraficas\GraficasController.php(37): CodeIgniter\Debug\Exceptions->errorHandler(8, 'Undefined offse...', 'C:\\wamp64\\www\\c...', 37, Array)
#1 C:\wamp64\www\correspondencia-ucad\system\CodeIgniter.php(825): App\Controllers\modGraficas\GraficasController->barraF()
#2 C:\wamp64\www\correspondencia-ucad\system\CodeIgniter.php(412): CodeIgniter\CodeIgniter->runController(Object(App\Controllers\modGraficas\GraficasController))
#3 C:\wamp64\www\correspondencia-ucad\system\CodeIgniter.php(320): CodeIgniter\CodeIgniter->handleRequest(NULL, Object(Config\Cache), false)
#4 C:\wamp64\www\correspondencia-ucad\public\index.php(37): CodeIgniter\CodeIgniter->run()
#5 {main}
CRITICAL - 2022-06-24 13:17:25 --> Undefined offset: 1
#0 C:\wamp64\www\correspondencia-ucad\app\Controllers\modGraficas\GraficasController.php(37): CodeIgniter\Debug\Exceptions->errorHandler(8, 'Undefined offse...', 'C:\\wamp64\\www\\c...', 37, Array)
#1 C:\wamp64\www\correspondencia-ucad\system\CodeIgniter.php(825): App\Controllers\modGraficas\GraficasController->barraF()
#2 C:\wamp64\www\correspondencia-ucad\system\CodeIgniter.php(412): CodeIgniter\CodeIgniter->runController(Object(App\Controllers\modGraficas\GraficasController))
#3 C:\wamp64\www\correspondencia-ucad\system\CodeIgniter.php(320): CodeIgniter\CodeIgniter->handleRequest(NULL, Object(Config\Cache), false)
#4 C:\wamp64\www\correspondencia-ucad\public\index.php(37): CodeIgniter\CodeIgniter->run()
#5 {main}
ERROR - 2022-06-24 13:18:19 --> Unknown column 'ta.fechaInicio' in 'where clause'
CRITICAL - 2022-06-24 13:18:19 --> Unknown column 'ta.fechaInicio' in 'where clause'
#0 C:\wamp64\www\correspondencia-ucad\system\Database\MySQLi\Connection.php(292): mysqli->query('SELECT p.nombre...', 0)
#1 C:\wamp64\www\correspondencia-ucad\system\Database\BaseConnection.php(670): CodeIgniter\Database\MySQLi\Connection->execute('SELECT p.nombre...')
#2 C:\wamp64\www\correspondencia-ucad\system\Database\BaseConnection.php(598): CodeIgniter\Database\BaseConnection->simpleQuery('SELECT p.nombre...')
#3 C:\wamp64\www\correspondencia-ucad\app\Models\modGraficas\GraficasModel.php(47): CodeIgniter\Database\BaseConnection->query('SELECT p.nombre...')
#4 C:\wamp64\www\correspondencia-ucad\app\Controllers\modGraficas\GraficasController.php(67): App\Models\modGraficas\GraficasModel->barraP('01/01/2022', '24/06/2022')
#5 C:\wamp64\www\correspondencia-ucad\system\CodeIgniter.php(825): App\Controllers\modGraficas\GraficasController->barraP()
#6 C:\wamp64\www\correspondencia-ucad\system\CodeIgniter.php(412): CodeIgniter\CodeIgniter->runController(Object(App\Controllers\modGraficas\GraficasController))
#7 C:\wamp64\www\correspondencia-ucad\system\CodeIgniter.php(320): CodeIgniter\CodeIgniter->handleRequest(NULL, Object(Config\Cache), false)
#8 C:\wamp64\www\correspondencia-ucad\public\index.php(37): CodeIgniter\CodeIgniter->run()
#9 {main}
