ERROR - 2022-10-06 17:10:28 --> Expression #1 of SELECT list is not in GROUP BY clause and contains nonaggregated column 'correspondencia.mm.moduloId' which is not functionally dependent on columns in GROUP BY clause; this is incompatible with sql_mode=only_full_group_by
CRITICAL - 2022-10-06 17:10:28 --> Expression #1 of SELECT list is not in GROUP BY clause and contains nonaggregated column 'correspondencia.mm.moduloId' which is not functionally dependent on columns in GROUP BY clause; this is incompatible with sql_mode=only_full_group_by
#0 C:\laragon\www\correspondencia-ucad\system\Database\MySQLi\Connection.php(292): mysqli->query('SELECT `mm`.`mo...', 0)
#1 C:\laragon\www\correspondencia-ucad\system\Database\BaseConnection.php(670): CodeIgniter\Database\MySQLi\Connection->execute('SELECT `mm`.`mo...')
#2 C:\laragon\www\correspondencia-ucad\system\Database\BaseConnection.php(598): CodeIgniter\Database\BaseConnection->simpleQuery('SELECT `mm`.`mo...')
#3 C:\laragon\www\correspondencia-ucad\system\Database\BaseBuilder.php(1455): CodeIgniter\Database\BaseConnection->query('SELECT `mm`.`mo...', Array, false)
#4 C:\laragon\www\correspondencia-ucad\system\Model.php(183): CodeIgniter\Database\BaseBuilder->get()
#5 C:\laragon\www\correspondencia-ucad\system\BaseModel.php(584): CodeIgniter\Model->doFindAll(0, 0)
#6 C:\laragon\www\correspondencia-ucad\app\Controllers\Home.php(42): CodeIgniter\BaseModel->findAll()
#7 C:\laragon\www\correspondencia-ucad\system\CodeIgniter.php(825): App\Controllers\Home->modulo()
#8 C:\laragon\www\correspondencia-ucad\system\CodeIgniter.php(412): CodeIgniter\CodeIgniter->runController(Object(App\Controllers\Home))
#9 C:\laragon\www\correspondencia-ucad\system\CodeIgniter.php(320): CodeIgniter\CodeIgniter->handleRequest(NULL, Object(Config\Cache), false)
#10 C:\laragon\www\correspondencia-ucad\public\index.php(37): CodeIgniter\CodeIgniter->run()
#11 {main}
ERROR - 2022-10-06 17:12:10 --> Expression #1 of SELECT list is not in GROUP BY clause and contains nonaggregated column 'correspondencia.mm.moduloId' which is not functionally dependent on columns in GROUP BY clause; this is incompatible with sql_mode=only_full_group_by
CRITICAL - 2022-10-06 17:12:10 --> Expression #1 of SELECT list is not in GROUP BY clause and contains nonaggregated column 'correspondencia.mm.moduloId' which is not functionally dependent on columns in GROUP BY clause; this is incompatible with sql_mode=only_full_group_by
#0 C:\laragon\www\correspondencia-ucad\system\Database\MySQLi\Connection.php(292): mysqli->query('SELECT `mm`.`mo...', 0)
#1 C:\laragon\www\correspondencia-ucad\system\Database\BaseConnection.php(670): CodeIgniter\Database\MySQLi\Connection->execute('SELECT `mm`.`mo...')
#2 C:\laragon\www\correspondencia-ucad\system\Database\BaseConnection.php(598): CodeIgniter\Database\BaseConnection->simpleQuery('SELECT `mm`.`mo...')
#3 C:\laragon\www\correspondencia-ucad\system\Database\BaseBuilder.php(1455): CodeIgniter\Database\BaseConnection->query('SELECT `mm`.`mo...', Array, false)
#4 C:\laragon\www\correspondencia-ucad\system\Model.php(183): CodeIgniter\Database\BaseBuilder->get()
#5 C:\laragon\www\correspondencia-ucad\system\BaseModel.php(584): CodeIgniter\Model->doFindAll(0, 0)
#6 C:\laragon\www\correspondencia-ucad\app\Controllers\Home.php(42): CodeIgniter\BaseModel->findAll()
#7 C:\laragon\www\correspondencia-ucad\system\CodeIgniter.php(825): App\Controllers\Home->modulo()
#8 C:\laragon\www\correspondencia-ucad\system\CodeIgniter.php(412): CodeIgniter\CodeIgniter->runController(Object(App\Controllers\Home))
#9 C:\laragon\www\correspondencia-ucad\system\CodeIgniter.php(320): CodeIgniter\CodeIgniter->handleRequest(NULL, Object(Config\Cache), false)
#10 C:\laragon\www\correspondencia-ucad\public\index.php(37): CodeIgniter\CodeIgniter->run()
#11 {main}
CRITICAL - 2022-10-06 17:20:59 --> Trying to access array offset on value of type null
#0 C:\laragon\www\correspondencia-ucad\app\Views\template\admin_template.php(158): CodeIgniter\Debug\Exceptions->errorHandler(8, 'Trying to acces...', 'C:\\laragon\\www\\...', 158, Array)
#1 C:\laragon\www\correspondencia-ucad\system\View\View.php(210): include('C:\\laragon\\www\\...')
#2 C:\laragon\www\correspondencia-ucad\system\View\View.php(213): CodeIgniter\View\View->CodeIgniter\View\{closure}()
#3 C:\laragon\www\correspondencia-ucad\system\View\View.php(226): CodeIgniter\View\View->render('template/admin_...', Array, true)
#4 C:\laragon\www\correspondencia-ucad\system\Common.php(1089): CodeIgniter\View\View->render('homeMenus', Array, true)
#5 C:\laragon\www\correspondencia-ucad\app\Controllers\HomeMenusController.php(78): view('homeMenus', Array)
#6 C:\laragon\www\correspondencia-ucad\system\CodeIgniter.php(825): App\Controllers\HomeMenusController->homeMenu()
#7 C:\laragon\www\correspondencia-ucad\system\CodeIgniter.php(412): CodeIgniter\CodeIgniter->runController(Object(App\Controllers\HomeMenusController))
#8 C:\laragon\www\correspondencia-ucad\system\CodeIgniter.php(320): CodeIgniter\CodeIgniter->handleRequest(NULL, Object(Config\Cache), false)
#9 C:\laragon\www\correspondencia-ucad\public\index.php(37): CodeIgniter\CodeIgniter->run()
#10 {main}
CRITICAL - 2022-10-06 17:21:09 --> Trying to access array offset on value of type null
#0 C:\laragon\www\correspondencia-ucad\app\Views\template\admin_template.php(158): CodeIgniter\Debug\Exceptions->errorHandler(8, 'Trying to acces...', 'C:\\laragon\\www\\...', 158, Array)
#1 C:\laragon\www\correspondencia-ucad\system\View\View.php(210): include('C:\\laragon\\www\\...')
#2 C:\laragon\www\correspondencia-ucad\system\View\View.php(213): CodeIgniter\View\View->CodeIgniter\View\{closure}()
#3 C:\laragon\www\correspondencia-ucad\system\View\View.php(226): CodeIgniter\View\View->render('template/admin_...', Array, true)
#4 C:\laragon\www\correspondencia-ucad\system\Common.php(1089): CodeIgniter\View\View->render('homeMenus', Array, true)
#5 C:\laragon\www\correspondencia-ucad\app\Controllers\HomeMenusController.php(78): view('homeMenus', Array)
#6 C:\laragon\www\correspondencia-ucad\system\CodeIgniter.php(825): App\Controllers\HomeMenusController->homeMenu()
#7 C:\laragon\www\correspondencia-ucad\system\CodeIgniter.php(412): CodeIgniter\CodeIgniter->runController(Object(App\Controllers\HomeMenusController))
#8 C:\laragon\www\correspondencia-ucad\system\CodeIgniter.php(320): CodeIgniter\CodeIgniter->handleRequest(NULL, Object(Config\Cache), false)
#9 C:\laragon\www\correspondencia-ucad\public\index.php(37): CodeIgniter\CodeIgniter->run()
#10 {main}
CRITICAL - 2022-10-06 17:21:17 --> Trying to access array offset on value of type null
#0 C:\laragon\www\correspondencia-ucad\app\Views\template\admin_template.php(158): CodeIgniter\Debug\Exceptions->errorHandler(8, 'Trying to acces...', 'C:\\laragon\\www\\...', 158, Array)
#1 C:\laragon\www\correspondencia-ucad\system\View\View.php(210): include('C:\\laragon\\www\\...')
#2 C:\laragon\www\correspondencia-ucad\system\View\View.php(213): CodeIgniter\View\View->CodeIgniter\View\{closure}()
#3 C:\laragon\www\correspondencia-ucad\system\View\View.php(226): CodeIgniter\View\View->render('template/admin_...', Array, true)
#4 C:\laragon\www\correspondencia-ucad\system\Common.php(1089): CodeIgniter\View\View->render('homeMenus', Array, true)
#5 C:\laragon\www\correspondencia-ucad\app\Controllers\HomeMenusController.php(78): view('homeMenus', Array)
#6 C:\laragon\www\correspondencia-ucad\system\CodeIgniter.php(825): App\Controllers\HomeMenusController->homeMenu()
#7 C:\laragon\www\correspondencia-ucad\system\CodeIgniter.php(412): CodeIgniter\CodeIgniter->runController(Object(App\Controllers\HomeMenusController))
#8 C:\laragon\www\correspondencia-ucad\system\CodeIgniter.php(320): CodeIgniter\CodeIgniter->handleRequest(NULL, Object(Config\Cache), false)
#9 C:\laragon\www\correspondencia-ucad\public\index.php(37): CodeIgniter\CodeIgniter->run()
#10 {main}
ERROR - 2022-10-06 17:25:09 --> Expression #1 of SELECT list is not in GROUP BY clause and contains nonaggregated column 'correspondencia.mm.moduloId' which is not functionally dependent on columns in GROUP BY clause; this is incompatible with sql_mode=only_full_group_by
CRITICAL - 2022-10-06 17:25:09 --> Expression #1 of SELECT list is not in GROUP BY clause and contains nonaggregated column 'correspondencia.mm.moduloId' which is not functionally dependent on columns in GROUP BY clause; this is incompatible with sql_mode=only_full_group_by
#0 C:\laragon\www\correspondencia-ucad\system\Database\MySQLi\Connection.php(292): mysqli->query('SELECT `mm`.`mo...', 0)
#1 C:\laragon\www\correspondencia-ucad\system\Database\BaseConnection.php(670): CodeIgniter\Database\MySQLi\Connection->execute('SELECT `mm`.`mo...')
#2 C:\laragon\www\correspondencia-ucad\system\Database\BaseConnection.php(598): CodeIgniter\Database\BaseConnection->simpleQuery('SELECT `mm`.`mo...')
#3 C:\laragon\www\correspondencia-ucad\system\Database\BaseBuilder.php(1455): CodeIgniter\Database\BaseConnection->query('SELECT `mm`.`mo...', Array, false)
#4 C:\laragon\www\correspondencia-ucad\system\Model.php(183): CodeIgniter\Database\BaseBuilder->get()
#5 C:\laragon\www\correspondencia-ucad\system\BaseModel.php(584): CodeIgniter\Model->doFindAll(0, 0)
#6 C:\laragon\www\correspondencia-ucad\app\Controllers\Home.php(42): CodeIgniter\BaseModel->findAll()
#7 C:\laragon\www\correspondencia-ucad\system\CodeIgniter.php(825): App\Controllers\Home->modulo()
#8 C:\laragon\www\correspondencia-ucad\system\CodeIgniter.php(412): CodeIgniter\CodeIgniter->runController(Object(App\Controllers\Home))
#9 C:\laragon\www\correspondencia-ucad\system\CodeIgniter.php(320): CodeIgniter\CodeIgniter->handleRequest(NULL, Object(Config\Cache), false)
#10 C:\laragon\www\correspondencia-ucad\public\index.php(37): CodeIgniter\CodeIgniter->run()
#11 {main}
CRITICAL - 2022-10-06 17:53:27 --> Trying to access array offset on value of type null
#0 C:\laragon\www\correspondencia-ucad\app\Views\template\admin_template.php(158): CodeIgniter\Debug\Exceptions->errorHandler(8, 'Trying to acces...', 'C:\\laragon\\www\\...', 158, Array)
#1 C:\laragon\www\correspondencia-ucad\system\View\View.php(210): include('C:\\laragon\\www\\...')
#2 C:\laragon\www\correspondencia-ucad\system\View\View.php(213): CodeIgniter\View\View->CodeIgniter\View\{closure}()
#3 C:\laragon\www\correspondencia-ucad\system\View\View.php(226): CodeIgniter\View\View->render('template/admin_...', Array, true)
#4 C:\laragon\www\correspondencia-ucad\system\Common.php(1089): CodeIgniter\View\View->render('homeMenus', Array, true)
#5 C:\laragon\www\correspondencia-ucad\app\Controllers\HomeMenusController.php(78): view('homeMenus', Array)
#6 C:\laragon\www\correspondencia-ucad\system\CodeIgniter.php(825): App\Controllers\HomeMenusController->homeMenu()
#7 C:\laragon\www\correspondencia-ucad\system\CodeIgniter.php(412): CodeIgniter\CodeIgniter->runController(Object(App\Controllers\HomeMenusController))
#8 C:\laragon\www\correspondencia-ucad\system\CodeIgniter.php(320): CodeIgniter\CodeIgniter->handleRequest(NULL, Object(Config\Cache), false)
#9 C:\laragon\www\correspondencia-ucad\public\index.php(37): CodeIgniter\CodeIgniter->run()
#10 {main}
CRITICAL - 2022-10-06 17:53:36 --> Trying to access array offset on value of type null
#0 C:\laragon\www\correspondencia-ucad\app\Views\template\admin_template.php(158): CodeIgniter\Debug\Exceptions->errorHandler(8, 'Trying to acces...', 'C:\\laragon\\www\\...', 158, Array)
#1 C:\laragon\www\correspondencia-ucad\system\View\View.php(210): include('C:\\laragon\\www\\...')
#2 C:\laragon\www\correspondencia-ucad\system\View\View.php(213): CodeIgniter\View\View->CodeIgniter\View\{closure}()
#3 C:\laragon\www\correspondencia-ucad\system\View\View.php(226): CodeIgniter\View\View->render('template/admin_...', Array, true)
#4 C:\laragon\www\correspondencia-ucad\system\Common.php(1089): CodeIgniter\View\View->render('homeMenus', Array, true)
#5 C:\laragon\www\correspondencia-ucad\app\Controllers\HomeMenusController.php(78): view('homeMenus', Array)
#6 C:\laragon\www\correspondencia-ucad\system\CodeIgniter.php(825): App\Controllers\HomeMenusController->homeMenu()
#7 C:\laragon\www\correspondencia-ucad\system\CodeIgniter.php(412): CodeIgniter\CodeIgniter->runController(Object(App\Controllers\HomeMenusController))
#8 C:\laragon\www\correspondencia-ucad\system\CodeIgniter.php(320): CodeIgniter\CodeIgniter->handleRequest(NULL, Object(Config\Cache), false)
#9 C:\laragon\www\correspondencia-ucad\public\index.php(37): CodeIgniter\CodeIgniter->run()
#10 {main}
CRITICAL - 2022-10-06 17:54:27 --> Trying to access array offset on value of type null
#0 C:\laragon\www\correspondencia-ucad\app\Views\template\admin_template.php(158): CodeIgniter\Debug\Exceptions->errorHandler(8, 'Trying to acces...', 'C:\\laragon\\www\\...', 158, Array)
#1 C:\laragon\www\correspondencia-ucad\system\View\View.php(210): include('C:\\laragon\\www\\...')
#2 C:\laragon\www\correspondencia-ucad\system\View\View.php(213): CodeIgniter\View\View->CodeIgniter\View\{closure}()
#3 C:\laragon\www\correspondencia-ucad\system\View\View.php(226): CodeIgniter\View\View->render('template/admin_...', Array, true)
#4 C:\laragon\www\correspondencia-ucad\system\Common.php(1089): CodeIgniter\View\View->render('homeMenus', Array, true)
#5 C:\laragon\www\correspondencia-ucad\app\Controllers\HomeMenusController.php(78): view('homeMenus', Array)
#6 C:\laragon\www\correspondencia-ucad\system\CodeIgniter.php(825): App\Controllers\HomeMenusController->homeMenu()
#7 C:\laragon\www\correspondencia-ucad\system\CodeIgniter.php(412): CodeIgniter\CodeIgniter->runController(Object(App\Controllers\HomeMenusController))
#8 C:\laragon\www\correspondencia-ucad\system\CodeIgniter.php(320): CodeIgniter\CodeIgniter->handleRequest(NULL, Object(Config\Cache), false)
#9 C:\laragon\www\correspondencia-ucad\public\index.php(37): CodeIgniter\CodeIgniter->run()
#10 {main}
CRITICAL - 2022-10-06 17:54:28 --> Trying to access array offset on value of type null
#0 C:\laragon\www\correspondencia-ucad\app\Views\template\admin_template.php(158): CodeIgniter\Debug\Exceptions->errorHandler(8, 'Trying to acces...', 'C:\\laragon\\www\\...', 158, Array)
#1 C:\laragon\www\correspondencia-ucad\system\View\View.php(210): include('C:\\laragon\\www\\...')
#2 C:\laragon\www\correspondencia-ucad\system\View\View.php(213): CodeIgniter\View\View->CodeIgniter\View\{closure}()
#3 C:\laragon\www\correspondencia-ucad\system\View\View.php(226): CodeIgniter\View\View->render('template/admin_...', Array, true)
#4 C:\laragon\www\correspondencia-ucad\system\Common.php(1089): CodeIgniter\View\View->render('homeMenus', Array, true)
#5 C:\laragon\www\correspondencia-ucad\app\Controllers\HomeMenusController.php(78): view('homeMenus', Array)
#6 C:\laragon\www\correspondencia-ucad\system\CodeIgniter.php(825): App\Controllers\HomeMenusController->homeMenu()
#7 C:\laragon\www\correspondencia-ucad\system\CodeIgniter.php(412): CodeIgniter\CodeIgniter->runController(Object(App\Controllers\HomeMenusController))
#8 C:\laragon\www\correspondencia-ucad\system\CodeIgniter.php(320): CodeIgniter\CodeIgniter->handleRequest(NULL, Object(Config\Cache), false)
#9 C:\laragon\www\correspondencia-ucad\public\index.php(37): CodeIgniter\CodeIgniter->run()
#10 {main}
CRITICAL - 2022-10-06 17:58:31 --> Trying to access array offset on value of type null
#0 C:\laragon\www\correspondencia-ucad\app\Views\template\admin_template.php(158): CodeIgniter\Debug\Exceptions->errorHandler(8, 'Trying to acces...', 'C:\\laragon\\www\\...', 158, Array)
#1 C:\laragon\www\correspondencia-ucad\system\View\View.php(210): include('C:\\laragon\\www\\...')
#2 C:\laragon\www\correspondencia-ucad\system\View\View.php(213): CodeIgniter\View\View->CodeIgniter\View\{closure}()
#3 C:\laragon\www\correspondencia-ucad\system\View\View.php(226): CodeIgniter\View\View->render('template/admin_...', Array, true)
#4 C:\laragon\www\correspondencia-ucad\system\Common.php(1089): CodeIgniter\View\View->render('homeMenus', Array, true)
#5 C:\laragon\www\correspondencia-ucad\app\Controllers\HomeMenusController.php(78): view('homeMenus', Array)
#6 C:\laragon\www\correspondencia-ucad\system\CodeIgniter.php(825): App\Controllers\HomeMenusController->homeMenu()
#7 C:\laragon\www\correspondencia-ucad\system\CodeIgniter.php(412): CodeIgniter\CodeIgniter->runController(Object(App\Controllers\HomeMenusController))
#8 C:\laragon\www\correspondencia-ucad\system\CodeIgniter.php(320): CodeIgniter\CodeIgniter->handleRequest(NULL, Object(Config\Cache), false)
#9 C:\laragon\www\correspondencia-ucad\public\index.php(37): CodeIgniter\CodeIgniter->run()
#10 {main}
CRITICAL - 2022-10-06 17:58:39 --> Trying to access array offset on value of type null
#0 C:\laragon\www\correspondencia-ucad\app\Views\template\admin_template.php(158): CodeIgniter\Debug\Exceptions->errorHandler(8, 'Trying to acces...', 'C:\\laragon\\www\\...', 158, Array)
#1 C:\laragon\www\correspondencia-ucad\system\View\View.php(210): include('C:\\laragon\\www\\...')
#2 C:\laragon\www\correspondencia-ucad\system\View\View.php(213): CodeIgniter\View\View->CodeIgniter\View\{closure}()
#3 C:\laragon\www\correspondencia-ucad\system\View\View.php(226): CodeIgniter\View\View->render('template/admin_...', Array, true)
#4 C:\laragon\www\correspondencia-ucad\system\Common.php(1089): CodeIgniter\View\View->render('homeMenus', Array, true)
#5 C:\laragon\www\correspondencia-ucad\app\Controllers\HomeMenusController.php(78): view('homeMenus', Array)
#6 C:\laragon\www\correspondencia-ucad\system\CodeIgniter.php(825): App\Controllers\HomeMenusController->homeMenu()
#7 C:\laragon\www\correspondencia-ucad\system\CodeIgniter.php(412): CodeIgniter\CodeIgniter->runController(Object(App\Controllers\HomeMenusController))
#8 C:\laragon\www\correspondencia-ucad\system\CodeIgniter.php(320): CodeIgniter\CodeIgniter->handleRequest(NULL, Object(Config\Cache), false)
#9 C:\laragon\www\correspondencia-ucad\public\index.php(37): CodeIgniter\CodeIgniter->run()
#10 {main}
CRITICAL - 2022-10-06 17:59:16 --> Trying to access array offset on value of type null
#0 C:\laragon\www\correspondencia-ucad\app\Views\template\admin_template.php(158): CodeIgniter\Debug\Exceptions->errorHandler(8, 'Trying to acces...', 'C:\\laragon\\www\\...', 158, Array)
#1 C:\laragon\www\correspondencia-ucad\system\View\View.php(210): include('C:\\laragon\\www\\...')
#2 C:\laragon\www\correspondencia-ucad\system\View\View.php(213): CodeIgniter\View\View->CodeIgniter\View\{closure}()
#3 C:\laragon\www\correspondencia-ucad\system\View\View.php(226): CodeIgniter\View\View->render('template/admin_...', Array, true)
#4 C:\laragon\www\correspondencia-ucad\system\Common.php(1089): CodeIgniter\View\View->render('homeMenus', Array, true)
#5 C:\laragon\www\correspondencia-ucad\app\Controllers\HomeMenusController.php(54): view('homeMenus', Array)
#6 C:\laragon\www\correspondencia-ucad\system\CodeIgniter.php(825): App\Controllers\HomeMenusController->homeMenu()
#7 C:\laragon\www\correspondencia-ucad\system\CodeIgniter.php(412): CodeIgniter\CodeIgniter->runController(Object(App\Controllers\HomeMenusController))
#8 C:\laragon\www\correspondencia-ucad\system\CodeIgniter.php(320): CodeIgniter\CodeIgniter->handleRequest(NULL, Object(Config\Cache), false)
#9 C:\laragon\www\correspondencia-ucad\public\index.php(37): CodeIgniter\CodeIgniter->run()
#10 {main}
CRITICAL - 2022-10-06 17:59:19 --> Trying to access array offset on value of type null
#0 C:\laragon\www\correspondencia-ucad\app\Views\template\admin_template.php(158): CodeIgniter\Debug\Exceptions->errorHandler(8, 'Trying to acces...', 'C:\\laragon\\www\\...', 158, Array)
#1 C:\laragon\www\correspondencia-ucad\system\View\View.php(210): include('C:\\laragon\\www\\...')
#2 C:\laragon\www\correspondencia-ucad\system\View\View.php(213): CodeIgniter\View\View->CodeIgniter\View\{closure}()
#3 C:\laragon\www\correspondencia-ucad\system\View\View.php(226): CodeIgniter\View\View->render('template/admin_...', Array, true)
#4 C:\laragon\www\correspondencia-ucad\system\Common.php(1089): CodeIgniter\View\View->render('homeMenus', Array, true)
#5 C:\laragon\www\correspondencia-ucad\app\Controllers\HomeMenusController.php(54): view('homeMenus', Array)
#6 C:\laragon\www\correspondencia-ucad\system\CodeIgniter.php(825): App\Controllers\HomeMenusController->homeMenu()
#7 C:\laragon\www\correspondencia-ucad\system\CodeIgniter.php(412): CodeIgniter\CodeIgniter->runController(Object(App\Controllers\HomeMenusController))
#8 C:\laragon\www\correspondencia-ucad\system\CodeIgniter.php(320): CodeIgniter\CodeIgniter->handleRequest(NULL, Object(Config\Cache), false)
#9 C:\laragon\www\correspondencia-ucad\public\index.php(37): CodeIgniter\CodeIgniter->run()
#10 {main}
