CRITICAL - 2022-07-21 11:48:52 --> Undefined index: tipoDireccion
#0 C:\wamp64\www\correspondencia-ucad\app\Controllers\modUsuario\DireccionController.php(85): CodeIgniter\Debug\Exceptions->errorHandler(8, 'Undefined index...', 'C:\\wamp64\\www\\c...', 85, Array)
#1 C:\wamp64\www\correspondencia-ucad\system\CodeIgniter.php(825): App\Controllers\modUsuario\DireccionController->actualizarDireccion()
#2 C:\wamp64\www\correspondencia-ucad\system\CodeIgniter.php(412): CodeIgniter\CodeIgniter->runController(Object(App\Controllers\modUsuario\DireccionController))
#3 C:\wamp64\www\correspondencia-ucad\system\CodeIgniter.php(320): CodeIgniter\CodeIgniter->handleRequest(NULL, Object(Config\Cache), false)
#4 C:\wamp64\www\correspondencia-ucad\public\index.php(37): CodeIgniter\CodeIgniter->run()
#5 {main}
CRITICAL - 2022-07-21 12:17:48 --> Undefined index: tipoDireccion
#0 C:\wamp64\www\correspondencia-ucad\app\Controllers\modUsuario\DireccionController.php(85): CodeIgniter\Debug\Exceptions->errorHandler(8, 'Undefined index...', 'C:\\wamp64\\www\\c...', 85, Array)
#1 C:\wamp64\www\correspondencia-ucad\system\CodeIgniter.php(825): App\Controllers\modUsuario\DireccionController->actualizarDireccion()
#2 C:\wamp64\www\correspondencia-ucad\system\CodeIgniter.php(412): CodeIgniter\CodeIgniter->runController(Object(App\Controllers\modUsuario\DireccionController))
#3 C:\wamp64\www\correspondencia-ucad\system\CodeIgniter.php(320): CodeIgniter\CodeIgniter->handleRequest(NULL, Object(Config\Cache), false)
#4 C:\wamp64\www\correspondencia-ucad\public\index.php(37): CodeIgniter\CodeIgniter->run()
#5 {main}
CRITICAL - 2022-07-21 12:18:16 --> Undefined index: tipoDireccion
#0 C:\wamp64\www\correspondencia-ucad\app\Controllers\modUsuario\DireccionController.php(85): CodeIgniter\Debug\Exceptions->errorHandler(8, 'Undefined index...', 'C:\\wamp64\\www\\c...', 85, Array)
#1 C:\wamp64\www\correspondencia-ucad\system\CodeIgniter.php(825): App\Controllers\modUsuario\DireccionController->actualizarDireccion()
#2 C:\wamp64\www\correspondencia-ucad\system\CodeIgniter.php(412): CodeIgniter\CodeIgniter->runController(Object(App\Controllers\modUsuario\DireccionController))
#3 C:\wamp64\www\correspondencia-ucad\system\CodeIgniter.php(320): CodeIgniter\CodeIgniter->handleRequest(NULL, Object(Config\Cache), false)
#4 C:\wamp64\www\correspondencia-ucad\public\index.php(37): CodeIgniter\CodeIgniter->run()
#5 {main}
ERROR - 2022-07-21 14:41:20 --> Error connecting to the database: No se puede establecer una conexión ya que el equipo de destino denegó expresamente dicha conexión.

CRITICAL - 2022-07-21 14:41:21 --> Unable to connect to the database.
Main connection [MySQLi]: No se puede establecer una conexión ya que el equipo de destino denegó expresamente dicha conexión.

#0 C:\wamp64\www\correspondencia-ucad\system\Database\BaseConnection.php(577): CodeIgniter\Database\BaseConnection->initialize()
#1 C:\wamp64\www\correspondencia-ucad\system\Database\BaseBuilder.php(1455): CodeIgniter\Database\BaseConnection->query('SELECT *\nFROM `...', Array, false)
#2 C:\wamp64\www\correspondencia-ucad\system\Model.php(210): CodeIgniter\Database\BaseBuilder->get()
#3 C:\wamp64\www\correspondencia-ucad\system\BaseModel.php(622): CodeIgniter\Model->doFirst()
#4 C:\wamp64\www\correspondencia-ucad\app\Models\Usuarios.php(11): CodeIgniter\BaseModel->first()
#5 C:\wamp64\www\correspondencia-ucad\app\Controllers\Home.php(34): App\Models\Usuarios->obtenerUsuario('clave', '123456')
#6 C:\wamp64\www\correspondencia-ucad\system\CodeIgniter.php(825): App\Controllers\Home->login()
#7 C:\wamp64\www\correspondencia-ucad\system\CodeIgniter.php(412): CodeIgniter\CodeIgniter->runController(Object(App\Controllers\Home))
#8 C:\wamp64\www\correspondencia-ucad\system\CodeIgniter.php(320): CodeIgniter\CodeIgniter->handleRequest(NULL, Object(Config\Cache), false)
#9 C:\wamp64\www\correspondencia-ucad\public\index.php(37): CodeIgniter\CodeIgniter->run()
#10 {main}
CRITICAL - 2022-07-21 15:03:27 --> Undefined variable: mensaje
#0 C:\wamp64\www\correspondencia-ucad\app\Controllers\modProceso\ActividadController.php(149): CodeIgniter\Debug\Exceptions->errorHandler(8, 'Undefined varia...', 'C:\\wamp64\\www\\c...', 149, Array)
#1 C:\wamp64\www\correspondencia-ucad\system\CodeIgniter.php(825): App\Controllers\modProceso\ActividadController->crear()
#2 C:\wamp64\www\correspondencia-ucad\system\CodeIgniter.php(412): CodeIgniter\CodeIgniter->runController(Object(App\Controllers\modProceso\ActividadController))
#3 C:\wamp64\www\correspondencia-ucad\system\CodeIgniter.php(320): CodeIgniter\CodeIgniter->handleRequest(NULL, Object(Config\Cache), false)
#4 C:\wamp64\www\correspondencia-ucad\public\index.php(37): CodeIgniter\CodeIgniter->run()
#5 {main}
CRITICAL - 2022-07-21 15:35:21 --> Undefined variable: mensaje
#0 C:\wamp64\www\correspondencia-ucad\app\Controllers\modProceso\ActividadController.php(149): CodeIgniter\Debug\Exceptions->errorHandler(8, 'Undefined varia...', 'C:\\wamp64\\www\\c...', 149, Array)
#1 C:\wamp64\www\correspondencia-ucad\system\CodeIgniter.php(825): App\Controllers\modProceso\ActividadController->crear()
#2 C:\wamp64\www\correspondencia-ucad\system\CodeIgniter.php(412): CodeIgniter\CodeIgniter->runController(Object(App\Controllers\modProceso\ActividadController))
#3 C:\wamp64\www\correspondencia-ucad\system\CodeIgniter.php(320): CodeIgniter\CodeIgniter->handleRequest(NULL, Object(Config\Cache), false)
#4 C:\wamp64\www\correspondencia-ucad\public\index.php(37): CodeIgniter\CodeIgniter->run()
#5 {main}
CRITICAL - 2022-07-21 15:36:12 --> Undefined variable: mensaje
#0 C:\wamp64\www\correspondencia-ucad\app\Controllers\modProceso\ActividadController.php(149): CodeIgniter\Debug\Exceptions->errorHandler(8, 'Undefined varia...', 'C:\\wamp64\\www\\c...', 149, Array)
#1 C:\wamp64\www\correspondencia-ucad\system\CodeIgniter.php(825): App\Controllers\modProceso\ActividadController->crear()
#2 C:\wamp64\www\correspondencia-ucad\system\CodeIgniter.php(412): CodeIgniter\CodeIgniter->runController(Object(App\Controllers\modProceso\ActividadController))
#3 C:\wamp64\www\correspondencia-ucad\system\CodeIgniter.php(320): CodeIgniter\CodeIgniter->handleRequest(NULL, Object(Config\Cache), false)
#4 C:\wamp64\www\correspondencia-ucad\public\index.php(37): CodeIgniter\CodeIgniter->run()
#5 {main}
CRITICAL - 2022-07-21 15:40:25 --> syntax error, unexpected 'public' (T_PUBLIC)
#0 C:\wamp64\www\correspondencia-ucad\system\Autoloader\Autoloader.php(241): CodeIgniter\Autoloader\Autoloader->includeFile('C:\\wamp64\\www\\c...')
#1 C:\wamp64\www\correspondencia-ucad\system\Autoloader\Autoloader.php(219): CodeIgniter\Autoloader\Autoloader->loadInNamespace('App\\Controllers...')
#2 [internal function]: CodeIgniter\Autoloader\Autoloader->loadClass('App\\Controllers...')
#3 [internal function]: spl_autoload_call('App\\Controllers...')
#4 C:\wamp64\www\correspondencia-ucad\system\CodeIgniter.php(790): class_exists('\\App\\Controller...', true)
#5 C:\wamp64\www\correspondencia-ucad\system\CodeIgniter.php(399): CodeIgniter\CodeIgniter->startController()
#6 C:\wamp64\www\correspondencia-ucad\system\CodeIgniter.php(320): CodeIgniter\CodeIgniter->handleRequest(NULL, Object(Config\Cache), false)
#7 C:\wamp64\www\correspondencia-ucad\public\index.php(37): CodeIgniter\CodeIgniter->run()
#8 {main}
CRITICAL - 2022-07-21 15:40:25 --> syntax error, unexpected 'public' (T_PUBLIC)
#0 C:\wamp64\www\correspondencia-ucad\system\Autoloader\Autoloader.php(241): CodeIgniter\Autoloader\Autoloader->includeFile('C:\\wamp64\\www\\c...')
#1 C:\wamp64\www\correspondencia-ucad\system\Autoloader\Autoloader.php(219): CodeIgniter\Autoloader\Autoloader->loadInNamespace('App\\Controllers...')
#2 [internal function]: CodeIgniter\Autoloader\Autoloader->loadClass('App\\Controllers...')
#3 [internal function]: spl_autoload_call('App\\Controllers...')
#4 C:\wamp64\www\correspondencia-ucad\system\CodeIgniter.php(790): class_exists('\\App\\Controller...', true)
#5 C:\wamp64\www\correspondencia-ucad\system\CodeIgniter.php(399): CodeIgniter\CodeIgniter->startController()
#6 C:\wamp64\www\correspondencia-ucad\system\CodeIgniter.php(320): CodeIgniter\CodeIgniter->handleRequest(NULL, Object(Config\Cache), false)
#7 C:\wamp64\www\correspondencia-ucad\public\index.php(37): CodeIgniter\CodeIgniter->run()
#8 {main}
CRITICAL - 2022-07-21 15:40:30 --> syntax error, unexpected 'public' (T_PUBLIC)
#0 C:\wamp64\www\correspondencia-ucad\system\Autoloader\Autoloader.php(241): CodeIgniter\Autoloader\Autoloader->includeFile('C:\\wamp64\\www\\c...')
#1 C:\wamp64\www\correspondencia-ucad\system\Autoloader\Autoloader.php(219): CodeIgniter\Autoloader\Autoloader->loadInNamespace('App\\Controllers...')
#2 [internal function]: CodeIgniter\Autoloader\Autoloader->loadClass('App\\Controllers...')
#3 [internal function]: spl_autoload_call('App\\Controllers...')
#4 C:\wamp64\www\correspondencia-ucad\system\CodeIgniter.php(790): class_exists('\\App\\Controller...', true)
#5 C:\wamp64\www\correspondencia-ucad\system\CodeIgniter.php(399): CodeIgniter\CodeIgniter->startController()
#6 C:\wamp64\www\correspondencia-ucad\system\CodeIgniter.php(320): CodeIgniter\CodeIgniter->handleRequest(NULL, Object(Config\Cache), false)
#7 C:\wamp64\www\correspondencia-ucad\public\index.php(37): CodeIgniter\CodeIgniter->run()
#8 {main}
CRITICAL - 2022-07-21 15:40:30 --> syntax error, unexpected 'public' (T_PUBLIC)
#0 C:\wamp64\www\correspondencia-ucad\system\Autoloader\Autoloader.php(241): CodeIgniter\Autoloader\Autoloader->includeFile('C:\\wamp64\\www\\c...')
#1 C:\wamp64\www\correspondencia-ucad\system\Autoloader\Autoloader.php(219): CodeIgniter\Autoloader\Autoloader->loadInNamespace('App\\Controllers...')
#2 [internal function]: CodeIgniter\Autoloader\Autoloader->loadClass('App\\Controllers...')
#3 [internal function]: spl_autoload_call('App\\Controllers...')
#4 C:\wamp64\www\correspondencia-ucad\system\CodeIgniter.php(790): class_exists('\\App\\Controller...', true)
#5 C:\wamp64\www\correspondencia-ucad\system\CodeIgniter.php(399): CodeIgniter\CodeIgniter->startController()
#6 C:\wamp64\www\correspondencia-ucad\system\CodeIgniter.php(320): CodeIgniter\CodeIgniter->handleRequest(NULL, Object(Config\Cache), false)
#7 C:\wamp64\www\correspondencia-ucad\public\index.php(37): CodeIgniter\CodeIgniter->run()
#8 {main}
CRITICAL - 2022-07-21 15:40:33 --> syntax error, unexpected 'public' (T_PUBLIC)
#0 C:\wamp64\www\correspondencia-ucad\system\Autoloader\Autoloader.php(241): CodeIgniter\Autoloader\Autoloader->includeFile('C:\\wamp64\\www\\c...')
#1 C:\wamp64\www\correspondencia-ucad\system\Autoloader\Autoloader.php(219): CodeIgniter\Autoloader\Autoloader->loadInNamespace('App\\Controllers...')
#2 [internal function]: CodeIgniter\Autoloader\Autoloader->loadClass('App\\Controllers...')
#3 [internal function]: spl_autoload_call('App\\Controllers...')
#4 C:\wamp64\www\correspondencia-ucad\system\CodeIgniter.php(790): class_exists('\\App\\Controller...', true)
#5 C:\wamp64\www\correspondencia-ucad\system\CodeIgniter.php(399): CodeIgniter\CodeIgniter->startController()
#6 C:\wamp64\www\correspondencia-ucad\system\CodeIgniter.php(320): CodeIgniter\CodeIgniter->handleRequest(NULL, Object(Config\Cache), false)
#7 C:\wamp64\www\correspondencia-ucad\public\index.php(37): CodeIgniter\CodeIgniter->run()
#8 {main}
CRITICAL - 2022-07-21 15:40:33 --> syntax error, unexpected 'public' (T_PUBLIC)
#0 C:\wamp64\www\correspondencia-ucad\system\Autoloader\Autoloader.php(241): CodeIgniter\Autoloader\Autoloader->includeFile('C:\\wamp64\\www\\c...')
#1 C:\wamp64\www\correspondencia-ucad\system\Autoloader\Autoloader.php(219): CodeIgniter\Autoloader\Autoloader->loadInNamespace('App\\Controllers...')
#2 [internal function]: CodeIgniter\Autoloader\Autoloader->loadClass('App\\Controllers...')
#3 [internal function]: spl_autoload_call('App\\Controllers...')
#4 C:\wamp64\www\correspondencia-ucad\system\CodeIgniter.php(790): class_exists('\\App\\Controller...', true)
#5 C:\wamp64\www\correspondencia-ucad\system\CodeIgniter.php(399): CodeIgniter\CodeIgniter->startController()
#6 C:\wamp64\www\correspondencia-ucad\system\CodeIgniter.php(320): CodeIgniter\CodeIgniter->handleRequest(NULL, Object(Config\Cache), false)
#7 C:\wamp64\www\correspondencia-ucad\public\index.php(37): CodeIgniter\CodeIgniter->run()
#8 {main}
CRITICAL - 2022-07-21 15:40:37 --> syntax error, unexpected 'public' (T_PUBLIC)
#0 C:\wamp64\www\correspondencia-ucad\system\Autoloader\Autoloader.php(241): CodeIgniter\Autoloader\Autoloader->includeFile('C:\\wamp64\\www\\c...')
#1 C:\wamp64\www\correspondencia-ucad\system\Autoloader\Autoloader.php(219): CodeIgniter\Autoloader\Autoloader->loadInNamespace('App\\Controllers...')
#2 [internal function]: CodeIgniter\Autoloader\Autoloader->loadClass('App\\Controllers...')
#3 [internal function]: spl_autoload_call('App\\Controllers...')
#4 C:\wamp64\www\correspondencia-ucad\system\CodeIgniter.php(790): class_exists('\\App\\Controller...', true)
#5 C:\wamp64\www\correspondencia-ucad\system\CodeIgniter.php(399): CodeIgniter\CodeIgniter->startController()
#6 C:\wamp64\www\correspondencia-ucad\system\CodeIgniter.php(320): CodeIgniter\CodeIgniter->handleRequest(NULL, Object(Config\Cache), false)
#7 C:\wamp64\www\correspondencia-ucad\public\index.php(37): CodeIgniter\CodeIgniter->run()
#8 {main}
CRITICAL - 2022-07-21 15:40:37 --> syntax error, unexpected 'public' (T_PUBLIC)
#0 C:\wamp64\www\correspondencia-ucad\system\Autoloader\Autoloader.php(241): CodeIgniter\Autoloader\Autoloader->includeFile('C:\\wamp64\\www\\c...')
#1 C:\wamp64\www\correspondencia-ucad\system\Autoloader\Autoloader.php(219): CodeIgniter\Autoloader\Autoloader->loadInNamespace('App\\Controllers...')
#2 [internal function]: CodeIgniter\Autoloader\Autoloader->loadClass('App\\Controllers...')
#3 [internal function]: spl_autoload_call('App\\Controllers...')
#4 C:\wamp64\www\correspondencia-ucad\system\CodeIgniter.php(790): class_exists('\\App\\Controller...', true)
#5 C:\wamp64\www\correspondencia-ucad\system\CodeIgniter.php(399): CodeIgniter\CodeIgniter->startController()
#6 C:\wamp64\www\correspondencia-ucad\system\CodeIgniter.php(320): CodeIgniter\CodeIgniter->handleRequest(NULL, Object(Config\Cache), false)
#7 C:\wamp64\www\correspondencia-ucad\public\index.php(37): CodeIgniter\CodeIgniter->run()
#8 {main}
CRITICAL - 2022-07-21 15:41:40 --> syntax error, unexpected 'public' (T_PUBLIC)
#0 C:\wamp64\www\correspondencia-ucad\system\Autoloader\Autoloader.php(241): CodeIgniter\Autoloader\Autoloader->includeFile('C:\\wamp64\\www\\c...')
#1 C:\wamp64\www\correspondencia-ucad\system\Autoloader\Autoloader.php(219): CodeIgniter\Autoloader\Autoloader->loadInNamespace('App\\Controllers...')
#2 [internal function]: CodeIgniter\Autoloader\Autoloader->loadClass('App\\Controllers...')
#3 [internal function]: spl_autoload_call('App\\Controllers...')
#4 C:\wamp64\www\correspondencia-ucad\system\CodeIgniter.php(790): class_exists('\\App\\Controller...', true)
#5 C:\wamp64\www\correspondencia-ucad\system\CodeIgniter.php(399): CodeIgniter\CodeIgniter->startController()
#6 C:\wamp64\www\correspondencia-ucad\system\CodeIgniter.php(320): CodeIgniter\CodeIgniter->handleRequest(NULL, Object(Config\Cache), false)
#7 C:\wamp64\www\correspondencia-ucad\public\index.php(37): CodeIgniter\CodeIgniter->run()
#8 {main}
CRITICAL - 2022-07-21 15:41:40 --> syntax error, unexpected 'public' (T_PUBLIC)
#0 C:\wamp64\www\correspondencia-ucad\system\Autoloader\Autoloader.php(241): CodeIgniter\Autoloader\Autoloader->includeFile('C:\\wamp64\\www\\c...')
#1 C:\wamp64\www\correspondencia-ucad\system\Autoloader\Autoloader.php(219): CodeIgniter\Autoloader\Autoloader->loadInNamespace('App\\Controllers...')
#2 [internal function]: CodeIgniter\Autoloader\Autoloader->loadClass('App\\Controllers...')
#3 [internal function]: spl_autoload_call('App\\Controllers...')
#4 C:\wamp64\www\correspondencia-ucad\system\CodeIgniter.php(790): class_exists('\\App\\Controller...', true)
#5 C:\wamp64\www\correspondencia-ucad\system\CodeIgniter.php(399): CodeIgniter\CodeIgniter->startController()
#6 C:\wamp64\www\correspondencia-ucad\system\CodeIgniter.php(320): CodeIgniter\CodeIgniter->handleRequest(NULL, Object(Config\Cache), false)
#7 C:\wamp64\www\correspondencia-ucad\public\index.php(37): CodeIgniter\CodeIgniter->run()
#8 {main}
CRITICAL - 2022-07-21 15:41:45 --> syntax error, unexpected 'public' (T_PUBLIC)
#0 C:\wamp64\www\correspondencia-ucad\system\Autoloader\Autoloader.php(241): CodeIgniter\Autoloader\Autoloader->includeFile('C:\\wamp64\\www\\c...')
#1 C:\wamp64\www\correspondencia-ucad\system\Autoloader\Autoloader.php(219): CodeIgniter\Autoloader\Autoloader->loadInNamespace('App\\Controllers...')
#2 [internal function]: CodeIgniter\Autoloader\Autoloader->loadClass('App\\Controllers...')
#3 [internal function]: spl_autoload_call('App\\Controllers...')
#4 C:\wamp64\www\correspondencia-ucad\system\CodeIgniter.php(790): class_exists('\\App\\Controller...', true)
#5 C:\wamp64\www\correspondencia-ucad\system\CodeIgniter.php(399): CodeIgniter\CodeIgniter->startController()
#6 C:\wamp64\www\correspondencia-ucad\system\CodeIgniter.php(320): CodeIgniter\CodeIgniter->handleRequest(NULL, Object(Config\Cache), false)
#7 C:\wamp64\www\correspondencia-ucad\public\index.php(37): CodeIgniter\CodeIgniter->run()
#8 {main}
CRITICAL - 2022-07-21 15:41:45 --> syntax error, unexpected 'public' (T_PUBLIC)
#0 C:\wamp64\www\correspondencia-ucad\system\Autoloader\Autoloader.php(241): CodeIgniter\Autoloader\Autoloader->includeFile('C:\\wamp64\\www\\c...')
#1 C:\wamp64\www\correspondencia-ucad\system\Autoloader\Autoloader.php(219): CodeIgniter\Autoloader\Autoloader->loadInNamespace('App\\Controllers...')
#2 [internal function]: CodeIgniter\Autoloader\Autoloader->loadClass('App\\Controllers...')
#3 [internal function]: spl_autoload_call('App\\Controllers...')
#4 C:\wamp64\www\correspondencia-ucad\system\CodeIgniter.php(790): class_exists('\\App\\Controller...', true)
#5 C:\wamp64\www\correspondencia-ucad\system\CodeIgniter.php(399): CodeIgniter\CodeIgniter->startController()
#6 C:\wamp64\www\correspondencia-ucad\system\CodeIgniter.php(320): CodeIgniter\CodeIgniter->handleRequest(NULL, Object(Config\Cache), false)
#7 C:\wamp64\www\correspondencia-ucad\public\index.php(37): CodeIgniter\CodeIgniter->run()
#8 {main}
CRITICAL - 2022-07-21 15:43:25 --> Trying to access array offset on value of type null
#0 C:\wamp64\www\correspondencia-ucad\app\Controllers\modProceso\ActividadController.php(138): CodeIgniter\Debug\Exceptions->errorHandler(8, 'Trying to acces...', 'C:\\wamp64\\www\\c...', 138, Array)
#1 C:\wamp64\www\correspondencia-ucad\system\CodeIgniter.php(825): App\Controllers\modProceso\ActividadController->crear()
#2 C:\wamp64\www\correspondencia-ucad\system\CodeIgniter.php(412): CodeIgniter\CodeIgniter->runController(Object(App\Controllers\modProceso\ActividadController))
#3 C:\wamp64\www\correspondencia-ucad\system\CodeIgniter.php(320): CodeIgniter\CodeIgniter->handleRequest(NULL, Object(Config\Cache), false)
#4 C:\wamp64\www\correspondencia-ucad\public\index.php(37): CodeIgniter\CodeIgniter->run()
#5 {main}
ERROR - 2022-07-21 15:51:04 --> Cannot add or update a child row: a foreign key constraint fails (`correspondencia`.`wk_actividad`, CONSTRAINT `FK_ACTIVIDAD_PERSONA` FOREIGN KEY (`personaId`) REFERENCES `wk_persona` (`personaId`))
CRITICAL - 2022-07-21 15:51:04 --> Cannot add or update a child row: a foreign key constraint fails (`correspondencia`.`wk_actividad`, CONSTRAINT `FK_ACTIVIDAD_PERSONA` FOREIGN KEY (`personaId`) REFERENCES `wk_persona` (`personaId`))
#0 C:\wamp64\www\correspondencia-ucad\system\Database\MySQLi\Connection.php(292): mysqli->query('INSERT INTO `wk...', 0)
#1 C:\wamp64\www\correspondencia-ucad\system\Database\BaseConnection.php(670): CodeIgniter\Database\MySQLi\Connection->execute('INSERT INTO `wk...')
#2 C:\wamp64\www\correspondencia-ucad\system\Database\BaseConnection.php(598): CodeIgniter\Database\BaseConnection->simpleQuery('INSERT INTO `wk...')
#3 C:\wamp64\www\correspondencia-ucad\system\Database\BaseBuilder.php(1771): CodeIgniter\Database\BaseConnection->query('INSERT INTO `wk...', Array, false)
#4 C:\wamp64\www\correspondencia-ucad\app\Models\modProceso\ActividadModel.php(43): CodeIgniter\Database\BaseBuilder->insert(Array)
#5 C:\wamp64\www\correspondencia-ucad\app\Controllers\modProceso\ActividadController.php(101): App\Models\modProceso\ActividadModel->insertar(Array)
#6 C:\wamp64\www\correspondencia-ucad\system\CodeIgniter.php(825): App\Controllers\modProceso\ActividadController->crear()
#7 C:\wamp64\www\correspondencia-ucad\system\CodeIgniter.php(412): CodeIgniter\CodeIgniter->runController(Object(App\Controllers\modProceso\ActividadController))
#8 C:\wamp64\www\correspondencia-ucad\system\CodeIgniter.php(320): CodeIgniter\CodeIgniter->handleRequest(NULL, Object(Config\Cache), false)
#9 C:\wamp64\www\correspondencia-ucad\public\index.php(37): CodeIgniter\CodeIgniter->run()
#10 {main}
ERROR - 2022-07-21 15:59:28 --> Column 'personaId' cannot be null
CRITICAL - 2022-07-21 15:59:28 --> Column 'personaId' cannot be null
#0 C:\wamp64\www\correspondencia-ucad\system\Database\MySQLi\Connection.php(292): mysqli->query('INSERT INTO `wk...', 0)
#1 C:\wamp64\www\correspondencia-ucad\system\Database\BaseConnection.php(670): CodeIgniter\Database\MySQLi\Connection->execute('INSERT INTO `wk...')
#2 C:\wamp64\www\correspondencia-ucad\system\Database\BaseConnection.php(598): CodeIgniter\Database\BaseConnection->simpleQuery('INSERT INTO `wk...')
#3 C:\wamp64\www\correspondencia-ucad\system\Database\BaseBuilder.php(1771): CodeIgniter\Database\BaseConnection->query('INSERT INTO `wk...', Array, false)
#4 C:\wamp64\www\correspondencia-ucad\app\Models\modProceso\ActividadModel.php(43): CodeIgniter\Database\BaseBuilder->insert(Array)
#5 C:\wamp64\www\correspondencia-ucad\app\Controllers\modProceso\ActividadController.php(101): App\Models\modProceso\ActividadModel->insertar(Array)
#6 C:\wamp64\www\correspondencia-ucad\system\CodeIgniter.php(825): App\Controllers\modProceso\ActividadController->crear()
#7 C:\wamp64\www\correspondencia-ucad\system\CodeIgniter.php(412): CodeIgniter\CodeIgniter->runController(Object(App\Controllers\modProceso\ActividadController))
#8 C:\wamp64\www\correspondencia-ucad\system\CodeIgniter.php(320): CodeIgniter\CodeIgniter->handleRequest(NULL, Object(Config\Cache), false)
#9 C:\wamp64\www\correspondencia-ucad\public\index.php(37): CodeIgniter\CodeIgniter->run()
#10 {main}
