ERROR - 2022-09-29 18:20:17 --> Unknown column 'ta.fechaInicio' in 'where clause'
CRITICAL - 2022-09-29 18:20:17 --> Unknown column 'ta.fechaInicio' in 'where clause'
#0 C:\wamp64\www\correspondencia-ucad\system\Database\MySQLi\Connection.php(292): mysqli->query('SELECT COUNT(*)...', 0)
#1 C:\wamp64\www\correspondencia-ucad\system\Database\BaseConnection.php(670): CodeIgniter\Database\MySQLi\Connection->execute('SELECT COUNT(*)...')
#2 C:\wamp64\www\correspondencia-ucad\system\Database\BaseConnection.php(598): CodeIgniter\Database\BaseConnection->simpleQuery('SELECT COUNT(*)...')
#3 C:\wamp64\www\correspondencia-ucad\app\Models\modGraficas\GraficasModel.php(43): CodeIgniter\Database\BaseConnection->query('SELECT COUNT(*)...')
#4 C:\wamp64\www\correspondencia-ucad\app\Controllers\modGraficas\GraficasController.php(115): App\Models\modGraficas\GraficasModel->barraE('01/09/2022', '29/09/2022')
#5 C:\wamp64\www\correspondencia-ucad\system\CodeIgniter.php(825): App\Controllers\modGraficas\GraficasController->barraE()
#6 C:\wamp64\www\correspondencia-ucad\system\CodeIgniter.php(412): CodeIgniter\CodeIgniter->runController(Object(App\Controllers\modGraficas\GraficasController))
#7 C:\wamp64\www\correspondencia-ucad\system\CodeIgniter.php(320): CodeIgniter\CodeIgniter->handleRequest(NULL, Object(Config\Cache), false)
#8 C:\wamp64\www\correspondencia-ucad\public\index.php(37): CodeIgniter\CodeIgniter->run()
#9 {main}
ERROR - 2022-09-29 18:20:34 --> Unknown column 'ta.fechaInicio' in 'where clause'
CRITICAL - 2022-09-29 18:20:34 --> Unknown column 'ta.fechaInicio' in 'where clause'
#0 C:\wamp64\www\correspondencia-ucad\system\Database\MySQLi\Connection.php(292): mysqli->query('SELECT COUNT(*)...', 0)
#1 C:\wamp64\www\correspondencia-ucad\system\Database\BaseConnection.php(670): CodeIgniter\Database\MySQLi\Connection->execute('SELECT COUNT(*)...')
#2 C:\wamp64\www\correspondencia-ucad\system\Database\BaseConnection.php(598): CodeIgniter\Database\BaseConnection->simpleQuery('SELECT COUNT(*)...')
#3 C:\wamp64\www\correspondencia-ucad\app\Models\modGraficas\GraficasModel.php(43): CodeIgniter\Database\BaseConnection->query('SELECT COUNT(*)...')
#4 C:\wamp64\www\correspondencia-ucad\app\Controllers\modGraficas\GraficasController.php(115): App\Models\modGraficas\GraficasModel->barraE('02/09/2022', '29/09/2022')
#5 C:\wamp64\www\correspondencia-ucad\system\CodeIgniter.php(825): App\Controllers\modGraficas\GraficasController->barraE()
#6 C:\wamp64\www\correspondencia-ucad\system\CodeIgniter.php(412): CodeIgniter\CodeIgniter->runController(Object(App\Controllers\modGraficas\GraficasController))
#7 C:\wamp64\www\correspondencia-ucad\system\CodeIgniter.php(320): CodeIgniter\CodeIgniter->handleRequest(NULL, Object(Config\Cache), false)
#8 C:\wamp64\www\correspondencia-ucad\public\index.php(37): CodeIgniter\CodeIgniter->run()
#9 {main}
