CRITICAL - 2022-04-21 17:27:54 --> syntax error, unexpected '<<' (T_SL), expecting function (T_FUNCTION) or const (T_CONST)
#0 C:\wamp64\www\correspondencia-ucad\system\Autoloader\Autoloader.php(241): CodeIgniter\Autoloader\Autoloader->includeFile('C:\\wamp64\\www\\c...')
#1 C:\wamp64\www\correspondencia-ucad\system\Autoloader\Autoloader.php(219): CodeIgniter\Autoloader\Autoloader->loadInNamespace('Config\\Validati...')
#2 [internal function]: CodeIgniter\Autoloader\Autoloader->loadClass('Config\\Validati...')
#3 [internal function]: spl_autoload_call('Config\\Validati...')
#4 C:\wamp64\www\correspondencia-ucad\system\Config\Factories.php(136): class_exists('Config\\Validati...')
#5 C:\wamp64\www\correspondencia-ucad\system\Config\Factories.php(106): CodeIgniter\Config\Factories::locateClass(Array, 'Validation')
#6 C:\wamp64\www\correspondencia-ucad\system\Common.php(198): CodeIgniter\Config\Factories::__callStatic('config', Array)
#7 C:\wamp64\www\correspondencia-ucad\system\Config\Services.php(656): config('Validation')
#8 C:\wamp64\www\correspondencia-ucad\system\Config\BaseService.php(248): CodeIgniter\Config\Services::validation(NULL, false)
#9 C:\wamp64\www\correspondencia-ucad\system\BaseModel.php(298): CodeIgniter\Config\BaseService::__callStatic('validation', Array)
#10 C:\wamp64\www\correspondencia-ucad\system\Model.php(101): CodeIgniter\BaseModel->__construct(NULL)
#11 C:\wamp64\www\correspondencia-ucad\app\Controllers\modAdministracion\RolModMenuController.php(14): CodeIgniter\Model->__construct()
#12 C:\wamp64\www\correspondencia-ucad\system\CodeIgniter.php(825): App\Controllers\modAdministracion\RolModMenuController->rolModMenu()
#13 C:\wamp64\www\correspondencia-ucad\system\CodeIgniter.php(412): CodeIgniter\CodeIgniter->runController(Object(App\Controllers\modAdministracion\RolModMenuController))
#14 C:\wamp64\www\correspondencia-ucad\system\CodeIgniter.php(320): CodeIgniter\CodeIgniter->handleRequest(NULL, Object(Config\Cache), false)
#15 C:\wamp64\www\correspondencia-ucad\public\index.php(37): CodeIgniter\CodeIgniter->run()
#16 {main}
CRITICAL - 2022-04-21 18:27:14 --> Undefined index: persona
#0 C:\wamp64\www\correspondencia-ucad\app\Controllers\modUsuario\PersonaController.php(72): CodeIgniter\Debug\Exceptions->errorHandler(8, 'Undefined index...', 'C:\\wamp64\\www\\c...', 72, Array)
#1 C:\wamp64\www\correspondencia-ucad\system\CodeIgniter.php(825): App\Controllers\modUsuario\PersonaController->actualizar()
#2 C:\wamp64\www\correspondencia-ucad\system\CodeIgniter.php(412): CodeIgniter\CodeIgniter->runController(Object(App\Controllers\modUsuario\PersonaController))
#3 C:\wamp64\www\correspondencia-ucad\system\CodeIgniter.php(320): CodeIgniter\CodeIgniter->handleRequest(NULL, Object(Config\Cache), false)
#4 C:\wamp64\www\correspondencia-ucad\public\index.php(37): CodeIgniter\CodeIgniter->run()
#5 {main}
CRITICAL - 2022-04-21 18:28:19 --> Undefined variable: personaId
#0 C:\wamp64\www\correspondencia-ucad\app\Models\modUsuario\PersonaModel.php(61): CodeIgniter\Debug\Exceptions->errorHandler(8, 'Undefined varia...', 'C:\\wamp64\\www\\c...', 61, Array)
#1 C:\wamp64\www\correspondencia-ucad\app\Controllers\modUsuario\PersonaController.php(84): App\Models\modUsuario\PersonaModel->actualizar(Array, '3')
#2 C:\wamp64\www\correspondencia-ucad\system\CodeIgniter.php(825): App\Controllers\modUsuario\PersonaController->actualizar()
#3 C:\wamp64\www\correspondencia-ucad\system\CodeIgniter.php(412): CodeIgniter\CodeIgniter->runController(Object(App\Controllers\modUsuario\PersonaController))
#4 C:\wamp64\www\correspondencia-ucad\system\CodeIgniter.php(320): CodeIgniter\CodeIgniter->handleRequest(NULL, Object(Config\Cache), false)
#5 C:\wamp64\www\correspondencia-ucad\public\index.php(37): CodeIgniter\CodeIgniter->run()
#6 {main}
CRITICAL - 2022-04-21 20:20:24 --> Class 'App\Controllers\modUsuario\PersoUsuario' not found
#0 C:\wamp64\www\correspondencia-ucad\system\CodeIgniter.php(825): App\Controllers\modUsuario\UsuarioController->crear()
#1 C:\wamp64\www\correspondencia-ucad\system\CodeIgniter.php(412): CodeIgniter\CodeIgniter->runController(Object(App\Controllers\modUsuario\UsuarioController))
#2 C:\wamp64\www\correspondencia-ucad\system\CodeIgniter.php(320): CodeIgniter\CodeIgniter->handleRequest(NULL, Object(Config\Cache), false)
#3 C:\wamp64\www\correspondencia-ucad\public\index.php(37): CodeIgniter\CodeIgniter->run()
#4 {main}
CRITICAL - 2022-04-21 20:37:04 --> Undefined index: direccion
#0 C:\wamp64\www\correspondencia-ucad\app\Controllers\modUsuario\DireccionController.php(71): CodeIgniter\Debug\Exceptions->errorHandler(8, 'Undefined index...', 'C:\\wamp64\\www\\c...', 71, Array)
#1 C:\wamp64\www\correspondencia-ucad\system\CodeIgniter.php(825): App\Controllers\modUsuario\DireccionController->actualizarDireccion()
#2 C:\wamp64\www\correspondencia-ucad\system\CodeIgniter.php(412): CodeIgniter\CodeIgniter->runController(Object(App\Controllers\modUsuario\DireccionController))
#3 C:\wamp64\www\correspondencia-ucad\system\CodeIgniter.php(320): CodeIgniter\CodeIgniter->handleRequest(NULL, Object(Config\Cache), false)
#4 C:\wamp64\www\correspondencia-ucad\public\index.php(37): CodeIgniter\CodeIgniter->run()
#5 {main}
